nohup: ignoring input
🚀 启用完整处理模式
📂 将完整处理文件 /home/jiangjp/trace-idea/data/2wikimultihopqa/dev100_add_ctxs_with_kgs.json 中的所有数据
开始处理数据集: /home/jiangjp/trace-idea/data/2wikimultihopqa/dev100_add_ctxs_with_kgs.json
📝 执行完整处理：包含初始处理、重试处理和缺失字段处理
============================================================
第一阶段：处理文本数据（多线程+每个线程处理2个ctx的text）
============================================================
总共需要处理 650 个批次（每个批次包含最多2个ctx的文本）
警告：期望 2 个分数，但只找到 1 个，开始重试...
第 1 次重试API调用...
成功提取到 2 个分数
文本批量评估进度: 1/650 (批次 9, 2 个ctx) - 处理了 2 个文本
成功提取到 2 个分数
文本批量评估进度: 2/650 (批次 36, 2 个ctx) - 处理了 2 个文本
成功提取到 2 个分数
文本批量评估进度: 3/650 (批次 10, 2 个ctx) - 处理了 2 个文本
成功提取到 2 个分数
文本批量评估进度: 4/650 (批次 17, 2 个ctx) - 处理了 2 个文本
成功提取到 2 个分数
文本批量评估进度: 5/650 (批次 41, 2 个ctx) - 处理了 2 个文本
成功提取到 2 个分数
文本批量评估进度: 6/650 (批次 13, 2 个ctx) - 处理了 2 个文本
成功提取到 2 个分数
文本批量评估进度: 7/650 (批次 20, 2 个ctx) - 处理了 2 个文本
成功提取到 2 个分数
文本批量评估进度: 8/650 (批次 34, 2 个ctx) - 处理了 2 个文本
成功提取到 2 个分数
文本批量评估进度: 9/650 (批次 37, 2 个ctx) - 处理了 2 个文本
成功提取到 2 个分数
文本批量评估进度: 10/650 (批次 6, 2 个ctx) - 处理了 2 个文本
成功提取到 2 个分数
文本批量评估进度: 11/650 (批次 1, 2 个ctx) - 处理了 2 个文本
成功提取到 2 个分数
文本批量评估进度: 12/650 (批次 7, 2 个ctx) - 处理了 2 个文本
成功提取到 2 个分数
文本批量评估进度: 13/650 (批次 3, 2 个ctx) - 处理了 2 个文本
成功提取到 2 个分数
文本批量评估进度: 14/650 (批次 2, 2 个ctx) - 处理了 2 个文本
成功提取到 2 个分数
文本批量评估进度: 15/650 (批次 31, 2 个ctx) - 处理了 2 个文本
成功提取到 2 个分数
文本批量评估进度: 16/650 (批次 44, 2 个ctx) - 处理了 2 个文本
成功提取到 2 个分数
文本批量评估进度: 17/650 (批次 30, 2 个ctx) - 处理了 2 个文本
成功提取到 2 个分数
文本批量评估进度: 18/650 (批次 45, 2 个ctx) - 处理了 2 个文本
成功提取到 2 个分数
文本批量评估进度: 19/650 (批次 40, 2 个ctx) - 处理了 2 个文本
成功提取到 2 个分数
文本批量评估进度: 20/650 (批次 26, 2 个ctx) - 处理了 2 个文本
成功提取到 2 个分数
文本批量评估进度: 21/650 (批次 14, 2 个ctx) - 处理了 2 个文本
成功提取到 2 个分数
成功提取到 2 个分数文本批量评估进度: 22/650 (批次 4, 2 个ctx) - 处理了 2 个文本

文本批量评估进度: 23/650 (批次 24, 2 个ctx) - 处理了 2 个文本成功提取到 2 个分数

成功提取到 2 个分数文本批量评估进度: 24/650 (批次 16, 2 个ctx) - 处理了 2 个文本

文本批量评估进度: 25/650 (批次 28, 2 个ctx) - 处理了 2 个文本
成功提取到 2 个分数
文本批量评估进度: 26/650 (批次 27, 2 个ctx) - 处理了 2 个文本
成功提取到 2 个分数
成功提取到 2 个分数文本批量评估进度: 27/650 (批次 50, 2 个ctx) - 处理了 2 个文本

文本批量评估进度: 28/650 (批次 174, 2 个ctx) - 处理了 2 个文本
成功提取到 2 个分数
文本批量评估进度: 29/650 (批次 42, 2 个ctx) - 处理了 2 个文本
成功提取到 2 个分数
文本批量评估进度: 30/650 (批次 51, 2 个ctx) - 处理了 2 个文本
成功提取到 2 个分数
文本批量评估进度: 31/650 (批次 8, 2 个ctx) - 处理了 2 个文本
成功提取到 2 个分数
文本批量评估进度: 32/650 (批次 48, 2 个ctx) - 处理了 2 个文本
成功提取到 2 个分数
文本批量评估进度: 33/650 (批次 179, 2 个ctx) - 处理了 2 个文本
成功提取到 2 个分数
文本批量评估进度: 34/650 (批次 19, 2 个ctx) - 处理了 2 个文本
成功提取到 2 个分数
文本批量评估进度: 35/650 (批次 265, 2 个ctx) - 处理了 2 个文本
成功提取到 2 个分数
文本批量评估进度: 36/650 (批次 145, 2 个ctx) - 处理了 2 个文本
成功提取到 2 个分数
文本批量评估进度: 37/650 (批次 285, 2 个ctx) - 处理了 2 个文本
成功提取到 2 个分数
文本批量评估进度: 38/650 (批次 85, 2 个ctx) - 处理了 2 个文本
成功提取到 2 个分数
文本批量评估进度: 39/650 (批次 52, 2 个ctx) - 处理了 2 个文本
成功提取到 2 个分数
文本批量评估进度: 40/650 (批次 91, 2 个ctx) - 处理了 2 个文本
成功提取到 2 个分数
文本批量评估进度: 41/650 (批次 66, 2 个ctx) - 处理了 2 个文本
成功提取到 2 个分数
文本批量评估进度: 42/650 (批次 59, 2 个ctx) - 处理了 2 个文本
成功提取到 2 个分数
文本批量评估进度: 43/650 (批次 57, 2 个ctx) - 处理了 2 个文本
成功提取到 2 个分数
成功提取到 2 个分数文本批量评估进度: 44/650 (批次 64, 2 个ctx) - 处理了 2 个文本

文本批量评估进度: 45/650 (批次 54, 2 个ctx) - 处理了 2 个文本
成功提取到 2 个分数
文本批量评估进度: 46/650 (批次 63, 2 个ctx) - 处理了 2 个文本
成功提取到 2 个分数
文本批量评估进度: 47/650 (批次 191, 2 个ctx) - 处理了 2 个文本
成功提取到 2 个分数成功提取到 2 个分数
文本批量评估进度: 48/650 (批次 86, 2 个ctx) - 处理了 2 个文本

文本批量评估进度: 49/650 (批次 49, 2 个ctx) - 处理了 2 个文本
成功提取到 2 个分数
文本批量评估进度: 50/650 (批次 76, 2 个ctx) - 处理了 2 个文本
成功提取到 2 个分数
文本批量评估进度: 51/650 (批次 61, 2 个ctx) - 处理了 2 个文本
成功提取到 2 个分数
文本批量评估进度: 52/650 (批次 69, 2 个ctx) - 处理了 2 个文本
成功提取到 2 个分数
文本批量评估进度: 53/650 (批次 22, 2 个ctx) - 处理了 2 个文本
成功提取到 2 个分数
文本批量评估进度: 54/650 (批次 73, 2 个ctx) - 处理了 2 个文本
成功提取到 2 个分数
文本批量评估进度: 55/650 (批次 248, 2 个ctx) - 处理了 2 个文本
成功提取到 2 个分数
文本批量评估进度: 56/650 (批次 309, 2 个ctx) - 处理了 2 个文本
成功提取到 2 个分数
成功提取到 2 个分数
文本批量评估进度: 57/650 (批次 72, 2 个ctx) - 处理了 2 个文本
成功提取到 2 个分数
文本批量评估进度: 58/650 (批次 62, 2 个ctx) - 处理了 2 个文本
文本批量评估进度: 59/650 (批次 75, 2 个ctx) - 处理了 2 个文本
成功提取到 2 个分数
文本批量评估进度: 60/650 (批次 78, 2 个ctx) - 处理了 2 个文本
成功提取到 2 个分数
文本批量评估进度: 61/650 (批次 23, 2 个ctx) - 处理了 2 个文本
成功提取到 2 个分数
文本批量评估进度: 62/650 (批次 74, 2 个ctx) - 处理了 2 个文本
成功提取到 2 个分数
文本批量评估进度: 63/650 (批次 25, 2 个ctx) - 处理了 2 个文本
成功提取到 2 个分数
文本批量评估进度: 64/650 (批次 79, 2 个ctx) - 处理了 2 个文本
成功提取到 2 个分数
文本批量评估进度: 65/650 (批次 82, 2 个ctx) - 处理了 2 个文本
成功提取到 2 个分数
文本批量评估进度: 66/650 (批次 305, 2 个ctx) - 处理了 2 个文本成功提取到 2 个分数

文本批量评估进度: 67/650 (批次 32, 2 个ctx) - 处理了 2 个文本
成功提取到 2 个分数
文本批量评估进度: 68/650 (批次 81, 2 个ctx) - 处理了 2 个文本
成功提取到 2 个分数
文本批量评估进度: 69/650 (批次 33, 2 个ctx) - 处理了 2 个文本
成功提取到 2 个分数
文本批量评估进度: 70/650 (批次 139, 2 个ctx) - 处理了 2 个文本
成功提取到 2 个分数
文本批量评估进度: 71/650 (批次 88, 2 个ctx) - 处理了 2 个文本
成功提取到 2 个分数
文本批量评估进度: 72/650 (批次 38, 2 个ctx) - 处理了 2 个文本
成功提取到 2 个分数
文本批量评估进度: 73/650 (批次 144, 2 个ctx) - 处理了 2 个文本
成功提取到 2 个分数
文本批量评估进度: 74/650 (批次 114, 2 个ctx) - 处理了 2 个文本
成功提取到 2 个分数
文本批量评估进度: 75/650 (批次 29, 2 个ctx) - 处理了 2 个文本
成功提取到 2 个分数
文本批量评估进度: 76/650 (批次 261, 2 个ctx) - 处理了 2 个文本
成功提取到 2 个分数成功提取到 2 个分数
文本批量评估进度: 77/650 (批次 262, 2 个ctx) - 处理了 2 个文本

文本批量评估进度: 78/650 (批次 116, 2 个ctx) - 处理了 2 个文本
成功提取到 2 个分数
成功提取到 2 个分数文本批量评估进度: 79/650 (批次 341, 2 个ctx) - 处理了 2 个文本

文本批量评估进度: 80/650 (批次 259, 2 个ctx) - 处理了 2 个文本
成功提取到 2 个分数
文本批量评估进度: 81/650 (批次 128, 2 个ctx) - 处理了 2 个文本
成功提取到 2 个分数
文本批量评估进度: 82/650 (批次 80, 2 个ctx) - 处理了 2 个文本
成功提取到 2 个分数
文本批量评估进度: 83/650 (批次 119, 2 个ctx) - 处理了 2 个文本
成功提取到 2 个分数
文本批量评估进度: 84/650 (批次 115, 2 个ctx) - 处理了 2 个文本
成功提取到 2 个分数
文本批量评估进度: 85/650 (批次 71, 2 个ctx) - 处理了 2 个文本成功提取到 2 个分数

文本批量评估进度: 86/650 (批次 70, 2 个ctx) - 处理了 2 个文本
成功提取到 2 个分数
文本批量评估进度: 87/650 (批次 253, 2 个ctx) - 处理了 2 个文本
成功提取到 2 个分数
文本批量评估进度: 88/650 (批次 117, 2 个ctx) - 处理了 2 个文本
成功提取到 2 个分数
文本批量评估进度: 89/650 (批次 55, 2 个ctx) - 处理了 2 个文本
成功提取到 2 个分数
文本批量评估进度: 90/650 (批次 87, 2 个ctx) - 处理了 2 个文本
成功提取到 2 个分数成功提取到 2 个分数

文本批量评估进度: 91/650 (批次 386, 2 个ctx) - 处理了 2 个文本
文本批量评估进度: 92/650 (批次 68, 2 个ctx) - 处理了 2 个文本
成功提取到 2 个分数
文本批量评估进度: 93/650 (批次 118, 2 个ctx) - 处理了 2 个文本成功提取到 2 个分数

文本批量评估进度: 94/650 (批次 56, 2 个ctx) - 处理了 2 个文本
成功提取到 2 个分数
成功提取到 2 个分数文本批量评估进度: 95/650 (批次 77, 2 个ctx) - 处理了 2 个文本

成功提取到 2 个分数
文本批量评估进度: 96/650 (批次 12, 2 个ctx) - 处理了 2 个文本
文本批量评估进度: 97/650 (批次 430, 2 个ctx) - 处理了 2 个文本成功提取到 2 个分数

文本批量评估进度: 98/650 (批次 94, 2 个ctx) - 处理了 2 个文本
成功提取到 2 个分数成功提取到 2 个分数
文本批量评估进度: 99/650 (批次 98, 2 个ctx) - 处理了 2 个文本

文本批量评估进度: 100/650 (批次 433, 2 个ctx) - 处理了 2 个文本
成功提取到 2 个分数
文本批量评估进度: 101/650 (批次 96, 2 个ctx) - 处理了 2 个文本
成功提取到 2 个分数
文本批量评估进度: 102/650 (批次 103, 2 个ctx) - 处理了 2 个文本
成功提取到 2 个分数成功提取到 2 个分数
文本批量评估进度: 103/650 (批次 46, 2 个ctx) - 处理了 2 个文本

文本批量评估进度: 104/650 (批次 93, 2 个ctx) - 处理了 2 个文本
成功提取到 2 个分数
文本批量评估进度: 105/650 (批次 448, 2 个ctx) - 处理了 2 个文本
成功提取到 2 个分数成功提取到 2 个分数
文本批量评估进度: 106/650 (批次 243, 2 个ctx) - 处理了 2 个文本

文本批量评估进度: 107/650 (批次 18, 2 个ctx) - 处理了 2 个文本
成功提取到 2 个分数成功提取到 2 个分数

文本批量评估进度: 108/650 (批次 67, 2 个ctx) - 处理了 2 个文本
文本批量评估进度: 109/650 (批次 43, 2 个ctx) - 处理了 2 个文本
成功提取到 2 个分数成功提取到 2 个分数
文本批量评估进度: 110/650 (批次 100, 2 个ctx) - 处理了 2 个文本

文本批量评估进度: 111/650 (批次 101, 2 个ctx) - 处理了 2 个文本
警告：期望 2 个分数，但只找到 1 个，开始重试...
第 1 次重试API调用...
成功提取到 2 个分数成功提取到 2 个分数
文本批量评估进度: 112/650 (批次 47, 2 个ctx) - 处理了 2 个文本

文本批量评估进度: 113/650 (批次 122, 2 个ctx) - 处理了 2 个文本
成功提取到 2 个分数
文本批量评估进度: 114/650 (批次 111, 2 个ctx) - 处理了 2 个文本
成功提取到 2 个分数
文本批量评估进度: 115/650 (批次 112, 2 个ctx) - 处理了 2 个文本
成功提取到 2 个分数
文本批量评估进度: 116/650 (批次 427, 2 个ctx) - 处理了 2 个文本
成功提取到 2 个分数
文本批量评估进度: 117/650 (批次 458, 2 个ctx) - 处理了 2 个文本
成功提取到 2 个分数
文本批量评估进度: 118/650 (批次 461, 2 个ctx) - 处理了 2 个文本
成功提取到 2 个分数
文本批量评估进度: 119/650 (批次 95, 2 个ctx) - 处理了 2 个文本成功提取到 2 个分数
成功提取到 2 个分数

文本批量评估进度: 120/650 (批次 170, 2 个ctx) - 处理了 2 个文本
成功提取到 2 个分数文本批量评估进度: 121/650 (批次 148, 2 个ctx) - 处理了 2 个文本

文本批量评估进度: 122/650 (批次 245, 2 个ctx) - 处理了 2 个文本
成功提取到 2 个分数
文本批量评估进度: 123/650 (批次 97, 2 个ctx) - 处理了 2 个文本
成功提取到 2 个分数
文本批量评估进度: 124/650 (批次 5, 2 个ctx) - 处理了 2 个文本
成功提取到 2 个分数
文本批量评估进度: 125/650 (批次 133, 2 个ctx) - 处理了 2 个文本
成功提取到 2 个分数成功提取到 2 个分数

文本批量评估进度: 126/650 (批次 313, 2 个ctx) - 处理了 2 个文本
文本批量评估进度: 127/650 (批次 35, 2 个ctx) - 处理了 2 个文本
成功提取到 2 个分数
文本批量评估进度: 128/650 (批次 11, 2 个ctx) - 处理了 2 个文本
成功提取到 2 个分数
文本批量评估进度: 129/650 (批次 15, 2 个ctx) - 处理了 2 个文本
成功提取到 2 个分数
文本批量评估进度: 130/650 (批次 324, 2 个ctx) - 处理了 2 个文本
成功提取到 2 个分数
文本批量评估进度: 131/650 (批次 524, 2 个ctx) - 处理了 2 个文本成功提取到 2 个分数

文本批量评估进度: 132/650 (批次 123, 2 个ctx) - 处理了 2 个文本
成功提取到 2 个分数
成功提取到 2 个分数文本批量评估进度: 133/650 (批次 124, 2 个ctx) - 处理了 2 个文本

文本批量评估进度: 134/650 (批次 108, 2 个ctx) - 处理了 2 个文本
成功提取到 2 个分数
文本批量评估进度: 135/650 (批次 90, 2 个ctx) - 处理了 2 个文本
成功提取到 2 个分数
文本批量评估进度: 136/650 (批次 322, 2 个ctx) - 处理了 2 个文本
成功提取到 2 个分数
文本批量评估进度: 137/650 (批次 121, 2 个ctx) - 处理了 2 个文本
成功提取到 2 个分数
文本批量评估进度: 138/650 (批次 140, 2 个ctx) - 处理了 2 个文本
成功提取到 2 个分数成功提取到 2 个分数
文本批量评估进度: 139/650 (批次 575, 2 个ctx) - 处理了 2 个文本

文本批量评估进度: 140/650 (批次 293, 2 个ctx) - 处理了 2 个文本
成功提取到 2 个分数
文本批量评估进度: 141/650 (批次 536, 2 个ctx) - 处理了 2 个文本
成功提取到 2 个分数
文本批量评估进度: 142/650 (批次 127, 2 个ctx) - 处理了 2 个文本
成功提取到 2 个分数
文本批量评估进度: 143/650 (批次 346, 2 个ctx) - 处理了 2 个文本
警告：期望 2 个分数，但只找到 0 个，开始重试...
第 1 次重试API调用...
成功提取到 2 个分数
文本批量评估进度: 144/650 (批次 142, 2 个ctx) - 处理了 2 个文本
成功提取到 2 个分数
文本批量评估进度: 145/650 (批次 352, 2 个ctx) - 处理了 2 个文本
警告：期望 2 个分数，但只找到 0 个，开始重试...
第 1 次重试API调用...
成功提取到 2 个分数
文本批量评估进度: 146/650 (批次 89, 2 个ctx) - 处理了 2 个文本
成功提取到 2 个分数
文本批量评估进度: 147/650 (批次 369, 2 个ctx) - 处理了 2 个文本
成功提取到 2 个分数
文本批量评估进度: 148/650 (批次 153, 2 个ctx) - 处理了 2 个文本
成功提取到 2 个分数
成功提取到 2 个分数
文本批量评估进度: 149/650 (批次 616, 2 个ctx) - 处理了 2 个文本
文本批量评估进度: 150/650 (批次 619, 2 个ctx) - 处理了 2 个文本
成功提取到 2 个分数
文本批量评估进度: 151/650 (批次 126, 2 个ctx) - 处理了 2 个文本
成功提取到 2 个分数
文本批量评估进度: 152/650 (批次 348, 2 个ctx) - 处理了 2 个文本
成功提取到 2 个分数
文本批量评估进度: 153/650 (批次 154, 2 个ctx) - 处理了 2 个文本
成功提取到 2 个分数
文本批量评估进度: 154/650 (批次 614, 2 个ctx) - 处理了 2 个文本
成功提取到 2 个分数
文本批量评估进度: 155/650 (批次 521, 2 个ctx) - 处理了 2 个文本
成功提取到 2 个分数成功提取到 2 个分数
文本批量评估进度: 156/650 (批次 58, 2 个ctx) - 处理了 2 个文本

文本批量评估进度: 157/650 (批次 120, 2 个ctx) - 处理了 2 个文本
成功提取到 2 个分数
文本批量评估进度: 158/650 (批次 295, 2 个ctx) - 处理了 2 个文本
成功提取到 2 个分数成功提取到 2 个分数

文本批量评估进度: 159/650 (批次 65, 2 个ctx) - 处理了 2 个文本
文本批量评估进度: 160/650 (批次 104, 2 个ctx) - 处理了 2 个文本成功提取到 2 个分数

文本批量评估进度: 161/650 (批次 426, 2 个ctx) - 处理了 2 个文本
成功提取到 2 个分数
文本批量评估进度: 162/650 (批次 105, 2 个ctx) - 处理了 2 个文本
成功提取到 2 个分数
文本批量评估进度: 163/650 (批次 517, 2 个ctx) - 处理了 2 个文本
成功提取到 2 个分数
文本批量评估进度: 164/650 (批次 99, 2 个ctx) - 处理了 2 个文本
成功提取到 2 个分数
文本批量评估进度: 165/650 (批次 106, 2 个ctx) - 处理了 2 个文本
成功提取到 2 个分数
文本批量评估进度: 166/650 (批次 53, 2 个ctx) - 处理了 2 个文本
成功提取到 2 个分数成功提取到 2 个分数

文本批量评估进度: 167/650 (批次 181, 2 个ctx) - 处理了 2 个文本
文本批量评估进度: 168/650 (批次 311, 2 个ctx) - 处理了 2 个文本
警告：期望 2 个分数，但只找到 1 个，开始重试...
第 1 次重试API调用...
成功提取到 2 个分数
文本批量评估进度: 169/650 (批次 317, 2 个ctx) - 处理了 2 个文本
成功提取到 2 个分数
文本批量评估进度: 170/650 (批次 390, 2 个ctx) - 处理了 2 个文本
成功提取到 2 个分数
文本批量评估进度: 171/650 (批次 162, 2 个ctx) - 处理了 2 个文本
成功提取到 2 个分数
文本批量评估进度: 172/650 (批次 447, 2 个ctx) - 处理了 2 个文本
成功提取到 2 个分数
文本批量评估进度: 173/650 (批次 83, 2 个ctx) - 处理了 2 个文本
成功提取到 2 个分数
文本批量评估进度: 174/650 (批次 320, 2 个ctx) - 处理了 2 个文本成功提取到 2 个分数

文本批量评估进度: 175/650 (批次 504, 2 个ctx) - 处理了 2 个文本成功提取到 2 个分数
成功提取到 2 个分数
文本批量评估进度: 176/650 (批次 314, 2 个ctx) - 处理了 2 个文本

文本批量评估进度: 177/650 (批次 160, 2 个ctx) - 处理了 2 个文本
成功提取到 2 个分数
文本批量评估进度: 178/650 (批次 146, 2 个ctx) - 处理了 2 个文本
成功提取到 2 个分数
文本批量评估进度: 179/650 (批次 166, 2 个ctx) - 处理了 2 个文本
成功提取到 2 个分数成功提取到 2 个分数
文本批量评估进度: 180/650 (批次 165, 2 个ctx) - 处理了 2 个文本
成功提取到 2 个分数
文本批量评估进度: 181/650 (批次 167, 2 个ctx) - 处理了 2 个文本

文本批量评估进度: 182/650 (批次 113, 2 个ctx) - 处理了 2 个文本
成功提取到 2 个分数
文本批量评估进度: 183/650 (批次 150, 2 个ctx) - 处理了 2 个文本
成功提取到 2 个分数
文本批量评估进度: 184/650 (批次 109, 2 个ctx) - 处理了 2 个文本
警告：期望 2 个分数，但只找到 1 个，开始重试...
第 1 次重试API调用...
成功提取到 2 个分数
文本批量评估进度: 185/650 (批次 155, 2 个ctx) - 处理了 2 个文本
成功提取到 2 个分数
文本批量评估进度: 186/650 (批次 102, 2 个ctx) - 处理了 2 个文本
成功提取到 2 个分数
文本批量评估进度: 187/650 (批次 163, 2 个ctx) - 处理了 2 个文本
成功提取到 2 个分数
文本批量评估进度: 188/650 (批次 226, 2 个ctx) - 处理了 2 个文本
成功提取到 2 个分数
文本批量评估进度: 189/650 (批次 92, 2 个ctx) - 处理了 2 个文本
成功提取到 2 个分数
文本批量评估进度: 190/650 (批次 323, 2 个ctx) - 处理了 2 个文本
成功提取到 2 个分数
文本批量评估进度: 191/650 (批次 321, 2 个ctx) - 处理了 2 个文本
成功提取到 2 个分数
文本批量评估进度: 192/650 (批次 132, 2 个ctx) - 处理了 2 个文本
成功提取到 2 个分数
文本批量评估进度: 193/650 (批次 110, 2 个ctx) - 处理了 2 个文本
成功提取到 2 个分数
文本批量评估进度: 194/650 (批次 60, 2 个ctx) - 处理了 2 个文本
成功提取到 2 个分数
文本批量评估进度: 195/650 (批次 156, 2 个ctx) - 处理了 2 个文本
警告：期望 2 个分数，但只找到 1 个，开始重试...
第 1 次重试API调用...
成功提取到 2 个分数
文本批量评估进度: 196/650 (批次 169, 2 个ctx) - 处理了 2 个文本
成功提取到 2 个分数
文本批量评估进度: 197/650 (批次 107, 2 个ctx) - 处理了 2 个文本
成功提取到 2 个分数
文本批量评估进度: 198/650 (批次 375, 2 个ctx) - 处理了 2 个文本
成功提取到 2 个分数
文本批量评估进度: 199/650 (批次 161, 2 个ctx) - 处理了 2 个文本
成功提取到 2 个分数
文本批量评估进度: 200/650 (批次 168, 2 个ctx) - 处理了 2 个文本
成功提取到 2 个分数
成功提取到 2 个分数文本批量评估进度: 201/650 (批次 583, 2 个ctx) - 处理了 2 个文本

文本批量评估进度: 202/650 (批次 138, 2 个ctx) - 处理了 2 个文本
成功提取到 2 个分数
文本批量评估进度: 203/650 (批次 175, 2 个ctx) - 处理了 2 个文本
成功提取到 2 个分数
文本批量评估进度: 204/650 (批次 141, 2 个ctx) - 处理了 2 个文本
成功提取到 2 个分数
文本批量评估进度: 205/650 (批次 178, 2 个ctx) - 处理了 2 个文本
成功提取到 2 个分数成功提取到 2 个分数

文本批量评估进度: 206/650 (批次 255, 2 个ctx) - 处理了 2 个文本
成功提取到 2 个分数文本批量评估进度: 207/650 (批次 143, 2 个ctx) - 处理了 2 个文本
成功提取到 2 个分数

成功提取到 2 个分数
成功提取到 2 个分数成功提取到 2 个分数
文本批量评估进度: 208/650 (批次 158, 2 个ctx) - 处理了 2 个文本

文本批量评估进度: 209/650 (批次 131, 2 个ctx) - 处理了 2 个文本
文本批量评估进度: 210/650 (批次 177, 2 个ctx) - 处理了 2 个文本
文本批量评估进度: 211/650 (批次 186, 2 个ctx) - 处理了 2 个文本
文本批量评估进度: 212/650 (批次 634, 2 个ctx) - 处理了 2 个文本
成功提取到 2 个分数
文本批量评估进度: 213/650 (批次 279, 2 个ctx) - 处理了 2 个文本
成功提取到 2 个分数
文本批量评估进度: 214/650 (批次 134, 2 个ctx) - 处理了 2 个文本
成功提取到 2 个分数
文本批量评估进度: 215/650 (批次 607, 2 个ctx) - 处理了 2 个文本
成功提取到 2 个分数
文本批量评估进度: 216/650 (批次 290, 2 个ctx) - 处理了 2 个文本
成功提取到 2 个分数
文本批量评估进度: 217/650 (批次 600, 2 个ctx) - 处理了 2 个文本
成功提取到 2 个分数
文本批量评估进度: 218/650 (批次 501, 2 个ctx) - 处理了 2 个文本
成功提取到 2 个分数
文本批量评估进度: 219/650 (批次 171, 2 个ctx) - 处理了 2 个文本
成功提取到 2 个分数
文本批量评估进度: 220/650 (批次 151, 2 个ctx) - 处理了 2 个文本
成功提取到 2 个分数
文本批量评估进度: 221/650 (批次 157, 2 个ctx) - 处理了 2 个文本
警告：期望 2 个分数，但只找到 1 个，开始重试...
第 1 次重试API调用...
成功提取到 2 个分数
文本批量评估进度: 222/650 (批次 182, 2 个ctx) - 处理了 2 个文本
成功提取到 2 个分数
文本批量评估进度: 223/650 (批次 125, 2 个ctx) - 处理了 2 个文本
成功提取到 2 个分数
文本批量评估进度: 224/650 (批次 190, 2 个ctx) - 处理了 2 个文本
成功提取到 2 个分数
文本批量评估进度: 225/650 (批次 135, 2 个ctx) - 处理了 2 个文本
成功提取到 2 个分数
文本批量评估进度: 226/650 (批次 489, 2 个ctx) - 处理了 2 个文本
成功提取到 2 个分数
文本批量评估进度: 227/650 (批次 495, 2 个ctx) - 处理了 2 个文本
成功提取到 2 个分数成功提取到 2 个分数
文本批量评估进度: 228/650 (批次 187, 2 个ctx) - 处理了 2 个文本

文本批量评估进度: 229/650 (批次 137, 2 个ctx) - 处理了 2 个文本
警告：期望 2 个分数，但只找到 1 个，开始重试...
第 1 次重试API调用...
成功提取到 2 个分数
文本批量评估进度: 230/650 (批次 252, 2 个ctx) - 处理了 2 个文本
成功提取到 2 个分数
文本批量评估进度: 231/650 (批次 353, 2 个ctx) - 处理了 2 个文本
成功提取到 2 个分数
文本批量评估进度: 232/650 (批次 185, 2 个ctx) - 处理了 2 个文本
成功提取到 2 个分数
文本批量评估进度: 233/650 (批次 638, 2 个ctx) - 处理了 2 个文本
成功提取到 2 个分数
文本批量评估进度: 234/650 (批次 333, 2 个ctx) - 处理了 2 个文本
成功提取到 2 个分数
文本批量评估进度: 235/650 (批次 286, 2 个ctx) - 处理了 2 个文本
成功提取到 2 个分数
文本批量评估进度: 236/650 (批次 180, 2 个ctx) - 处理了 2 个文本
成功提取到 2 个分数
成功提取到 2 个分数文本批量评估进度: 237/650 (批次 223, 2 个ctx) - 处理了 2 个文本

文本批量评估进度: 238/650 (批次 335, 2 个ctx) - 处理了 2 个文本
成功提取到 2 个分数
文本批量评估进度: 239/650 (批次 195, 2 个ctx) - 处理了 2 个文本
成功提取到 2 个分数
文本批量评估进度: 240/650 (批次 183, 2 个ctx) - 处理了 2 个文本
成功提取到 2 个分数
文本批量评估进度: 241/650 (批次 198, 2 个ctx) - 处理了 2 个文本
成功提取到 2 个分数
文本批量评估进度: 242/650 (批次 129, 2 个ctx) - 处理了 2 个文本
警告：期望 2 个分数，但只找到 1 个，开始重试...
第 1 次重试API调用...
成功提取到 2 个分数
文本批量评估进度: 243/650 (批次 172, 2 个ctx) - 处理了 2 个文本
成功提取到 2 个分数
成功提取到 2 个分数
文本批量评估进度: 244/650 (批次 152, 2 个ctx) - 处理了 2 个文本
成功提取到 2 个分数
文本批量评估进度: 245/650 (批次 570, 2 个ctx) - 处理了 2 个文本
文本批量评估进度: 246/650 (批次 192, 2 个ctx) - 处理了 2 个文本
成功提取到 2 个分数
文本批量评估进度: 247/650 (批次 200, 2 个ctx) - 处理了 2 个文本
成功提取到 2 个分数
文本批量评估进度: 248/650 (批次 193, 2 个ctx) - 处理了 2 个文本
成功提取到 2 个分数
成功提取到 2 个分数文本批量评估进度: 249/650 (批次 188, 2 个ctx) - 处理了 2 个文本

成功提取到 2 个分数
文本批量评估进度: 250/650 (批次 302, 2 个ctx) - 处理了 2 个文本
成功提取到 2 个分数
文本批量评估进度: 251/650 (批次 297, 2 个ctx) - 处理了 2 个文本
文本批量评估进度: 252/650 (批次 202, 2 个ctx) - 处理了 2 个文本
成功提取到 2 个分数
文本批量评估进度: 253/650 (批次 189, 2 个ctx) - 处理了 2 个文本
成功提取到 2 个分数
文本批量评估进度: 254/650 (批次 233, 2 个ctx) - 处理了 2 个文本
成功提取到 2 个分数
文本批量评估进度: 255/650 (批次 482, 2 个ctx) - 处理了 2 个文本
成功提取到 2 个分数
文本批量评估进度: 256/650 (批次 628, 2 个ctx) - 处理了 2 个文本
成功提取到 2 个分数
文本批量评估进度: 257/650 (批次 204, 2 个ctx) - 处理了 2 个文本
成功提取到 2 个分数
文本批量评估进度: 258/650 (批次 515, 2 个ctx) - 处理了 2 个文本
成功提取到 2 个分数
文本批量评估进度: 259/650 (批次 641, 2 个ctx) - 处理了 2 个文本
成功提取到 2 个分数
成功提取到 2 个分数
文本批量评估进度: 260/650 (批次 271, 2 个ctx) - 处理了 2 个文本
文本批量评估进度: 261/650 (批次 176, 2 个ctx) - 处理了 2 个文本
成功提取到 2 个分数
文本批量评估进度: 262/650 (批次 147, 2 个ctx) - 处理了 2 个文本
成功提取到 2 个分数
文本批量评估进度: 263/650 (批次 203, 2 个ctx) - 处理了 2 个文本
成功提取到 2 个分数
文本批量评估进度: 264/650 (批次 196, 2 个ctx) - 处理了 2 个文本
成功提取到 2 个分数
文本批量评估进度: 265/650 (批次 541, 2 个ctx) - 处理了 2 个文本
成功提取到 2 个分数
成功提取到 2 个分数文本批量评估进度: 266/650 (批次 184, 2 个ctx) - 处理了 2 个文本

文本批量评估进度: 267/650 (批次 642, 2 个ctx) - 处理了 2 个文本
成功提取到 2 个分数
文本批量评估进度: 268/650 (批次 212, 2 个ctx) - 处理了 2 个文本
成功提取到 2 个分数
文本批量评估进度: 269/650 (批次 173, 2 个ctx) - 处理了 2 个文本
成功提取到 2 个分数
文本批量评估进度: 270/650 (批次 199, 2 个ctx) - 处理了 2 个文本
成功提取到 2 个分数
文本批量评估进度: 271/650 (批次 213, 2 个ctx) - 处理了 2 个文本
成功提取到 2 个分数
文本批量评估进度: 272/650 (批次 527, 2 个ctx) - 处理了 2 个文本
成功提取到 2 个分数
文本批量评估进度: 273/650 (批次 215, 2 个ctx) - 处理了 2 个文本
警告：期望 2 个分数，但只找到 1 个，开始重试...
第 1 次重试API调用...
成功提取到 2 个分数
文本批量评估进度: 274/650 (批次 206, 2 个ctx) - 处理了 2 个文本
成功提取到 2 个分数
文本批量评估进度: 275/650 (批次 599, 2 个ctx) - 处理了 2 个文本
成功提取到 2 个分数
文本批量评估进度: 276/650 (批次 579, 2 个ctx) - 处理了 2 个文本
成功提取到 2 个分数
文本批量评估进度: 277/650 (批次 164, 2 个ctx) - 处理了 2 个文本
成功提取到 2 个分数
文本批量评估进度: 278/650 (批次 207, 2 个ctx) - 处理了 2 个文本
警告：期望 2 个分数，但只找到 1 个，开始重试...
成功提取到 2 个分数
第 1 次重试API调用...文本批量评估进度: 279/650 (批次 273, 2 个ctx) - 处理了 2 个文本

成功提取到 2 个分数
文本批量评估进度: 280/650 (批次 211, 2 个ctx) - 处理了 2 个文本
成功提取到 2 个分数
文本批量评估进度: 281/650 (批次 224, 2 个ctx) - 处理了 2 个文本成功提取到 2 个分数
成功提取到 2 个分数

成功提取到 2 个分数文本批量评估进度: 282/650 (批次 225, 2 个ctx) - 处理了 2 个文本

文本批量评估进度: 283/650 (批次 602, 2 个ctx) - 处理了 2 个文本
成功提取到 2 个分数
文本批量评估进度: 284/650 (批次 214, 2 个ctx) - 处理了 2 个文本
文本批量评估进度: 285/650 (批次 209, 2 个ctx) - 处理了 2 个文本
成功提取到 2 个分数
文本批量评估进度: 286/650 (批次 432, 2 个ctx) - 处理了 2 个文本
成功提取到 2 个分数
文本批量评估进度: 287/650 (批次 229, 2 个ctx) - 处理了 2 个文本
成功提取到 2 个分数
文本批量评估进度: 288/650 (批次 221, 2 个ctx) - 处理了 2 个文本
成功提取到 2 个分数
文本批量评估进度: 289/650 (批次 219, 2 个ctx) - 处理了 2 个文本
成功提取到 2 个分数
文本批量评估进度: 290/650 (批次 205, 2 个ctx) - 处理了 2 个文本
成功提取到 2 个分数
文本批量评估进度: 291/650 (批次 228, 2 个ctx) - 处理了 2 个文本
警告：期望 2 个分数，但只找到 3 个，开始重试...
第 1 次重试API调用...
成功提取到 2 个分数
文本批量评估进度: 292/650 (批次 239, 2 个ctx) - 处理了 2 个文本
成功提取到 2 个分数
文本批量评估进度: 293/650 (批次 436, 2 个ctx) - 处理了 2 个文本
成功提取到 2 个分数
文本批量评估进度: 294/650 (批次 477, 2 个ctx) - 处理了 2 个文本
成功提取到 2 个分数
文本批量评估进度: 295/650 (批次 592, 2 个ctx) - 处理了 2 个文本
成功提取到 2 个分数
成功提取到 2 个分数文本批量评估进度: 296/650 (批次 399, 2 个ctx) - 处理了 2 个文本

文本批量评估进度: 297/650 (批次 232, 2 个ctx) - 处理了 2 个文本
成功提取到 2 个分数成功提取到 2 个分数

文本批量评估进度: 298/650 (批次 234, 2 个ctx) - 处理了 2 个文本
文本批量评估进度: 299/650 (批次 217, 2 个ctx) - 处理了 2 个文本
成功提取到 2 个分数
文本批量评估进度: 300/650 (批次 216, 2 个ctx) - 处理了 2 个文本成功提取到 2 个分数

文本批量评估进度: 301/650 (批次 230, 2 个ctx) - 处理了 2 个文本成功提取到 2 个分数

文本批量评估进度: 302/650 (批次 222, 2 个ctx) - 处理了 2 个文本
成功提取到 2 个分数成功提取到 2 个分数
文本批量评估进度: 303/650 (批次 236, 2 个ctx) - 处理了 2 个文本

文本批量评估进度: 304/650 (批次 235, 2 个ctx) - 处理了 2 个文本
成功提取到 2 个分数
文本批量评估进度: 305/650 (批次 194, 2 个ctx) - 处理了 2 个文本
成功提取到 2 个分数
文本批量评估进度: 306/650 (批次 237, 2 个ctx) - 处理了 2 个文本
成功提取到 2 个分数
文本批量评估进度: 307/650 (批次 197, 2 个ctx) - 处理了 2 个文本
成功提取到 2 个分数
文本批量评估进度: 308/650 (批次 238, 2 个ctx) - 处理了 2 个文本
成功提取到 2 个分数
文本批量评估进度: 309/650 (批次 227, 2 个ctx) - 处理了 2 个文本
成功提取到 2 个分数
文本批量评估进度: 310/650 (批次 241, 2 个ctx) - 处理了 2 个文本
成功提取到 2 个分数
重试第 1 次的响应：文本批量评估进度: 311/650 (批次 254, 2 个ctx) - 处理了 2 个文本成功提取到 2 个分数

重试成功！提取到 2 个分数
文本批量评估进度: 312/650 (批次 136, 2 个ctx) - 处理了 2 个文本

成功提取到 2 个分数
文本批量评估进度: 313/650 (批次 270, 2 个ctx) - 处理了 2 个文本
成功提取到 2 个分数
文本批量评估进度: 314/650 (批次 130, 2 个ctx) - 处理了 2 个文本
文本批量评估进度: 315/650 (批次 231, 2 个ctx) - 处理了 2 个文本
成功提取到 2 个分数
成功提取到 2 个分数
文本批量评估进度: 316/650 (批次 275, 2 个ctx) - 处理了 2 个文本
文本批量评估进度: 317/650 (批次 240, 2 个ctx) - 处理了 2 个文本成功提取到 2 个分数

文本批量评估进度: 318/650 (批次 258, 2 个ctx) - 处理了 2 个文本
成功提取到 2 个分数
文本批量评估进度: 319/650 (批次 497, 2 个ctx) - 处理了 2 个文本
成功提取到 2 个分数
文本批量评估进度: 320/650 (批次 466, 2 个ctx) - 处理了 2 个文本
成功提取到 2 个分数
文本批量评估进度: 321/650 (批次 282, 2 个ctx) - 处理了 2 个文本
成功提取到 2 个分数
文本批量评估进度: 322/650 (批次 381, 2 个ctx) - 处理了 2 个文本
成功提取到 2 个分数
文本批量评估进度: 323/650 (批次 242, 2 个ctx) - 处理了 2 个文本
成功提取到 2 个分数
文本批量评估进度: 324/650 (批次 250, 2 个ctx) - 处理了 2 个文本
成功提取到 2 个分数
文本批量评估进度: 325/650 (批次 389, 2 个ctx) - 处理了 2 个文本
成功提取到 2 个分数
文本批量评估进度: 326/650 (批次 210, 2 个ctx) - 处理了 2 个文本
成功提取到 2 个分数
文本批量评估进度: 327/650 (批次 246, 2 个ctx) - 处理了 2 个文本
成功提取到 2 个分数
文本批量评估进度: 328/650 (批次 208, 2 个ctx) - 处理了 2 个文本
成功提取到 2 个分数
文本批量评估进度: 329/650 (批次 268, 2 个ctx) - 处理了 2 个文本
成功提取到 2 个分数
文本批量评估进度: 330/650 (批次 256, 2 个ctx) - 处理了 2 个文本
成功提取到 2 个分数
文本批量评估进度: 331/650 (批次 257, 2 个ctx) - 处理了 2 个文本
成功提取到 2 个分数
文本批量评估进度: 332/650 (批次 294, 2 个ctx) - 处理了 2 个文本
成功提取到 2 个分数
文本批量评估进度: 333/650 (批次 244, 2 个ctx) - 处理了 2 个文本
成功提取到 2 个分数
文本批量评估进度: 334/650 (批次 310, 2 个ctx) - 处理了 2 个文本
成功提取到 2 个分数
文本批量评估进度: 335/650 (批次 467, 2 个ctx) - 处理了 2 个文本
警告：期望 2 个分数，但只找到 0 个，开始重试...成功提取到 2 个分数
第 1 次重试API调用...

文本批量评估进度: 336/650 (批次 291, 2 个ctx) - 处理了 2 个文本
成功提取到 2 个分数
文本批量评估进度: 337/650 (批次 251, 2 个ctx) - 处理了 2 个文本
成功提取到 2 个分数成功提取到 2 个分数
文本批量评估进度: 338/650 (批次 289, 2 个ctx) - 处理了 2 个文本

文本批量评估进度: 339/650 (批次 387, 2 个ctx) - 处理了 2 个文本
成功提取到 2 个分数
文本批量评估进度: 340/650 (批次 283, 2 个ctx) - 处理了 2 个文本
成功提取到 2 个分数
文本批量评估进度: 341/650 (批次 284, 2 个ctx) - 处理了 2 个文本
警告：期望 2 个分数，但只找到 1 个，开始重试...成功提取到 2 个分数

第 1 次重试API调用...
文本批量评估进度: 342/650 (批次 615, 2 个ctx) - 处理了 2 个文本
成功提取到 2 个分数
成功提取到 2 个分数
文本批量评估进度: 343/650 (批次 277, 2 个ctx) - 处理了 2 个文本
成功提取到 2 个分数文本批量评估进度: 344/650 (批次 260, 2 个ctx) - 处理了 2 个文本

文本批量评估进度: 345/650 (批次 298, 2 个ctx) - 处理了 2 个文本
成功提取到 2 个分数
文本批量评估进度: 346/650 (批次 315, 2 个ctx) - 处理了 2 个文本
成功提取到 2 个分数
文本批量评估进度: 347/650 (批次 330, 2 个ctx) - 处理了 2 个文本
成功提取到 2 个分数成功提取到 2 个分数
文本批量评估进度: 348/650 (批次 272, 2 个ctx) - 处理了 2 个文本

文本批量评估进度: 349/650 (批次 423, 2 个ctx) - 处理了 2 个文本成功提取到 2 个分数

重试第 1 次的响应：文本批量评估进度: 350/650 (批次 312, 2 个ctx) - 处理了 2 个文本

重试成功！提取到 2 个分数
文本批量评估进度: 351/650 (批次 39, 2 个ctx) - 处理了 2 个文本
成功提取到 2 个分数成功提取到 2 个分数

文本批量评估进度: 352/650 (批次 276, 2 个ctx) - 处理了 2 个文本
文本批量评估进度: 353/650 (批次 280, 2 个ctx) - 处理了 2 个文本成功提取到 2 个分数

文本批量评估进度: 354/650 (批次 307, 2 个ctx) - 处理了 2 个文本
成功提取到 2 个分数
文本批量评估进度: 355/650 (批次 428, 2 个ctx) - 处理了 2 个文本
成功提取到 2 个分数
成功提取到 2 个分数
文本批量评估进度: 356/650 (批次 281, 2 个ctx) - 处理了 2 个文本
文本批量评估进度: 357/650 (批次 542, 2 个ctx) - 处理了 2 个文本
成功提取到 2 个分数
文本批量评估进度: 358/650 (批次 418, 2 个ctx) - 处理了 2 个文本
成功提取到 2 个分数
文本批量评估进度: 359/650 (批次 354, 2 个ctx) - 处理了 2 个文本
成功提取到 2 个分数
文本批量评估进度: 360/650 (批次 316, 2 个ctx) - 处理了 2 个文本
成功提取到 2 个分数
文本批量评估进度: 361/650 (批次 278, 2 个ctx) - 处理了 2 个文本
成功提取到 2 个分数
文本批量评估进度: 362/650 (批次 269, 2 个ctx) - 处理了 2 个文本
成功提取到 2 个分数
文本批量评估进度: 363/650 (批次 568, 2 个ctx) - 处理了 2 个文本
成功提取到 2 个分数
文本批量评估进度: 364/650 (批次 328, 2 个ctx) - 处理了 2 个文本
成功提取到 2 个分数成功提取到 2 个分数
成功提取到 2 个分数

文本批量评估进度: 365/650 (批次 263, 2 个ctx) - 处理了 2 个文本
文本批量评估进度: 366/650 (批次 287, 2 个ctx) - 处理了 2 个文本
文本批量评估进度: 367/650 (批次 355, 2 个ctx) - 处理了 2 个文本
成功提取到 2 个分数
文本批量评估进度: 368/650 (批次 319, 2 个ctx) - 处理了 2 个文本
成功提取到 2 个分数
文本批量评估进度: 369/650 (批次 342, 2 个ctx) - 处理了 2 个文本
成功提取到 2 个分数成功提取到 2 个分数

文本批量评估进度: 370/650 (批次 608, 2 个ctx) - 处理了 2 个文本
成功提取到 2 个分数
文本批量评估进度: 371/650 (批次 391, 2 个ctx) - 处理了 2 个文本
文本批量评估进度: 372/650 (批次 326, 2 个ctx) - 处理了 2 个文本成功提取到 2 个分数

成功提取到 2 个分数文本批量评估进度: 373/650 (批次 367, 2 个ctx) - 处理了 2 个文本

文本批量评估进度: 374/650 (批次 249, 2 个ctx) - 处理了 2 个文本
成功提取到 2 个分数
文本批量评估进度: 375/650 (批次 351, 2 个ctx) - 处理了 2 个文本
成功提取到 2 个分数
文本批量评估进度: 376/650 (批次 347, 2 个ctx) - 处理了 2 个文本
成功提取到 2 个分数
警告：期望 2 个分数，但只找到 1 个，开始重试...文本批量评估进度: 377/650 (批次 325, 2 个ctx) - 处理了 2 个文本

第 1 次重试API调用...
成功提取到 2 个分数
文本批量评估进度: 378/650 (批次 359, 2 个ctx) - 处理了 2 个文本成功提取到 2 个分数

文本批量评估进度: 379/650 (批次 339, 2 个ctx) - 处理了 2 个文本警告：期望 2 个分数，但只找到 1 个，开始重试...
第 1 次重试API调用...

成功提取到 2 个分数
文本批量评估进度: 380/650 (批次 554, 2 个ctx) - 处理了 2 个文本
成功提取到 2 个分数
成功提取到 2 个分数文本批量评估进度: 381/650 (批次 267, 2 个ctx) - 处理了 2 个文本

成功提取到 2 个分数
文本批量评估进度: 382/650 (批次 523, 2 个ctx) - 处理了 2 个文本成功提取到 2 个分数

文本批量评估进度: 383/650 (批次 331, 2 个ctx) - 处理了 2 个文本
文本批量评估进度: 384/650 (批次 327, 2 个ctx) - 处理了 2 个文本成功提取到 2 个分数
成功提取到 2 个分数

文本批量评估进度: 385/650 (批次 345, 2 个ctx) - 处理了 2 个文本
文本批量评估进度: 386/650 (批次 358, 2 个ctx) - 处理了 2 个文本
重试第 1 次的响应：
重试成功！提取到 2 个分数
文本批量评估进度: 387/650 (批次 159, 2 个ctx) - 处理了 2 个文本
成功提取到 2 个分数
文本批量评估进度: 388/650 (批次 337, 2 个ctx) - 处理了 2 个文本
成功提取到 2 个分数
文本批量评估进度: 389/650 (批次 21, 2 个ctx) - 处理了 2 个文本成功提取到 2 个分数

文本批量评估进度: 390/650 (批次 362, 2 个ctx) - 处理了 2 个文本
成功提取到 2 个分数成功提取到 2 个分数
文本批量评估进度: 391/650 (批次 371, 2 个ctx) - 处理了 2 个文本

文本批量评估进度: 392/650 (批次 377, 2 个ctx) - 处理了 2 个文本
成功提取到 2 个分数
文本批量评估进度: 393/650 (批次 366, 2 个ctx) - 处理了 2 个文本
成功提取到 2 个分数
文本批量评估进度: 394/650 (批次 373, 2 个ctx) - 处理了 2 个文本
成功提取到 2 个分数
文本批量评估进度: 395/650 (批次 365, 2 个ctx) - 处理了 2 个文本
成功提取到 2 个分数
文本批量评估进度: 396/650 (批次 363, 2 个ctx) - 处理了 2 个文本
成功提取到 2 个分数
成功提取到 2 个分数文本批量评估进度: 397/650 (批次 384, 2 个ctx) - 处理了 2 个文本

文本批量评估进度: 398/650 (批次 356, 2 个ctx) - 处理了 2 个文本
警告：期望 2 个分数，但只找到 1 个，开始重试...
第 1 次重试API调用...
成功提取到 2 个分数成功提取到 2 个分数

文本批量评估进度: 399/650 (批次 383, 2 个ctx) - 处理了 2 个文本
成功提取到 2 个分数
成功提取到 2 个分数
成功提取到 2 个分数重试第 1 次的响应：
文本批量评估进度: 400/650 (批次 395, 2 个ctx) - 处理了 2 个文本
重试成功！提取到 2 个分数

文本批量评估进度: 401/650 (批次 308, 2 个ctx) - 处理了 2 个文本
文本批量评估进度: 402/650 (批次 376, 2 个ctx) - 处理了 2 个文本
文本批量评估进度: 403/650 (批次 407, 2 个ctx) - 处理了 2 个文本
文本批量评估进度: 404/650 (批次 220, 2 个ctx) - 处理了 2 个文本
成功提取到 2 个分数
文本批量评估进度: 405/650 (批次 571, 2 个ctx) - 处理了 2 个文本
成功提取到 2 个分数
文本批量评估进度: 406/650 (批次 394, 2 个ctx) - 处理了 2 个文本
成功提取到 2 个分数
文本批量评估进度: 407/650 (批次 382, 2 个ctx) - 处理了 2 个文本
成功提取到 2 个分数
文本批量评估进度: 408/650 (批次 516, 2 个ctx) - 处理了 2 个文本
成功提取到 2 个分数
文本批量评估进度: 409/650 (批次 301, 2 个ctx) - 处理了 2 个文本
成功提取到 2 个分数
文本批量评估进度: 410/650 (批次 368, 2 个ctx) - 处理了 2 个文本
成功提取到 2 个分数
文本批量评估进度: 411/650 (批次 380, 2 个ctx) - 处理了 2 个文本
成功提取到 2 个分数
文本批量评估进度: 412/650 (批次 300, 2 个ctx) - 处理了 2 个文本
成功提取到 2 个分数
文本批量评估进度: 413/650 (批次 416, 2 个ctx) - 处理了 2 个文本
成功提取到 2 个分数
文本批量评估进度: 414/650 (批次 378, 2 个ctx) - 处理了 2 个文本
成功提取到 2 个分数成功提取到 2 个分数

文本批量评估进度: 415/650 (批次 412, 2 个ctx) - 处理了 2 个文本
文本批量评估进度: 416/650 (批次 410, 2 个ctx) - 处理了 2 个文本
成功提取到 2 个分数
警告：期望 2 个分数，但只找到 1 个，开始重试...
第 1 次重试API调用...
文本批量评估进度: 417/650 (批次 414, 2 个ctx) - 处理了 2 个文本
成功提取到 2 个分数
文本批量评估进度: 418/650 (批次 415, 2 个ctx) - 处理了 2 个文本
成功提取到 2 个分数
文本批量评估进度: 419/650 (批次 413, 2 个ctx) - 处理了 2 个文本
成功提取到 2 个分数
文本批量评估进度: 420/650 (批次 411, 2 个ctx) - 处理了 2 个文本
成功提取到 2 个分数
文本批量评估进度: 421/650 (批次 402, 2 个ctx) - 处理了 2 个文本成功提取到 2 个分数
成功提取到 2 个分数
文本批量评估进度: 422/650 (批次 361, 2 个ctx) - 处理了 2 个文本
成功提取到 2 个分数
文本批量评估进度: 423/650 (批次 392, 2 个ctx) - 处理了 2 个文本

成功提取到 2 个分数
文本批量评估进度: 424/650 (批次 274, 2 个ctx) - 处理了 2 个文本
文本批量评估进度: 425/650 (批次 343, 2 个ctx) - 处理了 2 个文本
成功提取到 2 个分数
文本批量评估进度: 426/650 (批次 396, 2 个ctx) - 处理了 2 个文本
成功提取到 2 个分数
文本批量评估进度: 427/650 (批次 409, 2 个ctx) - 处理了 2 个文本
成功提取到 2 个分数
文本批量评估进度: 428/650 (批次 403, 2 个ctx) - 处理了 2 个文本
成功提取到 2 个分数
文本批量评估进度: 429/650 (批次 406, 2 个ctx) - 处理了 2 个文本
成功提取到 2 个分数
文本批量评估进度: 430/650 (批次 420, 2 个ctx) - 处理了 2 个文本
成功提取到 2 个分数
文本批量评估进度: 431/650 (批次 405, 2 个ctx) - 处理了 2 个文本
成功提取到 2 个分数
文本批量评估进度: 432/650 (批次 417, 2 个ctx) - 处理了 2 个文本
成功提取到 2 个分数
文本批量评估进度: 433/650 (批次 364, 2 个ctx) - 处理了 2 个文本
成功提取到 2 个分数
成功提取到 2 个分数
文本批量评估进度: 434/650 (批次 581, 2 个ctx) - 处理了 2 个文本
文本批量评估进度: 435/650 (批次 398, 2 个ctx) - 处理了 2 个文本
成功提取到 2 个分数
文本批量评估进度: 436/650 (批次 303, 2 个ctx) - 处理了 2 个文本
成功提取到 2 个分数
文本批量评估进度: 437/650 (批次 457, 2 个ctx) - 处理了 2 个文本成功提取到 2 个分数

成功提取到 2 个分数文本批量评估进度: 438/650 (批次 304, 2 个ctx) - 处理了 2 个文本

成功提取到 2 个分数
成功提取到 2 个分数成功提取到 2 个分数

成功提取到 2 个分数成功提取到 2 个分数成功提取到 2 个分数


成功提取到 2 个分数文本批量评估进度: 439/650 (批次 437, 2 个ctx) - 处理了 2 个文本

文本批量评估进度: 440/650 (批次 452, 2 个ctx) - 处理了 2 个文本成功提取到 2 个分数

文本批量评估进度: 441/650 (批次 604, 2 个ctx) - 处理了 2 个文本成功提取到 2 个分数成功提取到 2 个分数


文本批量评估进度: 442/650 (批次 439, 2 个ctx) - 处理了 2 个文本
文本批量评估进度: 443/650 (批次 401, 2 个ctx) - 处理了 2 个文本
文本批量评估进度: 444/650 (批次 264, 2 个ctx) - 处理了 2 个文本
成功提取到 2 个分数文本批量评估进度: 445/650 (批次 483, 2 个ctx) - 处理了 2 个文本

成功提取到 2 个分数
文本批量评估进度: 446/650 (批次 459, 2 个ctx) - 处理了 2 个文本
成功提取到 2 个分数文本批量评估进度: 447/650 (批次 460, 2 个ctx) - 处理了 2 个文本

文本批量评估进度: 448/650 (批次 419, 2 个ctx) - 处理了 2 个文本
文本批量评估进度: 449/650 (批次 435, 2 个ctx) - 处理了 2 个文本
文本批量评估进度: 450/650 (批次 613, 2 个ctx) - 处理了 2 个文本
文本批量评估进度: 451/650 (批次 446, 2 个ctx) - 处理了 2 个文本
文本批量评估进度: 452/650 (批次 422, 2 个ctx) - 处理了 2 个文本
成功提取到 2 个分数
文本批量评估进度: 453/650 (批次 469, 2 个ctx) - 处理了 2 个文本
成功提取到 2 个分数
文本批量评估进度: 454/650 (批次 445, 2 个ctx) - 处理了 2 个文本
成功提取到 2 个分数
文本批量评估进度: 455/650 (批次 449, 2 个ctx) - 处理了 2 个文本
成功提取到 2 个分数
文本批量评估进度: 456/650 (批次 456, 2 个ctx) - 处理了 2 个文本
成功提取到 2 个分数
文本批量评估进度: 457/650 (批次 425, 2 个ctx) - 处理了 2 个文本
成功提取到 2 个分数成功提取到 2 个分数
文本批量评估进度: 458/650 (批次 490, 2 个ctx) - 处理了 2 个文本

文本批量评估进度: 459/650 (批次 543, 2 个ctx) - 处理了 2 个文本
成功提取到 2 个分数
文本批量评估进度: 460/650 (批次 444, 2 个ctx) - 处理了 2 个文本
成功提取到 2 个分数
文本批量评估进度: 461/650 (批次 441, 2 个ctx) - 处理了 2 个文本
成功提取到 2 个分数
文本批量评估进度: 462/650 (批次 472, 2 个ctx) - 处理了 2 个文本成功提取到 2 个分数

成功提取到 2 个分数
文本批量评估进度: 463/650 (批次 476, 2 个ctx) - 处理了 2 个文本
文本批量评估进度: 464/650 (批次 556, 2 个ctx) - 处理了 2 个文本
重试第 1 次的响应：
重试成功！提取到 2 个分数
文本批量评估进度: 465/650 (批次 218, 2 个ctx) - 处理了 2 个文本
成功提取到 2 个分数成功提取到 2 个分数成功提取到 2 个分数

文本批量评估进度: 466/650 (批次 434, 2 个ctx) - 处理了 2 个文本

文本批量评估进度: 467/650 (批次 540, 2 个ctx) - 处理了 2 个文本
文本批量评估进度: 468/650 (批次 440, 2 个ctx) - 处理了 2 个文本
成功提取到 2 个分数
文本批量评估进度: 469/650 (批次 374, 2 个ctx) - 处理了 2 个文本
成功提取到 2 个分数
文本批量评估进度: 470/650 (批次 650, 2 个ctx) - 处理了 2 个文本
成功提取到 2 个分数
成功提取到 2 个分数
文本批量评估进度: 471/650 (批次 454, 2 个ctx) - 处理了 2 个文本
文本批量评估进度: 472/650 (批次 443, 2 个ctx) - 处理了 2 个文本
成功提取到 2 个分数
文本批量评估进度: 473/650 (批次 336, 2 个ctx) - 处理了 2 个文本
成功提取到 2 个分数
文本批量评估进度: 474/650 (批次 468, 2 个ctx) - 处理了 2 个文本
成功提取到 2 个分数
文本批量评估进度: 475/650 (批次 349, 2 个ctx) - 处理了 2 个文本
成功提取到 2 个分数
文本批量评估进度: 476/650 (批次 462, 2 个ctx) - 处理了 2 个文本
成功提取到 2 个分数
文本批量评估进度: 477/650 (批次 475, 2 个ctx) - 处理了 2 个文本
成功提取到 2 个分数
文本批量评估进度: 478/650 (批次 474, 2 个ctx) - 处理了 2 个文本成功提取到 2 个分数

文本批量评估进度: 479/650 (批次 388, 2 个ctx) - 处理了 2 个文本
成功提取到 2 个分数
文本批量评估进度: 480/650 (批次 334, 2 个ctx) - 处理了 2 个文本
成功提取到 2 个分数
文本批量评估进度: 481/650 (批次 450, 2 个ctx) - 处理了 2 个文本
成功提取到 2 个分数
文本批量评估进度: 482/650 (批次 464, 2 个ctx) - 处理了 2 个文本
成功提取到 2 个分数
文本批量评估进度: 483/650 (批次 465, 2 个ctx) - 处理了 2 个文本
重试第 1 次的响应：
重试成功！提取到 2 个分数
警告：期望 2 个分数，但只找到 3 个，开始重试...文本批量评估进度: 484/650 (批次 487, 2 个ctx) - 处理了 2 个文本
成功提取到 2 个分数
文本批量评估进度: 485/650 (批次 484, 2 个ctx) - 处理了 2 个文本

第 1 次重试API调用...
成功提取到 2 个分数警告：期望 2 个分数，但只找到 0 个，开始重试...重试第 1 次的响应：
重试成功！提取到 2 个分数


文本批量评估进度: 486/650 (批次 292, 2 个ctx) - 处理了 2 个文本
文本批量评估进度: 487/650 (批次 266, 2 个ctx) - 处理了 2 个文本
第 1 次重试API调用...
成功提取到 2 个分数
文本批量评估进度: 488/650 (批次 438, 2 个ctx) - 处理了 2 个文本
成功提取到 2 个分数
文本批量评估进度: 489/650 (批次 486, 2 个ctx) - 处理了 2 个文本
成功提取到 2 个分数
文本批量评估进度: 490/650 (批次 485, 2 个ctx) - 处理了 2 个文本成功提取到 2 个分数

文本批量评估进度: 491/650 (批次 499, 2 个ctx) - 处理了 2 个文本
成功提取到 2 个分数
文本批量评估进度: 492/650 (批次 471, 2 个ctx) - 处理了 2 个文本
成功提取到 2 个分数成功提取到 2 个分数
文本批量评估进度: 493/650 (批次 496, 2 个ctx) - 处理了 2 个文本

成功提取到 2 个分数
文本批量评估进度: 494/650 (批次 502, 2 个ctx) - 处理了 2 个文本
文本批量评估进度: 495/650 (批次 488, 2 个ctx) - 处理了 2 个文本
成功提取到 2 个分数
文本批量评估进度: 496/650 (批次 505, 2 个ctx) - 处理了 2 个文本
成功提取到 2 个分数
文本批量评估进度: 497/650 (批次 547, 2 个ctx) - 处理了 2 个文本
成功提取到 2 个分数
文本批量评估进度: 498/650 (批次 528, 2 个ctx) - 处理了 2 个文本
警告：期望 2 个分数，但只找到 1 个，开始重试...
第 1 次重试API调用...
成功提取到 2 个分数
文本批量评估进度: 499/650 (批次 537, 2 个ctx) - 处理了 2 个文本
成功提取到 2 个分数
文本批量评估进度: 500/650 (批次 532, 2 个ctx) - 处理了 2 个文本
成功提取到 2 个分数
文本批量评估进度: 501/650 (批次 555, 2 个ctx) - 处理了 2 个文本成功提取到 2 个分数

文本批量评估进度: 502/650 (批次 530, 2 个ctx) - 处理了 2 个文本
警告：期望 2 个分数，但只找到 1 个，开始重试...
第 1 次重试API调用...
成功提取到 2 个分数
文本批量评估进度: 503/650 (批次 492, 2 个ctx) - 处理了 2 个文本
成功提取到 2 个分数
文本批量评估进度: 504/650 (批次 606, 2 个ctx) - 处理了 2 个文本
警告：期望 2 个分数，但只找到 1 个，开始重试...
第 1 次重试API调用...
成功提取到 2 个分数
文本批量评估进度: 505/650 (批次 479, 2 个ctx) - 处理了 2 个文本
成功提取到 2 个分数
文本批量评估进度: 506/650 (批次 574, 2 个ctx) - 处理了 2 个文本
成功提取到 2 个分数
文本批量评估进度: 507/650 (批次 576, 2 个ctx) - 处理了 2 个文本
成功提取到 2 个分数
文本批量评估进度: 508/650 (批次 493, 2 个ctx) - 处理了 2 个文本
成功提取到 2 个分数成功提取到 2 个分数
文本批量评估进度: 509/650 (批次 288, 2 个ctx) - 处理了 2 个文本

文本批量评估进度: 510/650 (批次 548, 2 个ctx) - 处理了 2 个文本
成功提取到 2 个分数
文本批量评估进度: 511/650 (批次 519, 2 个ctx) - 处理了 2 个文本
成功提取到 2 个分数
文本批量评估进度: 512/650 (批次 560, 2 个ctx) - 处理了 2 个文本
成功提取到 2 个分数
文本批量评估进度: 513/650 (批次 340, 2 个ctx) - 处理了 2 个文本
成功提取到 2 个分数
文本批量评估进度: 514/650 (批次 549, 2 个ctx) - 处理了 2 个文本成功提取到 2 个分数

文本批量评估进度: 515/650 (批次 338, 2 个ctx) - 处理了 2 个文本
成功提取到 2 个分数
文本批量评估进度: 516/650 (批次 538, 2 个ctx) - 处理了 2 个文本
成功提取到 2 个分数
文本批量评估进度: 517/650 (批次 514, 2 个ctx) - 处理了 2 个文本
成功提取到 2 个分数
文本批量评估进度: 518/650 (批次 551, 2 个ctx) - 处理了 2 个文本
成功提取到 2 个分数
文本批量评估进度: 519/650 (批次 329, 2 个ctx) - 处理了 2 个文本
重试第 1 次的响应：
重试成功！提取到 2 个分数
文本批量评估进度: 520/650 (批次 565, 2 个ctx) - 处理了 2 个文本
成功提取到 2 个分数
文本批量评估进度: 521/650 (批次 566, 2 个ctx) - 处理了 2 个文本
成功提取到 2 个分数
文本批量评估进度: 522/650 (批次 563, 2 个ctx) - 处理了 2 个文本
成功提取到 2 个分数
文本批量评估进度: 523/650 (批次 553, 2 个ctx) - 处理了 2 个文本
成功提取到 2 个分数
文本批量评估进度: 524/650 (批次 525, 2 个ctx) - 处理了 2 个文本
成功提取到 2 个分数
文本批量评估进度: 525/650 (批次 370, 2 个ctx) - 处理了 2 个文本
成功提取到 2 个分数
文本批量评估进度: 526/650 (批次 539, 2 个ctx) - 处理了 2 个文本
成功提取到 2 个分数
文本批量评估进度: 527/650 (批次 558, 2 个ctx) - 处理了 2 个文本
成功提取到 2 个分数
文本批量评估进度: 528/650 (批次 562, 2 个ctx) - 处理了 2 个文本
成功提取到 2 个分数
文本批量评估进度: 529/650 (批次 569, 2 个ctx) - 处理了 2 个文本
成功提取到 2 个分数
文本批量评估进度: 530/650 (批次 585, 2 个ctx) - 处理了 2 个文本
成功提取到 2 个分数
文本批量评估进度: 531/650 (批次 594, 2 个ctx) - 处理了 2 个文本
成功提取到 2 个分数
文本批量评估进度: 532/650 (批次 545, 2 个ctx) - 处理了 2 个文本
成功提取到 2 个分数
文本批量评估进度: 533/650 (批次 577, 2 个ctx) - 处理了 2 个文本
成功提取到 2 个分数
文本批量评估进度: 534/650 (批次 506, 2 个ctx) - 处理了 2 个文本
成功提取到 2 个分数
文本批量评估进度: 535/650 (批次 296, 2 个ctx) - 处理了 2 个文本
成功提取到 2 个分数
文本批量评估进度: 536/650 (批次 535, 2 个ctx) - 处理了 2 个文本
成功提取到 2 个分数
文本批量评估进度: 537/650 (批次 605, 2 个ctx) - 处理了 2 个文本
成功提取到 2 个分数
文本批量评估进度: 538/650 (批次 582, 2 个ctx) - 处理了 2 个文本
成功提取到 2 个分数
文本批量评估进度: 539/650 (批次 587, 2 个ctx) - 处理了 2 个文本
成功提取到 2 个分数
文本批量评估进度: 540/650 (批次 559, 2 个ctx) - 处理了 2 个文本
成功提取到 2 个分数
文本批量评估进度: 541/650 (批次 632, 2 个ctx) - 处理了 2 个文本
成功提取到 2 个分数
文本批量评估进度: 542/650 (批次 512, 2 个ctx) - 处理了 2 个文本
成功提取到 2 个分数
文本批量评估进度: 543/650 (批次 584, 2 个ctx) - 处理了 2 个文本
成功提取到 2 个分数
文本批量评估进度: 544/650 (批次 635, 2 个ctx) - 处理了 2 个文本
成功提取到 2 个分数
文本批量评估进度: 545/650 (批次 379, 2 个ctx) - 处理了 2 个文本
成功提取到 2 个分数
文本批量评估进度: 546/650 (批次 546, 2 个ctx) - 处理了 2 个文本
成功提取到 2 个分数
文本批量评估进度: 547/650 (批次 620, 2 个ctx) - 处理了 2 个文本
警告：期望 2 个分数，但只找到 1 个，开始重试...
第 1 次重试API调用...
成功提取到 2 个分数
文本批量评估进度: 548/650 (批次 609, 2 个ctx) - 处理了 2 个文本
成功提取到 2 个分数
文本批量评估进度: 549/650 (批次 627, 2 个ctx) - 处理了 2 个文本
成功提取到 2 个分数
文本批量评估进度: 550/650 (批次 597, 2 个ctx) - 处理了 2 个文本
成功提取到 2 个分数
文本批量评估进度: 551/650 (批次 636, 2 个ctx) - 处理了 2 个文本
成功提取到 2 个分数
文本批量评估进度: 552/650 (批次 591, 2 个ctx) - 处理了 2 个文本
成功提取到 2 个分数
文本批量评估进度: 553/650 (批次 643, 2 个ctx) - 处理了 2 个文本
成功提取到 2 个分数
文本批量评估进度: 554/650 (批次 397, 2 个ctx) - 处理了 2 个文本
成功提取到 2 个分数
文本批量评估进度: 555/650 (批次 623, 2 个ctx) - 处理了 2 个文本
成功提取到 2 个分数
文本批量评估进度: 556/650 (批次 603, 2 个ctx) - 处理了 2 个文本
成功提取到 2 个分数
文本批量评估进度: 557/650 (批次 626, 2 个ctx) - 处理了 2 个文本
成功提取到 2 个分数成功提取到 2 个分数

文本批量评估进度: 558/650 (批次 631, 2 个ctx) - 处理了 2 个文本
文本批量评估进度: 559/650 (批次 639, 2 个ctx) - 处理了 2 个文本
成功提取到 2 个分数
文本批量评估进度: 560/650 (批次 617, 2 个ctx) - 处理了 2 个文本
成功提取到 2 个分数
文本批量评估进度: 561/650 (批次 473, 2 个ctx) - 处理了 2 个文本
成功提取到 2 个分数
文本批量评估进度: 562/650 (批次 424, 2 个ctx) - 处理了 2 个文本
成功提取到 2 个分数
文本批量评估进度: 563/650 (批次 451, 2 个ctx) - 处理了 2 个文本
成功提取到 2 个分数
文本批量评估进度: 564/650 (批次 595, 2 个ctx) - 处理了 2 个文本
成功提取到 2 个分数
文本批量评估进度: 565/650 (批次 400, 2 个ctx) - 处理了 2 个文本
成功提取到 2 个分数
文本批量评估进度: 566/650 (批次 385, 2 个ctx) - 处理了 2 个文本
成功提取到 2 个分数
文本批量评估进度: 567/650 (批次 630, 2 个ctx) - 处理了 2 个文本
成功提取到 2 个分数
文本批量评估进度: 568/650 (批次 478, 2 个ctx) - 处理了 2 个文本
警告：期望 2 个分数，但只找到 1 个，开始重试...
第 1 次重试API调用...
成功提取到 2 个分数
文本批量评估进度: 569/650 (批次 610, 2 个ctx) - 处理了 2 个文本
成功提取到 2 个分数
文本批量评估进度: 570/650 (批次 507, 2 个ctx) - 处理了 2 个文本
成功提取到 2 个分数
文本批量评估进度: 571/650 (批次 332, 2 个ctx) - 处理了 2 个文本
成功提取到 2 个分数
文本批量评估进度: 572/650 (批次 306, 2 个ctx) - 处理了 2 个文本
成功提取到 2 个分数
文本批量评估进度: 573/650 (批次 404, 2 个ctx) - 处理了 2 个文本
成功提取到 2 个分数
文本批量评估进度: 574/650 (批次 589, 2 个ctx) - 处理了 2 个文本
成功提取到 2 个分数
文本批量评估进度: 575/650 (批次 455, 2 个ctx) - 处理了 2 个文本
成功提取到 2 个分数
文本批量评估进度: 576/650 (批次 621, 2 个ctx) - 处理了 2 个文本
成功提取到 2 个分数
文本批量评估进度: 577/650 (批次 611, 2 个ctx) - 处理了 2 个文本
成功提取到 2 个分数
文本批量评估进度: 578/650 (批次 509, 2 个ctx) - 处理了 2 个文本
成功提取到 2 个分数
文本批量评估进度: 579/650 (批次 624, 2 个ctx) - 处理了 2 个文本
成功提取到 2 个分数
文本批量评估进度: 580/650 (批次 522, 2 个ctx) - 处理了 2 个文本
成功提取到 2 个分数
文本批量评估进度: 581/650 (批次 408, 2 个ctx) - 处理了 2 个文本
成功提取到 2 个分数
文本批量评估进度: 582/650 (批次 494, 2 个ctx) - 处理了 2 个文本
成功提取到 2 个分数
文本批量评估进度: 583/650 (批次 360, 2 个ctx) - 处理了 2 个文本
成功提取到 2 个分数
文本批量评估进度: 584/650 (批次 645, 2 个ctx) - 处理了 2 个文本
成功提取到 2 个分数
文本批量评估进度: 585/650 (批次 500, 2 个ctx) - 处理了 2 个文本
成功提取到 2 个分数
文本批量评估进度: 586/650 (批次 622, 2 个ctx) - 处理了 2 个文本
成功提取到 2 个分数
文本批量评估进度: 587/650 (批次 520, 2 个ctx) - 处理了 2 个文本
成功提取到 2 个分数
文本批量评估进度: 588/650 (批次 481, 2 个ctx) - 处理了 2 个文本
成功提取到 2 个分数
文本批量评估进度: 589/650 (批次 453, 2 个ctx) - 处理了 2 个文本
成功提取到 2 个分数
文本批量评估进度: 590/650 (批次 586, 2 个ctx) - 处理了 2 个文本
成功提取到 2 个分数
文本批量评估进度: 591/650 (批次 503, 2 个ctx) - 处理了 2 个文本
成功提取到 2 个分数
文本批量评估进度: 592/650 (批次 550, 2 个ctx) - 处理了 2 个文本
成功提取到 2 个分数
文本批量评估进度: 593/650 (批次 588, 2 个ctx) - 处理了 2 个文本
成功提取到 2 个分数
文本批量评估进度: 594/650 (批次 646, 2 个ctx) - 处理了 2 个文本
成功提取到 2 个分数
文本批量评估进度: 595/650 (批次 593, 2 个ctx) - 处理了 2 个文本
成功提取到 2 个分数
文本批量评估进度: 596/650 (批次 601, 2 个ctx) - 处理了 2 个文本
成功提取到 2 个分数
文本批量评估进度: 597/650 (批次 513, 2 个ctx) - 处理了 2 个文本
成功提取到 2 个分数
文本批量评估进度: 598/650 (批次 637, 2 个ctx) - 处理了 2 个文本
成功提取到 2 个分数
文本批量评估进度: 599/650 (批次 531, 2 个ctx) - 处理了 2 个文本
成功提取到 2 个分数
文本批量评估进度: 600/650 (批次 561, 2 个ctx) - 处理了 2 个文本
成功提取到 2 个分数
文本批量评估进度: 601/650 (批次 648, 2 个ctx) - 处理了 2 个文本
成功提取到 2 个分数
文本批量评估进度: 602/650 (批次 578, 2 个ctx) - 处理了 2 个文本
成功提取到 2 个分数
文本批量评估进度: 603/650 (批次 573, 2 个ctx) - 处理了 2 个文本
重试第 1 次的响应：
重试第 1 次仍然不匹配：期望 2 个，得到 1 个
第 2 次重试API调用...
成功提取到 2 个分数
文本批量评估进度: 604/650 (批次 618, 2 个ctx) - 处理了 2 个文本
成功提取到 2 个分数
文本批量评估进度: 605/650 (批次 590, 2 个ctx) - 处理了 2 个文本
成功提取到 2 个分数
文本批量评估进度: 606/650 (批次 596, 2 个ctx) - 处理了 2 个文本
成功提取到 2 个分数
文本批量评估进度: 607/650 (批次 629, 2 个ctx) - 处理了 2 个文本
重试第 1 次的响应：
重试成功！提取到 2 个分数
文本批量评估进度: 608/650 (批次 149, 2 个ctx) - 处理了 2 个文本
重试第 1 次的响应：
重试第 1 次仍然不匹配：期望 2 个，得到 1 个
第 2 次重试API调用...
成功提取到 2 个分数
文本批量评估进度: 609/650 (批次 567, 2 个ctx) - 处理了 2 个文本
成功提取到 2 个分数
文本批量评估进度: 610/650 (批次 511, 2 个ctx) - 处理了 2 个文本
成功提取到 2 个分数
文本批量评估进度: 611/650 (批次 508, 2 个ctx) - 处理了 2 个文本
成功提取到 2 个分数
文本批量评估进度: 612/650 (批次 529, 2 个ctx) - 处理了 2 个文本
成功提取到 2 个分数
文本批量评估进度: 613/650 (批次 491, 2 个ctx) - 处理了 2 个文本
成功提取到 2 个分数
文本批量评估进度: 614/650 (批次 612, 2 个ctx) - 处理了 2 个文本
重试第 1 次的响应：
重试第 1 次仍然不匹配：期望 2 个，得到 1 个
第 2 次重试API调用...
成功提取到 2 个分数
文本批量评估进度: 615/650 (批次 372, 2 个ctx) - 处理了 2 个文本
成功提取到 2 个分数
文本批量评估进度: 616/650 (批次 431, 2 个ctx) - 处理了 2 个文本
成功提取到 2 个分数
文本批量评估进度: 617/650 (批次 644, 2 个ctx) - 处理了 2 个文本
重试第 1 次的响应：
重试第 1 次仍然不匹配：期望 2 个，得到 0 个
第 2 次重试API调用...
重试第 1 次的响应：
重试第 1 次仍然不匹配：期望 2 个，得到 1 个
第 2 次重试API调用...
重试第 1 次的响应：
重试成功！提取到 2 个分数
文本批量评估进度: 618/650 (批次 84, 2 个ctx) - 处理了 2 个文本
成功提取到 2 个分数
文本批量评估进度: 619/650 (批次 393, 2 个ctx) - 处理了 2 个文本
成功提取到 2 个分数
文本批量评估进度: 620/650 (批次 625, 2 个ctx) - 处理了 2 个文本
成功提取到 2 个分数
文本批量评估进度: 621/650 (批次 598, 2 个ctx) - 处理了 2 个文本
成功提取到 2 个分数
文本批量评估进度: 622/650 (批次 518, 2 个ctx) - 处理了 2 个文本
成功提取到 2 个分数
文本批量评估进度: 623/650 (批次 470, 2 个ctx) - 处理了 2 个文本
重试第 1 次的响应：
重试成功！提取到 2 个分数
文本批量评估进度: 624/650 (批次 247, 2 个ctx) - 处理了 2 个文本
成功提取到 2 个分数
文本批量评估进度: 625/650 (批次 552, 2 个ctx) - 处理了 2 个文本
重试第 1 次的响应：
重试成功！提取到 2 个分数
文本批量评估进度: 626/650 (批次 572, 2 个ctx) - 处理了 2 个文本
成功提取到 2 个分数
文本批量评估进度: 627/650 (批次 299, 2 个ctx) - 处理了 2 个文本
成功提取到 2 个分数
文本批量评估进度: 628/650 (批次 580, 2 个ctx) - 处理了 2 个文本
重试第 1 次的响应：
重试成功！提取到 2 个分数
文本批量评估进度: 629/650 (批次 480, 2 个ctx) - 处理了 2 个文本
重试第 1 次的响应：
重试成功！提取到 2 个分数
文本批量评估进度: 630/650 (批次 350, 2 个ctx) - 处理了 2 个文本
成功提取到 2 个分数
文本批量评估进度: 631/650 (批次 510, 2 个ctx) - 处理了 2 个文本
成功提取到 2 个分数
文本批量评估进度: 632/650 (批次 544, 2 个ctx) - 处理了 2 个文本
重试第 2 次的响应：
重试第 2 次仍然不匹配：期望 2 个，得到 1 个
第 3 次重试API调用...
成功提取到 2 个分数
文本批量评估进度: 633/650 (批次 557, 2 个ctx) - 处理了 2 个文本
重试第 2 次的响应：
重试第 2 次仍然不匹配：期望 2 个，得到 1 个
第 3 次重试API调用...
重试第 1 次的响应：
重试成功！提取到 2 个分数
文本批量评估进度: 634/650 (批次 442, 2 个ctx) - 处理了 2 个文本
重试第 1 次的响应：
重试第 1 次仍然不匹配：期望 2 个，得到 1 个
第 2 次重试API调用...
成功提取到 2 个分数
文本批量评估进度: 635/650 (批次 647, 2 个ctx) - 处理了 2 个文本
重试第 3 次的响应：
重试第 3 次仍然不匹配：期望 2 个，得到 1 个
所有重试都失败，使用默认分数 12
文本批量评估进度: 636/650 (批次 640, 2 个ctx) - 处理了 2 个文本
重试第 1 次的响应：
重试成功！提取到 2 个分数
文本批量评估进度: 637/650 (批次 526, 2 个ctx) - 处理了 2 个文本
重试第 1 次的响应：
重试成功！提取到 2 个分数
文本批量评估进度: 638/650 (批次 344, 2 个ctx) - 处理了 2 个文本
成功提取到 2 个分数
文本批量评估进度: 639/650 (批次 564, 2 个ctx) - 处理了 2 个文本
重试第 2 次的响应：
重试第 2 次仍然不匹配：期望 2 个，得到 1 个
第 3 次重试API调用...
重试第 1 次的响应：
重试成功！提取到 2 个分数
文本批量评估进度: 640/650 (批次 533, 2 个ctx) - 处理了 2 个文本
重试第 2 次的响应：
重试成功！提取到 2 个分数
文本批量评估进度: 641/650 (批次 357, 2 个ctx) - 处理了 2 个文本
重试第 1 次的响应：
重试成功！提取到 2 个分数
文本批量评估进度: 642/650 (批次 201, 2 个ctx) - 处理了 2 个文本
重试第 3 次的响应：
重试第 3 次仍然不匹配：期望 2 个，得到 1 个
所有重试都失败，使用默认分数 12
文本批量评估进度: 643/650 (批次 318, 2 个ctx) - 处理了 2 个文本
重试第 2 次的响应：
重试第 2 次仍然不匹配：期望 2 个，得到 1 个
第 3 次重试API调用...
重试第 1 次的响应：
重试成功！提取到 2 个分数
文本批量评估进度: 644/650 (批次 429, 2 个ctx) - 处理了 2 个文本
重试第 2 次的响应：
重试成功！提取到 2 个分数
文本批量评估进度: 645/650 (批次 498, 2 个ctx) - 处理了 2 个文本
成功提取到 2 个分数
文本批量评估进度: 646/650 (批次 649, 2 个ctx) - 处理了 2 个文本
重试第 3 次的响应：
重试第 3 次仍然不匹配：期望 2 个，得到 1 个
所有重试都失败，使用默认分数 12
文本批量评估进度: 647/650 (批次 463, 2 个ctx) - 处理了 2 个文本
重试第 3 次的响应：
重试成功！提取到 2 个分数
文本批量评估进度: 648/650 (批次 421, 2 个ctx) - 处理了 2 个文本
成功提取到 2 个分数
文本批量评估进度: 649/650 (批次 534, 2 个ctx) - 处理了 2 个文本
成功提取到 2 个分数
文本批量评估进度: 650/650 (批次 633, 2 个ctx) - 处理了 2 个文本
text阶段进度已保存到临时文件: /home/jiangjp/trace-idea/data/2wikimultihopqa/dev100_add_truthful_scores_with_kgs.json.text.tmp
文本处理完成: 650/650 成功

============================================================
第二阶段：处理三元组数据（多线程+每个线程处理2个ctx的所有triples）
============================================================
总共需要处理 649 个批次（每个批次包含最多2个ctx的所有三元组）
成功提取到 5 个分数
三元组批量评估进度: 1/649 (批次 9, 2 个ctx) - 处理了 5 个三元组
成功提取到 7 个分数
三元组批量评估进度: 2/649 (批次 31, 2 个ctx) - 处理了 7 个三元组
成功提取到 7 个分数
三元组批量评估进度: 3/649 (批次 37, 2 个ctx) - 处理了 7 个三元组
成功提取到 7 个分数
三元组批量评估进度: 4/649 (批次 10, 2 个ctx) - 处理了 7 个三元组
成功提取到 9 个分数
三元组批量评估进度: 5/649 (批次 11, 2 个ctx) - 处理了 9 个三元组
成功提取到 6 个分数
三元组批量评估进度: 6/649 (批次 19, 2 个ctx) - 处理了 6 个三元组
成功提取到 7 个分数
三元组批量评估进度: 7/649 (批次 25, 2 个ctx) - 处理了 7 个三元组
成功提取到 7 个分数成功提取到 10 个分数
三元组批量评估进度: 8/649 (批次 41, 2 个ctx) - 处理了 10 个三元组

三元组批量评估进度: 9/649 (批次 7, 2 个ctx) - 处理了 7 个三元组
成功提取到 7 个分数
三元组批量评估进度: 10/649 (批次 6, 2 个ctx) - 处理了 7 个三元组
成功提取到 10 个分数
三元组批量评估进度: 11/649 (批次 44, 2 个ctx) - 处理了 10 个三元组
成功提取到 10 个分数
三元组批量评估进度: 12/649 (批次 38, 2 个ctx) - 处理了 10 个三元组
成功提取到 6 个分数
三元组批量评估进度: 13/649 (批次 17, 2 个ctx) - 处理了 6 个三元组
成功提取到 15 个分数
三元组批量评估进度: 14/649 (批次 1, 2 个ctx) - 处理了 15 个三元组
成功提取到 8 个分数
三元组批量评估进度: 15/649 (批次 34, 2 个ctx) - 处理了 8 个三元组
成功提取到 8 个分数
三元组批量评估进度: 16/649 (批次 39, 2 个ctx) - 处理了 8 个三元组
成功提取到 6 个分数
三元组批量评估进度: 17/649 (批次 22, 2 个ctx) - 处理了 6 个三元组
成功提取到 10 个分数
三元组批量评估进度: 18/649 (批次 30, 2 个ctx) - 处理了 10 个三元组
警告：期望 8 个分数，但只找到 16 个，开始重试...
第 1 次重试API调用...
成功提取到 6 个分数
三元组批量评估进度: 19/649 (批次 320, 2 个ctx) - 处理了 6 个三元组
成功提取到 11 个分数
三元组批量评估进度: 20/649 (批次 13, 2 个ctx) - 处理了 11 个三元组
成功提取到 8 个分数
三元组批量评估进度: 21/649 (批次 26, 2 个ctx) - 处理了 8 个三元组
成功提取到 7 个分数
三元组批量评估进度: 22/649 (批次 3, 2 个ctx) - 处理了 7 个三元组
成功提取到 17 个分数
三元组批量评估进度: 23/649 (批次 15, 2 个ctx) - 处理了 17 个三元组
成功提取到 12 个分数
三元组批量评估进度: 24/649 (批次 23, 2 个ctx) - 处理了 12 个三元组
成功提取到 7 个分数
三元组批量评估进度: 25/649 (批次 20, 2 个ctx) - 处理了 7 个三元组
成功提取到 16 个分数
三元组批量评估进度: 26/649 (批次 18, 2 个ctx) - 处理了 16 个三元组
成功提取到 11 个分数
三元组批量评估进度: 27/649 (批次 43, 2 个ctx) - 处理了 11 个三元组
成功提取到 13 个分数
三元组批量评估进度: 28/649 (批次 45, 2 个ctx) - 处理了 13 个三元组
成功提取到 8 个分数
三元组批量评估进度: 29/649 (批次 285, 2 个ctx) - 处理了 8 个三元组
成功提取到 17 个分数
三元组批量评估进度: 30/649 (批次 35, 2 个ctx) - 处理了 17 个三元组
成功提取到 17 个分数
三元组批量评估进度: 31/649 (批次 16, 2 个ctx) - 处理了 17 个三元组
成功提取到 20 个分数
三元组批量评估进度: 32/649 (批次 21, 2 个ctx) - 处理了 20 个三元组
成功提取到 7 个分数
三元组批量评估进度: 33/649 (批次 354, 2 个ctx) - 处理了 7 个三元组
成功提取到 19 个分数
三元组批量评估进度: 34/649 (批次 47, 2 个ctx) - 处理了 19 个三元组
成功提取到 6 个分数
三元组批量评估进度: 35/649 (批次 57, 2 个ctx) - 处理了 6 个三元组
成功提取到 17 个分数
三元组批量评估进度: 36/649 (批次 50, 2 个ctx) - 处理了 17 个三元组
成功提取到 12 个分数
三元组批量评估进度: 37/649 (批次 28, 2 个ctx) - 处理了 12 个三元组
成功提取到 16 个分数
三元组批量评估进度: 38/649 (批次 8, 2 个ctx) - 处理了 16 个三元组
成功提取到 20 个分数
三元组批量评估进度: 39/649 (批次 24, 2 个ctx) - 处理了 20 个三元组
成功提取到 13 个分数
三元组批量评估进度: 40/649 (批次 33, 2 个ctx) - 处理了 13 个三元组
成功提取到 9 个分数成功提取到 10 个分数
三元组批量评估进度: 41/649 (批次 55, 2 个ctx) - 处理了 10 个三元组

三元组批量评估进度: 42/649 (批次 12, 2 个ctx) - 处理了 9 个三元组
成功提取到 9 个分数
三元组批量评估进度: 43/649 (批次 54, 2 个ctx) - 处理了 9 个三元组
成功提取到 8 个分数
三元组批量评估进度: 44/649 (批次 394, 2 个ctx) - 处理了 8 个三元组
成功提取到 9 个分数
三元组批量评估进度: 45/649 (批次 122, 2 个ctx) - 处理了 9 个三元组
成功提取到 11 个分数
三元组批量评估进度: 46/649 (批次 58, 2 个ctx) - 处理了 11 个三元组
成功提取到 22 个分数
三元组批量评估进度: 47/649 (批次 2, 2 个ctx) - 处理了 22 个三元组
成功提取到 10 个分数
三元组批量评估进度: 48/649 (批次 5, 2 个ctx) - 处理了 10 个三元组
成功提取到 5 个分数
三元组批量评估进度: 49/649 (批次 36, 2 个ctx) - 处理了 5 个三元组
成功提取到 15 个分数
三元组批量评估进度: 50/649 (批次 14, 2 个ctx) - 处理了 15 个三元组
成功提取到 10 个分数
三元组批量评估进度: 51/649 (批次 143, 2 个ctx) - 处理了 10 个三元组
成功提取到 6 个分数
三元组批量评估进度: 52/649 (批次 229, 2 个ctx) - 处理了 6 个三元组
成功提取到 6 个分数
三元组批量评估进度: 53/649 (批次 186, 2 个ctx) - 处理了 6 个三元组
成功提取到 11 个分数
三元组批量评估进度: 54/649 (批次 64, 2 个ctx) - 处理了 11 个三元组
成功提取到 15 个分数
三元组批量评估进度: 55/649 (批次 27, 2 个ctx) - 处理了 15 个三元组
成功提取到 15 个分数
成功提取到 16 个分数三元组批量评估进度: 56/649 (批次 4, 2 个ctx) - 处理了 15 个三元组

三元组批量评估进度: 57/649 (批次 177, 2 个ctx) - 处理了 16 个三元组
成功提取到 14 个分数
三元组批量评估进度: 58/649 (批次 40, 2 个ctx) - 处理了 14 个三元组
成功提取到 30 个分数
三元组批量评估进度: 59/649 (批次 29, 2 个ctx) - 处理了 30 个三元组
成功提取到 9 个分数
三元组批量评估进度: 60/649 (批次 185, 2 个ctx) - 处理了 9 个三元组
成功提取到 14 个分数
三元组批量评估进度: 61/649 (批次 116, 2 个ctx) - 处理了 14 个三元组
成功提取到 7 个分数
三元组批量评估进度: 62/649 (批次 75, 2 个ctx) - 处理了 7 个三元组
成功提取到 8 个分数
三元组批量评估进度: 63/649 (批次 52, 2 个ctx) - 处理了 8 个三元组
成功提取到 13 个分数
三元组批量评估进度: 64/649 (批次 67, 2 个ctx) - 处理了 13 个三元组
成功提取到 9 个分数
三元组批量评估进度: 65/649 (批次 65, 2 个ctx) - 处理了 9 个三元组
成功提取到 19 个分数
三元组批量评估进度: 66/649 (批次 49, 2 个ctx) - 处理了 19 个三元组
成功提取到 10 个分数
三元组批量评估进度: 67/649 (批次 76, 2 个ctx) - 处理了 10 个三元组
成功提取到 9 个分数
三元组批量评估进度: 68/649 (批次 77, 2 个ctx) - 处理了 9 个三元组
成功提取到 13 个分数
三元组批量评估进度: 69/649 (批次 59, 2 个ctx) - 处理了 13 个三元组
成功提取到 15 个分数
三元组批量评估进度: 70/649 (批次 62, 2 个ctx) - 处理了 15 个三元组成功提取到 10 个分数

三元组批量评估进度: 71/649 (批次 255, 2 个ctx) - 处理了 10 个三元组
成功提取到 6 个分数
成功提取到 13 个分数
三元组批量评估进度: 72/649 (批次 61, 2 个ctx) - 处理了 13 个三元组
三元组批量评估进度: 73/649 (批次 109, 2 个ctx) - 处理了 6 个三元组
成功提取到 10 个分数
成功提取到 6 个分数三元组批量评估进度: 74/649 (批次 416, 2 个ctx) - 处理了 10 个三元组

三元组批量评估进度: 75/649 (批次 78, 2 个ctx) - 处理了 6 个三元组
成功提取到 20 个分数
三元组批量评估进度: 76/649 (批次 53, 2 个ctx) - 处理了 20 个三元组成功提取到 11 个分数

三元组批量评估进度: 77/649 (批次 72, 2 个ctx) - 处理了 11 个三元组
成功提取到 12 个分数
三元组批量评估进度: 78/649 (批次 431, 2 个ctx) - 处理了 12 个三元组
成功提取到 10 个分数
三元组批量评估进度: 79/649 (批次 32, 2 个ctx) - 处理了 10 个三元组
成功提取到 10 个分数
三元组批量评估进度: 80/649 (批次 81, 2 个ctx) - 处理了 10 个三元组
成功提取到 16 个分数
三元组批量评估进度: 81/649 (批次 117, 2 个ctx) - 处理了 16 个三元组
成功提取到 7 个分数
三元组批量评估进度: 82/649 (批次 561, 2 个ctx) - 处理了 7 个三元组
成功提取到 4 个分数
三元组批量评估进度: 83/649 (批次 458, 2 个ctx) - 处理了 4 个三元组
成功提取到 21 个分数
三元组批量评估进度: 84/649 (批次 66, 2 个ctx) - 处理了 21 个三元组
成功提取到 7 个分数
三元组批量评估进度: 85/649 (批次 85, 2 个ctx) - 处理了 7 个三元组
成功提取到 13 个分数
三元组批量评估进度: 86/649 (批次 363, 2 个ctx) - 处理了 13 个三元组
成功提取到 10 个分数
三元组批量评估进度: 87/649 (批次 200, 2 个ctx) - 处理了 10 个三元组
成功提取到 10 个分数成功提取到 11 个分数

三元组批量评估进度: 88/649 (批次 369, 2 个ctx) - 处理了 10 个三元组
成功提取到 9 个分数
三元组批量评估进度: 89/649 (批次 73, 2 个ctx) - 处理了 9 个三元组
成功提取到 13 个分数三元组批量评估进度: 90/649 (批次 222, 2 个ctx) - 处理了 11 个三元组
成功提取到 10 个分数

成功提取到 10 个分数
三元组批量评估进度: 91/649 (批次 48, 2 个ctx) - 处理了 13 个三元组
三元组批量评估进度: 92/649 (批次 63, 2 个ctx) - 处理了 10 个三元组
三元组批量评估进度: 93/649 (批次 86, 2 个ctx) - 处理了 10 个三元组
成功提取到 21 个分数
三元组批量评估进度: 94/649 (批次 69, 2 个ctx) - 处理了 21 个三元组
成功提取到 11 个分数
三元组批量评估进度: 95/649 (批次 502, 2 个ctx) - 处理了 11 个三元组
成功提取到 7 个分数
三元组批量评估进度: 96/649 (批次 187, 2 个ctx) - 处理了 7 个三元组成功提取到 20 个分数

三元组批量评估进度: 97/649 (批次 74, 2 个ctx) - 处理了 20 个三元组
成功提取到 6 个分数
三元组批量评估进度: 98/649 (批次 91, 2 个ctx) - 处理了 6 个三元组
成功提取到 16 个分数
三元组批量评估进度: 99/649 (批次 267, 2 个ctx) - 处理了 16 个三元组
成功提取到 13 个分数
三元组批量评估进度: 100/649 (批次 51, 2 个ctx) - 处理了 13 个三元组
成功提取到 13 个分数
三元组批量评估进度: 101/649 (批次 425, 2 个ctx) - 处理了 13 个三元组
成功提取到 11 个分数
三元组批量评估进度: 102/649 (批次 92, 2 个ctx) - 处理了 11 个三元组
成功提取到 10 个分数
三元组批量评估进度: 103/649 (批次 235, 2 个ctx) - 处理了 10 个三元组
成功提取到 10 个分数
三元组批量评估进度: 104/649 (批次 496, 2 个ctx) - 处理了 10 个三元组
成功提取到 8 个分数
三元组批量评估进度: 105/649 (批次 373, 2 个ctx) - 处理了 8 个三元组
成功提取到 14 个分数
三元组批量评估进度: 106/649 (批次 352, 2 个ctx) - 处理了 14 个三元组
成功提取到 26 个分数
三元组批量评估进度: 107/649 (批次 68, 2 个ctx) - 处理了 26 个三元组
成功提取到 9 个分数
三元组批量评估进度: 108/649 (批次 93, 2 个ctx) - 处理了 9 个三元组
成功提取到 10 个分数
三元组批量评估进度: 109/649 (批次 84, 2 个ctx) - 处理了 10 个三元组
成功提取到 10 个分数
三元组批量评估进度: 110/649 (批次 397, 2 个ctx) - 处理了 10 个三元组
成功提取到 10 个分数成功提取到 9 个分数
三元组批量评估进度: 111/649 (批次 94, 2 个ctx) - 处理了 10 个三元组

三元组批量评估进度: 112/649 (批次 95, 2 个ctx) - 处理了 9 个三元组
成功提取到 29 个分数
三元组批量评估进度: 113/649 (批次 70, 2 个ctx) - 处理了 29 个三元组
成功提取到 13 个分数成功提取到 12 个分数
三元组批量评估进度: 114/649 (批次 82, 2 个ctx) - 处理了 12 个三元组

三元组批量评估进度: 115/649 (批次 90, 2 个ctx) - 处理了 13 个三元组
成功提取到 14 个分数
三元组批量评估进度: 116/649 (批次 56, 2 个ctx) - 处理了 14 个三元组
成功提取到 20 个分数
三元组批量评估进度: 117/649 (批次 418, 2 个ctx) - 处理了 20 个三元组
成功提取到 11 个分数
三元组批量评估进度: 118/649 (批次 358, 2 个ctx) - 处理了 11 个三元组
成功提取到 9 个分数
三元组批量评估进度: 119/649 (批次 398, 2 个ctx) - 处理了 9 个三元组
成功提取到 8 个分数
三元组批量评估进度: 120/649 (批次 71, 2 个ctx) - 处理了 8 个三元组
成功提取到 15 个分数
三元组批量评估进度: 121/649 (批次 83, 2 个ctx) - 处理了 15 个三元组
成功提取到 12 个分数
三元组批量评估进度: 122/649 (批次 80, 2 个ctx) - 处理了 12 个三元组
成功提取到 16 个分数
三元组批量评估进度: 123/649 (批次 243, 2 个ctx) - 处理了 16 个三元组
成功提取到 12 个分数
成功提取到 24 个分数
三元组批量评估进度: 124/649 (批次 79, 2 个ctx) - 处理了 24 个三元组
三元组批量评估进度: 125/649 (批次 553, 2 个ctx) - 处理了 12 个三元组
成功提取到 9 个分数
三元组批量评估进度: 126/649 (批次 98, 2 个ctx) - 处理了 9 个三元组
成功提取到 7 个分数
三元组批量评估进度: 127/649 (批次 106, 2 个ctx) - 处理了 7 个三元组
成功提取到 11 个分数
三元组批量评估进度: 128/649 (批次 88, 2 个ctx) - 处理了 11 个三元组
成功提取到 10 个分数
三元组批量评估进度: 129/649 (批次 102, 2 个ctx) - 处理了 10 个三元组
成功提取到 10 个分数
三元组批量评估进度: 130/649 (批次 101, 2 个ctx) - 处理了 10 个三元组
成功提取到 10 个分数
三元组批量评估进度: 131/649 (批次 100, 2 个ctx) - 处理了 10 个三元组
成功提取到 9 个分数
三元组批量评估进度: 132/649 (批次 103, 2 个ctx) - 处理了 9 个三元组
成功提取到 19 个分数
三元组批量评估进度: 133/649 (批次 87, 2 个ctx) - 处理了 19 个三元组
成功提取到 16 个分数
三元组批量评估进度: 134/649 (批次 97, 2 个ctx) - 处理了 16 个三元组
成功提取到 10 个分数
三元组批量评估进度: 135/649 (批次 96, 2 个ctx) - 处理了 10 个三元组
成功提取到 19 个分数
三元组批量评估进度: 136/649 (批次 206, 2 个ctx) - 处理了 19 个三元组
成功提取到 7 个分数
三元组批量评估进度: 137/649 (批次 601, 2 个ctx) - 处理了 7 个三元组
成功提取到 10 个分数
三元组批量评估进度: 138/649 (批次 107, 2 个ctx) - 处理了 10 个三元组
成功提取到 9 个分数
三元组批量评估进度: 139/649 (批次 637, 2 个ctx) - 处理了 9 个三元组
成功提取到 14 个分数
三元组批量评估进度: 140/649 (批次 176, 2 个ctx) - 处理了 14 个三元组
成功提取到 7 个分数
三元组批量评估进度: 141/649 (批次 227, 2 个ctx) - 处理了 7 个三元组
成功提取到 9 个分数
三元组批量评估进度: 142/649 (批次 573, 2 个ctx) - 处理了 9 个三元组
成功提取到 29 个分数
三元组批量评估进度: 143/649 (批次 60, 2 个ctx) - 处理了 29 个三元组
成功提取到 6 个分数
三元组批量评估进度: 144/649 (批次 282, 2 个ctx) - 处理了 6 个三元组
成功提取到 6 个分数
三元组批量评估进度: 145/649 (批次 113, 2 个ctx) - 处理了 6 个三元组
成功提取到 6 个分数
成功提取到 12 个分数三元组批量评估进度: 146/649 (批次 42, 2 个ctx) - 处理了 6 个三元组

三元组批量评估进度: 147/649 (批次 99, 2 个ctx) - 处理了 12 个三元组
成功提取到 8 个分数
三元组批量评估进度: 148/649 (批次 114, 2 个ctx) - 处理了 8 个三元组
成功提取到 10 个分数
三元组批量评估进度: 149/649 (批次 590, 2 个ctx) - 处理了 10 个三元组
成功提取到 7 个分数
三元组批量评估进度: 150/649 (批次 336, 2 个ctx) - 处理了 7 个三元组
成功提取到 9 个分数
三元组批量评估进度: 151/649 (批次 340, 2 个ctx) - 处理了 9 个三元组
成功提取到 10 个分数
三元组批量评估进度: 152/649 (批次 175, 2 个ctx) - 处理了 10 个三元组
成功提取到 6 个分数
三元组批量评估进度: 153/649 (批次 313, 2 个ctx) - 处理了 6 个三元组
成功提取到 9 个分数
三元组批量评估进度: 154/649 (批次 318, 2 个ctx) - 处理了 9 个三元组
成功提取到 12 个分数
三元组批量评估进度: 155/649 (批次 306, 2 个ctx) - 处理了 12 个三元组
成功提取到 7 个分数成功提取到 10 个分数
三元组批量评估进度: 156/649 (批次 120, 2 个ctx) - 处理了 7 个三元组

三元组批量评估进度: 157/649 (批次 118, 2 个ctx) - 处理了 10 个三元组
成功提取到 9 个分数
三元组批量评估进度: 158/649 (批次 150, 2 个ctx) - 处理了 9 个三元组
成功提取到 19 个分数
三元组批量评估进度: 159/649 (批次 191, 2 个ctx) - 处理了 19 个三元组
成功提取到 15 个分数
三元组批量评估进度: 160/649 (批次 105, 2 个ctx) - 处理了 15 个三元组
成功提取到 23 个分数
三元组批量评估进度: 161/649 (批次 210, 2 个ctx) - 处理了 23 个三元组
成功提取到 15 个分数
三元组批量评估进度: 162/649 (批次 264, 2 个ctx) - 处理了 15 个三元组
成功提取到 8 个分数
三元组批量评估进度: 163/649 (批次 123, 2 个ctx) - 处理了 8 个三元组
成功提取到 11 个分数
三元组批量评估进度: 164/649 (批次 125, 2 个ctx) - 处理了 11 个三元组
成功提取到 11 个分数
三元组批量评估进度: 165/649 (批次 121, 2 个ctx) - 处理了 11 个三元组
成功提取到 7 个分数成功提取到 16 个分数
三元组批量评估进度: 166/649 (批次 108, 2 个ctx) - 处理了 16 个三元组

三元组批量评估进度: 167/649 (批次 130, 2 个ctx) - 处理了 7 个三元组
成功提取到 8 个分数
三元组批量评估进度: 168/649 (批次 132, 2 个ctx) - 处理了 8 个三元组
成功提取到 14 个分数
三元组批量评估进度: 169/649 (批次 112, 2 个ctx) - 处理了 14 个三元组
API调用第 1 次尝试失败: [SSL: DECRYPTION_FAILED_OR_BAD_RECORD_MAC] decryption failed or bad record mac (_ssl.c:2578)
成功提取到 10 个分数
三元组批量评估进度: 170/649 (批次 119, 2 个ctx) - 处理了 10 个三元组
成功提取到 15 个分数
三元组批量评估进度: 171/649 (批次 127, 2 个ctx) - 处理了 15 个三元组
成功提取到 9 个分数
三元组批量评估进度: 172/649 (批次 110, 2 个ctx) - 处理了 9 个三元组
成功提取到 8 个分数
三元组批量评估进度: 173/649 (批次 371, 2 个ctx) - 处理了 8 个三元组
成功提取到 6 个分数
三元组批量评估进度: 174/649 (批次 145, 2 个ctx) - 处理了 6 个三元组
成功提取到 27 个分数
三元组批量评估进度: 175/649 (批次 89, 2 个ctx) - 处理了 27 个三元组
成功提取到 10 个分数
三元组批量评估进度: 176/649 (批次 128, 2 个ctx) - 处理了 10 个三元组
成功提取到 10 个分数
三元组批量评估进度: 177/649 (批次 577, 2 个ctx) - 处理了 10 个三元组
成功提取到 10 个分数
三元组批量评估进度: 178/649 (批次 554, 2 个ctx) - 处理了 10 个三元组
成功提取到 9 个分数
三元组批量评估进度: 179/649 (批次 104, 2 个ctx) - 处理了 9 个三元组
成功提取到 7 个分数
三元组批量评估进度: 180/649 (批次 137, 2 个ctx) - 处理了 7 个三元组
成功提取到 6 个分数
三元组批量评估进度: 181/649 (批次 154, 2 个ctx) - 处理了 6 个三元组
成功提取到 7 个分数
三元组批量评估进度: 182/649 (批次 142, 2 个ctx) - 处理了 7 个三元组
成功提取到 10 个分数
三元组批量评估进度: 183/649 (批次 111, 2 个ctx) - 处理了 10 个三元组
成功提取到 16 个分数
三元组批量评估进度: 184/649 (批次 126, 2 个ctx) - 处理了 16 个三元组
成功提取到 9 个分数
三元组批量评估进度: 185/649 (批次 624, 2 个ctx) - 处理了 9 个三元组
成功提取到 9 个分数
三元组批量评估进度: 186/649 (批次 147, 2 个ctx) - 处理了 9 个三元组
成功提取到 13 个分数
三元组批量评估进度: 187/649 (批次 428, 2 个ctx) - 处理了 13 个三元组
成功提取到 8 个分数
三元组批量评估进度: 188/649 (批次 152, 2 个ctx) - 处理了 8 个三元组
成功提取到 12 个分数
三元组批量评估进度: 189/649 (批次 146, 2 个ctx) - 处理了 12 个三元组
成功提取到 9 个分数
三元组批量评估进度: 190/649 (批次 522, 2 个ctx) - 处理了 9 个三元组
成功提取到 5 个分数
三元组批量评估进度: 191/649 (批次 155, 2 个ctx) - 处理了 5 个三元组
成功提取到 12 个分数
三元组批量评估进度: 192/649 (批次 144, 2 个ctx) - 处理了 12 个三元组
成功提取到 6 个分数
三元组批量评估进度: 193/649 (批次 159, 2 个ctx) - 处理了 6 个三元组
成功提取到 8 个分数
三元组批量评估进度: 194/649 (批次 598, 2 个ctx) - 处理了 8 个三元组
成功提取到 7 个分数
三元组批量评估进度: 195/649 (批次 190, 2 个ctx) - 处理了 7 个三元组
成功提取到 12 个分数
三元组批量评估进度: 196/649 (批次 153, 2 个ctx) - 处理了 12 个三元组
成功提取到 7 个分数
三元组批量评估进度: 197/649 (批次 293, 2 个ctx) - 处理了 7 个三元组
成功提取到 6 个分数
三元组批量评估进度: 198/649 (批次 165, 2 个ctx) - 处理了 6 个三元组
成功提取到 8 个分数
三元组批量评估进度: 199/649 (批次 151, 2 个ctx) - 处理了 8 个三元组
成功提取到 19 个分数
三元组批量评估进度: 200/649 (批次 307, 2 个ctx) - 处理了 19 个三元组
成功提取到 9 个分数
三元组批量评估进度: 201/649 (批次 157, 2 个ctx) - 处理了 9 个三元组
成功提取到 12 个分数
三元组批量评估进度: 202/649 (批次 139, 2 个ctx) - 处理了 12 个三元组
成功提取到 7 个分数
三元组批量评估进度: 203/649 (批次 166, 2 个ctx) - 处理了 7 个三元组
成功提取到 10 个分数
三元组批量评估进度: 204/649 (批次 141, 2 个ctx) - 处理了 10 个三元组
成功提取到 11 个分数
三元组批量评估进度: 205/649 (批次 149, 2 个ctx) - 处理了 11 个三元组
成功提取到 9 个分数
三元组批量评估进度: 206/649 (批次 415, 2 个ctx) - 处理了 9 个三元组
成功提取到 14 个分数
三元组批量评估进度: 207/649 (批次 129, 2 个ctx) - 处理了 14 个三元组
成功提取到 8 个分数
三元组批量评估进度: 208/649 (批次 163, 2 个ctx) - 处理了 8 个三元组
成功提取到 8 个分数
三元组批量评估进度: 209/649 (批次 288, 2 个ctx) - 处理了 8 个三元组
成功提取到 14 个分数
三元组批量评估进度: 210/649 (批次 138, 2 个ctx) - 处理了 14 个三元组
成功提取到 11 个分数
三元组批量评估进度: 211/649 (批次 162, 2 个ctx) - 处理了 11 个三元组
成功提取到 15 个分数
三元组批量评估进度: 212/649 (批次 156, 2 个ctx) - 处理了 15 个三元组
成功提取到 6 个分数
三元组批量评估进度: 213/649 (批次 167, 2 个ctx) - 处理了 6 个三元组
成功提取到 10 个分数
三元组批量评估进度: 214/649 (批次 164, 2 个ctx) - 处理了 10 个三元组
成功提取到 21 个分数
三元组批量评估进度: 215/649 (批次 131, 2 个ctx) - 处理了 21 个三元组
成功提取到 8 个分数
三元组批量评估进度: 216/649 (批次 453, 2 个ctx) - 处理了 8 个三元组
成功提取到 18 个分数
三元组批量评估进度: 217/649 (批次 115, 2 个ctx) - 处理了 18 个三元组
成功提取到 10 个分数
三元组批量评估进度: 218/649 (批次 374, 2 个ctx) - 处理了 10 个三元组
成功提取到 13 个分数
三元组批量评估进度: 219/649 (批次 580, 2 个ctx) - 处理了 13 个三元组
成功提取到 6 个分数
三元组批量评估进度: 220/649 (批次 170, 2 个ctx) - 处理了 6 个三元组
成功提取到 11 个分数
三元组批量评估进度: 221/649 (批次 160, 2 个ctx) - 处理了 11 个三元组
成功提取到 8 个分数
三元组批量评估进度: 222/649 (批次 215, 2 个ctx) - 处理了 8 个三元组
成功提取到 30 个分数
三元组批量评估进度: 223/649 (批次 501, 2 个ctx) - 处理了 30 个三元组
成功提取到 7 个分数
三元组批量评估进度: 224/649 (批次 148, 2 个ctx) - 处理了 7 个三元组
成功提取到 9 个分数
三元组批量评估进度: 225/649 (批次 342, 2 个ctx) - 处理了 9 个三元组成功提取到 7 个分数

三元组批量评估进度: 226/649 (批次 133, 2 个ctx) - 处理了 7 个三元组
成功提取到 9 个分数
三元组批量评估进度: 227/649 (批次 124, 2 个ctx) - 处理了 9 个三元组
成功提取到 16 个分数
三元组批量评估进度: 228/649 (批次 135, 2 个ctx) - 处理了 16 个三元组
成功提取到 9 个分数
三元组批量评估进度: 229/649 (批次 136, 2 个ctx) - 处理了 9 个三元组
成功提取到 6 个分数
三元组批量评估进度: 230/649 (批次 174, 2 个ctx) - 处理了 6 个三元组
成功提取到 6 个分数
三元组批量评估进度: 231/649 (批次 179, 2 个ctx) - 处理了 6 个三元组
成功提取到 14 个分数
三元组批量评估进度: 232/649 (批次 161, 2 个ctx) - 处理了 14 个三元组
警告：期望 6 个分数，但只找到 5 个，开始重试...
第 1 次重试API调用...
成功提取到 6 个分数
三元组批量评估进度: 233/649 (批次 309, 2 个ctx) - 处理了 6 个三元组
成功提取到 10 个分数
三元组批量评估进度: 234/649 (批次 171, 2 个ctx) - 处理了 10 个三元组
成功提取到 7 个分数
三元组批量评估进度: 235/649 (批次 178, 2 个ctx) - 处理了 7 个三元组
成功提取到 6 个分数成功提取到 10 个分数
三元组批量评估进度: 236/649 (批次 442, 2 个ctx) - 处理了 6 个三元组

三元组批量评估进度: 237/649 (批次 140, 2 个ctx) - 处理了 10 个三元组
成功提取到 13 个分数
三元组批量评估进度: 238/649 (批次 441, 2 个ctx) - 处理了 13 个三元组
成功提取到 19 个分数
三元组批量评估进度: 239/649 (批次 134, 2 个ctx) - 处理了 19 个三元组
成功提取到 14 个分数
三元组批量评估进度: 240/649 (批次 533, 2 个ctx) - 处理了 14 个三元组
成功提取到 9 个分数
三元组批量评估进度: 241/649 (批次 180, 2 个ctx) - 处理了 9 个三元组
成功提取到 10 个分数
三元组批量评估进度: 242/649 (批次 169, 2 个ctx) - 处理了 10 个三元组
成功提取到 7 个分数
三元组批量评估进度: 243/649 (批次 482, 2 个ctx) - 处理了 7 个三元组
成功提取到 16 个分数
成功提取到 13 个分数
三元组批量评估进度: 244/649 (批次 341, 2 个ctx) - 处理了 13 个三元组
三元组批量评估进度: 245/649 (批次 437, 2 个ctx) - 处理了 16 个三元组
成功提取到 6 个分数
三元组批量评估进度: 246/649 (批次 446, 2 个ctx) - 处理了 6 个三元组
成功提取到 10 个分数
三元组批量评估进度: 247/649 (批次 273, 2 个ctx) - 处理了 10 个三元组
成功提取到 15 个分数
三元组批量评估进度: 248/649 (批次 168, 2 个ctx) - 处理了 15 个三元组
成功提取到 17 个分数
三元组批量评估进度: 249/649 (批次 378, 2 个ctx) - 处理了 17 个三元组
成功提取到 21 个分数
三元组批量评估进度: 250/649 (批次 251, 2 个ctx) - 处理了 21 个三元组
成功提取到 6 个分数
三元组批量评估进度: 251/649 (批次 198, 2 个ctx) - 处理了 6 个三元组
成功提取到 13 个分数
三元组批量评估进度: 252/649 (批次 350, 2 个ctx) - 处理了 13 个三元组
成功提取到 10 个分数
三元组批量评估进度: 253/649 (批次 366, 2 个ctx) - 处理了 10 个三元组
成功提取到 16 个分数
三元组批量评估进度: 254/649 (批次 173, 2 个ctx) - 处理了 16 个三元组
成功提取到 9 个分数
三元组批量评估进度: 255/649 (批次 189, 2 个ctx) - 处理了 9 个三元组
成功提取到 8 个分数
三元组批量评估进度: 256/649 (批次 182, 2 个ctx) - 处理了 8 个三元组
成功提取到 8 个分数
三元组批量评估进度: 257/649 (批次 188, 2 个ctx) - 处理了 8 个三元组
成功提取到 8 个分数
三元组批量评估进度: 258/649 (批次 203, 2 个ctx) - 处理了 8 个三元组
成功提取到 17 个分数
三元组批量评估进度: 259/649 (批次 184, 2 个ctx) - 处理了 17 个三元组
成功提取到 10 个分数
三元组批量评估进度: 260/649 (批次 192, 2 个ctx) - 处理了 10 个三元组
成功提取到 13 个分数
三元组批量评估进度: 261/649 (批次 199, 2 个ctx) - 处理了 13 个三元组
成功提取到 13 个分数
三元组批量评估进度: 262/649 (批次 183, 2 个ctx) - 处理了 13 个三元组
成功提取到 11 个分数成功提取到 6 个分数

三元组批量评估进度: 263/649 (批次 202, 2 个ctx) - 处理了 6 个三元组
三元组批量评估进度: 264/649 (批次 194, 2 个ctx) - 处理了 11 个三元组
成功提取到 9 个分数
成功提取到 10 个分数
三元组批量评估进度: 265/649 (批次 536, 2 个ctx) - 处理了 10 个三元组成功提取到 8 个分数

三元组批量评估进度: 266/649 (批次 201, 2 个ctx) - 处理了 8 个三元组
三元组批量评估进度: 267/649 (批次 213, 2 个ctx) - 处理了 9 个三元组
成功提取到 14 个分数成功提取到 11 个分数
三元组批量评估进度: 268/649 (批次 207, 2 个ctx) - 处理了 11 个三元组
成功提取到 6 个分数
三元组批量评估进度: 269/649 (批次 535, 2 个ctx) - 处理了 6 个三元组

三元组批量评估进度: 270/649 (批次 196, 2 个ctx) - 处理了 14 个三元组
成功提取到 10 个分数
三元组批量评估进度: 271/649 (批次 209, 2 个ctx) - 处理了 10 个三元组
成功提取到 10 个分数
三元组批量评估进度: 272/649 (批次 507, 2 个ctx) - 处理了 10 个三元组
成功提取到 8 个分数
成功提取到 5 个分数
三元组批量评估进度: 273/649 (批次 223, 2 个ctx) - 处理了 5 个三元组
三元组批量评估进度: 274/649 (批次 204, 2 个ctx) - 处理了 8 个三元组
成功提取到 8 个分数
三元组批量评估进度: 275/649 (批次 406, 2 个ctx) - 处理了 8 个三元组
成功提取到 5 个分数
三元组批量评估进度: 276/649 (批次 220, 2 个ctx) - 处理了 5 个三元组
成功提取到 6 个分数
三元组批量评估进度: 277/649 (批次 327, 2 个ctx) - 处理了 6 个三元组
成功提取到 11 个分数
三元组批量评估进度: 278/649 (批次 195, 2 个ctx) - 处理了 11 个三元组
成功提取到 9 个分数
三元组批量评估进度: 279/649 (批次 208, 2 个ctx) - 处理了 9 个三元组成功提取到 7 个分数

三元组批量评估进度: 280/649 (批次 404, 2 个ctx) - 处理了 7 个三元组
成功提取到 12 个分数
三元组批量评估进度: 281/649 (批次 376, 2 个ctx) - 处理了 12 个三元组
成功提取到 9 个分数
三元组批量评估进度: 282/649 (批次 491, 2 个ctx) - 处理了 9 个三元组
成功提取到 24 个分数
三元组批量评估进度: 283/649 (批次 392, 2 个ctx) - 处理了 24 个三元组
成功提取到 8 个分数
三元组批量评估进度: 284/649 (批次 225, 2 个ctx) - 处理了 8 个三元组
成功提取到 6 个分数
三元组批量评估进度: 285/649 (批次 232, 2 个ctx) - 处理了 6 个三元组成功提取到 11 个分数

三元组批量评估进度: 286/649 (批次 367, 2 个ctx) - 处理了 11 个三元组
成功提取到 16 个分数
三元组批量评估进度: 287/649 (批次 205, 2 个ctx) - 处理了 16 个三元组
成功提取到 9 个分数
三元组批量评估进度: 288/649 (批次 219, 2 个ctx) - 处理了 9 个三元组
成功提取到 6 个分数
三元组批量评估进度: 289/649 (批次 212, 2 个ctx) - 处理了 6 个三元组
成功提取到 5 个分数
三元组批量评估进度: 290/649 (批次 236, 2 个ctx) - 处理了 5 个三元组
成功提取到 13 个分数
三元组批量评估进度: 291/649 (批次 344, 2 个ctx) - 处理了 13 个三元组
成功提取到 10 个分数
三元组批量评估进度: 292/649 (批次 224, 2 个ctx) - 处理了 10 个三元组
成功提取到 13 个分数
三元组批量评估进度: 293/649 (批次 503, 2 个ctx) - 处理了 13 个三元组
成功提取到 8 个分数
三元组批量评估进度: 294/649 (批次 615, 2 个ctx) - 处理了 8 个三元组
成功提取到 6 个分数成功提取到 14 个分数成功提取到 7 个分数
三元组批量评估进度: 295/649 (批次 640, 2 个ctx) - 处理了 14 个三元组


成功提取到 14 个分数三元组批量评估进度: 296/649 (批次 467, 2 个ctx) - 处理了 7 个三元组

三元组批量评估进度: 297/649 (批次 237, 2 个ctx) - 处理了 6 个三元组
三元组批量评估进度: 298/649 (批次 211, 2 个ctx) - 处理了 14 个三元组
成功提取到 15 个分数
三元组批量评估进度: 299/649 (批次 636, 2 个ctx) - 处理了 15 个三元组
成功提取到 7 个分数
三元组批量评估进度: 300/649 (批次 241, 2 个ctx) - 处理了 7 个三元组
成功提取到 8 个分数
三元组批量评估进度: 301/649 (批次 498, 2 个ctx) - 处理了 8 个三元组
成功提取到 11 个分数
三元组批量评估进度: 302/649 (批次 238, 2 个ctx) - 处理了 11 个三元组
成功提取到 14 个分数
三元组批量评估进度: 303/649 (批次 408, 2 个ctx) - 处理了 14 个三元组
成功提取到 10 个分数
三元组批量评估进度: 304/649 (批次 226, 2 个ctx) - 处理了 10 个三元组
成功提取到 15 个分数
三元组批量评估进度: 305/649 (批次 181, 2 个ctx) - 处理了 15 个三元组
成功提取到 13 个分数
三元组批量评估进度: 306/649 (批次 347, 2 个ctx) - 处理了 13 个三元组
成功提取到 9 个分数
三元组批量评估进度: 307/649 (批次 221, 2 个ctx) - 处理了 9 个三元组
成功提取到 6 个分数
三元组批量评估进度: 308/649 (批次 240, 2 个ctx) - 处理了 6 个三元组
成功提取到 6 个分数
三元组批量评估进度: 309/649 (批次 239, 2 个ctx) - 处理了 6 个三元组
成功提取到 16 个分数
三元组批量评估进度: 310/649 (批次 216, 2 个ctx) - 处理了 16 个三元组
成功提取到 5 个分数
三元组批量评估进度: 311/649 (批次 524, 2 个ctx) - 处理了 5 个三元组成功提取到 19 个分数

三元组批量评估进度: 312/649 (批次 217, 2 个ctx) - 处理了 19 个三元组
成功提取到 16 个分数
三元组批量评估进度: 313/649 (批次 511, 2 个ctx) - 处理了 16 个三元组
成功提取到 8 个分数
三元组批量评估进度: 314/649 (批次 321, 2 个ctx) - 处理了 8 个三元组
成功提取到 10 个分数
三元组批量评估进度: 315/649 (批次 214, 2 个ctx) - 处理了 10 个三元组
成功提取到 13 个分数
三元组批量评估进度: 316/649 (批次 231, 2 个ctx) - 处理了 13 个三元组
成功提取到 17 个分数成功提取到 4 个分数
成功提取到 8 个分数三元组批量评估进度: 317/649 (批次 258, 2 个ctx) - 处理了 4 个三元组


三元组批量评估进度: 318/649 (批次 172, 2 个ctx) - 处理了 17 个三元组
三元组批量评估进度: 319/649 (批次 253, 2 个ctx) - 处理了 8 个三元组
成功提取到 11 个分数
三元组批量评估进度: 320/649 (批次 246, 2 个ctx) - 处理了 11 个三元组
成功提取到 6 个分数
三元组批量评估进度: 321/649 (批次 247, 2 个ctx) - 处理了 6 个三元组
成功提取到 16 个分数
三元组批量评估进度: 322/649 (批次 218, 2 个ctx) - 处理了 16 个三元组成功提取到 12 个分数
成功提取到 10 个分数

三元组批量评估进度: 323/649 (批次 417, 2 个ctx) - 处理了 10 个三元组
三元组批量评估进度: 324/649 (批次 230, 2 个ctx) - 处理了 12 个三元组
成功提取到 15 个分数
三元组批量评估进度: 325/649 (批次 477, 2 个ctx) - 处理了 15 个三元组
成功提取到 19 个分数
三元组批量评估进度: 326/649 (批次 197, 2 个ctx) - 处理了 19 个三元组
成功提取到 11 个分数
三元组批量评估进度: 327/649 (批次 234, 2 个ctx) - 处理了 11 个三元组
成功提取到 15 个分数
成功提取到 7 个分数
三元组批量评估进度: 328/649 (批次 242, 2 个ctx) - 处理了 15 个三元组成功提取到 11 个分数

三元组批量评估进度: 329/649 (批次 233, 2 个ctx) - 处理了 7 个三元组
三元组批量评估进度: 330/649 (批次 377, 2 个ctx) - 处理了 11 个三元组
成功提取到 11 个分数
三元组批量评估进度: 331/649 (批次 623, 2 个ctx) - 处理了 11 个三元组
成功提取到 29 个分数
三元组批量评估进度: 332/649 (批次 193, 2 个ctx) - 处理了 29 个三元组
警告：期望 6 个分数，但只找到 7 个，开始重试...
第 1 次重试API调用...
成功提取到 10 个分数
三元组批量评估进度: 333/649 (批次 572, 2 个ctx) - 处理了 10 个三元组
成功提取到 7 个分数
三元组批量评估进度: 334/649 (批次 547, 2 个ctx) - 处理了 7 个三元组
成功提取到 10 个分数
三元组批量评估进度: 335/649 (批次 256, 2 个ctx) - 处理了 10 个三元组
成功提取到 16 个分数
三元组批量评估进度: 336/649 (批次 337, 2 个ctx) - 处理了 16 个三元组
成功提取到 8 个分数
三元组批量评估进度: 337/649 (批次 260, 2 个ctx) - 处理了 8 个三元组
成功提取到 12 个分数
三元组批量评估进度: 338/649 (批次 228, 2 个ctx) - 处理了 12 个三元组
成功提取到 9 个分数成功提取到 16 个分数
成功提取到 6 个分数三元组批量评估进度: 339/649 (批次 259, 2 个ctx) - 处理了 9 个三元组

三元组批量评估进度: 340/649 (批次 261, 2 个ctx) - 处理了 6 个三元组

三元组批量评估进度: 341/649 (批次 245, 2 个ctx) - 处理了 16 个三元组
成功提取到 10 个分数
三元组批量评估进度: 342/649 (批次 244, 2 个ctx) - 处理了 10 个三元组成功提取到 7 个分数

三元组批量评估进度: 343/649 (批次 268, 2 个ctx) - 处理了 7 个三元组成功提取到 7 个分数

三元组批量评估进度: 344/649 (批次 270, 2 个ctx) - 处理了 7 个三元组
成功提取到 3 个分数
三元组批量评估进度: 345/649 (批次 585, 2 个ctx) - 处理了 3 个三元组
成功提取到 19 个分数
成功提取到 6 个分数
三元组批量评估进度: 346/649 (批次 269, 2 个ctx) - 处理了 6 个三元组
三元组批量评估进度: 347/649 (批次 492, 2 个ctx) - 处理了 19 个三元组
成功提取到 7 个分数
三元组批量评估进度: 348/649 (批次 274, 2 个ctx) - 处理了 7 个三元组
成功提取到 7 个分数
三元组批量评估进度: 349/649 (批次 628, 2 个ctx) - 处理了 7 个三元组
成功提取到 6 个分数
三元组批量评估进度: 350/649 (批次 277, 2 个ctx) - 处理了 6 个三元组
成功提取到 5 个分数
三元组批量评估进度: 351/649 (批次 275, 2 个ctx) - 处理了 5 个三元组
成功提取到 9 个分数
三元组批量评估进度: 352/649 (批次 334, 2 个ctx) - 处理了 9 个三元组
成功提取到 14 个分数
三元组批量评估进度: 353/649 (批次 257, 2 个ctx) - 处理了 14 个三元组
成功提取到 9 个分数
三元组批量评估进度: 354/649 (批次 272, 2 个ctx) - 处理了 9 个三元组
成功提取到 12 个分数
三元组批量评估进度: 355/649 (批次 429, 2 个ctx) - 处理了 12 个三元组
成功提取到 6 个分数
三元组批量评估进度: 356/649 (批次 280, 2 个ctx) - 处理了 6 个三元组
成功提取到 9 个分数
三元组批量评估进度: 357/649 (批次 279, 2 个ctx) - 处理了 9 个三元组
成功提取到 15 个分数
三元组批量评估进度: 358/649 (批次 544, 2 个ctx) - 处理了 15 个三元组
成功提取到 16 个分数
三元组批量评估进度: 359/649 (批次 430, 2 个ctx) - 处理了 16 个三元组
成功提取到 11 个分数
三元组批量评估进度: 360/649 (批次 265, 2 个ctx) - 处理了 11 个三元组
成功提取到 8 个分数
三元组批量评估进度: 361/649 (批次 370, 2 个ctx) - 处理了 8 个三元组
成功提取到 11 个分数
三元组批量评估进度: 362/649 (批次 276, 2 个ctx) - 处理了 11 个三元组
成功提取到 9 个分数
三元组批量评估进度: 363/649 (批次 266, 2 个ctx) - 处理了 9 个三元组
成功提取到 10 个分数
三元组批量评估进度: 364/649 (批次 643, 2 个ctx) - 处理了 10 个三元组
成功提取到 18 个分数
三元组批量评估进度: 365/649 (批次 250, 2 个ctx) - 处理了 18 个三元组
成功提取到 8 个分数
三元组批量评估进度: 366/649 (批次 289, 2 个ctx) - 处理了 8 个三元组
成功提取到 10 个分数
三元组批量评估进度: 367/649 (批次 284, 2 个ctx) - 处理了 10 个三元组
成功提取到 7 个分数
三元组批量评估进度: 368/649 (批次 291, 2 个ctx) - 处理了 7 个三元组
成功提取到 16 个分数
三元组批量评估进度: 369/649 (批次 254, 2 个ctx) - 处理了 16 个三元组
成功提取到 16 个分数
三元组批量评估进度: 370/649 (批次 263, 2 个ctx) - 处理了 16 个三元组
成功提取到 16 个分数
三元组批量评估进度: 371/649 (批次 490, 2 个ctx) - 处理了 16 个三元组
成功提取到 7 个分数
三元组批量评估进度: 372/649 (批次 290, 2 个ctx) - 处理了 7 个三元组
成功提取到 17 个分数
三元组批量评估进度: 373/649 (批次 271, 2 个ctx) - 处理了 17 个三元组
成功提取到 6 个分数
三元组批量评估进度: 374/649 (批次 595, 2 个ctx) - 处理了 6 个三元组
成功提取到 5 个分数成功提取到 11 个分数
三元组批量评估进度: 375/649 (批次 540, 2 个ctx) - 处理了 5 个三元组

三元组批量评估进度: 376/649 (批次 343, 2 个ctx) - 处理了 11 个三元组
成功提取到 9 个分数
三元组批量评估进度: 377/649 (批次 625, 2 个ctx) - 处理了 9 个三元组
成功提取到 5 个分数
三元组批量评估进度: 378/649 (批次 497, 2 个ctx) - 处理了 5 个三元组
成功提取到 7 个分数
成功提取到 15 个分数
三元组批量评估进度: 379/649 (批次 278, 2 个ctx) - 处理了 15 个三元组
三元组批量评估进度: 380/649 (批次 400, 2 个ctx) - 处理了 7 个三元组
成功提取到 8 个分数
三元组批量评估进度: 381/649 (批次 295, 2 个ctx) - 处理了 8 个三元组
成功提取到 14 个分数
三元组批量评估进度: 382/649 (批次 296, 2 个ctx) - 处理了 14 个三元组
成功提取到 9 个分数
三元组批量评估进度: 383/649 (批次 301, 2 个ctx) - 处理了 9 个三元组
成功提取到 23 个分数
三元组批量评估进度: 384/649 (批次 505, 2 个ctx) - 处理了 23 个三元组
成功提取到 27 个分数
三元组批量评估进度: 385/649 (批次 248, 2 个ctx) - 处理了 27 个三元组
成功提取到 14 个分数
三元组批量评估进度: 386/649 (批次 387, 2 个ctx) - 处理了 14 个三元组
成功提取到 5 个分数成功提取到 10 个分数

三元组批量评估进度: 387/649 (批次 302, 2 个ctx) - 处理了 10 个三元组
三元组批量评估进度: 388/649 (批次 317, 2 个ctx) - 处理了 5 个三元组
成功提取到 6 个分数
三元组批量评估进度: 389/649 (批次 294, 2 个ctx) - 处理了 6 个三元组
成功提取到 10 个分数
三元组批量评估进度: 390/649 (批次 298, 2 个ctx) - 处理了 10 个三元组
成功提取到 11 个分数
三元组批量评估进度: 391/649 (批次 286, 2 个ctx) - 处理了 11 个三元组
成功提取到 10 个分数
三元组批量评估进度: 392/649 (批次 299, 2 个ctx) - 处理了 10 个三元组
成功提取到 6 个分数
三元组批量评估进度: 393/649 (批次 310, 2 个ctx) - 处理了 6 个三元组
成功提取到 7 个分数
三元组批量评估进度: 394/649 (批次 315, 2 个ctx) - 处理了 7 个三元组
重试第 1 次的响应：
重试成功！提取到 6 个分数
三元组批量评估进度: 395/649 (批次 262, 2 个ctx) - 处理了 6 个三元组
成功提取到 35 个分数
三元组批量评估进度: 396/649 (批次 579, 2 个ctx) - 处理了 35 个三元组
成功提取到 7 个分数
三元组批量评估进度: 397/649 (批次 319, 2 个ctx) - 处理了 7 个三元组
成功提取到 17 个分数
三元组批量评估进度: 398/649 (批次 283, 2 个ctx) - 处理了 17 个三元组
成功提取到 15 个分数
三元组批量评估进度: 399/649 (批次 281, 2 个ctx) - 处理了 15 个三元组
成功提取到 3 个分数
成功提取到 7 个分数
三元组批量评估进度: 400/649 (批次 457, 2 个ctx) - 处理了 7 个三元组
三元组批量评估进度: 401/649 (批次 330, 2 个ctx) - 处理了 3 个三元组
成功提取到 34 个分数
三元组批量评估进度: 402/649 (批次 252, 2 个ctx) - 处理了 34 个三元组
成功提取到 24 个分数
三元组批量评估进度: 403/649 (批次 646, 2 个ctx) - 处理了 24 个三元组
成功提取到 8 个分数
三元组批量评估进度: 404/649 (批次 324, 2 个ctx) - 处理了 8 个三元组
成功提取到 10 个分数
三元组批量评估进度: 405/649 (批次 300, 2 个ctx) - 处理了 10 个三元组
成功提取到 8 个分数
三元组批量评估进度: 406/649 (批次 523, 2 个ctx) - 处理了 8 个三元组
成功提取到 16 个分数
三元组批量评估进度: 407/649 (批次 297, 2 个ctx) - 处理了 16 个三元组
成功提取到 17 个分数
三元组批量评估进度: 408/649 (批次 287, 2 个ctx) - 处理了 17 个三元组
成功提取到 11 个分数
三元组批量评估进度: 409/649 (批次 552, 2 个ctx) - 处理了 11 个三元组
成功提取到 16 个分数
三元组批量评估进度: 410/649 (批次 543, 2 个ctx) - 处理了 16 个三元组
成功提取到 6 个分数
三元组批量评估进度: 411/649 (批次 329, 2 个ctx) - 处理了 6 个三元组
成功提取到 11 个分数
三元组批量评估进度: 412/649 (批次 314, 2 个ctx) - 处理了 11 个三元组
成功提取到 9 个分数
三元组批量评估进度: 413/649 (批次 500, 2 个ctx) - 处理了 9 个三元组
成功提取到 13 个分数
三元组批量评估进度: 414/649 (批次 322, 2 个ctx) - 处理了 13 个三元组
警告：期望 12 个分数，但只找到 24 个，开始重试...
第 1 次重试API调用...
成功提取到 10 个分数成功提取到 19 个分数
三元组批量评估进度: 415/649 (批次 303, 2 个ctx) - 处理了 10 个三元组

三元组批量评估进度: 416/649 (批次 647, 2 个ctx) - 处理了 19 个三元组
成功提取到 10 个分数
三元组批量评估进度: 417/649 (批次 292, 2 个ctx) - 处理了 10 个三元组
成功提取到 16 个分数
三元组批量评估进度: 418/649 (批次 574, 2 个ctx) - 处理了 16 个三元组
成功提取到 10 个分数
三元组批量评估进度: 419/649 (批次 323, 2 个ctx) - 处理了 10 个三元组
成功提取到 7 个分数
三元组批量评估进度: 420/649 (批次 353, 2 个ctx) - 处理了 7 个三元组
成功提取到 16 个分数
三元组批量评估进度: 421/649 (批次 311, 2 个ctx) - 处理了 16 个三元组
成功提取到 11 个分数
三元组批量评估进度: 422/649 (批次 312, 2 个ctx) - 处理了 11 个三元组成功提取到 8 个分数

三元组批量评估进度: 423/649 (批次 333, 2 个ctx) - 处理了 8 个三元组
成功提取到 12 个分数
三元组批量评估进度: 424/649 (批次 550, 2 个ctx) - 处理了 12 个三元组
成功提取到 7 个分数
三元组批量评估进度: 425/649 (批次 338, 2 个ctx) - 处理了 7 个三元组
成功提取到 6 个分数
三元组批量评估进度: 426/649 (批次 339, 2 个ctx) - 处理了 6 个三元组
成功提取到 24 个分数
三元组批量评估进度: 427/649 (批次 304, 2 个ctx) - 处理了 24 个三元组
成功提取到 7 个分数
三元组批量评估进度: 428/649 (批次 332, 2 个ctx) - 处理了 7 个三元组
成功提取到 11 个分数
三元组批量评估进度: 429/649 (批次 346, 2 个ctx) - 处理了 11 个三元组
成功提取到 8 个分数
三元组批量评估进度: 430/649 (批次 328, 2 个ctx) - 处理了 8 个三元组
成功提取到 9 个分数
成功提取到 5 个分数
三元组批量评估进度: 431/649 (批次 355, 2 个ctx) - 处理了 5 个三元组
三元组批量评估进度: 432/649 (批次 635, 2 个ctx) - 处理了 9 个三元组
成功提取到 26 个分数
三元组批量评估进度: 433/649 (批次 563, 2 个ctx) - 处理了 26 个三元组
成功提取到 32 个分数
成功提取到 14 个分数
三元组批量评估进度: 434/649 (批次 450, 2 个ctx) - 处理了 14 个三元组
三元组批量评估进度: 435/649 (批次 249, 2 个ctx) - 处理了 32 个三元组
成功提取到 4 个分数
三元组批量评估进度: 436/649 (批次 359, 2 个ctx) - 处理了 4 个三元组
成功提取到 9 个分数
三元组批量评估进度: 437/649 (批次 607, 2 个ctx) - 处理了 9 个三元组
成功提取到 10 个分数
三元组批量评估进度: 438/649 (批次 325, 2 个ctx) - 处理了 10 个三元组
成功提取到 7 个分数
三元组批量评估进度: 439/649 (批次 532, 2 个ctx) - 处理了 7 个三元组
成功提取到 24 个分数
三元组批量评估进度: 440/649 (批次 308, 2 个ctx) - 处理了 24 个三元组
成功提取到 18 个分数
三元组批量评估进度: 441/649 (批次 316, 2 个ctx) - 处理了 18 个三元组
成功提取到 10 个分数
成功提取到 11 个分数三元组批量评估进度: 442/649 (批次 423, 2 个ctx) - 处理了 10 个三元组

三元组批量评估进度: 443/649 (批次 345, 2 个ctx) - 处理了 11 个三元组
成功提取到 8 个分数
三元组批量评估进度: 444/649 (批次 357, 2 个ctx) - 处理了 8 个三元组
成功提取到 15 个分数
成功提取到 15 个分数三元组批量评估进度: 445/649 (批次 348, 2 个ctx) - 处理了 15 个三元组

三元组批量评估进度: 446/649 (批次 349, 2 个ctx) - 处理了 15 个三元组
成功提取到 13 个分数
三元组批量评估进度: 447/649 (批次 326, 2 个ctx) - 处理了 13 个三元组
成功提取到 8 个分数
三元组批量评估进度: 448/649 (批次 360, 2 个ctx) - 处理了 8 个三元组
成功提取到 12 个分数
三元组批量评估进度: 449/649 (批次 604, 2 个ctx) - 处理了 12 个三元组
成功提取到 9 个分数
三元组批量评估进度: 450/649 (批次 474, 2 个ctx) - 处理了 9 个三元组
成功提取到 10 个分数成功提取到 17 个分数
三元组批量评估进度: 451/649 (批次 356, 2 个ctx) - 处理了 17 个三元组

成功提取到 22 个分数三元组批量评估进度: 452/649 (批次 375, 2 个ctx) - 处理了 10 个三元组

三元组批量评估进度: 453/649 (批次 556, 2 个ctx) - 处理了 22 个三元组
成功提取到 9 个分数
三元组批量评估进度: 454/649 (批次 549, 2 个ctx) - 处理了 9 个三元组
成功提取到 10 个分数
三元组批量评估进度: 455/649 (批次 381, 2 个ctx) - 处理了 10 个三元组
成功提取到 7 个分数
三元组批量评估进度: 456/649 (批次 591, 2 个ctx) - 处理了 7 个三元组
成功提取到 13 个分数
三元组批量评估进度: 457/649 (批次 335, 2 个ctx) - 处理了 13 个三元组
成功提取到 8 个分数
三元组批量评估进度: 458/649 (批次 362, 2 个ctx) - 处理了 8 个三元组
成功提取到 7 个分数
三元组批量评估进度: 459/649 (批次 388, 2 个ctx) - 处理了 7 个三元组
成功提取到 16 个分数
三元组批量评估进度: 460/649 (批次 525, 2 个ctx) - 处理了 16 个三元组
成功提取到 6 个分数
成功提取到 24 个分数成功提取到 19 个分数成功提取到 6 个分数
三元组批量评估进度: 461/649 (批次 351, 2 个ctx) - 处理了 6 个三元组

三元组批量评估进度: 462/649 (批次 611, 2 个ctx) - 处理了 19 个三元组

三元组批量评估进度: 463/649 (批次 407, 2 个ctx) - 处理了 6 个三元组成功提取到 5 个分数
成功提取到 8 个分数

三元组批量评估进度: 464/649 (批次 413, 2 个ctx) - 处理了 5 个三元组
成功提取到 7 个分数三元组批量评估进度: 465/649 (批次 546, 2 个ctx) - 处理了 24 个三元组

三元组批量评估进度: 466/649 (批次 562, 2 个ctx) - 处理了 8 个三元组
三元组批量评估进度: 467/649 (批次 412, 2 个ctx) - 处理了 7 个三元组
成功提取到 10 个分数
三元组批量评估进度: 468/649 (批次 385, 2 个ctx) - 处理了 10 个三元组成功提取到 15 个分数

三元组批量评估进度: 469/649 (批次 529, 2 个ctx) - 处理了 15 个三元组
成功提取到 21 个分数
三元组批量评估进度: 470/649 (批次 361, 2 个ctx) - 处理了 21 个三元组成功提取到 10 个分数

三元组批量评估进度: 471/649 (批次 569, 2 个ctx) - 处理了 10 个三元组
成功提取到 7 个分数
三元组批量评估进度: 472/649 (批次 402, 2 个ctx) - 处理了 7 个三元组
成功提取到 11 个分数
三元组批量评估进度: 473/649 (批次 386, 2 个ctx) - 处理了 11 个三元组
成功提取到 9 个分数
三元组批量评估进度: 474/649 (批次 372, 2 个ctx) - 处理了 9 个三元组
成功提取到 19 个分数成功提取到 15 个分数
三元组批量评估进度: 475/649 (批次 629, 2 个ctx) - 处理了 15 个三元组

三元组批量评估进度: 476/649 (批次 605, 2 个ctx) - 处理了 19 个三元组
成功提取到 16 个分数
三元组批量评估进度: 477/649 (批次 331, 2 个ctx) - 处理了 16 个三元组
成功提取到 12 个分数
三元组批量评估进度: 478/649 (批次 389, 2 个ctx) - 处理了 12 个三元组
成功提取到 8 个分数
三元组批量评估进度: 479/649 (批次 414, 2 个ctx) - 处理了 8 个三元组
成功提取到 11 个分数
三元组批量评估进度: 480/649 (批次 383, 2 个ctx) - 处理了 11 个三元组
成功提取到 9 个分数
三元组批量评估进度: 481/649 (批次 622, 2 个ctx) - 处理了 9 个三元组
成功提取到 10 个分数
三元组批量评估进度: 482/649 (批次 411, 2 个ctx) - 处理了 10 个三元组
成功提取到 6 个分数
三元组批量评估进度: 483/649 (批次 422, 2 个ctx) - 处理了 6 个三元组
成功提取到 6 个分数
三元组批量评估进度: 484/649 (批次 618, 2 个ctx) - 处理了 6 个三元组
成功提取到 11 个分数
三元组批量评估进度: 485/649 (批次 391, 2 个ctx) - 处理了 11 个三元组
成功提取到 6 个分数
三元组批量评估进度: 486/649 (批次 436, 2 个ctx) - 处理了 6 个三元组
警告：期望 22 个分数，但只找到 21 个，开始重试...
第 1 次重试API调用...
成功提取到 7 个分数
三元组批量评估进度: 487/649 (批次 420, 2 个ctx) - 处理了 7 个三元组
成功提取到 13 个分数
三元组批量评估进度: 488/649 (批次 368, 2 个ctx) - 处理了 13 个三元组
成功提取到 9 个分数
三元组批量评估进度: 489/649 (批次 419, 2 个ctx) - 处理了 9 个三元组
成功提取到 16 个分数
三元组批量评估进度: 490/649 (批次 393, 2 个ctx) - 处理了 16 个三元组
成功提取到 10 个分数
三元组批量评估进度: 491/649 (批次 481, 2 个ctx) - 处理了 10 个三元组
成功提取到 8 个分数
三元组批量评估进度: 492/649 (批次 438, 2 个ctx) - 处理了 8 个三元组
警告：期望 9 个分数，但只找到 18 个，开始重试...
第 1 次重试API调用...
成功提取到 20 个分数
三元组批量评估进度: 493/649 (批次 644, 2 个ctx) - 处理了 20 个三元组
成功提取到 2 个分数
三元组批量评估进度: 494/649 (批次 456, 2 个ctx) - 处理了 2 个三元组
成功提取到 11 个分数
三元组批量评估进度: 495/649 (批次 649, 2 个ctx) - 处理了 11 个三元组
重试第 1 次的响应：
重试成功！提取到 12 个分数
三元组批量评估进度: 496/649 (批次 305, 2 个ctx) - 处理了 12 个三元组
成功提取到 9 个分数
三元组批量评估进度: 497/649 (批次 506, 2 个ctx) - 处理了 9 个三元组
成功提取到 17 个分数
三元组批量评估进度: 498/649 (批次 510, 2 个ctx) - 处理了 17 个三元组
成功提取到 18 个分数
三元组批量评估进度: 499/649 (批次 384, 2 个ctx) - 处理了 18 个三元组
成功提取到 7 个分数
三元组批量评估进度: 500/649 (批次 435, 2 个ctx) - 处理了 7 个三元组
成功提取到 10 个分数
三元组批量评估进度: 501/649 (批次 426, 2 个ctx) - 处理了 10 个三元组
成功提取到 8 个分数
三元组批量评估进度: 502/649 (批次 449, 2 个ctx) - 处理了 8 个三元组
成功提取到 9 个分数
三元组批量评估进度: 503/649 (批次 439, 2 个ctx) - 处理了 9 个三元组
成功提取到 11 个分数
三元组批量评估进度: 504/649 (批次 518, 2 个ctx) - 处理了 11 个三元组
成功提取到 6 个分数
三元组批量评估进度: 505/649 (批次 641, 2 个ctx) - 处理了 6 个三元组
成功提取到 14 个分数
三元组批量评估进度: 506/649 (批次 403, 2 个ctx) - 处理了 14 个三元组
成功提取到 13 个分数
三元组批量评估进度: 507/649 (批次 440, 2 个ctx) - 处理了 13 个三元组
成功提取到 10 个分数
三元组批量评估进度: 508/649 (批次 447, 2 个ctx) - 处理了 10 个三元组
成功提取到 21 个分数
三元组批量评估进度: 509/649 (批次 379, 2 个ctx) - 处理了 21 个三元组
成功提取到 6 个分数
三元组批量评估进度: 510/649 (批次 473, 2 个ctx) - 处理了 6 个三元组
成功提取到 7 个分数
三元组批量评估进度: 511/649 (批次 448, 2 个ctx) - 处理了 7 个三元组
成功提取到 8 个分数
三元组批量评估进度: 512/649 (批次 444, 2 个ctx) - 处理了 8 个三元组
成功提取到 4 个分数
三元组批量评估进度: 513/649 (批次 485, 2 个ctx) - 处理了 4 个三元组
成功提取到 9 个分数
三元组批量评估进度: 514/649 (批次 451, 2 个ctx) - 处理了 9 个三元组
成功提取到 8 个分数
三元组批量评估进度: 515/649 (批次 470, 2 个ctx) - 处理了 8 个三元组
成功提取到 14 个分数
三元组批量评估进度: 516/649 (批次 390, 2 个ctx) - 处理了 14 个三元组
成功提取到 10 个分数
三元组批量评估进度: 517/649 (批次 454, 2 个ctx) - 处理了 10 个三元组
成功提取到 8 个分数
三元组批量评估进度: 518/649 (批次 489, 2 个ctx) - 处理了 8 个三元组
成功提取到 8 个分数
三元组批量评估进度: 519/649 (批次 472, 2 个ctx) - 处理了 8 个三元组
成功提取到 13 个分数
三元组批量评估进度: 520/649 (批次 443, 2 个ctx) - 处理了 13 个三元组
成功提取到 6 个分数
三元组批量评估进度: 521/649 (批次 493, 2 个ctx) - 处理了 6 个三元组
成功提取到 16 个分数
三元组批量评估进度: 522/649 (批次 433, 2 个ctx) - 处理了 16 个三元组
成功提取到 14 个分数
三元组批量评估进度: 523/649 (批次 432, 2 个ctx) - 处理了 14 个三元组
成功提取到 15 个分数
三元组批量评估进度: 524/649 (批次 466, 2 个ctx) - 处理了 15 个三元组
成功提取到 13 个分数
三元组批量评估进度: 525/649 (批次 455, 2 个ctx) - 处理了 13 个三元组
成功提取到 15 个分数
三元组批量评估进度: 526/649 (批次 462, 2 个ctx) - 处理了 15 个三元组
成功提取到 9 个分数
三元组批量评估进度: 527/649 (批次 452, 2 个ctx) - 处理了 9 个三元组
成功提取到 12 个分数
三元组批量评估进度: 528/649 (批次 483, 2 个ctx) - 处理了 12 个三元组
成功提取到 6 个分数
三元组批量评估进度: 529/649 (批次 508, 2 个ctx) - 处理了 6 个三元组
成功提取到 10 个分数
三元组批量评估进度: 530/649 (批次 476, 2 个ctx) - 处理了 10 个三元组
成功提取到 16 个分数
三元组批量评估进度: 531/649 (批次 434, 2 个ctx) - 处理了 16 个三元组
成功提取到 9 个分数
三元组批量评估进度: 532/649 (批次 487, 2 个ctx) - 处理了 9 个三元组
成功提取到 10 个分数
三元组批量评估进度: 533/649 (批次 460, 2 个ctx) - 处理了 10 个三元组
成功提取到 8 个分数
三元组批量评估进度: 534/649 (批次 515, 2 个ctx) - 处理了 8 个三元组
成功提取到 7 个分数
三元组批量评估进度: 535/649 (批次 495, 2 个ctx) - 处理了 7 个三元组
成功提取到 9 个分数
三元组批量评估进度: 536/649 (批次 486, 2 个ctx) - 处理了 9 个三元组
成功提取到 8 个分数
三元组批量评估进度: 537/649 (批次 512, 2 个ctx) - 处理了 8 个三元组
成功提取到 14 个分数
三元组批量评估进度: 538/649 (批次 479, 2 个ctx) - 处理了 14 个三元组
成功提取到 8 个分数
三元组批量评估进度: 539/649 (批次 530, 2 个ctx) - 处理了 8 个三元组
成功提取到 7 个分数
三元组批量评估进度: 540/649 (批次 494, 2 个ctx) - 处理了 7 个三元组
成功提取到 16 个分数
三元组批量评估进度: 541/649 (批次 478, 2 个ctx) - 处理了 16 个三元组
成功提取到 10 个分数
三元组批量评估进度: 542/649 (批次 364, 2 个ctx) - 处理了 10 个三元组
成功提取到 8 个分数
三元组批量评估进度: 543/649 (批次 541, 2 个ctx) - 处理了 8 个三元组
成功提取到 16 个分数
三元组批量评估进度: 544/649 (批次 484, 2 个ctx) - 处理了 16 个三元组
成功提取到 7 个分数
三元组批量评估进度: 545/649 (批次 519, 2 个ctx) - 处理了 7 个三元组
成功提取到 17 个分数
三元组批量评估进度: 546/649 (批次 465, 2 个ctx) - 处理了 17 个三元组
成功提取到 6 个分数
三元组批量评估进度: 547/649 (批次 526, 2 个ctx) - 处理了 6 个三元组
成功提取到 7 个分数
三元组批量评估进度: 548/649 (批次 548, 2 个ctx) - 处理了 7 个三元组
成功提取到 8 个分数
三元组批量评估进度: 549/649 (批次 499, 2 个ctx) - 处理了 8 个三元组
成功提取到 18 个分数
三元组批量评估进度: 550/649 (批次 464, 2 个ctx) - 处理了 18 个三元组
成功提取到 7 个分数
三元组批量评估进度: 551/649 (批次 395, 2 个ctx) - 处理了 7 个三元组
成功提取到 7 个分数
三元组批量评估进度: 552/649 (批次 396, 2 个ctx) - 处理了 7 个三元组
成功提取到 13 个分数
三元组批量评估进度: 553/649 (批次 461, 2 个ctx) - 处理了 13 个三元组
成功提取到 9 个分数
三元组批量评估进度: 554/649 (批次 513, 2 个ctx) - 处理了 9 个三元组
成功提取到 30 个分数
三元组批量评估进度: 555/649 (批次 427, 2 个ctx) - 处理了 30 个三元组
成功提取到 20 个分数
三元组批量评估进度: 556/649 (批次 424, 2 个ctx) - 处理了 20 个三元组
成功提取到 12 个分数
三元组批量评估进度: 557/649 (批次 405, 2 个ctx) - 处理了 12 个三元组
成功提取到 13 个分数
三元组批量评估进度: 558/649 (批次 471, 2 个ctx) - 处理了 13 个三元组
成功提取到 7 个分数
三元组批量评估进度: 559/649 (批次 421, 2 个ctx) - 处理了 7 个三元组
成功提取到 8 个分数
三元组批量评估进度: 560/649 (批次 586, 2 个ctx) - 处理了 8 个三元组
成功提取到 6 个分数
三元组批量评估进度: 561/649 (批次 599, 2 个ctx) - 处理了 6 个三元组
成功提取到 3 个分数
三元组批量评估进度: 562/649 (批次 600, 2 个ctx) - 处理了 3 个三元组
成功提取到 7 个分数
三元组批量评估进度: 563/649 (批次 583, 2 个ctx) - 处理了 7 个三元组
成功提取到 18 个分数
三元组批量评估进度: 564/649 (批次 504, 2 个ctx) - 处理了 18 个三元组
成功提取到 24 个分数
三元组批量评估进度: 565/649 (批次 488, 2 个ctx) - 处理了 24 个三元组
成功提取到 7 个分数
三元组批量评估进度: 566/649 (批次 581, 2 个ctx) - 处理了 7 个三元组
成功提取到 10 个分数
三元组批量评估进度: 567/649 (批次 565, 2 个ctx) - 处理了 10 个三元组
成功提取到 10 个分数
三元组批量评估进度: 568/649 (批次 592, 2 个ctx) - 处理了 10 个三元组
成功提取到 18 个分数
三元组批量评估进度: 569/649 (批次 401, 2 个ctx) - 处理了 18 个三元组
成功提取到 6 个分数
三元组批量评估进度: 570/649 (批次 597, 2 个ctx) - 处理了 6 个三元组
成功提取到 6 个分数
三元组批量评估进度: 571/649 (批次 593, 2 个ctx) - 处理了 6 个三元组
成功提取到 7 个分数
三元组批量评估进度: 572/649 (批次 613, 2 个ctx) - 处理了 7 个三元组
成功提取到 11 个分数
三元组批量评估进度: 573/649 (批次 589, 2 个ctx) - 处理了 11 个三元组
成功提取到 18 个分数
三元组批量评估进度: 574/649 (批次 520, 2 个ctx) - 处理了 18 个三元组
成功提取到 2 个分数
三元组批量评估进度: 575/649 (批次 459, 2 个ctx) - 处理了 2 个三元组
成功提取到 20 个分数
三元组批量评估进度: 576/649 (批次 632, 2 个ctx) - 处理了 20 个三元组
成功提取到 4 个分数
三元组批量评估进度: 577/649 (批次 633, 2 个ctx) - 处理了 4 个三元组
成功提取到 20 个分数
三元组批量评估进度: 578/649 (批次 516, 2 个ctx) - 处理了 20 个三元组
成功提取到 12 个分数
三元组批量评估进度: 579/649 (批次 538, 2 个ctx) - 处理了 12 个三元组
成功提取到 17 个分数
三元组批量评估进度: 580/649 (批次 564, 2 个ctx) - 处理了 17 个三元组
成功提取到 11 个分数
三元组批量评估进度: 581/649 (批次 606, 2 个ctx) - 处理了 11 个三元组
成功提取到 7 个分数
三元组批量评估进度: 582/649 (批次 619, 2 个ctx) - 处理了 7 个三元组
成功提取到 8 个分数
三元组批量评估进度: 583/649 (批次 617, 2 个ctx) - 处理了 8 个三元组
成功提取到 15 个分数
三元组批量评估进度: 584/649 (批次 567, 2 个ctx) - 处理了 15 个三元组
成功提取到 16 个分数
三元组批量评估进度: 585/649 (批次 575, 2 个ctx) - 处理了 16 个三元组
成功提取到 9 个分数
三元组批量评估进度: 586/649 (批次 609, 2 个ctx) - 处理了 9 个三元组成功提取到 15 个分数

成功提取到 16 个分数
三元组批量评估进度: 587/649 (批次 588, 2 个ctx) - 处理了 16 个三元组
三元组批量评估进度: 588/649 (批次 537, 2 个ctx) - 处理了 15 个三元组
成功提取到 17 个分数
三元组批量评估进度: 589/649 (批次 568, 2 个ctx) - 处理了 17 个三元组
成功提取到 20 个分数
三元组批量评估进度: 590/649 (批次 557, 2 个ctx) - 处理了 20 个三元组
成功提取到 18 个分数
三元组批量评估进度: 591/649 (批次 528, 2 个ctx) - 处理了 18 个三元组
成功提取到 8 个分数
三元组批量评估进度: 592/649 (批次 627, 2 个ctx) - 处理了 8 个三元组
成功提取到 13 个分数
三元组批量评估进度: 593/649 (批次 545, 2 个ctx) - 处理了 13 个三元组
成功提取到 9 个分数
三元组批量评估进度: 594/649 (批次 584, 2 个ctx) - 处理了 9 个三元组
成功提取到 8 个分数
三元组批量评估进度: 595/649 (批次 638, 2 个ctx) - 处理了 8 个三元组
成功提取到 12 个分数
三元组批量评估进度: 596/649 (批次 614, 2 个ctx) - 处理了 12 个三元组
成功提取到 25 个分数
三元组批量评估进度: 597/649 (批次 514, 2 个ctx) - 处理了 25 个三元组
成功提取到 5 个分数
三元组批量评估进度: 598/649 (批次 576, 2 个ctx) - 处理了 5 个三元组
成功提取到 10 个分数
三元组批量评估进度: 599/649 (批次 610, 2 个ctx) - 处理了 10 个三元组
成功提取到 3 个分数
三元组批量评估进度: 600/649 (批次 634, 2 个ctx) - 处理了 3 个三元组
成功提取到 9 个分数
三元组批量评估进度: 601/649 (批次 469, 2 个ctx) - 处理了 9 个三元组
成功提取到 15 个分数
三元组批量评估进度: 602/649 (批次 621, 2 个ctx) - 处理了 15 个三元组
成功提取到 4 个分数
三元组批量评估进度: 603/649 (批次 631, 2 个ctx) - 处理了 4 个三元组
成功提取到 7 个分数
三元组批量评估进度: 604/649 (批次 445, 2 个ctx) - 处理了 7 个三元组
成功提取到 6 个分数
三元组批量评估进度: 605/649 (批次 558, 2 个ctx) - 处理了 6 个三元组
成功提取到 5 个分数
三元组批量评估进度: 606/649 (批次 626, 2 个ctx) - 处理了 5 个三元组
成功提取到 11 个分数
三元组批量评估进度: 607/649 (批次 642, 2 个ctx) - 处理了 11 个三元组
成功提取到 7 个分数
三元组批量评估进度: 608/649 (批次 602, 2 个ctx) - 处理了 7 个三元组
成功提取到 25 个分数
三元组批量评估进度: 609/649 (批次 517, 2 个ctx) - 处理了 25 个三元组
成功提取到 10 个分数
三元组批量评估进度: 610/649 (批次 639, 2 个ctx) - 处理了 10 个三元组
成功提取到 7 个分数
三元组批量评估进度: 611/649 (批次 521, 2 个ctx) - 处理了 7 个三元组
成功提取到 7 个分数
三元组批量评估进度: 612/649 (批次 616, 2 个ctx) - 处理了 7 个三元组
成功提取到 6 个分数
三元组批量评估进度: 613/649 (批次 531, 2 个ctx) - 处理了 6 个三元组
成功提取到 7 个分数
三元组批量评估进度: 614/649 (批次 560, 2 个ctx) - 处理了 7 个三元组
成功提取到 26 个分数
三元组批量评估进度: 615/649 (批次 570, 2 个ctx) - 处理了 26 个三元组
成功提取到 11 个分数
三元组批量评估进度: 616/649 (批次 566, 2 个ctx) - 处理了 11 个三元组
成功提取到 13 个分数
三元组批量评估进度: 617/649 (批次 480, 2 个ctx) - 处理了 13 个三元组
成功提取到 12 个分数
三元组批量评估进度: 618/649 (批次 603, 2 个ctx) - 处理了 12 个三元组
成功提取到 22 个分数
三元组批量评估进度: 619/649 (批次 578, 2 个ctx) - 处理了 22 个三元组
成功提取到 9 个分数
三元组批量评估进度: 620/649 (批次 571, 2 个ctx) - 处理了 9 个三元组
成功提取到 8 个分数
三元组批量评估进度: 621/649 (批次 608, 2 个ctx) - 处理了 8 个三元组
成功提取到 7 个分数
三元组批量评估进度: 622/649 (批次 582, 2 个ctx) - 处理了 7 个三元组
成功提取到 8 个分数
三元组批量评估进度: 623/649 (批次 551, 2 个ctx) - 处理了 8 个三元组
成功提取到 10 个分数
三元组批量评估进度: 624/649 (批次 468, 2 个ctx) - 处理了 10 个三元组
成功提取到 11 个分数
三元组批量评估进度: 625/649 (批次 399, 2 个ctx) - 处理了 11 个三元组
重试第 1 次的响应：
重试成功！提取到 6 个分数
三元组批量评估进度: 626/649 (批次 630, 2 个ctx) - 处理了 6 个三元组
成功提取到 19 个分数
三元组批量评估进度: 627/649 (批次 463, 2 个ctx) - 处理了 19 个三元组
成功提取到 6 个分数
三元组批量评估进度: 628/649 (批次 596, 2 个ctx) - 处理了 6 个三元组
成功提取到 8 个分数
三元组批量评估进度: 629/649 (批次 539, 2 个ctx) - 处理了 8 个三元组
成功提取到 14 个分数
三元组批量评估进度: 630/649 (批次 475, 2 个ctx) - 处理了 14 个三元组
成功提取到 19 个分数
三元组批量评估进度: 631/649 (批次 648, 2 个ctx) - 处理了 19 个三元组
成功提取到 17 个分数
三元组批量评估进度: 632/649 (批次 410, 2 个ctx) - 处理了 17 个三元组
成功提取到 12 个分数
三元组批量评估进度: 633/649 (批次 587, 2 个ctx) - 处理了 12 个三元组
成功提取到 7 个分数
三元组批量评估进度: 634/649 (批次 527, 2 个ctx) - 处理了 7 个三元组
成功提取到 16 个分数
三元组批量评估进度: 635/649 (批次 612, 2 个ctx) - 处理了 16 个三元组成功提取到 7 个分数

三元组批量评估进度: 636/649 (批次 559, 2 个ctx) - 处理了 7 个三元组
成功提取到 19 个分数
三元组批量评估进度: 637/649 (批次 534, 2 个ctx) - 处理了 19 个三元组
成功提取到 11 个分数
三元组批量评估进度: 638/649 (批次 542, 2 个ctx) - 处理了 11 个三元组
成功提取到 21 个分数
三元组批量评估进度: 639/649 (批次 620, 2 个ctx) - 处理了 21 个三元组
成功提取到 33 个分数
三元组批量评估进度: 640/649 (批次 509, 2 个ctx) - 处理了 33 个三元组
重试第 1 次的响应：
重试成功！提取到 8 个分数
三元组批量评估进度: 641/649 (批次 46, 2 个ctx) - 处理了 8 个三元组
成功提取到 16 个分数
三元组批量评估进度: 642/649 (批次 365, 2 个ctx) - 处理了 16 个三元组
重试第 1 次的响应：
重试成功！提取到 9 个分数
三元组批量评估进度: 643/649 (批次 409, 2 个ctx) - 处理了 9 个三元组
成功提取到 16 个分数
三元组批量评估进度: 644/649 (批次 594, 2 个ctx) - 处理了 16 个三元组
成功提取到 13 个分数
三元组批量评估进度: 645/649 (批次 382, 2 个ctx) - 处理了 13 个三元组
成功提取到 16 个分数
三元组批量评估进度: 646/649 (批次 158, 2 个ctx) - 处理了 16 个三元组
重试第 1 次的响应：
重试第 1 次仍然不匹配：期望 22 个，得到 21 个
第 2 次重试API调用...
成功提取到 21 个分数
三元组批量评估进度: 647/649 (批次 555, 2 个ctx) - 处理了 21 个三元组
成功提取到 20 个分数
三元组批量评估进度: 648/649 (批次 645, 2 个ctx) - 处理了 20 个三元组
重试第 2 次的响应：
重试第 2 次仍然不匹配：期望 22 个，得到 21 个
第 3 次重试API调用...
重试第 3 次的响应：
重试第 3 次仍然不匹配：期望 22 个，得到 21 个
所有重试都失败，使用默认分数 12
三元组批量评估进度: 649/649 (批次 380, 2 个ctx) - 处理了 22 个三元组
三元组处理完成: 649/649 成功
初始处理完成！结果已保存到: /home/jiangjp/trace-idea/data/2wikimultihopqa/dev100_add_truthful_scores_with_kgs.json

============================================================
第三阶段：自适应重试处理失败项目
============================================================
📊 当前数据集中默认分数统计 - 文本: 6 个, 三元组: 22 个

================================================================================
第 1 轮重试检查和处理
================================================================================
发现默认分数 - 文本: 6 个, 三元组: 22 个
当前配置 - 并发数: 3000, 文本批次: 2, 三元组批次: 2

开始处理 6 个失败的文本...
使用配置处理文本 - 并发数: 3000, 批次大小: 2
警告：期望 2 个分数，但只找到 1 个，开始重试...
第 1 次重试API调用...
警告：期望 2 个分数，但只找到 1 个，开始重试...
第 1 次重试API调用...
重试第 1 次的响应：
重试第 1 次仍然不匹配：期望 2 个，得到 1 个
第 2 次重试API调用...
重试第 2 次的响应：
重试第 2 次仍然不匹配：期望 2 个，得到 1 个
第 3 次重试API调用...
警告：期望 2 个分数，但只找到 1 个，开始重试...
第 1 次重试API调用...
重试第 1 次的响应：
重试成功！提取到 2 个分数
文本批量评估进度: 1/3 (批次 1, 2 个ctx) - 处理了 2 个文本
重试第 3 次的响应：
重试第 3 次仍然不匹配：期望 2 个，得到 1 个
所有重试都失败，使用默认分数 12
文本批量评估进度: 2/3 (批次 3, 2 个ctx) - 处理了 2 个文本
重试第 1 次的响应：
重试第 1 次仍然不匹配：期望 2 个，得到 1 个
第 2 次重试API调用...
重试第 2 次的响应：
重试第 2 次仍然不匹配：期望 2 个，得到 1 个
第 3 次重试API调用...
重试第 3 次的响应：
重试第 3 次仍然不匹配：期望 2 个，得到 1 个
所有重试都失败，使用默认分数 12
文本批量评估进度: 3/3 (批次 2, 2 个ctx) - 处理了 2 个文本
失败文本重处理完成: 3/3 成功

开始处理 2 个包含失败三元组的ctx...
使用配置处理三元组 - 并发数: 3000, 批次大小: 2
警告：期望 22 个分数，但只找到 21 个，开始重试...
第 1 次重试API调用...
重试第 1 次的响应：
重试第 1 次仍然不匹配：期望 22 个，得到 21 个
第 2 次重试API调用...
重试第 2 次的响应：
重试第 2 次仍然不匹配：期望 22 个，得到 21 个
第 3 次重试API调用...
重试第 3 次的响应：
重试第 3 次仍然不匹配：期望 22 个，得到 21 个
所有重试都失败，使用默认分数 12
三元组批量评估进度: 1/1 (批次 1, 2 个ctx) - 处理了 22 个三元组
失败三元组重处理完成: 1/1 成功
retry_round_1阶段进度已保存到临时文件: /home/jiangjp/trace-idea/data/2wikimultihopqa/dev100_add_truthful_scores_with_kgs.json.retry_round_1.tmp
本轮处理后 - 文本默认分数: 4 个, 三元组默认分数: 22 个
配置调整: 并发数 3000->2999, 文本批次 2->1, 三元组批次 2->1
调整后配置 - 并发数: 2999, 文本批次: 1, 三元组批次: 1
⚠️ 已达到最大重试轮次，停止重试

============================================================
第四阶段：处理缺失分数字段的项目
============================================================
📊 当前数据集中缺失分数字段统计 - 文本: 0 个, 三元组: 0 个
✅ 数据集中没有缺失分数字段的项目，无需处理
✅ 最终处理完成！结果已保存到: /home/jiangjp/trace-idea/data/2wikimultihopqa/dev100_add_truthful_scores_with_kgs.json
🏁 最终统计:
   - 剩余默认分数: 文本 4 个, 三元组 22 个
   - 剩余缺失分数字段: 文本 0 个, 三元组 0 个
