nohup: ignoring input
🔄 启用仅重试模式
📂 将从文件 /home/jiangjp/trace-idea/data/2wikimultihopqa/wiki_test1000_add_truthful_scores_with_kgs2.json 中读取数据，仅处理默认分数为12的项目
开始处理数据集: /home/jiangjp/trace-idea/data/2wikimultihopqa/wiki_test1000_add_truthful_scores_with_kgs2.json
⚠️ 启用仅重试模式：跳过初始处理，直接处理默认分数为12的失败项目

============================================================
直接执行：重试处理默认分数为12的失败项目
============================================================
📊 当前数据集中默认分数统计 - 文本: 0 个, 三元组: 1939 个

================================================================================
第 1 轮重试检查和处理
================================================================================
发现默认分数 - 文本: 0 个, 三元组: 1939 个
当前配置 - 并发数: 3000, 文本批次: 1, 三元组批次: 1

开始处理 205 个包含失败三元组的ctx...
使用配置处理三元组 - 并发数: 3000, 批次大小: 1
成功提取到 2 个分数
三元组批量评估进度: 1/205 (批次 1, 1 个ctx) - 处理了 2 个三元组
成功提取到 3 个分数
三元组批量评估进度: 2/205 (批次 42, 1 个ctx) - 处理了 3 个三元组
成功提取到 4 个分数
三元组批量评估进度: 3/205 (批次 43, 1 个ctx) - 处理了 4 个三元组
成功提取到 3 个分数
三元组批量评估进度: 4/205 (批次 6, 1 个ctx) - 处理了 3 个三元组
成功提取到 4 个分数成功提取到 2 个分数

三元组批量评估进度: 5/205 (批次 41, 1 个ctx) - 处理了 2 个三元组
三元组批量评估进度: 6/205 (批次 4, 1 个ctx) - 处理了 4 个三元组
成功提取到 3 个分数
三元组批量评估进度: 7/205 (批次 22, 1 个ctx) - 处理了 3 个三元组
成功提取到 3 个分数
三元组批量评估进度: 8/205 (批次 31, 1 个ctx) - 处理了 3 个三元组
成功提取到 4 个分数
三元组批量评估进度: 9/205 (批次 37, 1 个ctx) - 处理了 4 个三元组
成功提取到 3 个分数
三元组批量评估进度: 10/205 (批次 38, 1 个ctx) - 处理了 3 个三元组成功提取到 5 个分数

三元组批量评估进度: 11/205 (批次 25, 1 个ctx) - 处理了 5 个三元组
成功提取到 6 个分数
三元组批量评估进度: 12/205 (批次 10, 1 个ctx) - 处理了 6 个三元组
成功提取到 5 个分数
三元组批量评估进度: 13/205 (批次 3, 1 个ctx) - 处理了 5 个三元组
成功提取到 4 个分数
三元组批量评估进度: 14/205 (批次 40, 1 个ctx) - 处理了 4 个三元组
成功提取到 4 个分数成功提取到 5 个分数
三元组批量评估进度: 15/205 (批次 33, 1 个ctx) - 处理了 5 个三元组

三元组批量评估进度: 16/205 (批次 14, 1 个ctx) - 处理了 4 个三元组
成功提取到 9 个分数
三元组批量评估进度: 17/205 (批次 15, 1 个ctx) - 处理了 9 个三元组成功提取到 2 个分数

三元组批量评估进度: 18/205 (批次 55, 1 个ctx) - 处理了 2 个三元组
成功提取到 4 个分数
三元组批量评估进度: 19/205 (批次 23, 1 个ctx) - 处理了 4 个三元组
成功提取到 7 个分数
三元组批量评估进度: 20/205 (批次 21, 1 个ctx) - 处理了 7 个三元组
成功提取到 4 个分数
成功提取到 11 个分数成功提取到 4 个分数

三元组批量评估进度: 21/205 (批次 39, 1 个ctx) - 处理了 4 个三元组
成功提取到 5 个分数
三元组批量评估进度: 22/205 (批次 7, 1 个ctx) - 处理了 5 个三元组
三元组批量评估进度: 23/205 (批次 5, 1 个ctx) - 处理了 4 个三元组
三元组批量评估进度: 24/205 (批次 20, 1 个ctx) - 处理了 11 个三元组
成功提取到 6 个分数
三元组批量评估进度: 25/205 (批次 27, 1 个ctx) - 处理了 6 个三元组
成功提取到 7 个分数
三元组批量评估进度: 26/205 (批次 50, 1 个ctx) - 处理了 7 个三元组
成功提取到 8 个分数
三元组批量评估进度: 27/205 (批次 19, 1 个ctx) - 处理了 8 个三元组
成功提取到 5 个分数
三元组批量评估进度: 28/205 (批次 16, 1 个ctx) - 处理了 5 个三元组
成功提取到 7 个分数
三元组批量评估进度: 29/205 (批次 18, 1 个ctx) - 处理了 7 个三元组
成功提取到 10 个分数
三元组批量评估进度: 30/205 (批次 2, 1 个ctx) - 处理了 10 个三元组
成功提取到 6 个分数
三元组批量评估进度: 31/205 (批次 9, 1 个ctx) - 处理了 6 个三元组
成功提取到 3 个分数
成功提取到 6 个分数
三元组批量评估进度: 32/205 (批次 56, 1 个ctx) - 处理了 3 个三元组成功提取到 11 个分数

三元组批量评估进度: 33/205 (批次 24, 1 个ctx) - 处理了 6 个三元组
三元组批量评估进度: 34/205 (批次 12, 1 个ctx) - 处理了 11 个三元组
警告：期望 9 个分数，但只找到 8 个，开始重试...
第 1 次重试API调用...
成功提取到 5 个分数
三元组批量评估进度: 35/205 (批次 53, 1 个ctx) - 处理了 5 个三元组
成功提取到 7 个分数
三元组批量评估进度: 36/205 (批次 11, 1 个ctx) - 处理了 7 个三元组
成功提取到 4 个分数
三元组批量评估进度: 37/205 (批次 57, 1 个ctx) - 处理了 4 个三元组
成功提取到 7 个分数成功提取到 13 个分数
三元组批量评估进度: 38/205 (批次 34, 1 个ctx) - 处理了 7 个三元组

成功提取到 11 个分数三元组批量评估进度: 39/205 (批次 28, 1 个ctx) - 处理了 13 个三元组

三元组批量评估进度: 40/205 (批次 13, 1 个ctx) - 处理了 11 个三元组
成功提取到 7 个分数
三元组批量评估进度: 41/205 (批次 52, 1 个ctx) - 处理了 7 个三元组
成功提取到 12 个分数
三元组批量评估进度: 42/205 (批次 26, 1 个ctx) - 处理了 12 个三元组
成功提取到 16 个分数
三元组批量评估进度: 43/205 (批次 29, 1 个ctx) - 处理了 16 个三元组
成功提取到 3 个分数
三元组批量评估进度: 44/205 (批次 168, 1 个ctx) - 处理了 3 个三元组
成功提取到 8 个分数
三元组批量评估进度: 45/205 (批次 58, 1 个ctx) - 处理了 8 个三元组
成功提取到 17 个分数
三元组批量评估进度: 46/205 (批次 45, 1 个ctx) - 处理了 17 个三元组
成功提取到 16 个分数
三元组批量评估进度: 47/205 (批次 48, 1 个ctx) - 处理了 16 个三元组
成功提取到 4 个分数
成功提取到 5 个分数
三元组批量评估进度: 48/205 (批次 204, 1 个ctx) - 处理了 5 个三元组
三元组批量评估进度: 49/205 (批次 71, 1 个ctx) - 处理了 4 个三元组
成功提取到 7 个分数
三元组批量评估进度: 50/205 (批次 66, 1 个ctx) - 处理了 7 个三元组
成功提取到 7 个分数
三元组批量评估进度: 51/205 (批次 114, 1 个ctx) - 处理了 7 个三元组
成功提取到 5 个分数
三元组批量评估进度: 52/205 (批次 164, 1 个ctx) - 处理了 5 个三元组
成功提取到 17 个分数
三元组批量评估进度: 53/205 (批次 17, 1 个ctx) - 处理了 17 个三元组
成功提取到 4 个分数成功提取到 15 个分数
三元组批量评估进度: 54/205 (批次 51, 1 个ctx) - 处理了 15 个三元组

成功提取到 5 个分数
成功提取到 7 个分数
三元组批量评估进度: 55/205 (批次 70, 1 个ctx) - 处理了 4 个三元组
成功提取到 5 个分数成功提取到 12 个分数

三元组批量评估进度: 56/205 (批次 68, 1 个ctx) - 处理了 5 个三元组
成功提取到 21 个分数成功提取到 18 个分数
三元组批量评估进度: 57/205 (批次 67, 1 个ctx) - 处理了 7 个三元组

成功提取到 7 个分数
三元组批量评估进度: 58/205 (批次 32, 1 个ctx) - 处理了 12 个三元组
成功提取到 6 个分数三元组批量评估进度: 59/205 (批次 60, 1 个ctx) - 处理了 5 个三元组
成功提取到 18 个分数
三元组批量评估进度: 60/205 (批次 46, 1 个ctx) - 处理了 21 个三元组

成功提取到 7 个分数
成功提取到 7 个分数成功提取到 11 个分数成功提取到 7 个分数
成功提取到 12 个分数成功提取到 17 个分数



成功提取到 24 个分数成功提取到 14 个分数

三元组批量评估进度: 61/205 (批次 30, 1 个ctx) - 处理了 18 个三元组
三元组批量评估进度: 62/205 (批次 199, 1 个ctx) - 处理了 7 个三元组
三元组批量评估进度: 63/205 (批次 72, 1 个ctx) - 处理了 6 个三元组
三元组批量评估进度: 64/205 (批次 44, 1 个ctx) - 处理了 18 个三元组
三元组批量评估进度: 65/205 (批次 200, 1 个ctx) - 处理了 7 个三元组
三元组批量评估进度: 66/205 (批次 74, 1 个ctx) - 处理了 7 个三元组
三元组批量评估进度: 67/205 (批次 49, 1 个ctx) - 处理了 17 个三元组
三元组批量评估进度: 68/205 (批次 65, 1 个ctx) - 处理了 11 个三元组
三元组批量评估进度: 69/205 (批次 69, 1 个ctx) - 处理了 12 个三元组
三元组批量评估进度: 70/205 (批次 98, 1 个ctx) - 处理了 7 个三元组
三元组批量评估进度: 71/205 (批次 182, 1 个ctx) - 处理了 14 个三元组
三元组批量评估进度: 72/205 (批次 36, 1 个ctx) - 处理了 24 个三元组
成功提取到 12 个分数成功提取到 1 个分数

三元组批量评估进度: 73/205 (批次 62, 1 个ctx) - 处理了 12 个三元组
三元组批量评估进度: 74/205 (批次 103, 1 个ctx) - 处理了 1 个三元组
成功提取到 12 个分数
三元组批量评估进度: 75/205 (批次 61, 1 个ctx) - 处理了 12 个三元组
成功提取到 2 个分数成功提取到 14 个分数
三元组批量评估进度: 76/205 (批次 63, 1 个ctx) - 处理了 14 个三元组

三元组批量评估进度: 77/205 (批次 81, 1 个ctx) - 处理了 2 个三元组
成功提取到 4 个分数
三元组批量评估进度: 78/205 (批次 105, 1 个ctx) - 处理了 4 个三元组
警告：期望 45 个分数，但只找到 36 个，开始重试...成功提取到 3 个分数
成功提取到 15 个分数
第 1 次重试API调用...三元组批量评估进度: 79/205 (批次 64, 1 个ctx) - 处理了 15 个三元组


三元组批量评估进度: 80/205 (批次 89, 1 个ctx) - 处理了 3 个三元组
成功提取到 3 个分数
三元组批量评估进度: 81/205 (批次 172, 1 个ctx) - 处理了 3 个三元组
成功提取到 28 个分数成功提取到 5 个分数
三元组批量评估进度: 82/205 (批次 82, 1 个ctx) - 处理了 5 个三元组

三元组批量评估进度: 83/205 (批次 201, 1 个ctx) - 处理了 28 个三元组
成功提取到 7 个分数
三元组批量评估进度: 84/205 (批次 129, 1 个ctx) - 处理了 7 个三元组
警告：期望 24 个分数，但只找到 23 个，开始重试...
第 1 次重试API调用...
成功提取到 1 个分数
三元组批量评估进度: 85/205 (批次 112, 1 个ctx) - 处理了 1 个三元组
成功提取到 22 个分数
三元组批量评估进度: 86/205 (批次 47, 1 个ctx) - 处理了 22 个三元组
成功提取到 5 个分数
三元组批量评估进度: 87/205 (批次 99, 1 个ctx) - 处理了 5 个三元组
成功提取到 6 个分数
成功提取到 7 个分数三元组批量评估进度: 88/205 (批次 87, 1 个ctx) - 处理了 6 个三元组成功提取到 9 个分数


三元组批量评估进度: 89/205 (批次 143, 1 个ctx) - 处理了 7 个三元组
三元组批量评估进度: 90/205 (批次 101, 1 个ctx) - 处理了 9 个三元组
成功提取到 6 个分数
三元组批量评估进度: 91/205 (批次 88, 1 个ctx) - 处理了 6 个三元组
成功提取到 11 个分数
三元组批量评估进度: 92/205 (批次 76, 1 个ctx) - 处理了 11 个三元组
成功提取到 11 个分数成功提取到 4 个分数
三元组批量评估进度: 93/205 (批次 97, 1 个ctx) - 处理了 4 个三元组
警告：期望 17 个分数，但只找到 16 个，开始重试...成功提取到 9 个分数
三元组批量评估进度: 94/205 (批次 100, 1 个ctx) - 处理了 9 个三元组

第 1 次重试API调用...

三元组批量评估进度: 95/205 (批次 144, 1 个ctx) - 处理了 11 个三元组
成功提取到 18 个分数
三元组批量评估进度: 96/205 (批次 80, 1 个ctx) - 处理了 18 个三元组成功提取到 13 个分数

成功提取到 7 个分数
成功提取到 4 个分数三元组批量评估进度: 97/205 (批次 90, 1 个ctx) - 处理了 7 个三元组

三元组批量评估进度: 98/205 (批次 77, 1 个ctx) - 处理了 13 个三元组
三元组批量评估进度: 99/205 (批次 159, 1 个ctx) - 处理了 4 个三元组
成功提取到 13 个分数
三元组批量评估进度: 100/205 (批次 83, 1 个ctx) - 处理了 13 个三元组
成功提取到 9 个分数
成功提取到 14 个分数成功提取到 2 个分数
成功提取到 20 个分数三元组批量评估进度: 101/205 (批次 170, 1 个ctx) - 处理了 2 个三元组


三元组批量评估进度: 102/205 (批次 107, 1 个ctx) - 处理了 9 个三元组
三元组批量评估进度: 103/205 (批次 78, 1 个ctx) - 处理了 20 个三元组
三元组批量评估进度: 104/205 (批次 124, 1 个ctx) - 处理了 14 个三元组
成功提取到 7 个分数
三元组批量评估进度: 105/205 (批次 104, 1 个ctx) - 处理了 7 个三元组
成功提取到 15 个分数
三元组批量评估进度: 106/205 (批次 79, 1 个ctx) - 处理了 15 个三元组成功提取到 7 个分数

三元组批量评估进度: 107/205 (批次 84, 1 个ctx) - 处理了 7 个三元组
成功提取到 12 个分数
成功提取到 10 个分数三元组批量评估进度: 108/205 (批次 86, 1 个ctx) - 处理了 12 个三元组

三元组批量评估进度: 109/205 (批次 92, 1 个ctx) - 处理了 10 个三元组
成功提取到 8 个分数成功提取到 9 个分数
三元组批量评估进度: 110/205 (批次 188, 1 个ctx) - 处理了 9 个三元组

三元组批量评估进度: 111/205 (批次 91, 1 个ctx) - 处理了 8 个三元组
成功提取到 7 个分数
三元组批量评估进度: 112/205 (批次 117, 1 个ctx) - 处理了 7 个三元组
成功提取到 10 个分数
三元组批量评估进度: 113/205 (批次 111, 1 个ctx) - 处理了 10 个三元组
成功提取到 8 个分数
三元组批量评估进度: 114/205 (批次 118, 1 个ctx) - 处理了 8 个三元组
成功提取到 1 个分数成功提取到 7 个分数

三元组批量评估进度: 115/205 (批次 134, 1 个ctx) - 处理了 1 个三元组
三元组批量评估进度: 116/205 (批次 116, 1 个ctx) - 处理了 7 个三元组
成功提取到 4 个分数
三元组批量评估进度: 117/205 (批次 178, 1 个ctx) - 处理了 4 个三元组
成功提取到 11 个分数
三元组批量评估进度: 118/205 (批次 94, 1 个ctx) - 处理了 11 个三元组
成功提取到 11 个分数
三元组批量评估进度: 119/205 (批次 136, 1 个ctx) - 处理了 11 个三元组
成功提取到 10 个分数
三元组批量评估进度: 120/205 (批次 93, 1 个ctx) - 处理了 10 个三元组
成功提取到 12 个分数
三元组批量评估进度: 121/205 (批次 102, 1 个ctx) - 处理了 12 个三元组
成功提取到 3 个分数
三元组批量评估进度: 122/205 (批次 135, 1 个ctx) - 处理了 3 个三元组
成功提取到 14 个分数
三元组批量评估进度: 123/205 (批次 96, 1 个ctx) - 处理了 14 个三元组
成功提取到 17 个分数
三元组批量评估进度: 124/205 (批次 85, 1 个ctx) - 处理了 17 个三元组
成功提取到 6 个分数成功提取到 7 个分数

三元组批量评估进度: 125/205 (批次 130, 1 个ctx) - 处理了 6 个三元组
三元组批量评估进度: 126/205 (批次 127, 1 个ctx) - 处理了 7 个三元组
成功提取到 12 个分数
三元组批量评估进度: 127/205 (批次 196, 1 个ctx) - 处理了 12 个三元组
成功提取到 11 个分数成功提取到 15 个分数
三元组批量评估进度: 128/205 (批次 109, 1 个ctx) - 处理了 15 个三元组

成功提取到 10 个分数
三元组批量评估进度: 129/205 (批次 115, 1 个ctx) - 处理了 10 个三元组
三元组批量评估进度: 130/205 (批次 125, 1 个ctx) - 处理了 11 个三元组
成功提取到 5 个分数
三元组批量评估进度: 131/205 (批次 128, 1 个ctx) - 处理了 5 个三元组
成功提取到 8 个分数
三元组批量评估进度: 132/205 (批次 132, 1 个ctx) - 处理了 8 个三元组
成功提取到 8 个分数
三元组批量评估进度: 133/205 (批次 131, 1 个ctx) - 处理了 8 个三元组
成功提取到 4 个分数
三元组批量评估进度: 134/205 (批次 141, 1 个ctx) - 处理了 4 个三元组
成功提取到 6 个分数
三元组批量评估进度: 135/205 (批次 198, 1 个ctx) - 处理了 6 个三元组
成功提取到 12 个分数
三元组批量评估进度: 136/205 (批次 113, 1 个ctx) - 处理了 12 个三元组
成功提取到 20 个分数
三元组批量评估进度: 137/205 (批次 119, 1 个ctx) - 处理了 20 个三元组
成功提取到 10 个分数
三元组批量评估进度: 138/205 (批次 123, 1 个ctx) - 处理了 10 个三元组
成功提取到 9 个分数
三元组批量评估进度: 139/205 (批次 165, 1 个ctx) - 处理了 9 个三元组重试第 1 次的响应：

重试成功！提取到 9 个分数
三元组批量评估进度: 140/205 (批次 8, 1 个ctx) - 处理了 9 个三元组成功提取到 19 个分数

三元组批量评估进度: 141/205 (批次 194, 1 个ctx) - 处理了 19 个三元组
成功提取到 7 个分数
三元组批量评估进度: 142/205 (批次 126, 1 个ctx) - 处理了 7 个三元组
成功提取到 6 个分数
三元组批量评估进度: 143/205 (批次 147, 1 个ctx) - 处理了 6 个三元组
成功提取到 2 个分数
三元组批量评估进度: 144/205 (批次 156, 1 个ctx) - 处理了 2 个三元组
成功提取到 10 个分数
三元组批量评估进度: 145/205 (批次 153, 1 个ctx) - 处理了 10 个三元组
成功提取到 6 个分数
三元组批量评估进度: 146/205 (批次 142, 1 个ctx) - 处理了 6 个三元组
成功提取到 16 个分数
三元组批量评估进度: 147/205 (批次 121, 1 个ctx) - 处理了 16 个三元组
成功提取到 18 个分数
三元组批量评估进度: 148/205 (批次 106, 1 个ctx) - 处理了 18 个三元组
成功提取到 5 个分数
三元组批量评估进度: 149/205 (批次 138, 1 个ctx) - 处理了 5 个三元组成功提取到 14 个分数

三元组批量评估进度: 150/205 (批次 151, 1 个ctx) - 处理了 14 个三元组
成功提取到 16 个分数
三元组批量评估进度: 151/205 (批次 108, 1 个ctx) - 处理了 16 个三元组
成功提取到 4 个分数
成功提取到 14 个分数
成功提取到 4 个分数三元组批量评估进度: 152/205 (批次 161, 1 个ctx) - 处理了 4 个三元组

三元组批量评估进度: 153/205 (批次 148, 1 个ctx) - 处理了 4 个三元组
三元组批量评估进度: 154/205 (批次 173, 1 个ctx) - 处理了 14 个三元组
成功提取到 7 个分数
成功提取到 5 个分数
三元组批量评估进度: 155/205 (批次 152, 1 个ctx) - 处理了 5 个三元组
三元组批量评估进度: 156/205 (批次 192, 1 个ctx) - 处理了 7 个三元组
成功提取到 16 个分数
成功提取到 5 个分数
三元组批量评估进度: 157/205 (批次 120, 1 个ctx) - 处理了 16 个三元组
成功提取到 14 个分数
三元组批量评估进度: 158/205 (批次 146, 1 个ctx) - 处理了 5 个三元组
三元组批量评估进度: 159/205 (批次 179, 1 个ctx) - 处理了 14 个三元组
成功提取到 3 个分数成功提取到 19 个分数

三元组批量评估进度: 160/205 (批次 163, 1 个ctx) - 处理了 3 个三元组
三元组批量评估进度: 161/205 (批次 122, 1 个ctx) - 处理了 19 个三元组
成功提取到 3 个分数成功提取到 7 个分数
三元组批量评估进度: 162/205 (批次 157, 1 个ctx) - 处理了 3 个三元组

三元组批量评估进度: 163/205 (批次 139, 1 个ctx) - 处理了 7 个三元组
成功提取到 16 个分数
三元组批量评估进度: 164/205 (批次 95, 1 个ctx) - 处理了 16 个三元组
成功提取到 5 个分数
三元组批量评估进度: 165/205 (批次 150, 1 个ctx) - 处理了 5 个三元组
成功提取到 3 个分数
三元组批量评估进度: 166/205 (批次 166, 1 个ctx) - 处理了 3 个三元组成功提取到 5 个分数成功提取到 4 个分数


成功提取到 3 个分数成功提取到 2 个分数
三元组批量评估进度: 167/205 (批次 149, 1 个ctx) - 处理了 5 个三元组

三元组批量评估进度: 168/205 (批次 158, 1 个ctx) - 处理了 4 个三元组
三元组批量评估进度: 169/205 (批次 167, 1 个ctx) - 处理了 3 个三元组
三元组批量评估进度: 170/205 (批次 180, 1 个ctx) - 处理了 2 个三元组
成功提取到 11 个分数
成功提取到 5 个分数
三元组批量评估进度: 171/205 (批次 145, 1 个ctx) - 处理了 11 个三元组
成功提取到 8 个分数成功提取到 5 个分数三元组批量评估进度: 172/205 (批次 154, 1 个ctx) - 处理了 5 个三元组


三元组批量评估进度: 173/205 (批次 162, 1 个ctx) - 处理了 5 个三元组
三元组批量评估进度: 174/205 (批次 176, 1 个ctx) - 处理了 8 个三元组
成功提取到 4 个分数
三元组批量评估进度: 175/205 (批次 175, 1 个ctx) - 处理了 4 个三元组
成功提取到 27 个分数
成功提取到 7 个分数
三元组批量评估进度: 176/205 (批次 73, 1 个ctx) - 处理了 27 个三元组
三元组批量评估进度: 177/205 (批次 160, 1 个ctx) - 处理了 7 个三元组
成功提取到 11 个分数
三元组批量评估进度: 178/205 (批次 137, 1 个ctx) - 处理了 11 个三元组
成功提取到 15 个分数
成功提取到 6 个分数
三元组批量评估进度: 179/205 (批次 171, 1 个ctx) - 处理了 6 个三元组
成功提取到 8 个分数
三元组批量评估进度: 180/205 (批次 140, 1 个ctx) - 处理了 15 个三元组
三元组批量评估进度: 181/205 (批次 183, 1 个ctx) - 处理了 8 个三元组
警告：期望 12 个分数，但只找到 11 个，开始重试...
第 1 次重试API调用...
成功提取到 19 个分数
三元组批量评估进度: 182/205 (批次 195, 1 个ctx) - 处理了 19 个三元组
成功提取到 23 个分数
成功提取到 8 个分数
三元组批量评估进度: 183/205 (批次 193, 1 个ctx) - 处理了 8 个三元组
三元组批量评估进度: 184/205 (批次 110, 1 个ctx) - 处理了 23 个三元组
成功提取到 3 个分数
三元组批量评估进度: 185/205 (批次 203, 1 个ctx) - 处理了 3 个三元组
重试第 1 次的响应：
重试第 1 次仍然不匹配：期望 45 个，得到 8 个
第 2 次重试API调用...
成功提取到 16 个分数
三元组批量评估进度: 186/205 (批次 133, 1 个ctx) - 处理了 16 个三元组
警告：期望 31 个分数，但只找到 39 个，开始重试...
第 1 次重试API调用...
成功提取到 10 个分数
三元组批量评估进度: 187/205 (批次 202, 1 个ctx) - 处理了 10 个三元组
成功提取到 8 个分数
三元组批量评估进度: 188/205 (批次 187, 1 个ctx) - 处理了 8 个三元组
成功提取到 6 个分数
三元组批量评估进度: 189/205 (批次 191, 1 个ctx) - 处理了 6 个三元组
成功提取到 8 个分数
三元组批量评估进度: 190/205 (批次 189, 1 个ctx) - 处理了 8 个三元组
成功提取到 12 个分数
三元组批量评估进度: 191/205 (批次 181, 1 个ctx) - 处理了 12 个三元组
成功提取到 7 个分数
三元组批量评估进度: 192/205 (批次 197, 1 个ctx) - 处理了 7 个三元组
成功提取到 13 个分数
三元组批量评估进度: 193/205 (批次 190, 1 个ctx) - 处理了 13 个三元组
成功提取到 14 个分数
三元组批量评估进度: 194/205 (批次 177, 1 个ctx) - 处理了 14 个三元组
成功提取到 14 个分数
三元组批量评估进度: 195/205 (批次 174, 1 个ctx) - 处理了 14 个三元组
重试第 1 次的响应：
重试第 1 次仍然不匹配：期望 24 个，得到 11 个
第 2 次重试API调用...
成功提取到 17 个分数
三元组批量评估进度: 196/205 (批次 155, 1 个ctx) - 处理了 17 个三元组
成功提取到 16 个分数
三元组批量评估进度: 197/205 (批次 186, 1 个ctx) - 处理了 16 个三元组
成功提取到 16 个分数
三元组批量评估进度: 198/205 (批次 185, 1 个ctx) - 处理了 16 个三元组
成功提取到 13 个分数
三元组批量评估进度: 199/205 (批次 184, 1 个ctx) - 处理了 13 个三元组
重试第 1 次的响应：
重试第 1 次仍然不匹配：期望 17 个，得到 16 个
第 2 次重试API调用...
重试第 2 次的响应：
重试第 2 次仍然不匹配：期望 45 个，得到 8 个
第 3 次重试API调用...
重试第 1 次的响应：
重试第 1 次仍然不匹配：期望 31 个，得到 4 个
第 2 次重试API调用...
警告：期望 27 个分数，但只找到 21 个，开始重试...
第 1 次重试API调用...
重试第 3 次的响应：
重试第 3 次仍然不匹配：期望 45 个，得到 6 个
所有重试都失败，使用默认分数 12
三元组批量评估进度: 200/205 (批次 54, 1 个ctx) - 处理了 45 个三元组
重试第 1 次的响应：
重试第 1 次仍然不匹配：期望 12 个，得到 11 个
第 2 次重试API调用...
重试第 2 次的响应：
重试第 2 次仍然不匹配：期望 31 个，得到 5 个
第 3 次重试API调用...
重试第 2 次的响应：
重试第 2 次仍然不匹配：期望 17 个，得到 16 个
第 3 次重试API调用...
重试第 3 次的响应：
重试第 3 次仍然不匹配：期望 31 个，得到 1 个
所有重试都失败，使用默认分数 12
三元组批量评估进度: 201/205 (批次 35, 1 个ctx) - 处理了 31 个三元组
重试第 2 次的响应：
重试第 2 次仍然不匹配：期望 24 个，得到 23 个
第 3 次重试API调用...
重试第 2 次的响应：
重试第 2 次仍然不匹配：期望 12 个，得到 11 个
第 3 次重试API调用...
重试第 3 次的响应：
重试成功！提取到 17 个分数
三元组批量评估进度: 202/205 (批次 75, 1 个ctx) - 处理了 17 个三元组
重试第 3 次的响应：
重试成功！提取到 12 个分数
三元组批量评估进度: 203/205 (批次 169, 1 个ctx) - 处理了 12 个三元组
重试第 3 次的响应：
重试成功！提取到 24 个分数
三元组批量评估进度: 204/205 (批次 59, 1 个ctx) - 处理了 24 个三元组
重试第 1 次的响应：
重试第 1 次仍然不匹配：期望 27 个，得到 54 个
第 2 次重试API调用...
重试第 2 次的响应：
重试第 2 次仍然不匹配：期望 27 个，得到 25 个
第 3 次重试API调用...
重试第 3 次的响应：
重试第 3 次仍然不匹配：期望 27 个，得到 20 个
所有重试都失败，使用默认分数 12
三元组批量评估进度: 205/205 (批次 205, 1 个ctx) - 处理了 27 个三元组
失败三元组重处理完成: 205/205 成功
retry_round_1阶段进度已保存到临时文件: /home/jiangjp/trace-idea/data/2wikimultihopqa/wiki_test1000_add_truthful_scores_with_kgs3.json.retry_round_1.tmp
本轮处理后 - 文本默认分数: 0 个, 三元组默认分数: 103 个
配置调整: 并发数 3000->2999, 文本批次 1->1, 三元组批次 1->1
调整后配置 - 并发数: 2999, 文本批次: 1, 三元组批次: 1
⚠️ 已达到最大重试轮次，停止重试

============================================================
第四阶段：处理缺失分数字段的项目
============================================================
📊 当前数据集中缺失分数字段统计 - 文本: 0 个, 三元组: 0 个
✅ 数据集中没有缺失分数字段的项目，无需处理
✅ 最终处理完成！结果已保存到: /home/jiangjp/trace-idea/data/2wikimultihopqa/wiki_test1000_add_truthful_scores_with_kgs3.json
🏁 最终统计:
   - 剩余默认分数: 文本 0 个, 三元组 103 个
   - 剩余缺失分数字段: 文本 0 个, 三元组 0 个
