nohup: ignoring input
🔄 启用单个三元组处理模式
🔄 启用仅重试模式
📂 将从文件 /home/jiangjp/trace-idea/data/musique/musique_test1000_add_truthful_scores_with_kgs8.json 中读取数据，仅处理默认分数为12的项目
开始处理数据集: /home/jiangjp/trace-idea/data/musique/musique_test1000_add_truthful_scores_with_kgs8.json
⚠️ 启用仅重试模式：跳过初始处理，直接处理默认分数为12的失败项目
🔍 启用单个三元组处理模式

🔧 开始按单个三元组方式处理失败项目...
每次API调用处理 1 个三元组
发现默认分数 - 文本: 0 个, 三元组: 681 个
总共需要重新处理 681 个三元组
正在处理第 1/681 组 (1 个三元组)...
成功提取到 1 个分数
  - 三元组 1: Hell's Kitchen (American season 2) -> 分数: 7
正在处理第 2/681 组 (1 个三元组)...
成功提取到 1 个分数
  - 三元组 1: Hell's Kitchen (American season 2) -> 分数: 7
正在处理第 3/681 组 (1 个三元组)...
成功提取到 1 个分数
  - 三元组 1: Hell's Kitchen (American season 2) -> 分数: 9
正在处理第 4/681 组 (1 个三元组)...
成功提取到 1 个分数
  - 三元组 1: Hell's Kitchen (American season 2) -> 分数: 10
正在处理第 5/681 组 (1 个三元组)...
成功提取到 1 个分数
  - 三元组 1: Hell's Kitchen (American season 2) -> 分数: 7
正在处理第 6/681 组 (1 个三元组)...
成功提取到 1 个分数
  - 三元组 1: Hell's Kitchen (American season 2) -> 分数: 6
正在处理第 7/681 组 (1 个三元组)...
成功提取到 1 个分数
  - 三元组 1: Real Time with Bill Maher -> 分数: 8
正在处理第 8/681 组 (1 个三元组)...
成功提取到 1 个分数
  - 三元组 1: Real Time with Bill Maher -> 分数: 10
正在处理第 9/681 组 (1 个三元组)...
成功提取到 1 个分数
  - 三元组 1: Real Time with Bill Maher -> 分数: 6
正在处理第 10/681 组 (1 个三元组)...
成功提取到 1 个分数
  - 三元组 1: Real Time with Bill Maher -> 分数: 5
正在处理第 11/681 组 (1 个三元组)...
成功提取到 1 个分数
  - 三元组 1: Real Time with Bill Maher -> 分数: 10
正在处理第 12/681 组 (1 个三元组)...
成功提取到 1 个分数
  - 三元组 1: Real Time with Bill Maher -> 分数: 10
正在处理第 13/681 组 (1 个三元组)...
成功提取到 1 个分数
  - 三元组 1: Real Time with Bill Maher -> 分数: 6
正在处理第 14/681 组 (1 个三元组)...
成功提取到 1 个分数
  - 三元组 1: Real Time with Bill Maher -> 分数: 1
正在处理第 15/681 组 (1 个三元组)...
成功提取到 1 个分数
  - 三元组 1: Real Time with Bill Maher -> 分数: 10
正在处理第 16/681 组 (1 个三元组)...
成功提取到 1 个分数
  - 三元组 1: Real Time with Bill Maher -> 分数: 10
正在处理第 17/681 组 (1 个三元组)...
成功提取到 1 个分数
  - 三元组 1: Real Time with Bill Maher -> 分数: 10
正在处理第 18/681 组 (1 个三元组)...
成功提取到 1 个分数
  - 三元组 1: Real Time with Bill Maher -> 分数: 2
正在处理第 19/681 组 (1 个三元组)...
成功提取到 1 个分数
  - 三元组 1: Real Time with Bill Maher -> 分数: 10
正在处理第 20/681 组 (1 个三元组)...
成功提取到 1 个分数
  - 三元组 1: Real Time with Bill Maher -> 分数: 10
正在处理第 21/681 组 (1 个三元组)...
成功提取到 1 个分数
  - 三元组 1: Real Time with Bill Maher -> 分数: 10
正在处理第 22/681 组 (1 个三元组)...
成功提取到 1 个分数
  - 三元组 1: Real Time with Bill Maher -> 分数: 5
正在处理第 23/681 组 (1 个三元组)...
成功提取到 1 个分数
  - 三元组 1: Real Time with Bill Maher -> 分数: 10
正在处理第 24/681 组 (1 个三元组)...
成功提取到 1 个分数
  - 三元组 1: Real Time with Bill Maher -> 分数: 10
正在处理第 25/681 组 (1 个三元组)...
成功提取到 1 个分数
  - 三元组 1: Real Time with Bill Maher -> 分数: 2
正在处理第 26/681 组 (1 个三元组)...
成功提取到 1 个分数
  - 三元组 1: Real Time with Bill Maher -> 分数: 2
正在处理第 27/681 组 (1 个三元组)...
成功提取到 1 个分数
  - 三元组 1: Real Time with Bill Maher -> 分数: 10
正在处理第 28/681 组 (1 个三元组)...
成功提取到 1 个分数
  - 三元组 1: Real Time with Bill Maher -> 分数: 10
正在处理第 29/681 组 (1 个三元组)...
成功提取到 1 个分数
  - 三元组 1: Real Time with Bill Maher -> 分数: 7
正在处理第 30/681 组 (1 个三元组)...
成功提取到 1 个分数
  - 三元组 1: Real Time with Bill Maher -> 分数: 5
正在处理第 31/681 组 (1 个三元组)...
成功提取到 1 个分数
  - 三元组 1: Real Time with Bill Maher -> 分数: 2
正在处理第 32/681 组 (1 个三元组)...
成功提取到 1 个分数
  - 三元组 1: Real Time with Bill Maher -> 分数: 10
正在处理第 33/681 组 (1 个三元组)...
成功提取到 1 个分数
  - 三元组 1: Real Time with Bill Maher -> 分数: 10
正在处理第 34/681 组 (1 个三元组)...
成功提取到 1 个分数
  - 三元组 1: Real Time with Bill Maher -> 分数: 7
正在处理第 35/681 组 (1 个三元组)...
成功提取到 1 个分数
  - 三元组 1: Real Time with Bill Maher -> 分数: 10
正在处理第 36/681 组 (1 个三元组)...
成功提取到 1 个分数
  - 三元组 1: Real Time with Bill Maher -> 分数: 10
正在处理第 37/681 组 (1 个三元组)...
成功提取到 1 个分数
  - 三元组 1: Real Time with Bill Maher -> 分数: 10
正在处理第 38/681 组 (1 个三元组)...
成功提取到 1 个分数
  - 三元组 1: Majority leader -> 分数: 10
正在处理第 39/681 组 (1 个三元组)...
成功提取到 1 个分数
  - 三元组 1: Majority leader -> 分数: 10
正在处理第 40/681 组 (1 个三元组)...
成功提取到 1 个分数
  - 三元组 1: Majority leader -> 分数: 10
正在处理第 41/681 组 (1 个三元组)...
成功提取到 1 个分数
  - 三元组 1: Tanzania -> 分数: 2
正在处理第 42/681 组 (1 个三元组)...
成功提取到 1 个分数
  - 三元组 1: Regulatory proposals -> 分数: 7
正在处理第 43/681 组 (1 个三元组)...
成功提取到 1 个分数
  - 三元组 1: Regulatory proposals -> 分数: 9
正在处理第 44/681 组 (1 个三元组)...
成功提取到 1 个分数
  - 三元组 1: Regulatory proposals -> 分数: 5
正在处理第 45/681 组 (1 个三元组)...
成功提取到 1 个分数
  - 三元组 1: Regulatory proposals -> 分数: 9
正在处理第 46/681 组 (1 个三元组)...
成功提取到 1 个分数
  - 三元组 1: Regulatory proposals -> 分数: 10
正在处理第 47/681 组 (1 个三元组)...
成功提取到 1 个分数
  - 三元组 1: The Volcker Rule -> 分数: 10
正在处理第 48/681 组 (1 个三元组)...
成功提取到 1 个分数
  - 三元组 1: The Volcker Rule -> 分数: 5
正在处理第 49/681 组 (1 个三元组)...
成功提取到 1 个分数
  - 三元组 1: The Volcker Rule -> 分数: 10
正在处理第 50/681 组 (1 个三元组)...
成功提取到 1 个分数
  - 三元组 1: Alex Rodriguez's MVP Rise Over Beckett -> 分数: 3
正在处理第 51/681 组 (1 个三元组)...
成功提取到 1 个分数
  - 三元组 1: Alex Rodriguez's MVP Rise Over Beckett -> 分数: 9
正在处理第 52/681 组 (1 个三元组)...
成功提取到 1 个分数
  - 三元组 1: Alex Rodriguez's MVP Rise Over Beckett -> 分数: 7
正在处理第 53/681 组 (1 个三元组)...
成功提取到 1 个分数
  - 三元组 1: Alex Rodriguez's MVP Rise Over Beckett -> 分数: 5
正在处理第 54/681 组 (1 个三元组)...
成功提取到 1 个分数
  - 三元组 1: Alex Rodriguez's MVP Rise Over Beckett -> 分数: 9
正在处理第 55/681 组 (1 个三元组)...
成功提取到 1 个分数
  - 三元组 1: Rodriguez vs. Beckett Draft Debacle -> 分数: 9
正在处理第 56/681 组 (1 个三元组)...
成功提取到 1 个分数
  - 三元组 1: Rodriguez vs. Beckett Draft Debacle -> 分数: 3
正在处理第 57/681 组 (1 个三元组)...
成功提取到 1 个分数
  - 三元组 1: Rodriguez vs. Beckett Draft Debacle -> 分数: 2
正在处理第 58/681 组 (1 个三元组)...
成功提取到 1 个分数
  - 三元组 1: Rodriguez vs. Beckett Draft Debacle -> 分数: 2
正在处理第 59/681 组 (1 个三元组)...
成功提取到 1 个分数
  - 三元组 1: Rodriguez vs. Beckett Draft Debacle -> 分数: 5
正在处理第 60/681 组 (1 个三元组)...
成功提取到 1 个分数
  - 三元组 1: Rodriguez vs. Beckett Draft Debacle -> 分数: 9
正在处理第 61/681 组 (1 个三元组)...
成功提取到 1 个分数
  - 三元组 1: Rodriguez vs. Beckett Draft Debacle -> 分数: 9
正在处理第 62/681 组 (1 个三元组)...
成功提取到 1 个分数
  - 三元组 1: Rodriguez vs. Beckett Draft Debacle -> 分数: 3
正在处理第 63/681 组 (1 个三元组)...
成功提取到 1 个分数
  - 三元组 1: Rodriguez vs. Beckett Draft Debacle -> 分数: 8
正在处理第 64/681 组 (1 个三元组)...
成功提取到 1 个分数
  - 三元组 1: Rodriguez vs. Beckett Draft Debacle -> 分数: 8
正在处理第 65/681 组 (1 个三元组)...
成功提取到 1 个分数
  - 三元组 1: Rodriguez vs. Beckett Draft Debacle -> 分数: 8
正在处理第 66/681 组 (1 个三元组)...
成功提取到 1 个分数
  - 三元组 1: Rodriguez vs. Beckett Draft Debacle -> 分数: 9
正在处理第 67/681 组 (1 个三元组)...
成功提取到 1 个分数
  - 三元组 1: Rodriguez vs. Beckett Draft Debacle -> 分数: 9
正在处理第 68/681 组 (1 个三元组)...
成功提取到 1 个分数
  - 三元组 1: Rodriguez vs. Beckett Draft Debacle -> 分数: 9
正在处理第 69/681 组 (1 个三元组)...
成功提取到 1 个分数
  - 三元组 1: Rodriguez vs. Beckett Draft Debacle -> 分数: 9
正在处理第 70/681 组 (1 个三元组)...
成功提取到 1 个分数
  - 三元组 1: Rodriguez vs. Beckett Draft Debacle -> 分数: 8
正在处理第 71/681 组 (1 个三元组)...
成功提取到 1 个分数
  - 三元组 1: Rodriguez vs. Beckett Draft Debacle -> 分数: 9
正在处理第 72/681 组 (1 个三元组)...
成功提取到 1 个分数
  - 三元组 1: Rodriguez vs. Beckett Draft Debacle -> 分数: 10
正在处理第 73/681 组 (1 个三元组)...
成功提取到 1 个分数
  - 三元组 1: Rodriguez vs. Beckett Draft Debacle -> 分数: 8
正在处理第 74/681 组 (1 个三元组)...
成功提取到 1 个分数
  - 三元组 1: Rodriguez vs. Beckett Draft Debacle -> 分数: 9
正在处理第 75/681 组 (1 个三元组)...
成功提取到 1 个分数
  - 三元组 1: Rodriguez vs. Beckett Draft Debacle -> 分数: 8
正在处理第 76/681 组 (1 个三元组)...
成功提取到 1 个分数
  - 三元组 1: Rodriguez vs. Beckett Draft Debacle -> 分数: 9
正在处理第 77/681 组 (1 个三元组)...
成功提取到 1 个分数
  - 三元组 1: Rodriguez vs. Beckett Draft Debacle -> 分数: 10
正在处理第 78/681 组 (1 个三元组)...
成功提取到 1 个分数
  - 三元组 1: Rodriguez vs. Beckett Draft Debacle -> 分数: 9
正在处理第 79/681 组 (1 个三元组)...
成功提取到 1 个分数
  - 三元组 1: Rodriguez vs. Beckett Draft Debacle -> 分数: 9
正在处理第 80/681 组 (1 个三元组)...
成功提取到 1 个分数
  - 三元组 1: Peter Shockey -> 分数: 3
正在处理第 81/681 组 (1 个三元组)...
成功提取到 1 个分数
  - 三元组 1: Peter Shockey -> 分数: 3
正在处理第 82/681 组 (1 个三元组)...
成功提取到 1 个分数
  - 三元组 1: Peter Shockey -> 分数: 2
正在处理第 83/681 组 (1 个三元组)...
成功提取到 1 个分数
  - 三元组 1: Peter Shockey -> 分数: 3
正在处理第 84/681 组 (1 个三元组)...
成功提取到 1 个分数
  - 三元组 1: Peter Shockey -> 分数: 2
正在处理第 85/681 组 (1 个三元组)...
成功提取到 1 个分数
  - 三元组 1: Peter Shockey -> 分数: 3
正在处理第 86/681 组 (1 个三元组)...
成功提取到 1 个分数
  - 三元组 1: Peter Shockey -> 分数: 2
正在处理第 87/681 组 (1 个三元组)...
成功提取到 1 个分数
  - 三元组 1: Peter Shockey -> 分数: 4
正在处理第 88/681 组 (1 个三元组)...
成功提取到 1 个分数
  - 三元组 1: Peter Shockey -> 分数: 3
正在处理第 89/681 组 (1 个三元组)...
成功提取到 1 个分数
  - 三元组 1: Cooper Glacier -> 分数: 10
正在处理第 90/681 组 (1 个三元组)...
成功提取到 1 个分数
  - 三元组 1: Cooper Glacier -> 分数: 5
正在处理第 91/681 组 (1 个三元组)...
成功提取到 1 个分数
  - 三元组 1: Cooper Glacier -> 分数: 5
正在处理第 92/681 组 (1 个三元组)...
成功提取到 1 个分数
  - 三元组 1: Cooper Glacier -> 分数: 7
正在处理第 93/681 组 (1 个三元组)...
成功提取到 1 个分数
  - 三元组 1: Cooper Glacier -> 分数: 9
正在处理第 94/681 组 (1 个三元组)...
成功提取到 1 个分数
  - 三元组 1: Cooper Glacier -> 分数: 10
正在处理第 95/681 组 (1 个三元组)...
成功提取到 1 个分数
  - 三元组 1: Cooper Glacier -> 分数: 3
正在处理第 96/681 组 (1 个三元组)...
成功提取到 1 个分数
  - 三元组 1: Cooper Glacier -> 分数: 10
正在处理第 97/681 组 (1 个三元组)...
成功提取到 1 个分数
  - 三元组 1: Cooper Glacier -> 分数: 7
正在处理第 98/681 组 (1 个三元组)...
成功提取到 1 个分数
  - 三元组 1: Cooper Glacier -> 分数: 3
正在处理第 99/681 组 (1 个三元组)...
成功提取到 1 个分数
  - 三元组 1: Cooper Glacier -> 分数: 3
正在处理第 100/681 组 (1 个三元组)...
成功提取到 1 个分数
  - 三元组 1: IOS version history -> 分数: 10
正在处理第 101/681 组 (1 个三元组)...
成功提取到 1 个分数
  - 三元组 1: IOS version history -> 分数: 10
正在处理第 102/681 组 (1 个三元组)...
成功提取到 1 个分数
  - 三元组 1: IOS version history -> 分数: 10
正在处理第 103/681 组 (1 个三元组)...
成功提取到 1 个分数
  - 三元组 1: IOS version history -> 分数: 9
正在处理第 104/681 组 (1 个三元组)...
成功提取到 1 个分数
  - 三元组 1: IOS version history -> 分数: 10
正在处理第 105/681 组 (1 个三元组)...
成功提取到 1 个分数
  - 三元组 1: IOS version history -> 分数: 10
正在处理第 106/681 组 (1 个三元组)...
成功提取到 1 个分数
  - 三元组 1: IOS version history -> 分数: 9
正在处理第 107/681 组 (1 个三元组)...
成功提取到 1 个分数
  - 三元组 1: IOS version history -> 分数: 9
正在处理第 108/681 组 (1 个三元组)...
成功提取到 1 个分数
  - 三元组 1: IOS version history -> 分数: 10
正在处理第 109/681 组 (1 个三元组)...
成功提取到 1 个分数
  - 三元组 1: IOS version history -> 分数: 10
正在处理第 110/681 组 (1 个三元组)...
成功提取到 1 个分数
  - 三元组 1: IOS version history -> 分数: 10
正在处理第 111/681 组 (1 个三元组)...
成功提取到 1 个分数
  - 三元组 1: IOS version history -> 分数: 10
正在处理第 112/681 组 (1 个三元组)...
成功提取到 1 个分数
  - 三元组 1: IOS version history -> 分数: 10
正在处理第 113/681 组 (1 个三元组)...
成功提取到 1 个分数
  - 三元组 1: IOS version history -> 分数: 9
正在处理第 114/681 组 (1 个三元组)...
成功提取到 1 个分数
  - 三元组 1: IOS version history -> 分数: 9
正在处理第 115/681 组 (1 个三元组)...
成功提取到 1 个分数
  - 三元组 1: IOS version history -> 分数: 10
正在处理第 116/681 组 (1 个三元组)...
成功提取到 1 个分数
  - 三元组 1: IOS version history -> 分数: 10
正在处理第 117/681 组 (1 个三元组)...
成功提取到 1 个分数
  - 三元组 1: IOS version history -> 分数: 10
正在处理第 118/681 组 (1 个三元组)...
成功提取到 1 个分数
  - 三元组 1: IOS version history -> 分数: 10
正在处理第 119/681 组 (1 个三元组)...
成功提取到 1 个分数
  - 三元组 1: IOS version history -> 分数: 7
正在处理第 120/681 组 (1 个三元组)...
成功提取到 1 个分数
  - 三元组 1: IOS version history -> 分数: 10
正在处理第 121/681 组 (1 个三元组)...
成功提取到 1 个分数
  - 三元组 1: IOS version history -> 分数: 8
正在处理第 122/681 组 (1 个三元组)...
成功提取到 1 个分数
  - 三元组 1: IOS version history -> 分数: 10
正在处理第 123/681 组 (1 个三元组)...
成功提取到 1 个分数
  - 三元组 1: IOS version history -> 分数: 8
正在处理第 124/681 组 (1 个三元组)...
成功提取到 1 个分数
  - 三元组 1: IOS version history -> 分数: 9
正在处理第 125/681 组 (1 个三元组)...
成功提取到 1 个分数
  - 三元组 1: IOS version history -> 分数: 9
正在处理第 126/681 组 (1 个三元组)...
成功提取到 1 个分数
  - 三元组 1: IOS version history -> 分数: 8
正在处理第 127/681 组 (1 个三元组)...
成功提取到 1 个分数
  - 三元组 1: IOS version history -> 分数: 10
正在处理第 128/681 组 (1 个三元组)...
成功提取到 1 个分数
  - 三元组 1: IOS version history -> 分数: 10
正在处理第 129/681 组 (1 个三元组)...
成功提取到 1 个分数
  - 三元组 1: IOS version history -> 分数: 8
正在处理第 130/681 组 (1 个三元组)...
成功提取到 1 个分数
  - 三元组 1: IOS version history -> 分数: 10
正在处理第 131/681 组 (1 个三元组)...
成功提取到 1 个分数
  - 三元组 1: IOS version history -> 分数: 9
正在处理第 132/681 组 (1 个三元组)...
成功提取到 1 个分数
  - 三元组 1: IOS version history -> 分数: 7
正在处理第 133/681 组 (1 个三元组)...
成功提取到 1 个分数
  - 三元组 1: IOS version history -> 分数: 10
正在处理第 134/681 组 (1 个三元组)...
成功提取到 1 个分数
  - 三元组 1: IOS version history -> 分数: 10
正在处理第 135/681 组 (1 个三元组)...
成功提取到 1 个分数
  - 三元组 1: IOS version history -> 分数: 10
正在处理第 136/681 组 (1 个三元组)...
成功提取到 1 个分数
  - 三元组 1: IOS version history -> 分数: 7
正在处理第 137/681 组 (1 个三元组)...
成功提取到 1 个分数
  - 三元组 1: IOS version history -> 分数: 9
正在处理第 138/681 组 (1 个三元组)...
成功提取到 1 个分数
  - 三元组 1: Raja Mukthi -> 分数: 10
正在处理第 139/681 组 (1 个三元组)...
成功提取到 1 个分数
  - 三元组 1: Raja Mukthi -> 分数: 2
正在处理第 140/681 组 (1 个三元组)...
成功提取到 1 个分数
  - 三元组 1: Raja Mukthi -> 分数: 2
正在处理第 141/681 组 (1 个三元组)...
成功提取到 1 个分数
  - 三元组 1: Frankenstein -> 分数: 10
正在处理第 142/681 组 (1 个三元组)...
成功提取到 1 个分数
  - 三元组 1: Frankenstein -> 分数: 10
正在处理第 143/681 组 (1 个三元组)...
成功提取到 1 个分数
  - 三元组 1: Frankenstein -> 分数: 10
正在处理第 144/681 组 (1 个三元组)...
成功提取到 1 个分数
  - 三元组 1: Frankenstein -> 分数: 10
正在处理第 145/681 组 (1 个三元组)...
成功提取到 1 个分数
  - 三元组 1: Frankenstein -> 分数: 2
正在处理第 146/681 组 (1 个三元组)...
成功提取到 1 个分数
  - 三元组 1: Frankenstein -> 分数: 2
正在处理第 147/681 组 (1 个三元组)...
警告：期望 1 个分数，但只找到 2 个，开始重试...
第 1 次重试API调用...
重试第 1 次的响应：
重试成功！提取到 1 个分数
  - 三元组 1: Frankenstein -> 分数: 0
正在处理第 148/681 组 (1 个三元组)...
成功提取到 1 个分数
  - 三元组 1: Frankenstein -> 分数: 7
正在处理第 149/681 组 (1 个三元组)...
成功提取到 1 个分数
  - 三元组 1: Frankenstein -> 分数: 8
正在处理第 150/681 组 (1 个三元组)...
成功提取到 1 个分数
  - 三元组 1: Frankenstein -> 分数: 10
正在处理第 151/681 组 (1 个三元组)...
成功提取到 1 个分数
  - 三元组 1: Real Time with Bill Maher -> 分数: 7
正在处理第 152/681 组 (1 个三元组)...
成功提取到 1 个分数
  - 三元组 1: Real Time with Bill Maher -> 分数: 10
正在处理第 153/681 组 (1 个三元组)...
成功提取到 1 个分数
  - 三元组 1: Real Time with Bill Maher -> 分数: 7
正在处理第 154/681 组 (1 个三元组)...
成功提取到 1 个分数
  - 三元组 1: Real Time with Bill Maher -> 分数: 5
正在处理第 155/681 组 (1 个三元组)...
成功提取到 1 个分数
  - 三元组 1: Real Time with Bill Maher -> 分数: 10
正在处理第 156/681 组 (1 个三元组)...
成功提取到 1 个分数
  - 三元组 1: Real Time with Bill Maher -> 分数: 10
正在处理第 157/681 组 (1 个三元组)...
成功提取到 1 个分数
  - 三元组 1: Real Time with Bill Maher -> 分数: 10
正在处理第 158/681 组 (1 个三元组)...
成功提取到 1 个分数
  - 三元组 1: Real Time with Bill Maher -> 分数: 3
正在处理第 159/681 组 (1 个三元组)...
成功提取到 1 个分数
  - 三元组 1: Real Time with Bill Maher -> 分数: 10
正在处理第 160/681 组 (1 个三元组)...
成功提取到 1 个分数
  - 三元组 1: Real Time with Bill Maher -> 分数: 10
正在处理第 161/681 组 (1 个三元组)...
成功提取到 1 个分数
  - 三元组 1: Real Time with Bill Maher -> 分数: 10
正在处理第 162/681 组 (1 个三元组)...
成功提取到 1 个分数
  - 三元组 1: Real Time with Bill Maher -> 分数: 4
正在处理第 163/681 组 (1 个三元组)...
成功提取到 1 个分数
  - 三元组 1: Real Time with Bill Maher -> 分数: 10
正在处理第 164/681 组 (1 个三元组)...
成功提取到 1 个分数
  - 三元组 1: Real Time with Bill Maher -> 分数: 10
正在处理第 165/681 组 (1 个三元组)...
成功提取到 1 个分数
  - 三元组 1: Real Time with Bill Maher -> 分数: 10
正在处理第 166/681 组 (1 个三元组)...
成功提取到 1 个分数
  - 三元组 1: Real Time with Bill Maher -> 分数: 3
正在处理第 167/681 组 (1 个三元组)...
成功提取到 1 个分数
  - 三元组 1: Real Time with Bill Maher -> 分数: 10
正在处理第 168/681 组 (1 个三元组)...
成功提取到 1 个分数
  - 三元组 1: Real Time with Bill Maher -> 分数: 10
正在处理第 169/681 组 (1 个三元组)...
成功提取到 1 个分数
  - 三元组 1: Real Time with Bill Maher -> 分数: 10
正在处理第 170/681 组 (1 个三元组)...
成功提取到 1 个分数
  - 三元组 1: Real Time with Bill Maher -> 分数: 3
正在处理第 171/681 组 (1 个三元组)...
成功提取到 1 个分数
  - 三元组 1: Real Time with Bill Maher -> 分数: 10
正在处理第 172/681 组 (1 个三元组)...
成功提取到 1 个分数
  - 三元组 1: Real Time with Bill Maher -> 分数: 10
正在处理第 173/681 组 (1 个三元组)...
成功提取到 1 个分数
  - 三元组 1: Real Time with Bill Maher -> 分数: 9
正在处理第 174/681 组 (1 个三元组)...
成功提取到 1 个分数
  - 三元组 1: Real Time with Bill Maher -> 分数: 7
正在处理第 175/681 组 (1 个三元组)...
成功提取到 1 个分数
  - 三元组 1: Real Time with Bill Maher -> 分数: 2
正在处理第 176/681 组 (1 个三元组)...
成功提取到 1 个分数
  - 三元组 1: Real Time with Bill Maher -> 分数: 9
正在处理第 177/681 组 (1 个三元组)...
成功提取到 1 个分数
  - 三元组 1: Real Time with Bill Maher -> 分数: 8
正在处理第 178/681 组 (1 个三元组)...
成功提取到 1 个分数
  - 三元组 1: Real Time with Bill Maher -> 分数: 5
正在处理第 179/681 组 (1 个三元组)...
成功提取到 1 个分数
  - 三元组 1: Real Time with Bill Maher -> 分数: 10
正在处理第 180/681 组 (1 个三元组)...
成功提取到 1 个分数
  - 三元组 1: Real Time with Bill Maher -> 分数: 10
正在处理第 181/681 组 (1 个三元组)...
成功提取到 1 个分数
  - 三元组 1: Real Time with Bill Maher -> 分数: 10
正在处理第 182/681 组 (1 个三元组)...
成功提取到 1 个分数
  - 三元组 1: Tom Denney's Birthplace -> 分数: 3
正在处理第 183/681 组 (1 个三元组)...
成功提取到 1 个分数
  - 三元组 1: Tom Denney's Birthplace -> 分数: 3
正在处理第 184/681 组 (1 个三元组)...
成功提取到 1 个分数
  - 三元组 1: Tom Denney's Birthplace -> 分数: 3
正在处理第 185/681 组 (1 个三元组)...
成功提取到 1 个分数
  - 三元组 1: Tom Denney's Birthplace -> 分数: 3
正在处理第 186/681 组 (1 个三元组)...
成功提取到 1 个分数
  - 三元组 1: Tom Denney's Birthplace -> 分数: 2
正在处理第 187/681 组 (1 个三元组)...
成功提取到 1 个分数
  - 三元组 1: Tom Denney's Birthplace -> 分数: 2
正在处理第 188/681 组 (1 个三元组)...
成功提取到 1 个分数
  - 三元组 1: The Dukes of Hazzard -> 分数: 10
正在处理第 189/681 组 (1 个三元组)...
成功提取到 1 个分数
  - 三元组 1: The Dukes of Hazzard -> 分数: 9
正在处理第 190/681 组 (1 个三元组)...
成功提取到 1 个分数
  - 三元组 1: The Dukes of Hazzard -> 分数: 10
正在处理第 191/681 组 (1 个三元组)...
成功提取到 1 个分数
  - 三元组 1: The Dukes of Hazzard -> 分数: 10
正在处理第 192/681 组 (1 个三元组)...
成功提取到 1 个分数
  - 三元组 1: The Dukes of Hazzard -> 分数: 9
正在处理第 193/681 组 (1 个三元组)...
成功提取到 1 个分数
  - 三元组 1: The Dukes of Hazzard -> 分数: 8
正在处理第 194/681 组 (1 个三元组)...
成功提取到 1 个分数
  - 三元组 1: Under the Sun (Ida Corr album) -> 分数: 10
正在处理第 195/681 组 (1 个三元组)...
成功提取到 1 个分数
  - 三元组 1: Under the Sun (Ida Corr album) -> 分数: 10
正在处理第 196/681 组 (1 个三元组)...
警告：期望 1 个分数，但只找到 2 个，开始重试...
第 1 次重试API调用...
重试第 1 次的响应：
重试成功！提取到 1 个分数
  - 三元组 1: Under the Sun (Ida Corr album) -> 分数: 10
正在处理第 197/681 组 (1 个三元组)...
成功提取到 1 个分数
  - 三元组 1: Under the Sun (Ida Corr album) -> 分数: 10
正在处理第 198/681 组 (1 个三元组)...
成功提取到 1 个分数
  - 三元组 1: Under the Sun (Ida Corr album) -> 分数: 10
正在处理第 199/681 组 (1 个三元组)...
成功提取到 1 个分数
  - 三元组 1: Under the Sun (Ida Corr album) -> 分数: 7
正在处理第 200/681 组 (1 个三元组)...
成功提取到 1 个分数
  - 三元组 1: Under the Sun (Ida Corr album) -> 分数: 10
正在处理第 201/681 组 (1 个三元组)...
成功提取到 1 个分数
  - 三元组 1: Under the Sun (Ida Corr album) -> 分数: 5
正在处理第 202/681 组 (1 个三元组)...
成功提取到 1 个分数
  - 三元组 1: Under the Sun (Ida Corr album) -> 分数: 7
正在处理第 203/681 组 (1 个三元组)...
成功提取到 1 个分数
  - 三元组 1: Under the Sun (Ida Corr album) -> 分数: 7
正在处理第 204/681 组 (1 个三元组)...
成功提取到 1 个分数
  - 三元组 1: Under the Sun (Ida Corr album) -> 分数: 3
正在处理第 205/681 组 (1 个三元组)...
成功提取到 1 个分数
  - 三元组 1: Under the Sun (Ida Corr album) -> 分数: 2
正在处理第 206/681 组 (1 个三元组)...
成功提取到 1 个分数
  - 三元组 1: Under the Sun (Ida Corr album) -> 分数: 5
正在处理第 207/681 组 (1 个三元组)...
成功提取到 1 个分数
  - 三元组 1: Under the Sun (Ida Corr album) -> 分数: 9
正在处理第 208/681 组 (1 个三元组)...
成功提取到 1 个分数
  - 三元组 1: Under the Sun (Ida Corr album) -> 分数: 8
正在处理第 209/681 组 (1 个三元组)...
成功提取到 1 个分数
  - 三元组 1: Angela Merkel -> 分数: 10
正在处理第 210/681 组 (1 个三元组)...
成功提取到 1 个分数
  - 三元组 1: Angela Merkel -> 分数: 10
正在处理第 211/681 组 (1 个三元组)...
成功提取到 1 个分数
  - 三元组 1: Angela Merkel -> 分数: 10
正在处理第 212/681 组 (1 个三元组)...
成功提取到 1 个分数
  - 三元组 1: Angela Merkel -> 分数: 3
正在处理第 213/681 组 (1 个三元组)...
成功提取到 1 个分数
  - 三元组 1: Angela Merkel -> 分数: 2
正在处理第 214/681 组 (1 个三元组)...
第 1 次批量三元组评估收到空响应
第 2 次批量三元组评估收到空响应
第 3 次批量三元组评估收到空响应
批量三元组评估失败，使用默认分数 12
  - 三元组 1: Angela Merkel -> 分数: 12
正在处理第 215/681 组 (1 个三元组)...
成功提取到 1 个分数
  - 三元组 1: Angela Merkel -> 分数: 0
正在处理第 216/681 组 (1 个三元组)...
成功提取到 1 个分数
  - 三元组 1: Angela Merkel -> 分数: 10
正在处理第 217/681 组 (1 个三元组)...
成功提取到 1 个分数
  - 三元组 1: Angela Merkel -> 分数: 6
正在处理第 218/681 组 (1 个三元组)...
成功提取到 1 个分数
  - 三元组 1: Angela Merkel -> 分数: 3
正在处理第 219/681 组 (1 个三元组)...
成功提取到 1 个分数
  - 三元组 1: Angela Merkel -> 分数: 2
正在处理第 220/681 组 (1 个三元组)...
成功提取到 1 个分数
  - 三元组 1: Angela Merkel -> 分数: 3
正在处理第 221/681 组 (1 个三元组)...
成功提取到 1 个分数
  - 三元组 1: Angela Merkel -> 分数: 10
正在处理第 222/681 组 (1 个三元组)...
成功提取到 1 个分数
  - 三元组 1: It Happens Every Spring -> 分数: 10
正在处理第 223/681 组 (1 个三元组)...
成功提取到 1 个分数
  - 三元组 1: It Happens Every Spring -> 分数: 5
正在处理第 224/681 组 (1 个三元组)...
成功提取到 1 个分数
  - 三元组 1: It Happens Every Spring -> 分数: 10
正在处理第 225/681 组 (1 个三元组)...
成功提取到 1 个分数
  - 三元组 1: It Happens Every Spring -> 分数: 10
正在处理第 226/681 组 (1 个三元组)...
成功提取到 1 个分数
  - 三元组 1: It Happens Every Spring -> 分数: 10
正在处理第 227/681 组 (1 个三元组)...
成功提取到 1 个分数
  - 三元组 1: It Happens Every Spring -> 分数: 5
正在处理第 228/681 组 (1 个三元组)...
成功提取到 1 个分数
  - 三元组 1: The Bourne Sanction -> 分数: 10
正在处理第 229/681 组 (1 个三元组)...
成功提取到 1 个分数
  - 三元组 1: The Bourne Sanction -> 分数: 10
正在处理第 230/681 组 (1 个三元组)...
成功提取到 1 个分数
  - 三元组 1: The Bourne Sanction -> 分数: 9
正在处理第 231/681 组 (1 个三元组)...
成功提取到 1 个分数
  - 三元组 1: The Bourne Sanction -> 分数: 10
正在处理第 232/681 组 (1 个三元组)...
成功提取到 1 个分数
  - 三元组 1: The Bourne Sanction -> 分数: 10
正在处理第 233/681 组 (1 个三元组)...
成功提取到 1 个分数
  - 三元组 1: The Bourne Sanction -> 分数: 2
正在处理第 234/681 组 (1 个三元组)...
成功提取到 1 个分数
  - 三元组 1: The Bourne Betrayal -> 分数: 10
正在处理第 235/681 组 (1 个三元组)...
成功提取到 1 个分数
  - 三元组 1: Pope John XXIII -> 分数: 3
正在处理第 236/681 组 (1 个三元组)...
警告：期望 1 个分数，但只找到 0 个，开始重试...
第 1 次重试API调用...
重试第 1 次的响应：
重试第 1 次仍然不匹配：期望 1 个，得到 0 个
第 2 次重试API调用...
重试第 2 次的响应：
重试第 2 次仍然不匹配：期望 1 个，得到 0 个
第 3 次重试API调用...
重试第 3 次的响应：
重试第 3 次仍然不匹配：期望 1 个，得到 0 个
所有重试都失败，使用默认分数 12
  - 三元组 1: Pope John XXIII -> 分数: 12
正在处理第 237/681 组 (1 个三元组)...
成功提取到 1 个分数
  - 三元组 1: Pope John XXIII -> 分数: 2
正在处理第 238/681 组 (1 个三元组)...
成功提取到 1 个分数
  - 三元组 1: Pope John XXIII -> 分数: 7
正在处理第 239/681 组 (1 个三元组)...
成功提取到 1 个分数
  - 三元组 1: Pope John XXIII -> 分数: 4
正在处理第 240/681 组 (1 个三元组)...
成功提取到 1 个分数
  - 三元组 1: Pope John XXIII -> 分数: 10
正在处理第 241/681 组 (1 个三元组)...
成功提取到 1 个分数
  - 三元组 1: Pope John XXIII -> 分数: 9
正在处理第 242/681 组 (1 个三元组)...
成功提取到 1 个分数
  - 三元组 1: Nothing Records -> 分数: 8
正在处理第 243/681 组 (1 个三元组)...
成功提取到 1 个分数
  - 三元组 1: Nothing Records -> 分数: 9
正在处理第 244/681 组 (1 个三元组)...
成功提取到 1 个分数
  - 三元组 1: Nothing Records -> 分数: 2
正在处理第 245/681 组 (1 个三元组)...
成功提取到 1 个分数
  - 三元组 1: Nothing Records -> 分数: 3
正在处理第 246/681 组 (1 个三元组)...
成功提取到 1 个分数
  - 三元组 1: Nothing Records -> 分数: 7
正在处理第 247/681 组 (1 个三元组)...
成功提取到 1 个分数
  - 三元组 1: Nothing Records -> 分数: 4
正在处理第 248/681 组 (1 个三元组)...
成功提取到 1 个分数
  - 三元组 1: List of FIFA World Cup records and statistics -> 分数: 2
正在处理第 249/681 组 (1 个三元组)...
成功提取到 1 个分数
  - 三元组 1: List of FIFA World Cup records and statistics -> 分数: 2
正在处理第 250/681 组 (1 个三元组)...
成功提取到 1 个分数
  - 三元组 1: List of FIFA World Cup records and statistics -> 分数: 10
正在处理第 251/681 组 (1 个三元组)...
成功提取到 1 个分数
  - 三元组 1: List of FIFA World Cup records and statistics -> 分数: 3
正在处理第 252/681 组 (1 个三元组)...
成功提取到 1 个分数
  - 三元组 1: List of FIFA World Cup records and statistics -> 分数: 3
正在处理第 253/681 组 (1 个三元组)...
成功提取到 1 个分数
  - 三元组 1: List of FIFA World Cup records and statistics -> 分数: 2
正在处理第 254/681 组 (1 个三元组)...
成功提取到 1 个分数
  - 三元组 1: List of FIFA World Cup records and statistics -> 分数: 3
正在处理第 255/681 组 (1 个三元组)...
成功提取到 1 个分数
  - 三元组 1: List of FIFA World Cup records and statistics -> 分数: 4
正在处理第 256/681 组 (1 个三元组)...
成功提取到 1 个分数
  - 三元组 1: List of FIFA World Cup records and statistics -> 分数: 2
正在处理第 257/681 组 (1 个三元组)...
成功提取到 1 个分数
  - 三元组 1: List of FIFA World Cup records and statistics -> 分数: 10
正在处理第 258/681 组 (1 个三元组)...
成功提取到 1 个分数
  - 三元组 1: List of FIFA World Cup records and statistics -> 分数: 1
正在处理第 259/681 组 (1 个三元组)...
成功提取到 1 个分数
  - 三元组 1: List of FIFA World Cup records and statistics -> 分数: 2
正在处理第 260/681 组 (1 个三元组)...
成功提取到 1 个分数
  - 三元组 1: List of FIFA World Cup records and statistics -> 分数: 10
正在处理第 261/681 组 (1 个三元组)...
成功提取到 1 个分数
  - 三元组 1: List of FIFA World Cup records and statistics -> 分数: 1
正在处理第 262/681 组 (1 个三元组)...
成功提取到 1 个分数
  - 三元组 1: List of FIFA World Cup records and statistics -> 分数: 5
正在处理第 263/681 组 (1 个三元组)...
成功提取到 1 个分数
  - 三元组 1: List of FIFA World Cup records and statistics -> 分数: 2
正在处理第 264/681 组 (1 个三元组)...
成功提取到 1 个分数
  - 三元组 1: Linda Baker -> 分数: 3
正在处理第 265/681 组 (1 个三元组)...
成功提取到 1 个分数
  - 三元组 1: Linda Baker -> 分数: 3
正在处理第 266/681 组 (1 个三元组)...
成功提取到 1 个分数
  - 三元组 1: Linda Baker -> 分数: 2
正在处理第 267/681 组 (1 个三元组)...
成功提取到 1 个分数
  - 三元组 1: Linda Baker -> 分数: 3
正在处理第 268/681 组 (1 个三元组)...
成功提取到 1 个分数
  - 三元组 1: Linda Baker -> 分数: 3
正在处理第 269/681 组 (1 个三元组)...
成功提取到 1 个分数
  - 三元组 1: Linda Baker -> 分数: 5
正在处理第 270/681 组 (1 个三元组)...
成功提取到 1 个分数
  - 三元组 1: Linda Baker -> 分数: 2
正在处理第 271/681 组 (1 个三元组)...
成功提取到 1 个分数
  - 三元组 1: Al gran sole carico d'amore -> 分数: 2
正在处理第 272/681 组 (1 个三元组)...
成功提取到 1 个分数
  - 三元组 1: Al gran sole carico d'amore -> 分数: 2
正在处理第 273/681 组 (1 个三元组)...
成功提取到 1 个分数
  - 三元组 1: Al gran sole carico d'amore -> 分数: 2
正在处理第 274/681 组 (1 个三元组)...
成功提取到 1 个分数
  - 三元组 1: Al gran sole carico d'amore -> 分数: 2
正在处理第 275/681 组 (1 个三元组)...
成功提取到 1 个分数
  - 三元组 1: Al gran sole carico d'amore -> 分数: 10
正在处理第 276/681 组 (1 个三元组)...
成功提取到 1 个分数
  - 三元组 1: Al gran sole carico d'amore -> 分数: 10
正在处理第 277/681 组 (1 个三元组)...
成功提取到 1 个分数
  - 三元组 1: Al gran sole carico d'amore -> 分数: 1
正在处理第 278/681 组 (1 个三元组)...
成功提取到 1 个分数
  - 三元组 1: Al gran sole carico d'amore -> 分数: 7
正在处理第 279/681 组 (1 个三元组)...
成功提取到 1 个分数
  - 三元组 1: Al gran sole carico d'amore -> 分数: 4
正在处理第 280/681 组 (1 个三元组)...
成功提取到 1 个分数
  - 三元组 1: Al gran sole carico d'amore -> 分数: 9
正在处理第 281/681 组 (1 个三元组)...
成功提取到 1 个分数
  - 三元组 1: Pope John XXIII -> 分数: 9
正在处理第 282/681 组 (1 个三元组)...
警告：期望 1 个分数，但只找到 0 个，开始重试...
第 1 次重试API调用...
重试第 1 次的响应：
重试第 1 次仍然不匹配：期望 1 个，得到 0 个
第 2 次重试API调用...
重试第 2 次的响应：
重试第 2 次仍然不匹配：期望 1 个，得到 0 个
第 3 次重试API调用...
重试第 3 次的响应：
重试第 3 次仍然不匹配：期望 1 个，得到 0 个
所有重试都失败，使用默认分数 12
  - 三元组 1: Pope John XXIII -> 分数: 12
正在处理第 283/681 组 (1 个三元组)...
成功提取到 1 个分数
  - 三元组 1: Pope John XXIII -> 分数: 2
正在处理第 284/681 组 (1 个三元组)...
成功提取到 1 个分数
  - 三元组 1: Pope John XXIII -> 分数: 3
正在处理第 285/681 组 (1 个三元组)...
成功提取到 1 个分数
  - 三元组 1: Pope John XXIII -> 分数: 5
正在处理第 286/681 组 (1 个三元组)...
成功提取到 1 个分数
  - 三元组 1: Pope John XXIII -> 分数: 3
正在处理第 287/681 组 (1 个三元组)...
成功提取到 1 个分数
  - 三元组 1: Pope John XXIII -> 分数: 5
正在处理第 288/681 组 (1 个三元组)...
成功提取到 1 个分数
  - 三元组 1: Pope John XXIII -> 分数: 7
正在处理第 289/681 组 (1 个三元组)...
警告：期望 1 个分数，但只找到 0 个，开始重试...
第 1 次重试API调用...
重试第 1 次的响应：
重试第 1 次仍然不匹配：期望 1 个，得到 0 个
第 2 次重试API调用...
重试第 2 次的响应：
重试第 2 次仍然不匹配：期望 1 个，得到 0 个
第 3 次重试API调用...
重试第 3 次的响应：
重试第 3 次仍然不匹配：期望 1 个，得到 0 个
所有重试都失败，使用默认分数 12
  - 三元组 1: Pope John XXIII -> 分数: 12
正在处理第 290/681 组 (1 个三元组)...
成功提取到 1 个分数
  - 三元组 1: Pope John XXIII -> 分数: 2
正在处理第 291/681 组 (1 个三元组)...
成功提取到 1 个分数
  - 三元组 1: Pope John XXIII -> 分数: 3
正在处理第 292/681 组 (1 个三元组)...
成功提取到 1 个分数
  - 三元组 1: Pope John XXIII -> 分数: 7
正在处理第 293/681 组 (1 个三元组)...
成功提取到 1 个分数
  - 三元组 1: Pope John XXIII -> 分数: 10
正在处理第 294/681 组 (1 个三元组)...
成功提取到 1 个分数
  - 三元组 1: Pope John XXIII -> 分数: 7
正在处理第 295/681 组 (1 个三元组)...
成功提取到 1 个分数
  - 三元组 1: Pope John XXIII -> 分数: 2
正在处理第 296/681 组 (1 个三元组)...
成功提取到 1 个分数
  - 三元组 1: Pope John XXIII -> 分数: 6
正在处理第 297/681 组 (1 个三元组)...
成功提取到 1 个分数
  - 三元组 1: Pope John XXIII -> 分数: 2
正在处理第 298/681 组 (1 个三元组)...
成功提取到 1 个分数
  - 三元组 1: Pope John XXIII -> 分数: 2
正在处理第 299/681 组 (1 个三元组)...
成功提取到 1 个分数
  - 三元组 1: Pope John XXIII -> 分数: 10
正在处理第 300/681 组 (1 个三元组)...
成功提取到 1 个分数
  - 三元组 1: Pope John XXIII -> 分数: 10
正在处理第 301/681 组 (1 个三元组)...
成功提取到 1 个分数
  - 三元组 1: Pope John XXIII -> 分数: 3
正在处理第 302/681 组 (1 个三元组)...
成功提取到 1 个分数
  - 三元组 1: Pope John XXIII -> 分数: 5
正在处理第 303/681 组 (1 个三元组)...
成功提取到 1 个分数
  - 三元组 1: Smokey Bear -> 分数: 7
正在处理第 304/681 组 (1 个三元组)...
成功提取到 1 个分数
  - 三元组 1: Smokey Bear -> 分数: 10
正在处理第 305/681 组 (1 个三元组)...
成功提取到 1 个分数
  - 三元组 1: Smokey Bear -> 分数: 8
正在处理第 306/681 组 (1 个三元组)...
成功提取到 1 个分数
  - 三元组 1: Smokey Bear -> 分数: 3
正在处理第 307/681 组 (1 个三元组)...
成功提取到 1 个分数
  - 三元组 1: List of The Chronicles of Narnia (film series) cast members -> 分数: 10
正在处理第 308/681 组 (1 个三元组)...
成功提取到 1 个分数
  - 三元组 1: List of The Chronicles of Narnia (film series) cast members -> 分数: 10
正在处理第 309/681 组 (1 个三元组)...
成功提取到 1 个分数
  - 三元组 1: List of The Chronicles of Narnia (film series) cast members -> 分数: 10
正在处理第 310/681 组 (1 个三元组)...
成功提取到 1 个分数
  - 三元组 1: List of The Chronicles of Narnia (film series) cast members -> 分数: 10
正在处理第 311/681 组 (1 个三元组)...
成功提取到 1 个分数
  - 三元组 1: List of The Chronicles of Narnia (film series) cast members -> 分数: 10
正在处理第 312/681 组 (1 个三元组)...
成功提取到 1 个分数
  - 三元组 1: List of The Chronicles of Narnia (film series) cast members -> 分数: 10
正在处理第 313/681 组 (1 个三元组)...
成功提取到 1 个分数
  - 三元组 1: List of The Chronicles of Narnia (film series) cast members -> 分数: 10
正在处理第 314/681 组 (1 个三元组)...
成功提取到 1 个分数
  - 三元组 1: List of The Chronicles of Narnia (film series) cast members -> 分数: 10
正在处理第 315/681 组 (1 个三元组)...
成功提取到 1 个分数
  - 三元组 1: List of The Chronicles of Narnia (film series) cast members -> 分数: 7
正在处理第 316/681 组 (1 个三元组)...
成功提取到 1 个分数
  - 三元组 1: List of The Chronicles of Narnia (film series) cast members -> 分数: 10
正在处理第 317/681 组 (1 个三元组)...
成功提取到 1 个分数
  - 三元组 1: List of The Chronicles of Narnia (film series) cast members -> 分数: 10
正在处理第 318/681 组 (1 个三元组)...
成功提取到 1 个分数
  - 三元组 1: List of The Chronicles of Narnia (film series) cast members -> 分数: 10
正在处理第 319/681 组 (1 个三元组)...
成功提取到 1 个分数
  - 三元组 1: List of The Chronicles of Narnia (film series) cast members -> 分数: 10
正在处理第 320/681 组 (1 个三元组)...
成功提取到 1 个分数
  - 三元组 1: List of The Chronicles of Narnia (film series) cast members -> 分数: 7
正在处理第 321/681 组 (1 个三元组)...
成功提取到 1 个分数
  - 三元组 1: List of The Chronicles of Narnia (film series) cast members -> 分数: 10
正在处理第 322/681 组 (1 个三元组)...
成功提取到 1 个分数
  - 三元组 1: List of The Chronicles of Narnia (film series) cast members -> 分数: 2
正在处理第 323/681 组 (1 个三元组)...
成功提取到 1 个分数
  - 三元组 1: List of The Chronicles of Narnia (film series) cast members -> 分数: 10
正在处理第 324/681 组 (1 个三元组)...
成功提取到 1 个分数
  - 三元组 1: List of The Chronicles of Narnia (film series) cast members -> 分数: 2
正在处理第 325/681 组 (1 个三元组)...
成功提取到 1 个分数
  - 三元组 1: List of The Chronicles of Narnia (film series) cast members -> 分数: 2
正在处理第 326/681 组 (1 个三元组)...
成功提取到 1 个分数
  - 三元组 1: List of The Chronicles of Narnia (film series) cast members -> 分数: 2
正在处理第 327/681 组 (1 个三元组)...
成功提取到 1 个分数
  - 三元组 1: List of The Chronicles of Narnia (film series) cast members -> 分数: 1
正在处理第 328/681 组 (1 个三元组)...
成功提取到 1 个分数
  - 三元组 1: List of The Chronicles of Narnia (film series) cast members -> 分数: 10
正在处理第 329/681 组 (1 个三元组)...
成功提取到 1 个分数
  - 三元组 1: List of The Chronicles of Narnia (film series) cast members -> 分数: 10
正在处理第 330/681 组 (1 个三元组)...
成功提取到 1 个分数
  - 三元组 1: List of The Chronicles of Narnia (film series) cast members -> 分数: 10
正在处理第 331/681 组 (1 个三元组)...
成功提取到 1 个分数
  - 三元组 1: Return of the Kung Fu Dragon -> 分数: 8
正在处理第 332/681 组 (1 个三元组)...
警告：期望 1 个分数，但只找到 0 个，开始重试...
第 1 次重试API调用...
重试第 1 次的响应：
重试第 1 次仍然不匹配：期望 1 个，得到 0 个
第 2 次重试API调用...
重试第 2 次的响应：
重试第 2 次仍然不匹配：期望 1 个，得到 0 个
第 3 次重试API调用...
重试第 3 次的响应：
重试第 3 次仍然不匹配：期望 1 个，得到 0 个
所有重试都失败，使用默认分数 12
  - 三元组 1: Return of the Kung Fu Dragon -> 分数: 12
正在处理第 333/681 组 (1 个三元组)...
成功提取到 1 个分数
  - 三元组 1: Return of the Kung Fu Dragon -> 分数: 1
正在处理第 334/681 组 (1 个三元组)...
成功提取到 1 个分数
  - 三元组 1: The Heroes (1980 film) -> 分数: 10
正在处理第 335/681 组 (1 个三元组)...
成功提取到 1 个分数
  - 三元组 1: The Heroes (1980 film) -> 分数: 7
正在处理第 336/681 组 (1 个三元组)...
成功提取到 1 个分数
  - 三元组 1: The Heroes (1980 film) -> 分数: 10
正在处理第 337/681 组 (1 个三元组)...
成功提取到 1 个分数
  - 三元组 1: Al Viola -> 分数: 5
正在处理第 338/681 组 (1 个三元组)...
成功提取到 1 个分数
  - 三元组 1: Al Viola -> 分数: 9
正在处理第 339/681 组 (1 个三元组)...
成功提取到 1 个分数
  - 三元组 1: Al Viola -> 分数: 3
正在处理第 340/681 组 (1 个三元组)...
成功提取到 1 个分数
  - 三元组 1: Al Viola -> 分数: 2
正在处理第 341/681 组 (1 个三元组)...
成功提取到 1 个分数
  - 三元组 1: Al Viola -> 分数: 2
正在处理第 342/681 组 (1 个三元组)...
警告：期望 1 个分数，但只找到 0 个，开始重试...
第 1 次重试API调用...
重试第 1 次的响应：
重试第 1 次仍然不匹配：期望 1 个，得到 0 个
第 2 次重试API调用...
重试第 2 次的响应：
重试第 2 次仍然不匹配：期望 1 个，得到 0 个
第 3 次重试API调用...
重试第 3 次的响应：
重试第 3 次仍然不匹配：期望 1 个，得到 0 个
所有重试都失败，使用默认分数 12
  - 三元组 1: The Mistress -> 分数: 12
正在处理第 343/681 组 (1 个三元组)...
成功提取到 1 个分数
  - 三元组 1: The Mistress -> 分数: 4
正在处理第 344/681 组 (1 个三元组)...
成功提取到 1 个分数
  - 三元组 1: The Mistress -> 分数: 5
正在处理第 345/681 组 (1 个三元组)...
成功提取到 1 个分数
  - 三元组 1: The Mistress -> 分数: 1
正在处理第 346/681 组 (1 个三元组)...
警告：期望 1 个分数，但只找到 0 个，开始重试...
第 1 次重试API调用...
重试第 1 次的响应：
重试第 1 次仍然不匹配：期望 1 个，得到 0 个
第 2 次重试API调用...
重试第 2 次的响应：
重试第 2 次仍然不匹配：期望 1 个，得到 0 个
第 3 次重试API调用...
重试第 3 次的响应：
重试第 3 次仍然不匹配：期望 1 个，得到 0 个
所有重试都失败，使用默认分数 12
  - 三元组 1: The Mistress -> 分数: 12
正在处理第 347/681 组 (1 个三元组)...
成功提取到 1 个分数
  - 三元组 1: The Mistress -> 分数: 2
正在处理第 348/681 组 (1 个三元组)...
成功提取到 1 个分数
  - 三元组 1: The Mistress -> 分数: 6
正在处理第 349/681 组 (1 个三元组)...
成功提取到 1 个分数
  - 三元组 1: The Mistress -> 分数: 4
正在处理第 350/681 组 (1 个三元组)...
成功提取到 1 个分数
  - 三元组 1: Rabat -> 分数: 6
正在处理第 351/681 组 (1 个三元组)...
成功提取到 1 个分数
  - 三元组 1: Rabat -> 分数: 8
正在处理第 352/681 组 (1 个三元组)...
成功提取到 1 个分数
  - 三元组 1: Rabat -> 分数: 10
正在处理第 353/681 组 (1 个三元组)...
成功提取到 1 个分数
  - 三元组 1: Rabat -> 分数: 9
正在处理第 354/681 组 (1 个三元组)...
成功提取到 1 个分数
  - 三元组 1: Rabat -> 分数: 10
正在处理第 355/681 组 (1 个三元组)...
成功提取到 1 个分数
  - 三元组 1: Rabat -> 分数: 10
正在处理第 356/681 组 (1 个三元组)...
成功提取到 1 个分数
  - 三元组 1: Rabat -> 分数: 2
正在处理第 357/681 组 (1 个三元组)...
成功提取到 1 个分数
  - 三元组 1: Rabat -> 分数: 7
正在处理第 358/681 组 (1 个三元组)...
成功提取到 1 个分数
  - 三元组 1: Molotov–Ribbentrop Pact -> 分数: 10
正在处理第 359/681 组 (1 个三元组)...
成功提取到 1 个分数
  - 三元组 1: Molotov–Ribbentrop Pact -> 分数: 7
正在处理第 360/681 组 (1 个三元组)...
成功提取到 1 个分数
  - 三元组 1: Molotov–Ribbentrop Pact -> 分数: 9
正在处理第 361/681 组 (1 个三元组)...
成功提取到 1 个分数
  - 三元组 1: Molotov–Ribbentrop Pact -> 分数: 3
正在处理第 362/681 组 (1 个三元组)...
成功提取到 1 个分数
  - 三元组 1: Molotov–Ribbentrop Pact -> 分数: 10
正在处理第 363/681 组 (1 个三元组)...
成功提取到 1 个分数
  - 三元组 1: Molotov–Ribbentrop Pact -> 分数: 2
正在处理第 364/681 组 (1 个三元组)...
警告：期望 1 个分数，但只找到 0 个，开始重试...
第 1 次重试API调用...
重试第 1 次的响应：
重试第 1 次仍然不匹配：期望 1 个，得到 0 个
第 2 次重试API调用...
重试第 2 次的响应：
重试第 2 次仍然不匹配：期望 1 个，得到 0 个
第 3 次重试API调用...
重试第 3 次的响应：
重试第 3 次仍然不匹配：期望 1 个，得到 0 个
所有重试都失败，使用默认分数 12
  - 三元组 1: Molotov–Ribbentrop Pact -> 分数: 12
正在处理第 365/681 组 (1 个三元组)...
成功提取到 1 个分数
  - 三元组 1: Ex on the Beach (British series 8) -> 分数: 6
正在处理第 366/681 组 (1 个三元组)...
成功提取到 1 个分数
  - 三元组 1: Ex on the Beach (British series 8) -> 分数: 7
正在处理第 367/681 组 (1 个三元组)...
成功提取到 1 个分数
  - 三元组 1: Ex on the Beach (British series 8) -> 分数: 7
正在处理第 368/681 组 (1 个三元组)...
成功提取到 1 个分数
  - 三元组 1: Ex on the Beach (British series 8) -> 分数: 5
正在处理第 369/681 组 (1 个三元组)...
成功提取到 1 个分数
  - 三元组 1: Ex on the Beach (British series 8) -> 分数: 5
正在处理第 370/681 组 (1 个三元组)...
成功提取到 1 个分数
  - 三元组 1: Ex on the Beach (British series 8) -> 分数: 2
正在处理第 371/681 组 (1 个三元组)...
成功提取到 1 个分数
  - 三元组 1: Real Time with Bill Maher -> 分数: 3
正在处理第 372/681 组 (1 个三元组)...
成功提取到 1 个分数
  - 三元组 1: Real Time with Bill Maher -> 分数: 10
正在处理第 373/681 组 (1 个三元组)...
成功提取到 1 个分数
  - 三元组 1: Real Time with Bill Maher -> 分数: 10
正在处理第 374/681 组 (1 个三元组)...
成功提取到 1 个分数
  - 三元组 1: Real Time with Bill Maher -> 分数: 3
正在处理第 375/681 组 (1 个三元组)...
成功提取到 1 个分数
  - 三元组 1: Real Time with Bill Maher -> 分数: 10
正在处理第 376/681 组 (1 个三元组)...
成功提取到 1 个分数
  - 三元组 1: Real Time with Bill Maher -> 分数: 10
正在处理第 377/681 组 (1 个三元组)...
成功提取到 1 个分数
  - 三元组 1: Real Time with Bill Maher -> 分数: 10
正在处理第 378/681 组 (1 个三元组)...
成功提取到 1 个分数
  - 三元组 1: Real Time with Bill Maher -> 分数: 7
正在处理第 379/681 组 (1 个三元组)...
成功提取到 1 个分数
  - 三元组 1: Real Time with Bill Maher -> 分数: 10
正在处理第 380/681 组 (1 个三元组)...
成功提取到 1 个分数
  - 三元组 1: Real Time with Bill Maher -> 分数: 10
正在处理第 381/681 组 (1 个三元组)...
成功提取到 1 个分数
  - 三元组 1: Real Time with Bill Maher -> 分数: 10
正在处理第 382/681 组 (1 个三元组)...
成功提取到 1 个分数
  - 三元组 1: Real Time with Bill Maher -> 分数: 5
正在处理第 383/681 组 (1 个三元组)...
成功提取到 1 个分数
  - 三元组 1: Real Time with Bill Maher -> 分数: 10
正在处理第 384/681 组 (1 个三元组)...
成功提取到 1 个分数
  - 三元组 1: Real Time with Bill Maher -> 分数: 10
正在处理第 385/681 组 (1 个三元组)...
成功提取到 1 个分数
  - 三元组 1: Real Time with Bill Maher -> 分数: 3
正在处理第 386/681 组 (1 个三元组)...
成功提取到 1 个分数
  - 三元组 1: Real Time with Bill Maher -> 分数: 5
正在处理第 387/681 组 (1 个三元组)...
成功提取到 1 个分数
  - 三元组 1: Real Time with Bill Maher -> 分数: 2
正在处理第 388/681 组 (1 个三元组)...
成功提取到 1 个分数
  - 三元组 1: Real Time with Bill Maher -> 分数: 10
正在处理第 389/681 组 (1 个三元组)...
成功提取到 1 个分数
  - 三元组 1: Real Time with Bill Maher -> 分数: 2
正在处理第 390/681 组 (1 个三元组)...
成功提取到 1 个分数
  - 三元组 1: Real Time with Bill Maher -> 分数: 7
正在处理第 391/681 组 (1 个三元组)...
成功提取到 1 个分数
  - 三元组 1: Real Time with Bill Maher -> 分数: 10
正在处理第 392/681 组 (1 个三元组)...
成功提取到 1 个分数
  - 三元组 1: Real Time with Bill Maher -> 分数: 10
正在处理第 393/681 组 (1 个三元组)...
成功提取到 1 个分数
  - 三元组 1: Real Time with Bill Maher -> 分数: 3
正在处理第 394/681 组 (1 个三元组)...
成功提取到 1 个分数
  - 三元组 1: Real Time with Bill Maher -> 分数: 6
正在处理第 395/681 组 (1 个三元组)...
成功提取到 1 个分数
  - 三元组 1: Real Time with Bill Maher -> 分数: 10
正在处理第 396/681 组 (1 个三元组)...
成功提取到 1 个分数
  - 三元组 1: Real Time with Bill Maher -> 分数: 10
正在处理第 397/681 组 (1 个三元组)...
成功提取到 1 个分数
  - 三元组 1: Real Time with Bill Maher -> 分数: 3
正在处理第 398/681 组 (1 个三元组)...
成功提取到 1 个分数
  - 三元组 1: Real Time with Bill Maher -> 分数: 7
正在处理第 399/681 组 (1 个三元组)...
成功提取到 1 个分数
  - 三元组 1: Real Time with Bill Maher -> 分数: 10
正在处理第 400/681 组 (1 个三元组)...
成功提取到 1 个分数
  - 三元组 1: Real Time with Bill Maher -> 分数: 10
正在处理第 401/681 组 (1 个三元组)...
成功提取到 1 个分数
  - 三元组 1: Real Time with Bill Maher -> 分数: 10
正在处理第 402/681 组 (1 个三元组)...
成功提取到 1 个分数
  - 三元组 1: Pope John XXIII -> 分数: 3
正在处理第 403/681 组 (1 个三元组)...
警告：期望 1 个分数，但只找到 0 个，开始重试...
第 1 次重试API调用...
重试第 1 次的响应：
重试第 1 次仍然不匹配：期望 1 个，得到 0 个
第 2 次重试API调用...
重试第 2 次的响应：
重试第 2 次仍然不匹配：期望 1 个，得到 0 个
第 3 次重试API调用...
重试第 3 次的响应：
重试第 3 次仍然不匹配：期望 1 个，得到 0 个
所有重试都失败，使用默认分数 12
  - 三元组 1: Pope John XXIII -> 分数: 12
正在处理第 404/681 组 (1 个三元组)...
成功提取到 1 个分数
  - 三元组 1: Pope John XXIII -> 分数: 2
正在处理第 405/681 组 (1 个三元组)...
成功提取到 1 个分数
  - 三元组 1: Pope John XXIII -> 分数: 3
正在处理第 406/681 组 (1 个三元组)...
成功提取到 1 个分数
  - 三元组 1: Pope John XXIII -> 分数: 5
正在处理第 407/681 组 (1 个三元组)...
成功提取到 1 个分数
  - 三元组 1: Pope John XXIII -> 分数: 8
正在处理第 408/681 组 (1 个三元组)...
成功提取到 1 个分数
  - 三元组 1: Pope John XXIII -> 分数: 9
正在处理第 409/681 组 (1 个三元组)...
成功提取到 1 个分数
  - 三元组 1: La Bella -> 分数: 10
正在处理第 410/681 组 (1 个三元组)...
成功提取到 1 个分数
  - 三元组 1: La Bella -> 分数: 7
正在处理第 411/681 组 (1 个三元组)...
成功提取到 1 个分数
  - 三元组 1: La Bella -> 分数: 7
正在处理第 412/681 组 (1 个三元组)...
成功提取到 1 个分数
  - 三元组 1: La Bella -> 分数: 9
正在处理第 413/681 组 (1 个三元组)...
成功提取到 1 个分数
  - 三元组 1: La Bella -> 分数: 10
正在处理第 414/681 组 (1 个三元组)...
成功提取到 1 个分数
  - 三元组 1: La Bella -> 分数: 2
正在处理第 415/681 组 (1 个三元组)...
成功提取到 1 个分数
  - 三元组 1: La Bella -> 分数: 9
正在处理第 416/681 组 (1 个三元组)...
成功提取到 1 个分数
  - 三元组 1: La Bella -> 分数: 3
正在处理第 417/681 组 (1 个三元组)...
成功提取到 1 个分数
  - 三元组 1: I'm So Lonesome I Could Cry -> 分数: 10
正在处理第 418/681 组 (1 个三元组)...
成功提取到 1 个分数
  - 三元组 1: I'm So Lonesome I Could Cry -> 分数: 5
正在处理第 419/681 组 (1 个三元组)...
成功提取到 1 个分数
  - 三元组 1: I'm So Lonesome I Could Cry -> 分数: 10
正在处理第 420/681 组 (1 个三元组)...
成功提取到 1 个分数
  - 三元组 1: I'm So Lonesome I Could Cry -> 分数: 10
正在处理第 421/681 组 (1 个三元组)...
成功提取到 1 个分数
  - 三元组 1: I'm So Lonesome I Could Cry -> 分数: 10
正在处理第 422/681 组 (1 个三元组)...
成功提取到 1 个分数
  - 三元组 1: I'm So Lonesome I Could Cry -> 分数: 10
正在处理第 423/681 组 (1 个三元组)...
成功提取到 1 个分数
  - 三元组 1: I'm So Lonesome I Could Cry -> 分数: 7
正在处理第 424/681 组 (1 个三元组)...
成功提取到 1 个分数
  - 三元组 1: I'm So Lonesome I Could Cry -> 分数: 7
正在处理第 425/681 组 (1 个三元组)...
成功提取到 1 个分数
  - 三元组 1: I'm So Lonesome I Could Cry -> 分数: 8
正在处理第 426/681 组 (1 个三元组)...
成功提取到 1 个分数
  - 三元组 1: I'm So Lonesome I Could Cry -> 分数: 10
正在处理第 427/681 组 (1 个三元组)...
成功提取到 1 个分数
  - 三元组 1: I'm So Lonesome I Could Cry -> 分数: 3
正在处理第 428/681 组 (1 个三元组)...
成功提取到 1 个分数
  - 三元组 1: I'm So Lonesome I Could Cry -> 分数: 2
正在处理第 429/681 组 (1 个三元组)...
警告：期望 1 个分数，但只找到 2 个，开始重试...
第 1 次重试API调用...
重试第 1 次的响应：
重试成功！提取到 1 个分数
  - 三元组 1: I'm So Lonesome I Could Cry -> 分数: 7
正在处理第 430/681 组 (1 个三元组)...
成功提取到 1 个分数
  - 三元组 1: I'm So Lonesome I Could Cry -> 分数: 7
正在处理第 431/681 组 (1 个三元组)...
成功提取到 1 个分数
  - 三元组 1: I'm Alive and on Fire -> 分数: 2
正在处理第 432/681 组 (1 个三元组)...
成功提取到 1 个分数
  - 三元组 1: I'm Alive and on Fire -> 分数: 8
正在处理第 433/681 组 (1 个三元组)...
成功提取到 1 个分数
  - 三元组 1: I'm Alive and on Fire -> 分数: 2
正在处理第 434/681 组 (1 个三元组)...
成功提取到 1 个分数
  - 三元组 1: I'm Alive and on Fire -> 分数: 3
正在处理第 435/681 组 (1 个三元组)...
成功提取到 1 个分数
  - 三元组 1: Pope John XXIII -> 分数: 4
正在处理第 436/681 组 (1 个三元组)...
警告：期望 1 个分数，但只找到 0 个，开始重试...
第 1 次重试API调用...
重试第 1 次的响应：
重试第 1 次仍然不匹配：期望 1 个，得到 0 个
第 2 次重试API调用...
重试第 2 次的响应：
重试第 2 次仍然不匹配：期望 1 个，得到 0 个
第 3 次重试API调用...
重试第 3 次的响应：
重试第 3 次仍然不匹配：期望 1 个，得到 0 个
所有重试都失败，使用默认分数 12
  - 三元组 1: Pope John XXIII -> 分数: 12
正在处理第 437/681 组 (1 个三元组)...
成功提取到 1 个分数
  - 三元组 1: Pope John XXIII -> 分数: 2
正在处理第 438/681 组 (1 个三元组)...
成功提取到 1 个分数
  - 三元组 1: Pope John XXIII -> 分数: 3
正在处理第 439/681 组 (1 个三元组)...
成功提取到 1 个分数
  - 三元组 1: Pope John XXIII -> 分数: 7
正在处理第 440/681 组 (1 个三元组)...
成功提取到 1 个分数
  - 三元组 1: Pope John XXIII -> 分数: 3
正在处理第 441/681 组 (1 个三元组)...
成功提取到 1 个分数
  - 三元组 1: Pope John XXIII -> 分数: 8
正在处理第 442/681 组 (1 个三元组)...
成功提取到 1 个分数
  - 三元组 1: James III of Cyprus -> 分数: 10
正在处理第 443/681 组 (1 个三元组)...
成功提取到 1 个分数
  - 三元组 1: James III of Cyprus -> 分数: 10
正在处理第 444/681 组 (1 个三元组)...
警告：期望 1 个分数，但只找到 2 个，开始重试...
第 1 次重试API调用...
重试第 1 次的响应：
重试成功！提取到 1 个分数
  - 三元组 1: James III of Cyprus -> 分数: 2
正在处理第 445/681 组 (1 个三元组)...
成功提取到 1 个分数
  - 三元组 1: James III of Cyprus -> 分数: 1
正在处理第 446/681 组 (1 个三元组)...
成功提取到 1 个分数
  - 三元组 1: James III of Cyprus -> 分数: 5
正在处理第 447/681 组 (1 个三元组)...
成功提取到 1 个分数
  - 三元组 1: James III of Cyprus -> 分数: 8
正在处理第 448/681 组 (1 个三元组)...
警告：期望 1 个分数，但只找到 2 个，开始重试...
第 1 次重试API调用...
重试第 1 次的响应：
重试成功！提取到 1 个分数
  - 三元组 1: James III of Cyprus -> 分数: 6
正在处理第 449/681 组 (1 个三元组)...
成功提取到 1 个分数
  - 三元组 1: James III of Cyprus -> 分数: 2
正在处理第 450/681 组 (1 个三元组)...
成功提取到 1 个分数
  - 三元组 1: James III of Cyprus -> 分数: 10
正在处理第 451/681 组 (1 个三元组)...
成功提取到 1 个分数
  - 三元组 1: Empress Dowager Gou -> 分数: 3
正在处理第 452/681 组 (1 个三元组)...
警告：期望 1 个分数，但只找到 2 个，开始重试...
第 1 次重试API调用...
重试第 1 次的响应：
重试成功！提取到 1 个分数
  - 三元组 1: Empress Dowager Gou -> 分数: 3
正在处理第 453/681 组 (1 个三元组)...
成功提取到 1 个分数
  - 三元组 1: Empress Dowager Gou -> 分数: 2
正在处理第 454/681 组 (1 个三元组)...
成功提取到 1 个分数
  - 三元组 1: Empress Dowager Gou -> 分数: 5
正在处理第 455/681 组 (1 个三元组)...
成功提取到 1 个分数
  - 三元组 1: Empress Dowager Gou -> 分数: 3
正在处理第 456/681 组 (1 个三元组)...
成功提取到 1 个分数
  - 三元组 1: Empress Dowager Gou -> 分数: 10
正在处理第 457/681 组 (1 个三元组)...
成功提取到 1 个分数
  - 三元组 1: Empress Dowager Gou -> 分数: 5
正在处理第 458/681 组 (1 个三元组)...
成功提取到 1 个分数
  - 三元组 1: Empress Dowager Gou -> 分数: 9
正在处理第 459/681 组 (1 个三元组)...
成功提取到 1 个分数
  - 三元组 1: Empress Dowager Gou -> 分数: 9
正在处理第 460/681 组 (1 个三元组)...
成功提取到 1 个分数
  - 三元组 1: Empress Dowager Gou -> 分数: 1
正在处理第 461/681 组 (1 个三元组)...
成功提取到 1 个分数
  - 三元组 1: Empress Dowager Gou -> 分数: 3
正在处理第 462/681 组 (1 个三元组)...
成功提取到 1 个分数
  - 三元组 1: Qing dynasty -> 分数: 9
正在处理第 463/681 组 (1 个三元组)...
第 1 次批量三元组评估收到空响应
第 2 次批量三元组评估收到空响应
第 3 次批量三元组评估收到空响应
批量三元组评估失败，使用默认分数 12
  - 三元组 1: Qing dynasty -> 分数: 12
正在处理第 464/681 组 (1 个三元组)...
成功提取到 1 个分数
  - 三元组 1: Qing dynasty -> 分数: 10
正在处理第 465/681 组 (1 个三元组)...
成功提取到 1 个分数
  - 三元组 1: Qing dynasty -> 分数: 7
正在处理第 466/681 组 (1 个三元组)...
成功提取到 1 个分数
  - 三元组 1: Qing dynasty -> 分数: 10
正在处理第 467/681 组 (1 个三元组)...
成功提取到 1 个分数
  - 三元组 1: Qing dynasty -> 分数: 10
正在处理第 468/681 组 (1 个三元组)...
成功提取到 1 个分数
  - 三元组 1: Qing dynasty -> 分数: 7
正在处理第 469/681 组 (1 个三元组)...
成功提取到 1 个分数
  - 三元组 1: Qing dynasty -> 分数: 10
正在处理第 470/681 组 (1 个三元组)...
成功提取到 1 个分数
  - 三元组 1: Francesco Argentino -> 分数: 2
正在处理第 471/681 组 (1 个三元组)...
成功提取到 1 个分数
  - 三元组 1: Francesco Argentino -> 分数: 2
正在处理第 472/681 组 (1 个三元组)...
成功提取到 1 个分数
  - 三元组 1: Francesco Argentino -> 分数: 2
正在处理第 473/681 组 (1 个三元组)...
成功提取到 1 个分数
  - 三元组 1: Francesco Argentino -> 分数: 4
正在处理第 474/681 组 (1 个三元组)...
成功提取到 1 个分数
  - 三元组 1: Francesco Argentino -> 分数: 5
正在处理第 475/681 组 (1 个三元组)...
成功提取到 1 个分数
  - 三元组 1: Francesco Argentino -> 分数: 3
正在处理第 476/681 组 (1 个三元组)...
成功提取到 1 个分数
  - 三元组 1: Francesco Argentino -> 分数: 3
正在处理第 477/681 组 (1 个三元组)...
成功提取到 1 个分数
  - 三元组 1: Francesco Argentino -> 分数: 2
正在处理第 478/681 组 (1 个三元组)...
成功提取到 1 个分数
  - 三元组 1: Francesco Argentino -> 分数: 3
正在处理第 479/681 组 (1 个三元组)...
成功提取到 1 个分数
  - 三元组 1: Pelias -> 分数: 7
正在处理第 480/681 组 (1 个三元组)...
成功提取到 1 个分数
  - 三元组 1: Pelias -> 分数: 8
正在处理第 481/681 组 (1 个三元组)...
成功提取到 1 个分数
  - 三元组 1: Pelias -> 分数: 9
正在处理第 482/681 组 (1 个三元组)...
成功提取到 1 个分数
  - 三元组 1: Pelias -> 分数: 10
正在处理第 483/681 组 (1 个三元组)...
成功提取到 1 个分数
  - 三元组 1: Pelias -> 分数: 10
正在处理第 484/681 组 (1 个三元组)...
成功提取到 1 个分数
  - 三元组 1: Pelias -> 分数: 9
正在处理第 485/681 组 (1 个三元组)...
成功提取到 1 个分数
  - 三元组 1: Pelias -> 分数: 7
正在处理第 486/681 组 (1 个三元组)...
成功提取到 1 个分数
  - 三元组 1: Pelias -> 分数: 10
正在处理第 487/681 组 (1 个三元组)...
成功提取到 1 个分数
  - 三元组 1: Pelias -> 分数: 10
正在处理第 488/681 组 (1 个三元组)...
成功提取到 1 个分数
  - 三元组 1: Pelias -> 分数: 8
正在处理第 489/681 组 (1 个三元组)...
成功提取到 1 个分数
  - 三元组 1: Pelias -> 分数: 4
正在处理第 490/681 组 (1 个三元组)...
成功提取到 1 个分数
  - 三元组 1: Pelias -> 分数: 9
正在处理第 491/681 组 (1 个三元组)...
成功提取到 1 个分数
  - 三元组 1: Pelias -> 分数: 6
正在处理第 492/681 组 (1 个三元组)...
成功提取到 1 个分数
  - 三元组 1: Pelias -> 分数: 7
正在处理第 493/681 组 (1 个三元组)...
成功提取到 1 个分数
  - 三元组 1: Pelias -> 分数: 6
正在处理第 494/681 组 (1 个三元组)...
成功提取到 1 个分数
  - 三元组 1: Pelias -> 分数: 9
正在处理第 495/681 组 (1 个三元组)...
成功提取到 1 个分数
  - 三元组 1: Pelias -> 分数: 3
正在处理第 496/681 组 (1 个三元组)...
成功提取到 1 个分数
  - 三元组 1: Pelias -> 分数: 3
正在处理第 497/681 组 (1 个三元组)...
成功提取到 1 个分数
  - 三元组 1: Pelias -> 分数: 3
正在处理第 498/681 组 (1 个三元组)...
成功提取到 1 个分数
  - 三元组 1: Pelias -> 分数: 5
正在处理第 499/681 组 (1 个三元组)...
成功提取到 1 个分数
  - 三元组 1: Paul-Louis Halley -> 分数: 3
正在处理第 500/681 组 (1 个三元组)...
成功提取到 1 个分数
  - 三元组 1: Paul-Louis Halley -> 分数: 3
正在处理第 501/681 组 (1 个三元组)...
成功提取到 1 个分数
  - 三元组 1: Paul-Louis Halley -> 分数: 2
正在处理第 502/681 组 (1 个三元组)...
成功提取到 1 个分数
  - 三元组 1: Pope John XXIII -> 分数: 5
正在处理第 503/681 组 (1 个三元组)...
警告：期望 1 个分数，但只找到 0 个，开始重试...
第 1 次重试API调用...
重试第 1 次的响应：
重试第 1 次仍然不匹配：期望 1 个，得到 0 个
第 2 次重试API调用...
重试第 2 次的响应：
重试第 2 次仍然不匹配：期望 1 个，得到 0 个
第 3 次重试API调用...
重试第 3 次的响应：
重试第 3 次仍然不匹配：期望 1 个，得到 0 个
所有重试都失败，使用默认分数 12
  - 三元组 1: Pope John XXIII -> 分数: 12
正在处理第 504/681 组 (1 个三元组)...
成功提取到 1 个分数
  - 三元组 1: Pope John XXIII -> 分数: 2
正在处理第 505/681 组 (1 个三元组)...
成功提取到 1 个分数
  - 三元组 1: Pope John XXIII -> 分数: 3
正在处理第 506/681 组 (1 个三元组)...
成功提取到 1 个分数
  - 三元组 1: Pope John XXIII -> 分数: 8
正在处理第 507/681 组 (1 个三元组)...
成功提取到 1 个分数
  - 三元组 1: Pope John XXIII -> 分数: 3
正在处理第 508/681 组 (1 个三元组)...
成功提取到 1 个分数
  - 三元组 1: Pope John XXIII -> 分数: 7
正在处理第 509/681 组 (1 个三元组)...
成功提取到 1 个分数
  - 三元组 1: Angela Merkel -> 分数: 0
正在处理第 510/681 组 (1 个三元组)...
成功提取到 1 个分数
  - 三元组 1: Angela Merkel -> 分数: 10
正在处理第 511/681 组 (1 个三元组)...
成功提取到 1 个分数
  - 三元组 1: Angela Merkel -> 分数: 10
正在处理第 512/681 组 (1 个三元组)...
成功提取到 1 个分数
  - 三元组 1: Angela Merkel -> 分数: 3
正在处理第 513/681 组 (1 个三元组)...
成功提取到 1 个分数
  - 三元组 1: Angela Merkel -> 分数: 2
正在处理第 514/681 组 (1 个三元组)...
第 1 次批量三元组评估收到空响应
第 2 次批量三元组评估收到空响应
第 3 次批量三元组评估收到空响应
批量三元组评估失败，使用默认分数 12
  - 三元组 1: Angela Merkel -> 分数: 12
正在处理第 515/681 组 (1 个三元组)...
成功提取到 1 个分数
  - 三元组 1: Angela Merkel -> 分数: 0
正在处理第 516/681 组 (1 个三元组)...
成功提取到 1 个分数
  - 三元组 1: Angela Merkel -> 分数: 7
正在处理第 517/681 组 (1 个三元组)...
成功提取到 1 个分数
  - 三元组 1: Angela Merkel -> 分数: 5
正在处理第 518/681 组 (1 个三元组)...
成功提取到 1 个分数
  - 三元组 1: Angela Merkel -> 分数: 2
正在处理第 519/681 组 (1 个三元组)...
成功提取到 1 个分数
  - 三元组 1: Angela Merkel -> 分数: 2
正在处理第 520/681 组 (1 个三元组)...
成功提取到 1 个分数
  - 三元组 1: Angela Merkel -> 分数: 4
正在处理第 521/681 组 (1 个三元组)...
成功提取到 1 个分数
  - 三元组 1: Angela Merkel -> 分数: 10
正在处理第 522/681 组 (1 个三元组)...
成功提取到 1 个分数
  - 三元组 1: Ira Madiyama -> 分数: 3
正在处理第 523/681 组 (1 个三元组)...
成功提取到 1 个分数
  - 三元组 1: Ira Madiyama -> 分数: 2
正在处理第 524/681 组 (1 个三元组)...
成功提取到 1 个分数
  - 三元组 1: Ira Madiyama -> 分数: 2
正在处理第 525/681 组 (1 个三元组)...
成功提取到 1 个分数
  - 三元组 1: Ira Madiyama -> 分数: 4
正在处理第 526/681 组 (1 个三元组)...
成功提取到 1 个分数
  - 三元组 1: Ira Madiyama -> 分数: 3
正在处理第 527/681 组 (1 个三元组)...
成功提取到 1 个分数
  - 三元组 1: Crucifixion (Titian) -> 分数: 10
正在处理第 528/681 组 (1 个三元组)...
成功提取到 1 个分数
  - 三元组 1: Crucifixion (Titian) -> 分数: 10
正在处理第 529/681 组 (1 个三元组)...
成功提取到 1 个分数
  - 三元组 1: Crucifixion (Titian) -> 分数: 6
正在处理第 530/681 组 (1 个三元组)...
成功提取到 1 个分数
  - 三元组 1: Crucifixion (Titian) -> 分数: 10
正在处理第 531/681 组 (1 个三元组)...
成功提取到 1 个分数
  - 三元组 1: Crucifixion (Titian) -> 分数: 7
正在处理第 532/681 组 (1 个三元组)...
成功提取到 1 个分数
  - 三元组 1: Crucifixion (Titian) -> 分数: 5
正在处理第 533/681 组 (1 个三元组)...
成功提取到 1 个分数
  - 三元组 1: Crucifixion (Titian) -> 分数: 3
正在处理第 534/681 组 (1 个三元组)...
成功提取到 1 个分数
  - 三元组 1: Crucifixion (Titian) -> 分数: 10
正在处理第 535/681 组 (1 个三元组)...
成功提取到 1 个分数
  - 三元组 1: Pope John XXIII -> 分数: 2
正在处理第 536/681 组 (1 个三元组)...
警告：期望 1 个分数，但只找到 0 个，开始重试...
第 1 次重试API调用...
重试第 1 次的响应：
重试第 1 次仍然不匹配：期望 1 个，得到 0 个
第 2 次重试API调用...
重试第 2 次的响应：
重试第 2 次仍然不匹配：期望 1 个，得到 0 个
第 3 次重试API调用...
重试第 3 次的响应：
重试第 3 次仍然不匹配：期望 1 个，得到 0 个
所有重试都失败，使用默认分数 12
  - 三元组 1: Pope John XXIII -> 分数: 12
正在处理第 537/681 组 (1 个三元组)...
成功提取到 1 个分数
  - 三元组 1: Pope John XXIII -> 分数: 2
正在处理第 538/681 组 (1 个三元组)...
成功提取到 1 个分数
  - 三元组 1: Pope John XXIII -> 分数: 2
正在处理第 539/681 组 (1 个三元组)...
成功提取到 1 个分数
  - 三元组 1: Pope John XXIII -> 分数: 5
正在处理第 540/681 组 (1 个三元组)...
成功提取到 1 个分数
  - 三元组 1: Pope John XXIII -> 分数: 5
正在处理第 541/681 组 (1 个三元组)...
成功提取到 1 个分数
  - 三元组 1: Pope John XXIII -> 分数: 7
正在处理第 542/681 组 (1 个三元组)...
成功提取到 1 个分数
  - 三元组 1: Bartow, West Virginia -> 分数: 10
正在处理第 543/681 组 (1 个三元组)...
成功提取到 1 个分数
  - 三元组 1: Bartow, West Virginia -> 分数: 10
正在处理第 544/681 组 (1 个三元组)...
成功提取到 1 个分数
  - 三元组 1: Bartow, West Virginia -> 分数: 6
正在处理第 545/681 组 (1 个三元组)...
成功提取到 1 个分数
  - 三元组 1: Charlie's Angels -> 分数: 9
正在处理第 546/681 组 (1 个三元组)...
成功提取到 1 个分数
  - 三元组 1: Charlie's Angels -> 分数: 10
正在处理第 547/681 组 (1 个三元组)...
成功提取到 1 个分数
  - 三元组 1: Charlie's Angels -> 分数: 9
正在处理第 548/681 组 (1 个三元组)...
成功提取到 1 个分数
  - 三元组 1: Charlie's Angels -> 分数: 9
正在处理第 549/681 组 (1 个三元组)...
成功提取到 1 个分数
  - 三元组 1: Charlie's Angels -> 分数: 7
正在处理第 550/681 组 (1 个三元组)...
成功提取到 1 个分数
  - 三元组 1: Charlie's Angels -> 分数: 3
正在处理第 551/681 组 (1 个三元组)...
成功提取到 1 个分数
  - 三元组 1: Charlie's Angels -> 分数: 10
正在处理第 552/681 组 (1 个三元组)...
成功提取到 1 个分数
  - 三元组 1: Charlie's Angels -> 分数: 10
正在处理第 553/681 组 (1 个三元组)...
成功提取到 1 个分数
  - 三元组 1: Charlie's Angels -> 分数: 10
正在处理第 554/681 组 (1 个三元组)...
成功提取到 1 个分数
  - 三元组 1: Charlie's Angels -> 分数: 10
正在处理第 555/681 组 (1 个三元组)...
成功提取到 1 个分数
  - 三元组 1: Charlie's Angels -> 分数: 10
正在处理第 556/681 组 (1 个三元组)...
成功提取到 1 个分数
  - 三元组 1: Charlie's Angels -> 分数: 9
正在处理第 557/681 组 (1 个三元组)...
成功提取到 1 个分数
  - 三元组 1: Charlie's Angels -> 分数: 10
正在处理第 558/681 组 (1 个三元组)...
成功提取到 1 个分数
  - 三元组 1: Charlie's Angels -> 分数: 10
正在处理第 559/681 组 (1 个三元组)...
成功提取到 1 个分数
  - 三元组 1: Charlie's Angels -> 分数: 10
正在处理第 560/681 组 (1 个三元组)...
成功提取到 1 个分数
  - 三元组 1: Charlie's Angels -> 分数: 10
正在处理第 561/681 组 (1 个三元组)...
成功提取到 1 个分数
  - 三元组 1: Charlie's Angels -> 分数: 10
正在处理第 562/681 组 (1 个三元组)...
成功提取到 1 个分数
  - 三元组 1: Charlie's Angels -> 分数: 10
正在处理第 563/681 组 (1 个三元组)...
成功提取到 1 个分数
  - 三元组 1: Charlie's Angels -> 分数: 10
正在处理第 564/681 组 (1 个三元组)...
成功提取到 1 个分数
  - 三元组 1: Charlie's Angels -> 分数: 10
正在处理第 565/681 组 (1 个三元组)...
成功提取到 1 个分数
  - 三元组 1: Charlie's Angels -> 分数: 10
正在处理第 566/681 组 (1 个三元组)...
成功提取到 1 个分数
  - 三元组 1: Charlie's Angels -> 分数: 10
正在处理第 567/681 组 (1 个三元组)...
成功提取到 1 个分数
  - 三元组 1: Oldest people -> 分数: 9
正在处理第 568/681 组 (1 个三元组)...
成功提取到 1 个分数
  - 三元组 1: Oldest people -> 分数: 10
正在处理第 569/681 组 (1 个三元组)...
成功提取到 1 个分数
  - 三元组 1: Oldest people -> 分数: 9
正在处理第 570/681 组 (1 个三元组)...
成功提取到 1 个分数
  - 三元组 1: Oldest people -> 分数: 2
正在处理第 571/681 组 (1 个三元组)...
成功提取到 1 个分数
  - 三元组 1: Oldest people -> 分数: 9
正在处理第 572/681 组 (1 个三元组)...
成功提取到 1 个分数
  - 三元组 1: Oldest people -> 分数: 10
正在处理第 573/681 组 (1 个三元组)...
成功提取到 1 个分数
  - 三元组 1: Oldest people -> 分数: 7
正在处理第 574/681 组 (1 个三元组)...
成功提取到 1 个分数
  - 三元组 1: Oldest people -> 分数: 3
正在处理第 575/681 组 (1 个三元组)...
成功提取到 1 个分数
  - 三元组 1: Oldest people -> 分数: 3
正在处理第 576/681 组 (1 个三元组)...
成功提取到 1 个分数
  - 三元组 1: Oldest people -> 分数: 3
正在处理第 577/681 组 (1 个三元组)...
成功提取到 1 个分数
  - 三元组 1: Oldest people -> 分数: 10
正在处理第 578/681 组 (1 个三元组)...
成功提取到 1 个分数
  - 三元组 1: Oldest people -> 分数: 10
正在处理第 579/681 组 (1 个三元组)...
成功提取到 1 个分数
  - 三元组 1: Oldest people -> 分数: 2
正在处理第 580/681 组 (1 个三元组)...
成功提取到 1 个分数
  - 三元组 1: Oldest people -> 分数: 7
正在处理第 581/681 组 (1 个三元组)...
成功提取到 1 个分数
  - 三元组 1: Oldest people -> 分数: 9
正在处理第 582/681 组 (1 个三元组)...
成功提取到 1 个分数
  - 三元组 1: Oldest people -> 分数: 2
正在处理第 583/681 组 (1 个三元组)...
成功提取到 1 个分数
  - 三元组 1: Oldest people -> 分数: 10
正在处理第 584/681 组 (1 个三元组)...
成功提取到 1 个分数
  - 三元组 1: Oldest people -> 分数: 10
正在处理第 585/681 组 (1 个三元组)...
成功提取到 1 个分数
  - 三元组 1: Oldest people -> 分数: 3
正在处理第 586/681 组 (1 个三元组)...
成功提取到 1 个分数
  - 三元组 1: Oldest people -> 分数: 10
正在处理第 587/681 组 (1 个三元组)...
成功提取到 1 个分数
  - 三元组 1: Oldest people -> 分数: 10
正在处理第 588/681 组 (1 个三元组)...
成功提取到 1 个分数
  - 三元组 1: Oldest people -> 分数: 7
正在处理第 589/681 组 (1 个三元组)...
成功提取到 1 个分数
  - 三元组 1: Oldest people -> 分数: 10
正在处理第 590/681 组 (1 个三元组)...
成功提取到 1 个分数
  - 三元组 1: Oldest people -> 分数: 10
正在处理第 591/681 组 (1 个三元组)...
成功提取到 1 个分数
  - 三元组 1: Oldest people -> 分数: 3
正在处理第 592/681 组 (1 个三元组)...
成功提取到 1 个分数
  - 三元组 1: Oldest people -> 分数: 8
正在处理第 593/681 组 (1 个三元组)...
成功提取到 1 个分数
  - 三元组 1: Oldest people -> 分数: 10
正在处理第 594/681 组 (1 个三元组)...
成功提取到 1 个分数
  - 三元组 1: Oldest people -> 分数: 5
正在处理第 595/681 组 (1 个三元组)...
成功提取到 1 个分数
  - 三元组 1: Oldest people -> 分数: 10
正在处理第 596/681 组 (1 个三元组)...
成功提取到 1 个分数
  - 三元组 1: List of oldest surviving professional wrestlers -> 分数: 5
正在处理第 597/681 组 (1 个三元组)...
成功提取到 1 个分数
  - 三元组 1: List of oldest surviving professional wrestlers -> 分数: 3
正在处理第 598/681 组 (1 个三元组)...
成功提取到 1 个分数
  - 三元组 1: List of oldest surviving professional wrestlers -> 分数: 3
正在处理第 599/681 组 (1 个三元组)...
成功提取到 1 个分数
  - 三元组 1: List of oldest surviving professional wrestlers -> 分数: 5
正在处理第 600/681 组 (1 个三元组)...
成功提取到 1 个分数
  - 三元组 1: List of oldest surviving professional wrestlers -> 分数: 3
正在处理第 601/681 组 (1 个三元组)...
成功提取到 1 个分数
  - 三元组 1: List of oldest surviving professional wrestlers -> 分数: 2
正在处理第 602/681 组 (1 个三元组)...
成功提取到 1 个分数
  - 三元组 1: List of oldest surviving professional wrestlers -> 分数: 3
正在处理第 603/681 组 (1 个三元组)...
成功提取到 1 个分数
  - 三元组 1: List of oldest surviving professional wrestlers -> 分数: 5
正在处理第 604/681 组 (1 个三元组)...
成功提取到 1 个分数
  - 三元组 1: List of oldest surviving professional wrestlers -> 分数: 7
正在处理第 605/681 组 (1 个三元组)...
成功提取到 1 个分数
  - 三元组 1: List of oldest surviving professional wrestlers -> 分数: 5
正在处理第 606/681 组 (1 个三元组)...
成功提取到 1 个分数
  - 三元组 1: List of oldest surviving professional wrestlers -> 分数: 3
正在处理第 607/681 组 (1 个三元组)...
成功提取到 1 个分数
  - 三元组 1: List of oldest surviving professional wrestlers -> 分数: 8
正在处理第 608/681 组 (1 个三元组)...
成功提取到 1 个分数
  - 三元组 1: List of oldest surviving professional wrestlers -> 分数: 5
正在处理第 609/681 组 (1 个三元组)...
成功提取到 1 个分数
  - 三元组 1: List of oldest surviving professional wrestlers -> 分数: 3
正在处理第 610/681 组 (1 个三元组)...
成功提取到 1 个分数
  - 三元组 1: List of oldest surviving professional wrestlers -> 分数: 5
正在处理第 611/681 组 (1 个三元组)...
成功提取到 1 个分数
  - 三元组 1: List of oldest surviving professional wrestlers -> 分数: 3
正在处理第 612/681 组 (1 个三元组)...
成功提取到 1 个分数
  - 三元组 1: List of oldest surviving professional wrestlers -> 分数: 3
正在处理第 613/681 组 (1 个三元组)...
成功提取到 1 个分数
  - 三元组 1: List of oldest surviving professional wrestlers -> 分数: 8
正在处理第 614/681 组 (1 个三元组)...
成功提取到 1 个分数
  - 三元组 1: List of oldest surviving professional wrestlers -> 分数: 2
正在处理第 615/681 组 (1 个三元组)...
成功提取到 1 个分数
  - 三元组 1: List of oldest surviving professional wrestlers -> 分数: 3
正在处理第 616/681 组 (1 个三元组)...
成功提取到 1 个分数
  - 三元组 1: List of oldest surviving professional wrestlers -> 分数: 2
正在处理第 617/681 组 (1 个三元组)...
成功提取到 1 个分数
  - 三元组 1: List of oldest surviving professional wrestlers -> 分数: 3
正在处理第 618/681 组 (1 个三元组)...
成功提取到 1 个分数
  - 三元组 1: List of oldest surviving professional wrestlers -> 分数: 3
正在处理第 619/681 组 (1 个三元组)...
成功提取到 1 个分数
  - 三元组 1: List of oldest surviving professional wrestlers -> 分数: 5
正在处理第 620/681 组 (1 个三元组)...
警告：期望 1 个分数，但只找到 2 个，开始重试...
第 1 次重试API调用...
重试第 1 次的响应：
重试成功！提取到 1 个分数
  - 三元组 1: List of oldest surviving professional wrestlers -> 分数: 3
正在处理第 621/681 组 (1 个三元组)...
成功提取到 1 个分数
  - 三元组 1: List of oldest surviving professional wrestlers -> 分数: 5
正在处理第 622/681 组 (1 个三元组)...
成功提取到 1 个分数
  - 三元组 1: List of oldest surviving professional wrestlers -> 分数: 5
正在处理第 623/681 组 (1 个三元组)...
成功提取到 1 个分数
  - 三元组 1: List of oldest surviving professional wrestlers -> 分数: 2
正在处理第 624/681 组 (1 个三元组)...
成功提取到 1 个分数
  - 三元组 1: List of oldest surviving professional wrestlers -> 分数: 2
正在处理第 625/681 组 (1 个三元组)...
成功提取到 1 个分数
  - 三元组 1: List of oldest surviving professional wrestlers -> 分数: 5
正在处理第 626/681 组 (1 个三元组)...
成功提取到 1 个分数
  - 三元组 1: List of oldest surviving professional wrestlers -> 分数: 3
正在处理第 627/681 组 (1 个三元组)...
成功提取到 1 个分数
  - 三元组 1: Louise Élisabeth d'Orléans -> 分数: 10
正在处理第 628/681 组 (1 个三元组)...
警告：期望 1 个分数，但只找到 2 个，开始重试...
第 1 次重试API调用...
重试第 1 次的响应：
重试第 1 次仍然不匹配：期望 1 个，得到 2 个
第 2 次重试API调用...
重试第 2 次的响应：
重试第 2 次仍然不匹配：期望 1 个，得到 2 个
第 3 次重试API调用...
重试第 3 次的响应：
重试成功！提取到 1 个分数
  - 三元组 1: Louise Élisabeth d'Orléans -> 分数: 5
正在处理第 629/681 组 (1 个三元组)...
成功提取到 1 个分数
  - 三元组 1: Louise Élisabeth d'Orléans -> 分数: 0
正在处理第 630/681 组 (1 个三元组)...
警告：期望 1 个分数，但只找到 0 个，开始重试...
第 1 次重试API调用...
重试第 1 次的响应：
重试第 1 次仍然不匹配：期望 1 个，得到 0 个
第 2 次重试API调用...
重试第 2 次的响应：
重试第 2 次仍然不匹配：期望 1 个，得到 0 个
第 3 次重试API调用...
重试第 3 次的响应：
重试第 3 次仍然不匹配：期望 1 个，得到 0 个
所有重试都失败，使用默认分数 12
  - 三元组 1: Louise Élisabeth d'Orléans -> 分数: 12
正在处理第 631/681 组 (1 个三元组)...
成功提取到 1 个分数
  - 三元组 1: Louise Élisabeth d'Orléans -> 分数: 10
正在处理第 632/681 组 (1 个三元组)...
成功提取到 1 个分数
  - 三元组 1: Louise Élisabeth d'Orléans -> 分数: 10
正在处理第 633/681 组 (1 个三元组)...
成功提取到 1 个分数
  - 三元组 1: Louise Élisabeth d'Orléans -> 分数: 10
正在处理第 634/681 组 (1 个三元组)...
成功提取到 1 个分数
  - 三元组 1: Jean-Christophe Mitterrand -> 分数: 1
正在处理第 635/681 组 (1 个三元组)...
成功提取到 1 个分数
  - 三元组 1: Jean-Christophe Mitterrand -> 分数: 4
正在处理第 636/681 组 (1 个三元组)...
成功提取到 1 个分数
  - 三元组 1: Jean-Christophe Mitterrand -> 分数: 2
正在处理第 637/681 组 (1 个三元组)...
成功提取到 1 个分数
  - 三元组 1: Jean-Christophe Mitterrand -> 分数: 3
正在处理第 638/681 组 (1 个三元组)...
成功提取到 1 个分数
  - 三元组 1: Jean-Christophe Mitterrand -> 分数: 5
正在处理第 639/681 组 (1 个三元组)...
成功提取到 1 个分数
  - 三元组 1: Jean-Christophe Mitterrand -> 分数: 5
正在处理第 640/681 组 (1 个三元组)...
成功提取到 1 个分数
  - 三元组 1: Jean-Christophe Mitterrand -> 分数: 3
正在处理第 641/681 组 (1 个三元组)...
成功提取到 1 个分数
  - 三元组 1: Jean-Christophe Mitterrand -> 分数: 2
正在处理第 642/681 组 (1 个三元组)...
成功提取到 1 个分数
  - 三元组 1: Molotov–Ribbentrop Pact -> 分数: 10
正在处理第 643/681 组 (1 个三元组)...
成功提取到 1 个分数
  - 三元组 1: Molotov–Ribbentrop Pact -> 分数: 7
正在处理第 644/681 组 (1 个三元组)...
成功提取到 1 个分数
  - 三元组 1: Molotov–Ribbentrop Pact -> 分数: 10
正在处理第 645/681 组 (1 个三元组)...
成功提取到 1 个分数
  - 三元组 1: Molotov–Ribbentrop Pact -> 分数: 2
正在处理第 646/681 组 (1 个三元组)...
成功提取到 1 个分数
  - 三元组 1: Molotov–Ribbentrop Pact -> 分数: 10
正在处理第 647/681 组 (1 个三元组)...
成功提取到 1 个分数
  - 三元组 1: Molotov–Ribbentrop Pact -> 分数: 9
正在处理第 648/681 组 (1 个三元组)...
警告：期望 1 个分数，但只找到 0 个，开始重试...
第 1 次重试API调用...
重试第 1 次的响应：
重试第 1 次仍然不匹配：期望 1 个，得到 0 个
第 2 次重试API调用...
重试第 2 次的响应：
重试第 2 次仍然不匹配：期望 1 个，得到 0 个
第 3 次重试API调用...
重试第 3 次的响应：
重试第 3 次仍然不匹配：期望 1 个，得到 0 个
所有重试都失败，使用默认分数 12
  - 三元组 1: Molotov–Ribbentrop Pact -> 分数: 12
正在处理第 649/681 组 (1 个三元组)...
成功提取到 1 个分数
  - 三元组 1: Israel -> 分数: 2
正在处理第 650/681 组 (1 个三元组)...
成功提取到 1 个分数
  - 三元组 1: Israel -> 分数: 10
正在处理第 651/681 组 (1 个三元组)...
成功提取到 1 个分数
  - 三元组 1: Israel -> 分数: 8
正在处理第 652/681 组 (1 个三元组)...
成功提取到 1 个分数
  - 三元组 1: Israel -> 分数: 10
正在处理第 653/681 组 (1 个三元组)...
成功提取到 1 个分数
  - 三元组 1: Israel -> 分数: 8
正在处理第 654/681 组 (1 个三元组)...
成功提取到 1 个分数
  - 三元组 1: Israel -> 分数: 10
正在处理第 655/681 组 (1 个三元组)...
成功提取到 1 个分数
  - 三元组 1: Israel -> 分数: 2
正在处理第 656/681 组 (1 个三元组)...
成功提取到 1 个分数
  - 三元组 1: Israel -> 分数: 2
正在处理第 657/681 组 (1 个三元组)...
成功提取到 1 个分数
  - 三元组 1: Israel -> 分数: 0
正在处理第 658/681 组 (1 个三元组)...
成功提取到 1 个分数
  - 三元组 1: Joy to the World (Three Dog Night song) -> 分数: 3
正在处理第 659/681 组 (1 个三元组)...
成功提取到 1 个分数
  - 三元组 1: Joy to the World (Three Dog Night song) -> 分数: 3
正在处理第 660/681 组 (1 个三元组)...
成功提取到 1 个分数
  - 三元组 1: Joy to the World (Three Dog Night song) -> 分数: 9
正在处理第 661/681 组 (1 个三元组)...
成功提取到 1 个分数
  - 三元组 1: Joy to the World (Three Dog Night song) -> 分数: 8
正在处理第 662/681 组 (1 个三元组)...
成功提取到 1 个分数
  - 三元组 1: Joy to the World (Three Dog Night song) -> 分数: 5
正在处理第 663/681 组 (1 个三元组)...
成功提取到 1 个分数
  - 三元组 1: Joy to the World (Three Dog Night song) -> 分数: 10
正在处理第 664/681 组 (1 个三元组)...
成功提取到 1 个分数
  - 三元组 1: Joy to the World (Three Dog Night song) -> 分数: 9
正在处理第 665/681 组 (1 个三元组)...
成功提取到 1 个分数
  - 三元组 1: Joy to the World (Three Dog Night song) -> 分数: 8
正在处理第 666/681 组 (1 个三元组)...
成功提取到 1 个分数
  - 三元组 1: Joy to the World (Three Dog Night song) -> 分数: 10
正在处理第 667/681 组 (1 个三元组)...
成功提取到 1 个分数
  - 三元组 1: Joy to the World (Three Dog Night song) -> 分数: 10
正在处理第 668/681 组 (1 个三元组)...
成功提取到 1 个分数
  - 三元组 1: Joy to the World (Three Dog Night song) -> 分数: 7
正在处理第 669/681 组 (1 个三元组)...
成功提取到 1 个分数
  - 三元组 1: Joy to the World (Three Dog Night song) -> 分数: 10
正在处理第 670/681 组 (1 个三元组)...
成功提取到 1 个分数
  - 三元组 1: Joy to the World (Three Dog Night song) -> 分数: 5
正在处理第 671/681 组 (1 个三元组)...
成功提取到 1 个分数
  - 三元组 1: Joy to the World (Three Dog Night song) -> 分数: 3
正在处理第 672/681 组 (1 个三元组)...
成功提取到 1 个分数
  - 三元组 1: Joy to the World (Three Dog Night song) -> 分数: 3
正在处理第 673/681 组 (1 个三元组)...
成功提取到 1 个分数
  - 三元组 1: Joy to the World (Three Dog Night song) -> 分数: 2
正在处理第 674/681 组 (1 个三元组)...
成功提取到 1 个分数
  - 三元组 1: Charlie Musselwhite -> 分数: 10
正在处理第 675/681 组 (1 个三元组)...
成功提取到 1 个分数
  - 三元组 1: Charlie Musselwhite -> 分数: 4
正在处理第 676/681 组 (1 个三元组)...
成功提取到 1 个分数
  - 三元组 1: Charlie Musselwhite -> 分数: 9
正在处理第 677/681 组 (1 个三元组)...
成功提取到 1 个分数
  - 三元组 1: Charlie Musselwhite -> 分数: 8
正在处理第 678/681 组 (1 个三元组)...
成功提取到 1 个分数
  - 三元组 1: Charlie Musselwhite -> 分数: 9
正在处理第 679/681 组 (1 个三元组)...
成功提取到 1 个分数
  - 三元组 1: Charlie Musselwhite -> 分数: 9
正在处理第 680/681 组 (1 个三元组)...
成功提取到 1 个分数
  - 三元组 1: Charlie Musselwhite -> 分数: 9
正在处理第 681/681 组 (1 个三元组)...
成功提取到 1 个分数
  - 三元组 1: Charlie Musselwhite -> 分数: 7

✅ 单个三元组处理完成！共处理 681 个三元组
处理后剩余默认分数 - 文本: 0 个, 三元组: 16 个
启用单个三元组处理模式处理完成！结果已保存到: /home/jiangjp/trace-idea/data/musique/musique_test1000_add_truthful_scores_with_kgs9.json
