nohup: ignoring input
🔄 启用单个三元组处理模式
🔄 启用仅重试模式
📂 将从文件 /home/jiangjp/trace-idea/data/hotpotqa/hotpotqa_test1000_add_truthful_scores_with_kgs11.json 中读取数据，仅处理默认分数为12的项目
开始处理数据集: /home/jiangjp/trace-idea/data/hotpotqa/hotpotqa_test1000_add_truthful_scores_with_kgs11.json
⚠️ 启用仅重试模式：跳过初始处理，直接处理默认分数为12的失败项目
🔍 启用单个三元组处理模式

🔧 开始按单个三元组方式处理失败项目...
每次API调用处理 1 个三元组
发现默认分数 - 文本: 0 个, 三元组: 7 个
总共需要重新处理 7 个三元组
正在处理第 1/7 组 (1 个三元组)...
警告：期望 1 个分数，但只找到 0 个，开始重试...
第 1 次重试API调用...
重试第 1 次的响应：
重试第 1 次仍然不匹配：期望 1 个，得到 0 个
第 2 次重试API调用...
重试第 2 次的响应：
重试第 2 次仍然不匹配：期望 1 个，得到 0 个
第 3 次重试API调用...
重试第 3 次的响应：
重试第 3 次仍然不匹配：期望 1 个，得到 0 个
所有重试都失败，使用默认分数 12
  - 三元组 1: HK Express -> 分数: 12
正在处理第 2/7 组 (1 个三元组)...
警告：期望 1 个分数，但只找到 0 个，开始重试...
第 1 次重试API调用...
重试第 1 次的响应：
重试第 1 次仍然不匹配：期望 1 个，得到 0 个
第 2 次重试API调用...
重试第 2 次的响应：
重试第 2 次仍然不匹配：期望 1 个，得到 0 个
第 3 次重试API调用...
重试第 3 次的响应：
重试第 3 次仍然不匹配：期望 1 个，得到 0 个
所有重试都失败，使用默认分数 12
  - 三元组 1: Wizet -> 分数: 12
正在处理第 3/7 组 (1 个三元组)...
警告：期望 1 个分数，但只找到 0 个，开始重试...
第 1 次重试API调用...
重试第 1 次的响应：
重试第 1 次仍然不匹配：期望 1 个，得到 0 个
第 2 次重试API调用...
重试第 2 次的响应：
重试第 2 次仍然不匹配：期望 1 个，得到 0 个
第 3 次重试API调用...
重试第 3 次的响应：
重试第 3 次仍然不匹配：期望 1 个，得到 0 个
所有重试都失败，使用默认分数 12
  - 三元组 1: Gordonia -> 分数: 12
正在处理第 4/7 组 (1 个三元组)...
警告：期望 1 个分数，但只找到 0 个，开始重试...
第 1 次重试API调用...
重试第 1 次的响应：
重试第 1 次仍然不匹配：期望 1 个，得到 0 个
第 2 次重试API调用...
重试第 2 次的响应：
重试第 2 次仍然不匹配：期望 1 个，得到 0 个
第 3 次重试API调用...
重试第 3 次的响应：
重试第 3 次仍然不匹配：期望 1 个，得到 0 个
所有重试都失败，使用默认分数 12
  - 三元组 1: Solun, Horqin Right Front Banner -> 分数: 12
正在处理第 5/7 组 (1 个三元组)...
警告：期望 1 个分数，但只找到 0 个，开始重试...
第 1 次重试API调用...
重试第 1 次的响应：
重试第 1 次仍然不匹配：期望 1 个，得到 0 个
第 2 次重试API调用...
重试第 2 次的响应：
重试第 2 次仍然不匹配：期望 1 个，得到 0 个
第 3 次重试API调用...
重试第 3 次的响应：
重试第 3 次仍然不匹配：期望 1 个，得到 0 个
所有重试都失败，使用默认分数 12
  - 三元组 1: Red Scare Conviction Focus -> 分数: 12
正在处理第 6/7 组 (1 个三元组)...
警告：期望 1 个分数，但只找到 0 个，开始重试...
第 1 次重试API调用...
重试第 1 次的响应：
重试第 1 次仍然不匹配：期望 1 个，得到 0 个
第 2 次重试API调用...
重试第 2 次的响应：
重试第 2 次仍然不匹配：期望 1 个，得到 0 个
第 3 次重试API调用...
重试第 3 次的响应：
重试第 3 次仍然不匹配：期望 1 个，得到 0 个
所有重试都失败，使用默认分数 12
  - 三元组 1: Luxify -> 分数: 12
正在处理第 7/7 组 (1 个三元组)...
警告：期望 1 个分数，但只找到 0 个，开始重试...
第 1 次重试API调用...
重试第 1 次的响应：
重试第 1 次仍然不匹配：期望 1 个，得到 0 个
第 2 次重试API调用...
重试第 2 次的响应：
重试第 2 次仍然不匹配：期望 1 个，得到 0 个
第 3 次重试API调用...
重试第 3 次的响应：
重试第 3 次仍然不匹配：期望 1 个，得到 0 个
所有重试都失败，使用默认分数 12
  - 三元组 1: Fated to Love You (2008 TV series) -> 分数: 12

✅ 单个三元组处理完成！共处理 7 个三元组
处理后剩余默认分数 - 文本: 0 个, 三元组: 7 个
启用单个三元组处理模式处理完成！结果已保存到: /home/jiangjp/trace-idea/data/hotpotqa/hotpotqa_test1000_add_truthful_scores_with_kgs12.json
