nohup: ignoring input
🔄 启用仅重试模式
📂 将从文件 /home/jiangjp/trace-idea/data/hotpotqa/hotpotqa_test1000_add_truthful_scores_with_kgs8.json 中读取数据，仅处理默认分数为12的项目
开始处理数据集: /home/jiangjp/trace-idea/data/hotpotqa/hotpotqa_test1000_add_truthful_scores_with_kgs8.json
⚠️ 启用仅重试模式：跳过初始处理，直接处理默认分数为12的失败项目

============================================================
直接执行：重试处理默认分数为12的失败项目
============================================================
📊 当前数据集中默认分数统计 - 文本: 0 个, 三元组: 148 个

================================================================================
第 1 轮重试检查和处理
================================================================================
发现默认分数 - 文本: 0 个, 三元组: 148 个
当前配置 - 并发数: 10, 文本批次: 1, 三元组批次: 1

开始处理 11 个包含失败三元组的ctx...
使用配置处理三元组 - 并发数: 10, 批次大小: 1
警告：期望 10 个分数，但只找到 0 个，开始重试...
第 1 次重试API调用...
警告：期望 5 个分数，但只找到 0 个，开始重试...
第 1 次重试API调用...
重试第 1 次的响应：
重试第 1 次仍然不匹配：期望 10 个，得到 0 个
第 2 次重试API调用...
重试第 2 次的响应：
重试第 2 次仍然不匹配：期望 10 个，得到 0 个
第 3 次重试API调用...
重试第 1 次的响应：
重试第 1 次仍然不匹配：期望 5 个，得到 0 个
第 2 次重试API调用...
重试第 3 次的响应：
重试第 3 次仍然不匹配：期望 10 个，得到 0 个
所有重试都失败，使用默认分数 12
三元组批量评估进度: 1/11 (批次 9, 1 个ctx) - 处理了 10 个三元组
重试第 2 次的响应：
重试第 2 次仍然不匹配：期望 5 个，得到 0 个
第 3 次重试API调用...
警告：期望 7 个分数，但只找到 3 个，开始重试...
第 1 次重试API调用...
警告：期望 8 个分数，但只找到 3 个，开始重试...
第 1 次重试API调用...
重试第 3 次的响应：
重试第 3 次仍然不匹配：期望 5 个，得到 0 个
所有重试都失败，使用默认分数 12
三元组批量评估进度: 2/11 (批次 7, 1 个ctx) - 处理了 5 个三元组
重试第 1 次的响应：
重试第 1 次仍然不匹配：期望 7 个，得到 4 个
第 2 次重试API调用...
警告：期望 6 个分数，但只找到 4 个，开始重试...
第 1 次重试API调用...
警告：期望 9 个分数，但只找到 6 个，开始重试...
第 1 次重试API调用...
重试第 1 次的响应：
重试第 1 次仍然不匹配：期望 8 个，得到 3 个
第 2 次重试API调用...
警告：期望 43 个分数，但只找到 6 个，开始重试...
第 1 次重试API调用...
重试第 1 次的响应：
重试第 1 次仍然不匹配：期望 43 个，得到 1 个
第 2 次重试API调用...
重试第 2 次的响应：
重试第 2 次仍然不匹配：期望 7 个，得到 4 个
第 3 次重试API调用...
警告：期望 10 个分数，但只找到 8 个，开始重试...
第 1 次重试API调用...
警告：期望 12 个分数，但只找到 11 个，开始重试...
第 1 次重试API调用...
重试第 2 次的响应：
重试第 2 次仍然不匹配：期望 8 个，得到 3 个
第 3 次重试API调用...
警告：期望 13 个分数，但只找到 12 个，开始重试...
第 1 次重试API调用...
重试第 1 次的响应：
重试第 1 次仍然不匹配：期望 6 个，得到 4 个
第 2 次重试API调用...
重试第 1 次的响应：
重试第 1 次仍然不匹配：期望 9 个，得到 6 个
第 2 次重试API调用...
重试第 3 次的响应：
重试第 3 次仍然不匹配：期望 7 个，得到 4 个
所有重试都失败，使用默认分数 12
三元组批量评估进度: 3/11 (批次 2, 1 个ctx) - 处理了 7 个三元组
重试第 3 次的响应：
重试第 3 次仍然不匹配：期望 8 个，得到 3 个
所有重试都失败，使用默认分数 12
三元组批量评估进度: 4/11 (批次 4, 1 个ctx) - 处理了 8 个三元组
重试第 2 次的响应：
重试第 2 次仍然不匹配：期望 43 个，得到 6 个
第 3 次重试API调用...
重试第 2 次的响应：
重试第 2 次仍然不匹配：期望 6 个，得到 4 个
第 3 次重试API调用...
重试第 2 次的响应：
重试第 2 次仍然不匹配：期望 9 个，得到 6 个
第 3 次重试API调用...
重试第 1 次的响应：
重试第 1 次仍然不匹配：期望 10 个，得到 8 个
第 2 次重试API调用...
重试第 1 次的响应：
重试第 1 次仍然不匹配：期望 12 个，得到 11 个
第 2 次重试API调用...
警告：期望 25 个分数，但只找到 35 个，开始重试...
第 1 次重试API调用...
重试第 3 次的响应：
重试第 3 次仍然不匹配：期望 9 个，得到 6 个
所有重试都失败，使用默认分数 12
三元组批量评估进度: 5/11 (批次 3, 1 个ctx) - 处理了 9 个三元组
重试第 3 次的响应：
重试第 3 次仍然不匹配：期望 6 个，得到 4 个
所有重试都失败，使用默认分数 12
三元组批量评估进度: 6/11 (批次 5, 1 个ctx) - 处理了 6 个三元组
重试第 3 次的响应：
重试第 3 次仍然不匹配：期望 43 个，得到 6 个
所有重试都失败，使用默认分数 12
三元组批量评估进度: 7/11 (批次 1, 1 个ctx) - 处理了 43 个三元组
重试第 1 次的响应：
重试第 1 次仍然不匹配：期望 13 个，得到 12 个
第 2 次重试API调用...
重试第 2 次的响应：
重试第 2 次仍然不匹配：期望 10 个，得到 8 个
第 3 次重试API调用...
重试第 2 次的响应：
重试第 2 次仍然不匹配：期望 12 个，得到 11 个
第 3 次重试API调用...
重试第 3 次的响应：
重试第 3 次仍然不匹配：期望 10 个，得到 8 个
所有重试都失败，使用默认分数 12
三元组批量评估进度: 8/11 (批次 8, 1 个ctx) - 处理了 10 个三元组
重试第 2 次的响应：
重试第 2 次仍然不匹配：期望 13 个，得到 12 个
第 3 次重试API调用...
重试第 1 次的响应：
重试第 1 次仍然不匹配：期望 25 个，得到 11 个
第 2 次重试API调用...
重试第 3 次的响应：
重试第 3 次仍然不匹配：期望 12 个，得到 11 个
所有重试都失败，使用默认分数 12
三元组批量评估进度: 9/11 (批次 6, 1 个ctx) - 处理了 12 个三元组
重试第 2 次的响应：
重试第 2 次仍然不匹配：期望 25 个，得到 3 个
第 3 次重试API调用...
重试第 3 次的响应：
重试第 3 次仍然不匹配：期望 13 个，得到 12 个
所有重试都失败，使用默认分数 12
三元组批量评估进度: 10/11 (批次 10, 1 个ctx) - 处理了 13 个三元组
重试第 3 次的响应：
重试成功！提取到 25 个分数
三元组批量评估进度: 11/11 (批次 11, 1 个ctx) - 处理了 25 个三元组
失败三元组重处理完成: 11/11 成功
retry_round_1阶段进度已保存到临时文件: /home/jiangjp/trace-idea/data/hotpotqa/hotpotqa_test1000_add_truthful_scores_with_kgs9.json.retry_round_1.tmp
本轮处理后 - 文本默认分数: 0 个, 三元组默认分数: 123 个
配置调整: 并发数 10->9, 文本批次 1->1, 三元组批次 1->1
调整后配置 - 并发数: 9, 文本批次: 1, 三元组批次: 1
⚠️ 已达到最大重试轮次，停止重试

============================================================
第四阶段：处理缺失分数字段的项目
============================================================
📊 当前数据集中缺失分数字段统计 - 文本: 0 个, 三元组: 0 个
✅ 数据集中没有缺失分数字段的项目，无需处理
✅ 最终处理完成！结果已保存到: /home/jiangjp/trace-idea/data/hotpotqa/hotpotqa_test1000_add_truthful_scores_with_kgs9.json
🏁 最终统计:
   - 剩余默认分数: 文本 0 个, 三元组 123 个
   - 剩余缺失分数字段: 文本 0 个, 三元组 0 个
