nohup: ignoring input
🔄 启用仅重试模式
📂 将从文件 /home/jiangjp/trace-idea/data/hotpotqa/hotpotqa_test1000_add_truthful_scores_with_kgs5.json 中读取数据，仅处理默认分数为12的项目
开始处理数据集: /home/jiangjp/trace-idea/data/hotpotqa/hotpotqa_test1000_add_truthful_scores_with_kgs5.json
⚠️ 启用仅重试模式：跳过初始处理，直接处理默认分数为12的失败项目

============================================================
直接执行：重试处理默认分数为12的失败项目
============================================================
📊 当前数据集中默认分数统计 - 文本: 9 个, 三元组: 20393 个

================================================================================
第 1 轮重试检查和处理
================================================================================
发现默认分数 - 文本: 9 个, 三元组: 20393 个
当前配置 - 并发数: 3000, 文本批次: 2, 三元组批次: 2

开始处理 9 个失败的文本...
使用配置处理文本 - 并发数: 3000, 批次大小: 2
警告：期望 2 个分数，但只找到 0 个，开始重试...
第 1 次重试API调用...
重试第 1 次的响应：
重试第 1 次仍然不匹配：期望 2 个，得到 0 个
第 2 次重试API调用...
警告：期望 2 个分数，但只找到 1 个，开始重试...
第 1 次重试API调用...
重试第 2 次的响应：
重试第 2 次仍然不匹配：期望 2 个，得到 1 个
第 3 次重试API调用...
成功提取到 1 个分数
文本批量评估进度: 1/5 (批次 5, 1 个ctx) - 处理了 1 个文本
成功提取到 2 个分数
文本批量评估进度: 2/5 (批次 2, 2 个ctx) - 处理了 2 个文本
重试第 1 次的响应：
重试第 1 次仍然不匹配：期望 2 个，得到 1 个
第 2 次重试API调用...
成功提取到 2 个分数
文本批量评估进度: 3/5 (批次 4, 2 个ctx) - 处理了 2 个文本
重试第 3 次的响应：
重试第 3 次仍然不匹配：期望 2 个，得到 1 个
所有重试都失败，使用默认分数 12
文本批量评估进度: 4/5 (批次 3, 2 个ctx) - 处理了 2 个文本
重试第 2 次的响应：
重试第 2 次仍然不匹配：期望 2 个，得到 1 个
第 3 次重试API调用...
重试第 3 次的响应：
重试成功！提取到 2 个分数
文本批量评估进度: 5/5 (批次 1, 2 个ctx) - 处理了 2 个文本
失败文本重处理完成: 5/5 成功

开始处理 2726 个包含失败三元组的ctx...
使用配置处理三元组 - 并发数: 3000, 批次大小: 2
成功提取到 7 个分数
三元组批量评估进度: 1/1363 (批次 22, 2 个ctx) - 处理了 7 个三元组
成功提取到 7 个分数
三元组批量评估进度: 2/1363 (批次 9, 2 个ctx) - 处理了 7 个三元组
成功提取到 10 个分数
三元组批量评估进度: 3/1363 (批次 48, 2 个ctx) - 处理了 10 个三元组
成功提取到 12 个分数
三元组批量评估进度: 4/1363 (批次 21, 2 个ctx) - 处理了 12 个三元组
成功提取到 10 个分数
三元组批量评估进度: 5/1363 (批次 26, 2 个ctx) - 处理了 10 个三元组
成功提取到 11 个分数
三元组批量评估进度: 6/1363 (批次 34, 2 个ctx) - 处理了 11 个三元组
成功提取到 19 个分数
三元组批量评估进度: 7/1363 (批次 3, 2 个ctx) - 处理了 19 个三元组
成功提取到 10 个分数
三元组批量评估进度: 8/1363 (批次 23, 2 个ctx) - 处理了 10 个三元组
成功提取到 11 个分数
三元组批量评估进度: 9/1363 (批次 12, 2 个ctx) - 处理了 11 个三元组
成功提取到 22 个分数
三元组批量评估进度: 10/1363 (批次 25, 2 个ctx) - 处理了 22 个三元组
成功提取到 18 个分数
三元组批量评估进度: 11/1363 (批次 16, 2 个ctx) - 处理了 18 个三元组
成功提取到 17 个分数
三元组批量评估进度: 12/1363 (批次 41, 2 个ctx) - 处理了 17 个三元组
成功提取到 16 个分数
三元组批量评估进度: 13/1363 (批次 11, 2 个ctx) - 处理了 16 个三元组
成功提取到 15 个分数
三元组批量评估进度: 14/1363 (批次 20, 2 个ctx) - 处理了 15 个三元组
成功提取到 11 个分数
三元组批量评估进度: 15/1363 (批次 19, 2 个ctx) - 处理了 11 个三元组
成功提取到 13 个分数
三元组批量评估进度: 16/1363 (批次 8, 2 个ctx) - 处理了 13 个三元组
成功提取到 19 个分数
三元组批量评估进度: 17/1363 (批次 4, 2 个ctx) - 处理了 19 个三元组
成功提取到 9 个分数
三元组批量评估进度: 18/1363 (批次 45, 2 个ctx) - 处理了 9 个三元组
成功提取到 18 个分数
三元组批量评估进度: 19/1363 (批次 40, 2 个ctx) - 处理了 18 个三元组
成功提取到 15 个分数
三元组批量评估进度: 20/1363 (批次 28, 2 个ctx) - 处理了 15 个三元组
成功提取到 19 个分数
三元组批量评估进度: 21/1363 (批次 37, 2 个ctx) - 处理了 19 个三元组成功提取到 18 个分数

三元组批量评估进度: 22/1363 (批次 38, 2 个ctx) - 处理了 18 个三元组
成功提取到 21 个分数
三元组批量评估进度: 23/1363 (批次 24, 2 个ctx) - 处理了 21 个三元组
成功提取到 17 个分数
三元组批量评估进度: 24/1363 (批次 33, 2 个ctx) - 处理了 17 个三元组
成功提取到 17 个分数
三元组批量评估进度: 25/1363 (批次 13, 2 个ctx) - 处理了 17 个三元组
成功提取到 7 个分数
成功提取到 16 个分数三元组批量评估进度: 26/1363 (批次 53, 2 个ctx) - 处理了 7 个三元组

三元组批量评估进度: 27/1363 (批次 31, 2 个ctx) - 处理了 16 个三元组
成功提取到 9 个分数
三元组批量评估进度: 28/1363 (批次 14, 2 个ctx) - 处理了 9 个三元组
成功提取到 22 个分数
三元组批量评估进度: 29/1363 (批次 29, 2 个ctx) - 处理了 22 个三元组
成功提取到 19 个分数
三元组批量评估进度: 30/1363 (批次 6, 2 个ctx) - 处理了 19 个三元组
成功提取到 9 个分数
三元组批量评估进度: 31/1363 (批次 52, 2 个ctx) - 处理了 9 个三元组
成功提取到 18 个分数
三元组批量评估进度: 32/1363 (批次 10, 2 个ctx) - 处理了 18 个三元组
成功提取到 21 个分数
三元组批量评估进度: 33/1363 (批次 43, 2 个ctx) - 处理了 21 个三元组
成功提取到 22 个分数
三元组批量评估进度: 34/1363 (批次 1, 2 个ctx) - 处理了 22 个三元组
成功提取到 11 个分数
三元组批量评估进度: 35/1363 (批次 42, 2 个ctx) - 处理了 11 个三元组
成功提取到 6 个分数
三元组批量评估进度: 36/1363 (批次 35, 2 个ctx) - 处理了 6 个三元组
成功提取到 13 个分数
三元组批量评估进度: 37/1363 (批次 218, 2 个ctx) - 处理了 13 个三元组
成功提取到 10 个分数
三元组批量评估进度: 38/1363 (批次 215, 2 个ctx) - 处理了 10 个三元组
成功提取到 10 个分数
三元组批量评估进度: 39/1363 (批次 91, 2 个ctx) - 处理了 10 个三元组
成功提取到 14 个分数
三元组批量评估进度: 40/1363 (批次 256, 2 个ctx) - 处理了 14 个三元组
成功提取到 15 个分数
三元组批量评估进度: 41/1363 (批次 335, 2 个ctx) - 处理了 15 个三元组
成功提取到 11 个分数
成功提取到 15 个分数
三元组批量评估进度: 42/1363 (批次 82, 2 个ctx) - 处理了 15 个三元组
成功提取到 14 个分数
三元组批量评估进度: 43/1363 (批次 27, 2 个ctx) - 处理了 11 个三元组
三元组批量评估进度: 44/1363 (批次 164, 2 个ctx) - 处理了 14 个三元组
成功提取到 11 个分数
三元组批量评估进度: 45/1363 (批次 49, 2 个ctx) - 处理了 11 个三元组
成功提取到 17 个分数
三元组批量评估进度: 46/1363 (批次 15, 2 个ctx) - 处理了 17 个三元组
成功提取到 11 个分数
三元组批量评估进度: 47/1363 (批次 2, 2 个ctx) - 处理了 11 个三元组
成功提取到 23 个分数
三元组批量评估进度: 48/1363 (批次 306, 2 个ctx) - 处理了 23 个三元组
成功提取到 17 个分数
三元组批量评估进度: 49/1363 (批次 124, 2 个ctx) - 处理了 17 个三元组
成功提取到 9 个分数
三元组批量评估进度: 50/1363 (批次 61, 2 个ctx) - 处理了 9 个三元组
成功提取到 16 个分数
三元组批量评估进度: 51/1363 (批次 59, 2 个ctx) - 处理了 16 个三元组
成功提取到 16 个分数
三元组批量评估进度: 52/1363 (批次 54, 2 个ctx) - 处理了 16 个三元组
成功提取到 15 个分数
三元组批量评估进度: 53/1363 (批次 62, 2 个ctx) - 处理了 15 个三元组
成功提取到 16 个分数
三元组批量评估进度: 54/1363 (批次 44, 2 个ctx) - 处理了 16 个三元组
成功提取到 9 个分数
三元组批量评估进度: 55/1363 (批次 32, 2 个ctx) - 处理了 9 个三元组
成功提取到 11 个分数
三元组批量评估进度: 56/1363 (批次 461, 2 个ctx) - 处理了 11 个三元组
成功提取到 11 个分数
三元组批量评估进度: 57/1363 (批次 149, 2 个ctx) - 处理了 11 个三元组
成功提取到 25 个分数
三元组批量评估进度: 58/1363 (批次 60, 2 个ctx) - 处理了 25 个三元组
成功提取到 14 个分数
三元组批量评估进度: 59/1363 (批次 39, 2 个ctx) - 处理了 14 个三元组
成功提取到 18 个分数
三元组批量评估进度: 60/1363 (批次 363, 2 个ctx) - 处理了 18 个三元组
成功提取到 14 个分数
三元组批量评估进度: 61/1363 (批次 64, 2 个ctx) - 处理了 14 个三元组
成功提取到 9 个分数
三元组批量评估进度: 62/1363 (批次 67, 2 个ctx) - 处理了 9 个三元组
成功提取到 16 个分数
三元组批量评估进度: 63/1363 (批次 66, 2 个ctx) - 处理了 16 个三元组
成功提取到 18 个分数
三元组批量评估进度: 64/1363 (批次 424, 2 个ctx) - 处理了 18 个三元组
警告：期望 32 个分数，但只找到 31 个，开始重试...
第 1 次重试API调用...
成功提取到 11 个分数
三元组批量评估进度: 65/1363 (批次 72, 2 个ctx) - 处理了 11 个三元组
成功提取到 12 个分数
三元组批量评估进度: 66/1363 (批次 542, 2 个ctx) - 处理了 12 个三元组
成功提取到 15 个分数
三元组批量评估进度: 67/1363 (批次 74, 2 个ctx) - 处理了 15 个三元组
成功提取到 11 个分数
三元组批量评估进度: 68/1363 (批次 71, 2 个ctx) - 处理了 11 个三元组
成功提取到 10 个分数
三元组批量评估进度: 69/1363 (批次 73, 2 个ctx) - 处理了 10 个三元组
成功提取到 11 个分数
三元组批量评估进度: 70/1363 (批次 57, 2 个ctx) - 处理了 11 个三元组
成功提取到 13 个分数
三元组批量评估进度: 71/1363 (批次 224, 2 个ctx) - 处理了 13 个三元组
成功提取到 19 个分数
三元组批量评估进度: 72/1363 (批次 492, 2 个ctx) - 处理了 19 个三元组
成功提取到 11 个分数
三元组批量评估进度: 73/1363 (批次 397, 2 个ctx) - 处理了 11 个三元组
成功提取到 8 个分数
三元组批量评估进度: 74/1363 (批次 348, 2 个ctx) - 处理了 8 个三元组
成功提取到 15 个分数
三元组批量评估进度: 75/1363 (批次 70, 2 个ctx) - 处理了 15 个三元组
成功提取到 28 个分数
三元组批量评估进度: 76/1363 (批次 46, 2 个ctx) - 处理了 28 个三元组
成功提取到 14 个分数
三元组批量评估进度: 77/1363 (批次 442, 2 个ctx) - 处理了 14 个三元组
成功提取到 17 个分数
三元组批量评估进度: 78/1363 (批次 68, 2 个ctx) - 处理了 17 个三元组
成功提取到 17 个分数
三元组批量评估进度: 79/1363 (批次 540, 2 个ctx) - 处理了 17 个三元组
成功提取到 10 个分数
三元组批量评估进度: 80/1363 (批次 453, 2 个ctx) - 处理了 10 个三元组
成功提取到 10 个分数
三元组批量评估进度: 81/1363 (批次 84, 2 个ctx) - 处理了 10 个三元组
成功提取到 14 个分数
三元组批量评估进度: 82/1363 (批次 445, 2 个ctx) - 处理了 14 个三元组
成功提取到 17 个分数
三元组批量评估进度: 83/1363 (批次 69, 2 个ctx) - 处理了 17 个三元组
成功提取到 10 个分数
三元组批量评估进度: 84/1363 (批次 81, 2 个ctx) - 处理了 10 个三元组
成功提取到 30 个分数
三元组批量评估进度: 85/1363 (批次 5, 2 个ctx) - 处理了 30 个三元组
成功提取到 17 个分数
三元组批量评估进度: 86/1363 (批次 78, 2 个ctx) - 处理了 17 个三元组
成功提取到 15 个分数
三元组批量评估进度: 87/1363 (批次 56, 2 个ctx) - 处理了 15 个三元组
成功提取到 20 个分数
三元组批量评估进度: 88/1363 (批次 50, 2 个ctx) - 处理了 20 个三元组
成功提取到 10 个分数
三元组批量评估进度: 89/1363 (批次 36, 2 个ctx) - 处理了 10 个三元组
成功提取到 23 个分数
三元组批量评估进度: 90/1363 (批次 7, 2 个ctx) - 处理了 23 个三元组
成功提取到 19 个分数
三元组批量评估进度: 91/1363 (批次 392, 2 个ctx) - 处理了 19 个三元组
成功提取到 18 个分数
三元组批量评估进度: 92/1363 (批次 30, 2 个ctx) - 处理了 18 个三元组
成功提取到 13 个分数
三元组批量评估进度: 93/1363 (批次 85, 2 个ctx) - 处理了 13 个三元组
成功提取到 9 个分数
三元组批量评估进度: 94/1363 (批次 87, 2 个ctx) - 处理了 9 个三元组
成功提取到 20 个分数
三元组批量评估进度: 95/1363 (批次 99, 2 个ctx) - 处理了 20 个三元组
成功提取到 11 个分数
三元组批量评估进度: 96/1363 (批次 86, 2 个ctx) - 处理了 11 个三元组
成功提取到 38 个分数
三元组批量评估进度: 97/1363 (批次 17, 2 个ctx) - 处理了 38 个三元组
成功提取到 16 个分数
三元组批量评估进度: 98/1363 (批次 663, 2 个ctx) - 处理了 16 个三元组
成功提取到 14 个分数
三元组批量评估进度: 99/1363 (批次 455, 2 个ctx) - 处理了 14 个三元组
成功提取到 12 个分数
三元组批量评估进度: 100/1363 (批次 788, 2 个ctx) - 处理了 12 个三元组
成功提取到 15 个分数
三元组批量评估进度: 101/1363 (批次 88, 2 个ctx) - 处理了 15 个三元组
成功提取到 30 个分数
三元组批量评估进度: 102/1363 (批次 47, 2 个ctx) - 处理了 30 个三元组
成功提取到 17 个分数
三元组批量评估进度: 103/1363 (批次 275, 2 个ctx) - 处理了 17 个三元组
成功提取到 16 个分数
三元组批量评估进度: 104/1363 (批次 63, 2 个ctx) - 处理了 16 个三元组
成功提取到 9 个分数
三元组批量评估进度: 105/1363 (批次 772, 2 个ctx) - 处理了 9 个三元组
成功提取到 12 个分数
三元组批量评估进度: 106/1363 (批次 155, 2 个ctx) - 处理了 12 个三元组
成功提取到 12 个分数
三元组批量评估进度: 107/1363 (批次 491, 2 个ctx) - 处理了 12 个三元组
成功提取到 25 个分数
三元组批量评估进度: 108/1363 (批次 611, 2 个ctx) - 处理了 25 个三元组
成功提取到 11 个分数
三元组批量评估进度: 109/1363 (批次 782, 2 个ctx) - 处理了 11 个三元组
成功提取到 14 个分数
三元组批量评估进度: 110/1363 (批次 683, 2 个ctx) - 处理了 14 个三元组
成功提取到 15 个分数
三元组批量评估进度: 111/1363 (批次 465, 2 个ctx) - 处理了 15 个三元组
成功提取到 15 个分数
三元组批量评估进度: 112/1363 (批次 90, 2 个ctx) - 处理了 15 个三元组
成功提取到 14 个分数
三元组批量评估进度: 113/1363 (批次 95, 2 个ctx) - 处理了 14 个三元组
成功提取到 17 个分数
三元组批量评估进度: 114/1363 (批次 103, 2 个ctx) - 处理了 17 个三元组
成功提取到 16 个分数
三元组批量评估进度: 115/1363 (批次 129, 2 个ctx) - 处理了 16 个三元组
成功提取到 14 个分数
三元组批量评估进度: 116/1363 (批次 89, 2 个ctx) - 处理了 14 个三元组
成功提取到 15 个分数
三元组批量评估进度: 117/1363 (批次 255, 2 个ctx) - 处理了 15 个三元组
成功提取到 14 个分数
成功提取到 19 个分数三元组批量评估进度: 118/1363 (批次 93, 2 个ctx) - 处理了 14 个三元组

三元组批量评估进度: 119/1363 (批次 347, 2 个ctx) - 处理了 19 个三元组成功提取到 13 个分数

三元组批量评估进度: 120/1363 (批次 830, 2 个ctx) - 处理了 13 个三元组
成功提取到 8 个分数
三元组批量评估进度: 121/1363 (批次 563, 2 个ctx) - 处理了 8 个三元组
成功提取到 16 个分数
三元组批量评估进度: 122/1363 (批次 774, 2 个ctx) - 处理了 16 个三元组
成功提取到 20 个分数
三元组批量评估进度: 123/1363 (批次 232, 2 个ctx) - 处理了 20 个三元组
成功提取到 20 个分数
三元组批量评估进度: 124/1363 (批次 802, 2 个ctx) - 处理了 20 个三元组
成功提取到 14 个分数
三元组批量评估进度: 125/1363 (批次 98, 2 个ctx) - 处理了 14 个三元组
成功提取到 18 个分数
三元组批量评估进度: 126/1363 (批次 910, 2 个ctx) - 处理了 18 个三元组
成功提取到 9 个分数
三元组批量评估进度: 127/1363 (批次 327, 2 个ctx) - 处理了 9 个三元组
成功提取到 9 个分数
三元组批量评估进度: 128/1363 (批次 971, 2 个ctx) - 处理了 9 个三元组
成功提取到 10 个分数
三元组批量评估进度: 129/1363 (批次 169, 2 个ctx) - 处理了 10 个三元组
成功提取到 19 个分数
三元组批量评估进度: 130/1363 (批次 487, 2 个ctx) - 处理了 19 个三元组
成功提取到 20 个分数
三元组批量评估进度: 131/1363 (批次 100, 2 个ctx) - 处理了 20 个三元组
成功提取到 8 个分数
三元组批量评估进度: 132/1363 (批次 179, 2 个ctx) - 处理了 8 个三元组
成功提取到 11 个分数成功提取到 9 个分数

三元组批量评估进度: 133/1363 (批次 190, 2 个ctx) - 处理了 9 个三元组
三元组批量评估进度: 134/1363 (批次 381, 2 个ctx) - 处理了 11 个三元组
成功提取到 14 个分数
三元组批量评估进度: 135/1363 (批次 340, 2 个ctx) - 处理了 14 个三元组
成功提取到 12 个分数
三元组批量评估进度: 136/1363 (批次 387, 2 个ctx) - 处理了 12 个三元组
成功提取到 12 个分数
三元组批量评估进度: 137/1363 (批次 513, 2 个ctx) - 处理了 12 个三元组
成功提取到 21 个分数
三元组批量评估进度: 138/1363 (批次 101, 2 个ctx) - 处理了 21 个三元组
成功提取到 16 个分数
三元组批量评估进度: 139/1363 (批次 864, 2 个ctx) - 处理了 16 个三元组
成功提取到 29 个分数
成功提取到 34 个分数三元组批量评估进度: 140/1363 (批次 909, 2 个ctx) - 处理了 29 个三元组

三元组批量评估进度: 141/1363 (批次 235, 2 个ctx) - 处理了 34 个三元组
成功提取到 15 个分数
三元组批量评估进度: 142/1363 (批次 274, 2 个ctx) - 处理了 15 个三元组
成功提取到 10 个分数
三元组批量评估进度: 143/1363 (批次 415, 2 个ctx) - 处理了 10 个三元组
成功提取到 19 个分数
三元组批量评估进度: 144/1363 (批次 891, 2 个ctx) - 处理了 19 个三元组
成功提取到 13 个分数
三元组批量评估进度: 145/1363 (批次 196, 2 个ctx) - 处理了 13 个三元组
成功提取到 11 个分数
三元组批量评估进度: 146/1363 (批次 633, 2 个ctx) - 处理了 11 个三元组
成功提取到 15 个分数
三元组批量评估进度: 147/1363 (批次 65, 2 个ctx) - 处理了 15 个三元组
警告：期望 12 个分数，但只找到 11 个，开始重试...
第 1 次重试API调用...
成功提取到 12 个分数
三元组批量评估进度: 148/1363 (批次 1018, 2 个ctx) - 处理了 12 个三元组
成功提取到 16 个分数
三元组批量评估进度: 149/1363 (批次 204, 2 个ctx) - 处理了 16 个三元组
成功提取到 10 个分数
三元组批量评估进度: 150/1363 (批次 1066, 2 个ctx) - 处理了 10 个三元组
成功提取到 12 个分数
三元组批量评估进度: 151/1363 (批次 152, 2 个ctx) - 处理了 12 个三元组
成功提取到 16 个分数
三元组批量评估进度: 152/1363 (批次 618, 2 个ctx) - 处理了 16 个三元组
成功提取到 11 个分数
三元组批量评估进度: 153/1363 (批次 151, 2 个ctx) - 处理了 11 个三元组
成功提取到 11 个分数
三元组批量评估进度: 154/1363 (批次 110, 2 个ctx) - 处理了 11 个三元组
成功提取到 26 个分数
三元组批量评估进度: 155/1363 (批次 976, 2 个ctx) - 处理了 26 个三元组
成功提取到 12 个分数
三元组批量评估进度: 156/1363 (批次 1084, 2 个ctx) - 处理了 12 个三元组
成功提取到 10 个分数
三元组批量评估进度: 157/1363 (批次 112, 2 个ctx) - 处理了 10 个三元组
成功提取到 22 个分数
三元组批量评估进度: 158/1363 (批次 680, 2 个ctx) - 处理了 22 个三元组
成功提取到 11 个分数
三元组批量评估进度: 159/1363 (批次 1139, 2 个ctx) - 处理了 11 个三元组
成功提取到 15 个分数
三元组批量评估进度: 160/1363 (批次 108, 2 个ctx) - 处理了 15 个三元组
成功提取到 11 个分数
三元组批量评估进度: 161/1363 (批次 114, 2 个ctx) - 处理了 11 个三元组
成功提取到 17 个分数
三元组批量评估进度: 162/1363 (批次 1044, 2 个ctx) - 处理了 17 个三元组
成功提取到 13 个分数
三元组批量评估进度: 163/1363 (批次 628, 2 个ctx) - 处理了 13 个三元组
成功提取到 10 个分数
三元组批量评估进度: 164/1363 (批次 591, 2 个ctx) - 处理了 10 个三元组
成功提取到 17 个分数
三元组批量评估进度: 165/1363 (批次 18, 2 个ctx) - 处理了 17 个三元组
成功提取到 12 个分数
三元组批量评估进度: 166/1363 (批次 404, 2 个ctx) - 处理了 12 个三元组
成功提取到 15 个分数
三元组批量评估进度: 167/1363 (批次 58, 2 个ctx) - 处理了 15 个三元组
成功提取到 14 个分数
三元组批量评估进度: 168/1363 (批次 692, 2 个ctx) - 处理了 14 个三元组
成功提取到 10 个分数
三元组批量评估进度: 169/1363 (批次 79, 2 个ctx) - 处理了 10 个三元组
成功提取到 23 个分数
三元组批量评估进度: 170/1363 (批次 700, 2 个ctx) - 处理了 23 个三元组
成功提取到 16 个分数
三元组批量评估进度: 171/1363 (批次 1024, 2 个ctx) - 处理了 16 个三元组
成功提取到 11 个分数
三元组批量评估进度: 172/1363 (批次 739, 2 个ctx) - 处理了 11 个三元组
成功提取到 14 个分数
三元组批量评估进度: 173/1363 (批次 1187, 2 个ctx) - 处理了 14 个三元组
成功提取到 14 个分数
三元组批量评估进度: 174/1363 (批次 1180, 2 个ctx) - 处理了 14 个三元组
成功提取到 17 个分数
三元组批量评估进度: 175/1363 (批次 77, 2 个ctx) - 处理了 17 个三元组
成功提取到 20 个分数
三元组批量评估进度: 176/1363 (批次 75, 2 个ctx) - 处理了 20 个三元组
成功提取到 13 个分数
三元组批量评估进度: 177/1363 (批次 128, 2 个ctx) - 处理了 13 个三元组
成功提取到 17 个分数
三元组批量评估进度: 178/1363 (批次 302, 2 个ctx) - 处理了 17 个三元组
成功提取到 12 个分数
三元组批量评估进度: 179/1363 (批次 735, 2 个ctx) - 处理了 12 个三元组
成功提取到 9 个分数
三元组批量评估进度: 180/1363 (批次 478, 2 个ctx) - 处理了 9 个三元组
成功提取到 15 个分数
三元组批量评估进度: 181/1363 (批次 1256, 2 个ctx) - 处理了 15 个三元组
成功提取到 15 个分数
三元组批量评估进度: 182/1363 (批次 130, 2 个ctx) - 处理了 15 个三元组
成功提取到 15 个分数
三元组批量评估进度: 183/1363 (批次 83, 2 个ctx) - 处理了 15 个三元组
成功提取到 10 个分数
三元组批量评估进度: 184/1363 (批次 123, 2 个ctx) - 处理了 10 个三元组
成功提取到 12 个分数
三元组批量评估进度: 185/1363 (批次 386, 2 个ctx) - 处理了 12 个三元组
成功提取到 18 个分数
三元组批量评估进度: 186/1363 (批次 127, 2 个ctx) - 处理了 18 个三元组
成功提取到 8 个分数
三元组批量评估进度: 187/1363 (批次 797, 2 个ctx) - 处理了 8 个三元组
成功提取到 16 个分数
三元组批量评估进度: 188/1363 (批次 1272, 2 个ctx) - 处理了 16 个三元组
成功提取到 13 个分数
三元组批量评估进度: 189/1363 (批次 208, 2 个ctx) - 处理了 13 个三元组
成功提取到 20 个分数
三元组批量评估进度: 190/1363 (批次 1275, 2 个ctx) - 处理了 20 个三元组
成功提取到 18 个分数
三元组批量评估进度: 191/1363 (批次 1322, 2 个ctx) - 处理了 18 个三元组
成功提取到 22 个分数
成功提取到 15 个分数
三元组批量评估进度: 192/1363 (批次 55, 2 个ctx) - 处理了 15 个三元组
三元组批量评估进度: 193/1363 (批次 80, 2 个ctx) - 处理了 22 个三元组
成功提取到 18 个分数
三元组批量评估进度: 194/1363 (批次 756, 2 个ctx) - 处理了 18 个三元组
成功提取到 12 个分数
三元组批量评估进度: 195/1363 (批次 505, 2 个ctx) - 处理了 12 个三元组
成功提取到 11 个分数
三元组批量评估进度: 196/1363 (批次 504, 2 个ctx) - 处理了 11 个三元组
成功提取到 24 个分数
三元组批量评估进度: 197/1363 (批次 121, 2 个ctx) - 处理了 24 个三元组
成功提取到 13 个分数
成功提取到 19 个分数
三元组批量评估进度: 198/1363 (批次 1310, 2 个ctx) - 处理了 19 个三元组
三元组批量评估进度: 199/1363 (批次 239, 2 个ctx) - 处理了 13 个三元组
成功提取到 8 个分数
三元组批量评估进度: 200/1363 (批次 530, 2 个ctx) - 处理了 8 个三元组
成功提取到 20 个分数
三元组批量评估进度: 201/1363 (批次 132, 2 个ctx) - 处理了 20 个三元组
成功提取到 10 个分数
三元组批量评估进度: 202/1363 (批次 241, 2 个ctx) - 处理了 10 个三元组
成功提取到 8 个分数
三元组批量评估进度: 203/1363 (批次 214, 2 个ctx) - 处理了 8 个三元组
成功提取到 14 个分数
三元组批量评估进度: 204/1363 (批次 135, 2 个ctx) - 处理了 14 个三元组
成功提取到 11 个分数
三元组批量评估进度: 205/1363 (批次 105, 2 个ctx) - 处理了 11 个三元组
成功提取到 17 个分数
三元组批量评估进度: 206/1363 (批次 131, 2 个ctx) - 处理了 17 个三元组
成功提取到 15 个分数
三元组批量评估进度: 207/1363 (批次 94, 2 个ctx) - 处理了 15 个三元组
成功提取到 21 个分数
三元组批量评估进度: 208/1363 (批次 211, 2 个ctx) - 处理了 21 个三元组
成功提取到 15 个分数
三元组批量评估进度: 209/1363 (批次 92, 2 个ctx) - 处理了 15 个三元组
警告：期望 49 个分数，但只找到 12 个，开始重试...
第 1 次重试API调用...
成功提取到 10 个分数
三元组批量评估进度: 210/1363 (批次 159, 2 个ctx) - 处理了 10 个三元组
成功提取到 14 个分数
三元组批量评估进度: 211/1363 (批次 97, 2 个ctx) - 处理了 14 个三元组
成功提取到 23 个分数
三元组批量评估进度: 212/1363 (批次 850, 2 个ctx) - 处理了 23 个三元组
成功提取到 21 个分数
三元组批量评估进度: 213/1363 (批次 856, 2 个ctx) - 处理了 21 个三元组
成功提取到 17 个分数
三元组批量评估进度: 214/1363 (批次 887, 2 个ctx) - 处理了 17 个三元组
成功提取到 21 个分数
三元组批量评估进度: 215/1363 (批次 934, 2 个ctx) - 处理了 21 个三元组
成功提取到 13 个分数
三元组批量评估进度: 216/1363 (批次 895, 2 个ctx) - 处理了 13 个三元组
成功提取到 17 个分数
三元组批量评估进度: 217/1363 (批次 111, 2 个ctx) - 处理了 17 个三元组
成功提取到 23 个分数
三元组批量评估进度: 218/1363 (批次 952, 2 个ctx) - 处理了 23 个三元组
成功提取到 12 个分数
三元组批量评估进度: 219/1363 (批次 185, 2 个ctx) - 处理了 12 个三元组
成功提取到 21 个分数
三元组批量评估进度: 220/1363 (批次 104, 2 个ctx) - 处理了 21 个三元组
成功提取到 10 个分数
三元组批量评估进度: 221/1363 (批次 107, 2 个ctx) - 处理了 10 个三元组成功提取到 10 个分数

三元组批量评估进度: 222/1363 (批次 981, 2 个ctx) - 处理了 10 个三元组
成功提取到 16 个分数成功提取到 22 个分数

三元组批量评估进度: 223/1363 (批次 96, 2 个ctx) - 处理了 22 个三元组
三元组批量评估进度: 224/1363 (批次 259, 2 个ctx) - 处理了 16 个三元组
成功提取到 11 个分数
三元组批量评估进度: 225/1363 (批次 617, 2 个ctx) - 处理了 11 个三元组
成功提取到 10 个分数
三元组批量评估进度: 226/1363 (批次 119, 2 个ctx) - 处理了 10 个三元组
成功提取到 12 个分数
三元组批量评估进度: 227/1363 (批次 949, 2 个ctx) - 处理了 12 个三元组
成功提取到 11 个分数
三元组批量评估进度: 228/1363 (批次 958, 2 个ctx) - 处理了 11 个三元组
成功提取到 17 个分数
三元组批量评估进度: 229/1363 (批次 186, 2 个ctx) - 处理了 17 个三元组
成功提取到 10 个分数
三元组批量评估进度: 230/1363 (批次 584, 2 个ctx) - 处理了 10 个三元组
成功提取到 12 个分数
三元组批量评估进度: 231/1363 (批次 632, 2 个ctx) - 处理了 12 个三元组
成功提取到 20 个分数
三元组批量评估进度: 232/1363 (批次 401, 2 个ctx) - 处理了 20 个三元组
成功提取到 16 个分数
三元组批量评估进度: 233/1363 (批次 425, 2 个ctx) - 处理了 16 个三元组成功提取到 13 个分数

三元组批量评估进度: 234/1363 (批次 1132, 2 个ctx) - 处理了 13 个三元组
成功提取到 7 个分数
三元组批量评估进度: 235/1363 (批次 140, 2 个ctx) - 处理了 7 个三元组
成功提取到 8 个分数
三元组批量评估进度: 236/1363 (批次 1126, 2 个ctx) - 处理了 8 个三元组
成功提取到 22 个分数
三元组批量评估进度: 237/1363 (批次 1020, 2 个ctx) - 处理了 22 个三元组
成功提取到 20 个分数
三元组批量评估进度: 238/1363 (批次 1049, 2 个ctx) - 处理了 20 个三元组
成功提取到 14 个分数
三元组批量评估进度: 239/1363 (批次 292, 2 个ctx) - 处理了 14 个三元组
成功提取到 15 个分数
三元组批量评估进度: 240/1363 (批次 711, 2 个ctx) - 处理了 15 个三元组
成功提取到 21 个分数
三元组批量评估进度: 241/1363 (批次 1128, 2 个ctx) - 处理了 21 个三元组
成功提取到 14 个分数
三元组批量评估进度: 242/1363 (批次 1164, 2 个ctx) - 处理了 14 个三元组
成功提取到 13 个分数
三元组批量评估进度: 243/1363 (批次 311, 2 个ctx) - 处理了 13 个三元组
成功提取到 13 个分数
三元组批量评估进度: 244/1363 (批次 113, 2 个ctx) - 处理了 13 个三元组
成功提取到 17 个分数
三元组批量评估进度: 245/1363 (批次 210, 2 个ctx) - 处理了 17 个三元组
成功提取到 24 个分数
三元组批量评估进度: 246/1363 (批次 201, 2 个ctx) - 处理了 24 个三元组
成功提取到 13 个分数
三元组批量评估进度: 247/1363 (批次 133, 2 个ctx) - 处理了 13 个三元组
成功提取到 27 个分数
三元组批量评估进度: 248/1363 (批次 1050, 2 个ctx) - 处理了 27 个三元组
成功提取到 8 个分数
三元组批量评估进度: 249/1363 (批次 1118, 2 个ctx) - 处理了 8 个三元组
成功提取到 12 个分数
三元组批量评估进度: 250/1363 (批次 144, 2 个ctx) - 处理了 12 个三元组
成功提取到 23 个分数
三元组批量评估进度: 251/1363 (批次 490, 2 个ctx) - 处理了 23 个三元组
成功提取到 12 个分数
三元组批量评估进度: 252/1363 (批次 139, 2 个ctx) - 处理了 12 个三元组
成功提取到 19 个分数
三元组批量评估进度: 253/1363 (批次 750, 2 个ctx) - 处理了 19 个三元组
成功提取到 14 个分数
三元组批量评估进度: 254/1363 (批次 1262, 2 个ctx) - 处理了 14 个三元组
成功提取到 20 个分数
三元组批量评估进度: 255/1363 (批次 316, 2 个ctx) - 处理了 20 个三元组
成功提取到 15 个分数
三元组批量评估进度: 256/1363 (批次 143, 2 个ctx) - 处理了 15 个三元组
成功提取到 14 个分数
三元组批量评估进度: 257/1363 (批次 126, 2 个ctx) - 处理了 14 个三元组
成功提取到 8 个分数
三元组批量评估进度: 258/1363 (批次 223, 2 个ctx) - 处理了 8 个三元组
成功提取到 15 个分数成功提取到 8 个分数

三元组批量评估进度: 259/1363 (批次 342, 2 个ctx) - 处理了 8 个三元组
三元组批量评估进度: 260/1363 (批次 137, 2 个ctx) - 处理了 15 个三元组
成功提取到 9 个分数
三元组批量评估进度: 261/1363 (批次 209, 2 个ctx) - 处理了 9 个三元组
成功提取到 8 个分数
三元组批量评估进度: 262/1363 (批次 261, 2 个ctx) - 处理了 8 个三元组
成功提取到 20 个分数
三元组批量评估进度: 263/1363 (批次 740, 2 个ctx) - 处理了 20 个三元组
成功提取到 17 个分数
三元组批量评估进度: 264/1363 (批次 813, 2 个ctx) - 处理了 17 个三元组
成功提取到 12 个分数
三元组批量评估进度: 265/1363 (批次 222, 2 个ctx) - 处理了 12 个三元组
成功提取到 12 个分数
三元组批量评估进度: 266/1363 (批次 369, 2 个ctx) - 处理了 12 个三元组
成功提取到 12 个分数
三元组批量评估进度: 267/1363 (批次 779, 2 个ctx) - 处理了 12 个三元组
成功提取到 19 个分数
三元组批量评估进度: 268/1363 (批次 1339, 2 个ctx) - 处理了 19 个三元组
成功提取到 10 个分数
三元组批量评估进度: 269/1363 (批次 877, 2 个ctx) - 处理了 10 个三元组
成功提取到 17 个分数
三元组批量评估进度: 270/1363 (批次 252, 2 个ctx) - 处理了 17 个三元组
成功提取到 7 个分数
三元组批量评估进度: 271/1363 (批次 118, 2 个ctx) - 处理了 7 个三元组
成功提取到 11 个分数
三元组批量评估进度: 272/1363 (批次 304, 2 个ctx) - 处理了 11 个三元组
成功提取到 11 个分数
三元组批量评估进度: 273/1363 (批次 870, 2 个ctx) - 处理了 11 个三元组
成功提取到 10 个分数
三元组批量评估进度: 274/1363 (批次 911, 2 个ctx) - 处理了 10 个三元组
成功提取到 18 个分数
三元组批量评估进度: 275/1363 (批次 450, 2 个ctx) - 处理了 18 个三元组
警告：期望 10 个分数，但只找到 9 个，开始重试...
第 1 次重试API调用...
成功提取到 13 个分数
三元组批量评估进度: 276/1363 (批次 109, 2 个ctx) - 处理了 13 个三元组
成功提取到 9 个分数
三元组批量评估进度: 277/1363 (批次 900, 2 个ctx) - 处理了 9 个三元组
成功提取到 15 个分数
三元组批量评估进度: 278/1363 (批次 575, 2 个ctx) - 处理了 15 个三元组
成功提取到 20 个分数
三元组批量评估进度: 279/1363 (批次 903, 2 个ctx) - 处理了 20 个三元组
成功提取到 12 个分数
三元组批量评估进度: 280/1363 (批次 148, 2 个ctx) - 处理了 12 个三元组
成功提取到 17 个分数
三元组批量评估进度: 281/1363 (批次 541, 2 个ctx) - 处理了 17 个三元组
成功提取到 11 个分数
三元组批量评估进度: 282/1363 (批次 147, 2 个ctx) - 处理了 11 个三元组
成功提取到 24 个分数
三元组批量评估进度: 283/1363 (批次 106, 2 个ctx) - 处理了 24 个三元组
成功提取到 20 个分数
三元组批量评估进度: 284/1363 (批次 793, 2 个ctx) - 处理了 20 个三元组
成功提取到 8 个分数
三元组批量评估进度: 285/1363 (批次 156, 2 个ctx) - 处理了 8 个三元组
成功提取到 16 个分数
三元组批量评估进度: 286/1363 (批次 946, 2 个ctx) - 处理了 16 个三元组
成功提取到 12 个分数
三元组批量评估进度: 287/1363 (批次 200, 2 个ctx) - 处理了 12 个三元组
成功提取到 14 个分数
三元组批量评估进度: 288/1363 (批次 395, 2 个ctx) - 处理了 14 个三元组
成功提取到 12 个分数
三元组批量评估进度: 289/1363 (批次 580, 2 个ctx) - 处理了 12 个三元组
成功提取到 22 个分数
三元组批量评估进度: 290/1363 (批次 550, 2 个ctx) - 处理了 22 个三元组
成功提取到 24 个分数
三元组批量评估进度: 291/1363 (批次 859, 2 个ctx) - 处理了 24 个三元组
成功提取到 15 个分数
三元组批量评估进度: 292/1363 (批次 601, 2 个ctx) - 处理了 15 个三元组
成功提取到 12 个分数
三元组批量评估进度: 293/1363 (批次 163, 2 个ctx) - 处理了 12 个三元组
成功提取到 8 个分数
三元组批量评估进度: 294/1363 (批次 167, 2 个ctx) - 处理了 8 个三元组
成功提取到 11 个分数
三元组批量评估进度: 295/1363 (批次 433, 2 个ctx) - 处理了 11 个三元组
成功提取到 13 个分数
三元组批量评估进度: 296/1363 (批次 1076, 2 个ctx) - 处理了 13 个三元组
成功提取到 16 个分数
三元组批量评估进度: 297/1363 (批次 158, 2 个ctx) - 处理了 16 个三元组
成功提取到 20 个分数
三元组批量评估进度: 298/1363 (批次 161, 2 个ctx) - 处理了 20 个三元组
成功提取到 20 个分数
三元组批量评估进度: 299/1363 (批次 1042, 2 个ctx) - 处理了 20 个三元组
成功提取到 23 个分数
三元组批量评估进度: 300/1363 (批次 165, 2 个ctx) - 处理了 23 个三元组
成功提取到 18 个分数
三元组批量评估进度: 301/1363 (批次 157, 2 个ctx) - 处理了 18 个三元组
成功提取到 19 个分数
三元组批量评估进度: 302/1363 (批次 1086, 2 个ctx) - 处理了 19 个三元组
成功提取到 8 个分数
三元组批量评估进度: 303/1363 (批次 171, 2 个ctx) - 处理了 8 个三元组
成功提取到 15 个分数
三元组批量评估进度: 304/1363 (批次 154, 2 个ctx) - 处理了 15 个三元组
成功提取到 16 个分数
三元组批量评估进度: 305/1363 (批次 703, 2 个ctx) - 处理了 16 个三元组
成功提取到 17 个分数
三元组批量评估进度: 306/1363 (批次 1144, 2 个ctx) - 处理了 17 个三元组
成功提取到 18 个分数
三元组批量评估进度: 307/1363 (批次 682, 2 个ctx) - 处理了 18 个三元组
成功提取到 12 个分数
三元组批量评估进度: 308/1363 (批次 150, 2 个ctx) - 处理了 12 个三元组
成功提取到 14 个分数
三元组批量评估进度: 309/1363 (批次 172, 2 个ctx) - 处理了 14 个三元组
成功提取到 16 个分数
三元组批量评估进度: 310/1363 (批次 693, 2 个ctx) - 处理了 16 个三元组
成功提取到 10 个分数
三元组批量评估进度: 311/1363 (批次 162, 2 个ctx) - 处理了 10 个三元组
成功提取到 12 个分数
三元组批量评估进度: 312/1363 (批次 1231, 2 个ctx) - 处理了 12 个三元组
成功提取到 12 个分数
三元组批量评估进度: 313/1363 (批次 176, 2 个ctx) - 处理了 12 个三元组
成功提取到 9 个分数
三元组批量评估进度: 314/1363 (批次 644, 2 个ctx) - 处理了 9 个三元组
成功提取到 13 个分数
三元组批量评估进度: 315/1363 (批次 1223, 2 个ctx) - 处理了 13 个三元组
成功提取到 9 个分数
三元组批量评估进度: 316/1363 (批次 336, 2 个ctx) - 处理了 9 个三元组
成功提取到 17 个分数
三元组批量评估进度: 317/1363 (批次 175, 2 个ctx) - 处理了 17 个三元组
成功提取到 15 个分数
三元组批量评估进度: 318/1363 (批次 178, 2 个ctx) - 处理了 15 个三元组
成功提取到 11 个分数
三元组批量评估进度: 319/1363 (批次 1253, 2 个ctx) - 处理了 11 个三元组
成功提取到 7 个分数
三元组批量评估进度: 320/1363 (批次 187, 2 个ctx) - 处理了 7 个三元组
成功提取到 12 个分数
三元组批量评估进度: 321/1363 (批次 183, 2 个ctx) - 处理了 12 个三元组
警告：期望 11 个分数，但只找到 10 个，开始重试...
第 1 次重试API调用...
成功提取到 19 个分数
三元组批量评估进度: 322/1363 (批次 173, 2 个ctx) - 处理了 19 个三元组
成功提取到 11 个分数
三元组批量评估进度: 323/1363 (批次 197, 2 个ctx) - 处理了 11 个三元组
成功提取到 12 个分数
三元组批量评估进度: 324/1363 (批次 189, 2 个ctx) - 处理了 12 个三元组
成功提取到 18 个分数
三元组批量评估进度: 325/1363 (批次 134, 2 个ctx) - 处理了 18 个三元组
成功提取到 15 个分数
三元组批量评估进度: 326/1363 (批次 748, 2 个ctx) - 处理了 15 个三元组
成功提取到 13 个分数
三元组批量评估进度: 327/1363 (批次 188, 2 个ctx) - 处理了 13 个三元组
成功提取到 20 个分数
三元组批量评估进度: 328/1363 (批次 1236, 2 个ctx) - 处理了 20 个三元组
成功提取到 14 个分数
三元组批量评估进度: 329/1363 (批次 191, 2 个ctx) - 处理了 14 个三元组
成功提取到 13 个分数
三元组批量评估进度: 330/1363 (批次 142, 2 个ctx) - 处理了 13 个三元组
成功提取到 12 个分数
三元组批量评估进度: 331/1363 (批次 193, 2 个ctx) - 处理了 12 个三元组
成功提取到 15 个分数
三元组批量评估进度: 332/1363 (批次 141, 2 个ctx) - 处理了 15 个三元组
成功提取到 18 个分数
三元组批量评估进度: 333/1363 (批次 146, 2 个ctx) - 处理了 18 个三元组
成功提取到 24 个分数
三元组批量评估进度: 334/1363 (批次 170, 2 个ctx) - 处理了 24 个三元组
成功提取到 19 个分数
三元组批量评估进度: 335/1363 (批次 122, 2 个ctx) - 处理了 19 个三元组
成功提取到 8 个分数
三元组批量评估进度: 336/1363 (批次 1304, 2 个ctx) - 处理了 8 个三元组
成功提取到 14 个分数
三元组批量评估进度: 337/1363 (批次 120, 2 个ctx) - 处理了 14 个三元组
成功提取到 22 个分数
三元组批量评估进度: 338/1363 (批次 184, 2 个ctx) - 处理了 22 个三元组
成功提取到 16 个分数
三元组批量评估进度: 339/1363 (批次 199, 2 个ctx) - 处理了 16 个三元组
成功提取到 39 个分数
三元组批量评估进度: 340/1363 (批次 1241, 2 个ctx) - 处理了 39 个三元组
成功提取到 11 个分数
三元组批量评估进度: 341/1363 (批次 207, 2 个ctx) - 处理了 11 个三元组
成功提取到 8 个分数
三元组批量评估进度: 342/1363 (批次 116, 2 个ctx) - 处理了 8 个三元组
成功提取到 11 个分数
三元组批量评估进度: 343/1363 (批次 192, 2 个ctx) - 处理了 11 个三元组
成功提取到 7 个分数
三元组批量评估进度: 344/1363 (批次 917, 2 个ctx) - 处理了 7 个三元组
成功提取到 14 个分数
三元组批量评估进度: 345/1363 (批次 206, 2 个ctx) - 处理了 14 个三元组
警告：期望 11 个分数，但只找到 9 个，开始重试...
第 1 次重试API调用...
成功提取到 19 个分数
三元组批量评估进度: 346/1363 (批次 858, 2 个ctx) - 处理了 19 个三元组
成功提取到 12 个分数
三元组批量评估进度: 347/1363 (批次 180, 2 个ctx) - 处理了 12 个三元组
成功提取到 10 个分数
三元组批量评估进度: 348/1363 (批次 117, 2 个ctx) - 处理了 10 个三元组
警告：期望 18 个分数，但只找到 6 个，开始重试...
第 1 次重试API调用...
成功提取到 38 个分数
三元组批量评估进度: 349/1363 (批次 174, 2 个ctx) - 处理了 38 个三元组
成功提取到 16 个分数
三元组批量评估进度: 350/1363 (批次 115, 2 个ctx) - 处理了 16 个三元组
警告：期望 33 个分数，但只找到 20 个，开始重试...
第 1 次重试API调用...
成功提取到 25 个分数
三元组批量评估进度: 351/1363 (批次 138, 2 个ctx) - 处理了 25 个三元组
成功提取到 32 个分数
三元组批量评估进度: 352/1363 (批次 125, 2 个ctx) - 处理了 32 个三元组
成功提取到 16 个分数
三元组批量评估进度: 353/1363 (批次 964, 2 个ctx) - 处理了 16 个三元组
成功提取到 14 个分数
三元组批量评估进度: 354/1363 (批次 1006, 2 个ctx) - 处理了 14 个三元组
成功提取到 11 个分数
三元组批量评估进度: 355/1363 (批次 980, 2 个ctx) - 处理了 11 个三元组
成功提取到 24 个分数
三元组批量评估进度: 356/1363 (批次 102, 2 个ctx) - 处理了 24 个三元组
成功提取到 9 个分数
三元组批量评估进度: 357/1363 (批次 326, 2 个ctx) - 处理了 9 个三元组
成功提取到 16 个分数
三元组批量评估进度: 358/1363 (批次 646, 2 个ctx) - 处理了 16 个三元组
成功提取到 14 个分数
三元组批量评估进度: 359/1363 (批次 160, 2 个ctx) - 处理了 14 个三元组
成功提取到 10 个分数
三元组批量评估进度: 360/1363 (批次 299, 2 个ctx) - 处理了 10 个三元组
成功提取到 8 个分数
三元组批量评估进度: 361/1363 (批次 220, 2 个ctx) - 处理了 8 个三元组
成功提取到 13 个分数
三元组批量评估进度: 362/1363 (批次 195, 2 个ctx) - 处理了 13 个三元组
成功提取到 13 个分数
三元组批量评估进度: 363/1363 (批次 217, 2 个ctx) - 处理了 13 个三元组
成功提取到 12 个分数
三元组批量评估进度: 364/1363 (批次 1116, 2 个ctx) - 处理了 12 个三元组
成功提取到 13 个分数
三元组批量评估进度: 365/1363 (批次 247, 2 个ctx) - 处理了 13 个三元组
成功提取到 16 个分数
三元组批量评估进度: 366/1363 (批次 221, 2 个ctx) - 处理了 16 个三元组
成功提取到 17 个分数
三元组批量评估进度: 367/1363 (批次 202, 2 个ctx) - 处理了 17 个三元组
成功提取到 23 个分数
三元组批量评估进度: 368/1363 (批次 203, 2 个ctx) - 处理了 23 个三元组
成功提取到 22 个分数
三元组批量评估进度: 369/1363 (批次 166, 2 个ctx) - 处理了 22 个三元组
警告：期望 18 个分数，但只找到 27 个，开始重试...
第 1 次重试API调用...
成功提取到 25 个分数
三元组批量评估进度: 370/1363 (批次 230, 2 个ctx) - 处理了 25 个三元组
成功提取到 14 个分数
三元组批量评估进度: 371/1363 (批次 677, 2 个ctx) - 处理了 14 个三元组
成功提取到 19 个分数
三元组批量评估进度: 372/1363 (批次 1154, 2 个ctx) - 处理了 19 个三元组
成功提取到 17 个分数
三元组批量评估进度: 373/1363 (批次 226, 2 个ctx) - 处理了 17 个三元组
成功提取到 11 个分数
三元组批量评估进度: 374/1363 (批次 480, 2 个ctx) - 处理了 11 个三元组
成功提取到 12 个分数
三元组批量评估进度: 375/1363 (批次 194, 2 个ctx) - 处理了 12 个三元组
成功提取到 14 个分数
三元组批量评估进度: 376/1363 (批次 471, 2 个ctx) - 处理了 14 个三元组
成功提取到 10 个分数
三元组批量评估进度: 377/1363 (批次 1213, 2 个ctx) - 处理了 10 个三元组
成功提取到 7 个分数
三元组批量评估进度: 378/1363 (批次 1354, 2 个ctx) - 处理了 7 个三元组
成功提取到 22 个分数
三元组批量评估进度: 379/1363 (批次 784, 2 个ctx) - 处理了 22 个三元组
成功提取到 20 个分数
三元组批量评估进度: 380/1363 (批次 1226, 2 个ctx) - 处理了 20 个三元组
成功提取到 18 个分数
三元组批量评估进度: 381/1363 (批次 351, 2 个ctx) - 处理了 18 个三元组
成功提取到 16 个分数
三元组批量评估进度: 382/1363 (批次 907, 2 个ctx) - 处理了 16 个三元组
成功提取到 15 个分数
三元组批量评估进度: 383/1363 (批次 297, 2 个ctx) - 处理了 15 个三元组
成功提取到 14 个分数
三元组批量评估进度: 384/1363 (批次 867, 2 个ctx) - 处理了 14 个三元组
成功提取到 17 个分数
三元组批量评估进度: 385/1363 (批次 901, 2 个ctx) - 处理了 17 个三元组
成功提取到 14 个分数
三元组批量评估进度: 386/1363 (批次 912, 2 个ctx) - 处理了 14 个三元组
成功提取到 9 个分数
三元组批量评估进度: 387/1363 (批次 389, 2 个ctx) - 处理了 9 个三元组
成功提取到 11 个分数
三元组批量评估进度: 388/1363 (批次 558, 2 个ctx) - 处理了 11 个三元组
成功提取到 13 个分数
三元组批量评估进度: 389/1363 (批次 925, 2 个ctx) - 处理了 13 个三元组
成功提取到 12 个分数
三元组批量评估进度: 390/1363 (批次 251, 2 个ctx) - 处理了 12 个三元组
成功提取到 13 个分数
三元组批量评估进度: 391/1363 (批次 416, 2 个ctx) - 处理了 13 个三元组
成功提取到 10 个分数
成功提取到 12 个分数三元组批量评估进度: 392/1363 (批次 390, 2 个ctx) - 处理了 10 个三元组

三元组批量评估进度: 393/1363 (批次 985, 2 个ctx) - 处理了 12 个三元组
成功提取到 18 个分数
三元组批量评估进度: 394/1363 (批次 516, 2 个ctx) - 处理了 18 个三元组
成功提取到 19 个分数
三元组批量评估进度: 395/1363 (批次 553, 2 个ctx) - 处理了 19 个三元组
成功提取到 21 个分数
三元组批量评估进度: 396/1363 (批次 1300, 2 个ctx) - 处理了 21 个三元组
成功提取到 13 个分数
三元组批量评估进度: 397/1363 (批次 1004, 2 个ctx) - 处理了 13 个三元组
成功提取到 12 个分数
三元组批量评估进度: 398/1363 (批次 181, 2 个ctx) - 处理了 12 个三元组
成功提取到 16 个分数
三元组批量评估进度: 399/1363 (批次 556, 2 个ctx) - 处理了 16 个三元组
成功提取到 23 个分数
三元组批量评估进度: 400/1363 (批次 977, 2 个ctx) - 处理了 23 个三元组
成功提取到 20 个分数
三元组批量评估进度: 401/1363 (批次 393, 2 个ctx) - 处理了 20 个三元组
成功提取到 31 个分数
三元组批量评估进度: 402/1363 (批次 531, 2 个ctx) - 处理了 31 个三元组
成功提取到 9 个分数
三元组批量评估进度: 403/1363 (批次 434, 2 个ctx) - 处理了 9 个三元组
成功提取到 20 个分数
三元组批量评估进度: 404/1363 (批次 427, 2 个ctx) - 处理了 20 个三元组
成功提取到 14 个分数成功提取到 25 个分数
三元组批量评估进度: 405/1363 (批次 229, 2 个ctx) - 处理了 25 个三元组

三元组批量评估进度: 406/1363 (批次 270, 2 个ctx) - 处理了 14 个三元组
成功提取到 15 个分数
三元组批量评估进度: 407/1363 (批次 431, 2 个ctx) - 处理了 15 个三元组
成功提取到 13 个分数
三元组批量评估进度: 408/1363 (批次 233, 2 个ctx) - 处理了 13 个三元组
成功提取到 28 个分数
三元组批量评估进度: 409/1363 (批次 926, 2 个ctx) - 处理了 28 个三元组
成功提取到 17 个分数
三元组批量评估进度: 410/1363 (批次 212, 2 个ctx) - 处理了 17 个三元组
成功提取到 15 个分数
三元组批量评估进度: 411/1363 (批次 279, 2 个ctx) - 处理了 15 个三元组
成功提取到 18 个分数
三元组批量评估进度: 412/1363 (批次 234, 2 个ctx) - 处理了 18 个三元组
成功提取到 14 个分数
三元组批量评估进度: 413/1363 (批次 1048, 2 个ctx) - 处理了 14 个三元组
成功提取到 13 个分数
三元组批量评估进度: 414/1363 (批次 287, 2 个ctx) - 处理了 13 个三元组
成功提取到 9 个分数
三元组批量评估进度: 415/1363 (批次 278, 2 个ctx) - 处理了 9 个三元组
成功提取到 11 个分数
三元组批量评估进度: 416/1363 (批次 276, 2 个ctx) - 处理了 11 个三元组
成功提取到 18 个分数
三元组批量评估进度: 417/1363 (批次 177, 2 个ctx) - 处理了 18 个三元组
成功提取到 13 个分数
三元组批量评估进度: 418/1363 (批次 216, 2 个ctx) - 处理了 13 个三元组
成功提取到 14 个分数
三元组批量评估进度: 419/1363 (批次 283, 2 个ctx) - 处理了 14 个三元组
成功提取到 14 个分数
三元组批量评估进度: 420/1363 (批次 281, 2 个ctx) - 处理了 14 个三元组
成功提取到 11 个分数
三元组批量评估进度: 421/1363 (批次 219, 2 个ctx) - 处理了 11 个三元组
成功提取到 11 个分数
三元组批量评估进度: 422/1363 (批次 273, 2 个ctx) - 处理了 11 个三元组
成功提取到 8 个分数
三元组批量评估进度: 423/1363 (批次 1206, 2 个ctx) - 处理了 8 个三元组
成功提取到 11 个分数
三元组批量评估进度: 424/1363 (批次 243, 2 个ctx) - 处理了 11 个三元组
成功提取到 18 个分数
三元组批量评估进度: 425/1363 (批次 290, 2 个ctx) - 处理了 18 个三元组
成功提取到 15 个分数
三元组批量评估进度: 426/1363 (批次 741, 2 个ctx) - 处理了 15 个三元组
成功提取到 21 个分数
三元组批量评估进度: 427/1363 (批次 245, 2 个ctx) - 处理了 21 个三元组
成功提取到 10 个分数
三元组批量评估进度: 428/1363 (批次 309, 2 个ctx) - 处理了 10 个三元组
成功提取到 12 个分数
三元组批量评估进度: 429/1363 (批次 286, 2 个ctx) - 处理了 12 个三元组
成功提取到 11 个分数
三元组批量评估进度: 430/1363 (批次 258, 2 个ctx) - 处理了 11 个三元组
警告：期望 11 个分数，但只找到 3 个，开始重试...
第 1 次重试API调用...
成功提取到 20 个分数
三元组批量评估进度: 431/1363 (批次 298, 2 个ctx) - 处理了 20 个三元组
成功提取到 16 个分数
三元组批量评估进度: 432/1363 (批次 250, 2 个ctx) - 处理了 16 个三元组
成功提取到 14 个分数
三元组批量评估进度: 433/1363 (批次 310, 2 个ctx) - 处理了 14 个三元组
成功提取到 7 个分数
三元组批量评估进度: 434/1363 (批次 262, 2 个ctx) - 处理了 7 个三元组
成功提取到 14 个分数
三元组批量评估进度: 435/1363 (批次 242, 2 个ctx) - 处理了 14 个三元组
成功提取到 15 个分数
三元组批量评估进度: 436/1363 (批次 248, 2 个ctx) - 处理了 15 个三元组
成功提取到 9 个分数
三元组批量评估进度: 437/1363 (批次 314, 2 个ctx) - 处理了 9 个三元组
警告：期望 13 个分数，但只找到 9 个，开始重试...
第 1 次重试API调用...
成功提取到 11 个分数
三元组批量评估进度: 438/1363 (批次 265, 2 个ctx) - 处理了 11 个三元组
成功提取到 14 个分数
三元组批量评估进度: 439/1363 (批次 238, 2 个ctx) - 处理了 14 个三元组
成功提取到 11 个分数
三元组批量评估进度: 440/1363 (批次 246, 2 个ctx) - 处理了 11 个三元组
成功提取到 6 个分数
三元组批量评估进度: 441/1363 (批次 325, 2 个ctx) - 处理了 6 个三元组
成功提取到 15 个分数
三元组批量评估进度: 442/1363 (批次 317, 2 个ctx) - 处理了 15 个三元组
成功提取到 13 个分数
三元组批量评估进度: 443/1363 (批次 253, 2 个ctx) - 处理了 13 个三元组
成功提取到 11 个分数
三元组批量评估进度: 444/1363 (批次 277, 2 个ctx) - 处理了 11 个三元组
成功提取到 15 个分数
三元组批量评估进度: 445/1363 (批次 319, 2 个ctx) - 处理了 15 个三元组
成功提取到 15 个分数
成功提取到 15 个分数
三元组批量评估进度: 446/1363 (批次 263, 2 个ctx) - 处理了 15 个三元组
三元组批量评估进度: 447/1363 (批次 320, 2 个ctx) - 处理了 15 个三元组
成功提取到 14 个分数
三元组批量评估进度: 448/1363 (批次 227, 2 个ctx) - 处理了 14 个三元组
警告：期望 19 个分数，但只找到 2 个，开始重试...
第 1 次重试API调用...
成功提取到 16 个分数
三元组批量评估进度: 449/1363 (批次 249, 2 个ctx) - 处理了 16 个三元组
成功提取到 16 个分数
三元组批量评估进度: 450/1363 (批次 236, 2 个ctx) - 处理了 16 个三元组
成功提取到 21 个分数
三元组批量评估进度: 451/1363 (批次 811, 2 个ctx) - 处理了 21 个三元组
成功提取到 19 个分数
三元组批量评估进度: 452/1363 (批次 267, 2 个ctx) - 处理了 19 个三元组
成功提取到 24 个分数
三元组批量评估进度: 453/1363 (批次 244, 2 个ctx) - 处理了 24 个三元组
成功提取到 16 个分数
三元组批量评估进度: 454/1363 (批次 323, 2 个ctx) - 处理了 16 个三元组
成功提取到 18 个分数
三元组批量评估进度: 455/1363 (批次 529, 2 个ctx) - 处理了 18 个三元组
成功提取到 18 个分数
三元组批量评估进度: 456/1363 (批次 328, 2 个ctx) - 处理了 18 个三元组
成功提取到 22 个分数
三元组批量评估进度: 457/1363 (批次 260, 2 个ctx) - 处理了 22 个三元组
成功提取到 12 个分数
三元组批量评估进度: 458/1363 (批次 329, 2 个ctx) - 处理了 12 个三元组
成功提取到 16 个分数
三元组批量评估进度: 459/1363 (批次 408, 2 个ctx) - 处理了 16 个三元组
成功提取到 22 个分数
三元组批量评估进度: 460/1363 (批次 322, 2 个ctx) - 处理了 22 个三元组
成功提取到 11 个分数
三元组批量评估进度: 461/1363 (批次 301, 2 个ctx) - 处理了 11 个三元组
成功提取到 11 个分数
三元组批量评估进度: 462/1363 (批次 609, 2 个ctx) - 处理了 11 个三元组
成功提取到 13 个分数
三元组批量评估进度: 463/1363 (批次 341, 2 个ctx) - 处理了 13 个三元组
成功提取到 19 个分数
三元组批量评估进度: 464/1363 (批次 330, 2 个ctx) - 处理了 19 个三元组
成功提取到 14 个分数成功提取到 17 个分数

三元组批量评估进度: 465/1363 (批次 272, 2 个ctx) - 处理了 14 个三元组
三元组批量评估进度: 466/1363 (批次 228, 2 个ctx) - 处理了 17 个三元组
成功提取到 14 个分数
三元组批量评估进度: 467/1363 (批次 271, 2 个ctx) - 处理了 14 个三元组
成功提取到 14 个分数
三元组批量评估进度: 468/1363 (批次 332, 2 个ctx) - 处理了 14 个三元组
成功提取到 18 个分数
三元组批量评估进度: 469/1363 (批次 345, 2 个ctx) - 处理了 18 个三元组
成功提取到 14 个分数
三元组批量评估进度: 470/1363 (批次 430, 2 个ctx) - 处理了 14 个三元组
成功提取到 20 个分数
三元组批量评估进度: 471/1363 (批次 569, 2 个ctx) - 处理了 20 个三元组
成功提取到 18 个分数
三元组批量评估进度: 472/1363 (批次 602, 2 个ctx) - 处理了 18 个三元组
成功提取到 14 个分数
三元组批量评估进度: 473/1363 (批次 153, 2 个ctx) - 处理了 14 个三元组
成功提取到 20 个分数
三元组批量评估进度: 474/1363 (批次 1010, 2 个ctx) - 处理了 20 个三元组
成功提取到 12 个分数
三元组批量评估进度: 475/1363 (批次 674, 2 个ctx) - 处理了 12 个三元组
成功提取到 16 个分数
三元组批量评估进度: 476/1363 (批次 205, 2 个ctx) - 处理了 16 个三元组
成功提取到 9 个分数
三元组批量评估进度: 477/1363 (批次 1160, 2 个ctx) - 处理了 9 个三元组
成功提取到 13 个分数
三元组批量评估进度: 478/1363 (批次 457, 2 个ctx) - 处理了 13 个三元组
成功提取到 8 个分数
成功提取到 11 个分数
三元组批量评估进度: 479/1363 (批次 1199, 2 个ctx) - 处理了 8 个三元组
三元组批量评估进度: 480/1363 (批次 707, 2 个ctx) - 处理了 11 个三元组
成功提取到 17 个分数
三元组批量评估进度: 481/1363 (批次 231, 2 个ctx) - 处理了 17 个三元组
成功提取到 12 个分数
三元组批量评估进度: 482/1363 (批次 1161, 2 个ctx) - 处理了 12 个三元组
成功提取到 12 个分数
三元组批量评估进度: 483/1363 (批次 473, 2 个ctx) - 处理了 12 个三元组
成功提取到 13 个分数
三元组批量评估进度: 484/1363 (批次 1088, 2 个ctx) - 处理了 13 个三元组
成功提取到 30 个分数
成功提取到 11 个分数
三元组批量评估进度: 485/1363 (批次 824, 2 个ctx) - 处理了 11 个三元组
三元组批量评估进度: 486/1363 (批次 699, 2 个ctx) - 处理了 30 个三元组
成功提取到 10 个分数
三元组批量评估进度: 487/1363 (批次 378, 2 个ctx) - 处理了 10 个三元组
成功提取到 12 个分数
三元组批量评估进度: 488/1363 (批次 364, 2 个ctx) - 处理了 12 个三元组
成功提取到 12 个分数
三元组批量评估进度: 489/1363 (批次 375, 2 个ctx) - 处理了 12 个三元组
成功提取到 13 个分数
三元组批量评估进度: 490/1363 (批次 354, 2 个ctx) - 处理了 13 个三元组
成功提取到 18 个分数
三元组批量评估进度: 491/1363 (批次 745, 2 个ctx) - 处理了 18 个三元组
成功提取到 13 个分数
三元组批量评估进度: 492/1363 (批次 289, 2 个ctx) - 处理了 13 个三元组
成功提取到 14 个分数
成功提取到 11 个分数三元组批量评估进度: 493/1363 (批次 240, 2 个ctx) - 处理了 14 个三元组

三元组批量评估进度: 494/1363 (批次 362, 2 个ctx) - 处理了 11 个三元组
成功提取到 14 个分数
三元组批量评估进度: 495/1363 (批次 372, 2 个ctx) - 处理了 14 个三元组
成功提取到 13 个分数
三元组批量评估进度: 496/1363 (批次 382, 2 个ctx) - 处理了 13 个三元组
成功提取到 14 个分数成功提取到 9 个分数
三元组批量评估进度: 497/1363 (批次 879, 2 个ctx) - 处理了 14 个三元组

三元组批量评估进度: 498/1363 (批次 237, 2 个ctx) - 处理了 9 个三元组
成功提取到 13 个分数
三元组批量评估进度: 499/1363 (批次 379, 2 个ctx) - 处理了 13 个三元组
成功提取到 17 个分数
三元组批量评估进度: 500/1363 (批次 288, 2 个ctx) - 处理了 17 个三元组
成功提取到 15 个分数
成功提取到 14 个分数
三元组批量评估进度: 501/1363 (批次 358, 2 个ctx) - 处理了 15 个三元组
三元组批量评估进度: 502/1363 (批次 294, 2 个ctx) - 处理了 14 个三元组
成功提取到 19 个分数
三元组批量评估进度: 503/1363 (批次 356, 2 个ctx) - 处理了 19 个三元组
成功提取到 19 个分数
三元组批量评估进度: 504/1363 (批次 370, 2 个ctx) - 处理了 19 个三元组
成功提取到 19 个分数
三元组批量评估进度: 505/1363 (批次 385, 2 个ctx) - 处理了 19 个三元组
成功提取到 27 个分数
三元组批量评估进度: 506/1363 (批次 333, 2 个ctx) - 处理了 27 个三元组
成功提取到 27 个分数
成功提取到 25 个分数
三元组批量评估进度: 507/1363 (批次 367, 2 个ctx) - 处理了 25 个三元组
三元组批量评估进度: 508/1363 (批次 282, 2 个ctx) - 处理了 27 个三元组
成功提取到 11 个分数
三元组批量评估进度: 509/1363 (批次 406, 2 个ctx) - 处理了 11 个三元组
成功提取到 21 个分数
三元组批量评估进度: 510/1363 (批次 357, 2 个ctx) - 处理了 21 个三元组
成功提取到 13 个分数
三元组批量评估进度: 511/1363 (批次 566, 2 个ctx) - 处理了 13 个三元组
成功提取到 17 个分数
三元组批量评估进度: 512/1363 (批次 360, 2 个ctx) - 处理了 17 个三元组
成功提取到 16 个分数
三元组批量评估进度: 513/1363 (批次 997, 2 个ctx) - 处理了 16 个三元组
成功提取到 34 个分数
三元组批量评估进度: 514/1363 (批次 384, 2 个ctx) - 处理了 34 个三元组
成功提取到 14 个分数
三元组批量评估进度: 515/1363 (批次 616, 2 个ctx) - 处理了 14 个三元组
成功提取到 20 个分数
三元组批量评估进度: 516/1363 (批次 402, 2 个ctx) - 处理了 20 个三元组
成功提取到 12 个分数
三元组批量评估进度: 517/1363 (批次 398, 2 个ctx) - 处理了 12 个三元组
成功提取到 9 个分数
三元组批量评估进度: 518/1363 (批次 610, 2 个ctx) - 处理了 9 个三元组
成功提取到 10 个分数
三元组批量评估进度: 519/1363 (批次 1030, 2 个ctx) - 处理了 10 个三元组
成功提取到 6 个分数
三元组批量评估进度: 520/1363 (批次 439, 2 个ctx) - 处理了 6 个三元组
成功提取到 20 个分数
三元组批量评估进度: 521/1363 (批次 254, 2 个ctx) - 处理了 20 个三元组
成功提取到 13 个分数
三元组批量评估进度: 522/1363 (批次 436, 2 个ctx) - 处理了 13 个三元组
成功提取到 8 个分数
三元组批量评估进度: 523/1363 (批次 417, 2 个ctx) - 处理了 8 个三元组
成功提取到 12 个分数
三元组批量评估进度: 524/1363 (批次 315, 2 个ctx) - 处理了 12 个三元组
成功提取到 16 个分数
三元组批量评估进度: 525/1363 (批次 443, 2 个ctx) - 处理了 16 个三元组
成功提取到 11 个分数
三元组批量评估进度: 526/1363 (批次 435, 2 个ctx) - 处理了 11 个三元组
成功提取到 10 个分数
三元组批量评估进度: 527/1363 (批次 324, 2 个ctx) - 处理了 10 个三元组
成功提取到 12 个分数
三元组批量评估进度: 528/1363 (批次 318, 2 个ctx) - 处理了 12 个三元组
成功提取到 13 个分数
三元组批量评估进度: 529/1363 (批次 331, 2 个ctx) - 处理了 13 个三元组
成功提取到 19 个分数
三元组批量评估进度: 530/1363 (批次 313, 2 个ctx) - 处理了 19 个三元组
成功提取到 14 个分数
三元组批量评估进度: 531/1363 (批次 444, 2 个ctx) - 处理了 14 个三元组
成功提取到 9 个分数
三元组批量评估进度: 532/1363 (批次 449, 2 个ctx) - 处理了 9 个三元组
成功提取到 22 个分数
三元组批量评估进度: 533/1363 (批次 629, 2 个ctx) - 处理了 22 个三元组
成功提取到 15 个分数
三元组批量评估进度: 534/1363 (批次 452, 2 个ctx) - 处理了 15 个三元组
成功提取到 15 个分数
三元组批量评估进度: 535/1363 (批次 446, 2 个ctx) - 处理了 15 个三元组
成功提取到 20 个分数
三元组批量评估进度: 536/1363 (批次 615, 2 个ctx) - 处理了 20 个三元组
成功提取到 7 个分数
三元组批量评估进度: 537/1363 (批次 684, 2 个ctx) - 处理了 7 个三元组
成功提取到 15 个分数
三元组批量评估进度: 538/1363 (批次 451, 2 个ctx) - 处理了 15 个三元组
警告：期望 26 个分数，但只找到 25 个，开始重试...
第 1 次重试API调用...
成功提取到 13 个分数
三元组批量评估进度: 539/1363 (批次 269, 2 个ctx) - 处理了 13 个三元组
成功提取到 33 个分数
三元组批量评估进度: 540/1363 (批次 377, 2 个ctx) - 处理了 33 个三元组
成功提取到 10 个分数
三元组批量评估进度: 541/1363 (批次 454, 2 个ctx) - 处理了 10 个三元组
成功提取到 19 个分数
三元组批量评估进度: 542/1363 (批次 460, 2 个ctx) - 处理了 19 个三元组
成功提取到 14 个分数
三元组批量评估进度: 543/1363 (批次 742, 2 个ctx) - 处理了 14 个三元组
成功提取到 13 个分数
三元组批量评估进度: 544/1363 (批次 459, 2 个ctx) - 处理了 13 个三元组
成功提取到 16 个分数
三元组批量评估进度: 545/1363 (批次 1211, 2 个ctx) - 处理了 16 个三元组
成功提取到 28 个分数
三元组批量评估进度: 546/1363 (批次 685, 2 个ctx) - 处理了 28 个三元组
成功提取到 17 个分数
三元组批量评估进度: 547/1363 (批次 686, 2 个ctx) - 处理了 17 个三元组
成功提取到 28 个分数
三元组批量评估进度: 548/1363 (批次 1032, 2 个ctx) - 处理了 28 个三元组
成功提取到 22 个分数
三元组批量评估进度: 549/1363 (批次 456, 2 个ctx) - 处理了 22 个三元组
成功提取到 12 个分数
三元组批量评估进度: 550/1363 (批次 469, 2 个ctx) - 处理了 12 个三元组
成功提取到 13 个分数
三元组批量评估进度: 551/1363 (批次 344, 2 个ctx) - 处理了 13 个三元组
成功提取到 11 个分数
三元组批量评估进度: 552/1363 (批次 472, 2 个ctx) - 处理了 11 个三元组
成功提取到 13 个分数
三元组批量评估进度: 553/1363 (批次 476, 2 个ctx) - 处理了 13 个三元组
成功提取到 12 个分数成功提取到 12 个分数

三元组批量评估进度: 554/1363 (批次 280, 2 个ctx) - 处理了 12 个三元组
三元组批量评估进度: 555/1363 (批次 474, 2 个ctx) - 处理了 12 个三元组
成功提取到 13 个分数
三元组批量评估进度: 556/1363 (批次 791, 2 个ctx) - 处理了 13 个三元组
成功提取到 15 个分数
三元组批量评估进度: 557/1363 (批次 464, 2 个ctx) - 处理了 15 个三元组
成功提取到 15 个分数成功提取到 12 个分数
三元组批量评估进度: 558/1363 (批次 477, 2 个ctx) - 处理了 12 个三元组

三元组批量评估进度: 559/1363 (批次 470, 2 个ctx) - 处理了 15 个三元组
成功提取到 13 个分数
三元组批量评估进度: 560/1363 (批次 353, 2 个ctx) - 处理了 13 个三元组
成功提取到 16 个分数成功提取到 26 个分数

三元组批量评估进度: 561/1363 (批次 479, 2 个ctx) - 处理了 26 个三元组
成功提取到 10 个分数
成功提取到 13 个分数
三元组批量评估进度: 562/1363 (批次 463, 2 个ctx) - 处理了 16 个三元组
三元组批量评估进度: 563/1363 (批次 296, 2 个ctx) - 处理了 10 个三元组
三元组批量评估进度: 564/1363 (批次 467, 2 个ctx) - 处理了 13 个三元组
成功提取到 16 个分数
三元组批量评估进度: 565/1363 (批次 1327, 2 个ctx) - 处理了 16 个三元组
成功提取到 19 个分数
三元组批量评估进度: 566/1363 (批次 305, 2 个ctx) - 处理了 19 个三元组
成功提取到 9 个分数
三元组批量评估进度: 567/1363 (批次 525, 2 个ctx) - 处理了 9 个三元组
成功提取到 8 个分数
三元组批量评估进度: 568/1363 (批次 412, 2 个ctx) - 处理了 8 个三元组
成功提取到 10 个分数
三元组批量评估进度: 569/1363 (批次 596, 2 个ctx) - 处理了 10 个三元组
成功提取到 12 个分数
三元组批量评估进度: 570/1363 (批次 518, 2 个ctx) - 处理了 12 个三元组
成功提取到 8 个分数
三元组批量评估进度: 571/1363 (批次 413, 2 个ctx) - 处理了 8 个三元组
成功提取到 10 个分数
三元组批量评估进度: 572/1363 (批次 257, 2 个ctx) - 处理了 10 个三元组
成功提取到 15 个分数
三元组批量评估进度: 573/1363 (批次 524, 2 个ctx) - 处理了 15 个三元组
成功提取到 15 个分数
三元组批量评估进度: 574/1363 (批次 987, 2 个ctx) - 处理了 15 个三元组
警告：期望 9 个分数，但只找到 18 个，开始重试...
第 1 次重试API调用...
成功提取到 18 个分数
三元组批量评估进度: 575/1363 (批次 599, 2 个ctx) - 处理了 18 个三元组
成功提取到 16 个分数
三元组批量评估进度: 576/1363 (批次 614, 2 个ctx) - 处理了 16 个三元组
成功提取到 19 个分数
三元组批量评估进度: 577/1363 (批次 623, 2 个ctx) - 处理了 19 个三元组
成功提取到 10 个分数
三元组批量评估进度: 578/1363 (批次 716, 2 个ctx) - 处理了 10 个三元组
成功提取到 15 个分数
三元组批量评估进度: 579/1363 (批次 419, 2 个ctx) - 处理了 15 个三元组
成功提取到 18 个分数
三元组批量评估进度: 580/1363 (批次 613, 2 个ctx) - 处理了 18 个三元组
成功提取到 15 个分数
三元组批量评估进度: 581/1363 (批次 715, 2 个ctx) - 处理了 15 个三元组
成功提取到 14 个分数
三元组批量评估进度: 582/1363 (批次 697, 2 个ctx) - 处理了 14 个三元组
成功提取到 12 个分数
三元组批量评估进度: 583/1363 (批次 1210, 2 个ctx) - 处理了 12 个三元组
成功提取到 9 个分数
三元组批量评估进度: 584/1363 (批次 337, 2 个ctx) - 处理了 9 个三元组
成功提取到 11 个分数
三元组批量评估进度: 585/1363 (批次 481, 2 个ctx) - 处理了 11 个三元组
成功提取到 16 个分数
成功提取到 19 个分数
三元组批量评估进度: 586/1363 (批次 1166, 2 个ctx) - 处理了 16 个三元组
三元组批量评估进度: 587/1363 (批次 266, 2 个ctx) - 处理了 19 个三元组
成功提取到 14 个分数
三元组批量评估进度: 588/1363 (批次 483, 2 个ctx) - 处理了 14 个三元组
重试第 1 次的响应：
重试第 1 次仍然不匹配：期望 19 个，得到 2 个
第 2 次重试API调用...
成功提取到 11 个分数
三元组批量评估进度: 589/1363 (批次 482, 2 个ctx) - 处理了 11 个三元组
成功提取到 19 个分数
三元组批量评估进度: 590/1363 (批次 486, 2 个ctx) - 处理了 19 个三元组
成功提取到 13 个分数
三元组批量评估进度: 591/1363 (批次 355, 2 个ctx) - 处理了 13 个三元组
成功提取到 20 个分数
三元组批量评估进度: 592/1363 (批次 366, 2 个ctx) - 处理了 20 个三元组
成功提取到 15 个分数
三元组批量评估进度: 593/1363 (批次 368, 2 个ctx) - 处理了 15 个三元组
成功提取到 23 个分数
三元组批量评估进度: 594/1363 (批次 489, 2 个ctx) - 处理了 23 个三元组
成功提取到 17 个分数
三元组批量评估进度: 595/1363 (批次 749, 2 个ctx) - 处理了 17 个三元组
成功提取到 19 个分数
三元组批量评估进度: 596/1363 (批次 761, 2 个ctx) - 处理了 19 个三元组
成功提取到 19 个分数
三元组批量评估进度: 597/1363 (批次 468, 2 个ctx) - 处理了 19 个三元组
成功提取到 23 个分数
三元组批量评估进度: 598/1363 (批次 764, 2 个ctx) - 处理了 23 个三元组
成功提取到 6 个分数
三元组批量评估进度: 599/1363 (批次 510, 2 个ctx) - 处理了 6 个三元组
成功提取到 10 个分数
三元组批量评估进度: 600/1363 (批次 374, 2 个ctx) - 处理了 10 个三元组
成功提取到 12 个分数
三元组批量评估进度: 601/1363 (批次 512, 2 个ctx) - 处理了 12 个三元组
成功提取到 19 个分数
三元组批量评估进度: 602/1363 (批次 519, 2 个ctx) - 处理了 19 个三元组
成功提取到 16 个分数
三元组批量评估进度: 603/1363 (批次 520, 2 个ctx) - 处理了 16 个三元组
成功提取到 8 个分数
三元组批量评估进度: 604/1363 (批次 827, 2 个ctx) - 处理了 8 个三元组
成功提取到 11 个分数
三元组批量评估进度: 605/1363 (批次 494, 2 个ctx) - 处理了 11 个三元组
警告：期望 19 个分数，但只找到 18 个，开始重试...
第 1 次重试API调用...
成功提取到 10 个分数
三元组批量评估进度: 606/1363 (批次 383, 2 个ctx) - 处理了 10 个三元组
成功提取到 16 个分数
三元组批量评估进度: 607/1363 (批次 291, 2 个ctx) - 处理了 16 个三元组
成功提取到 14 个分数
三元组批量评估进度: 608/1363 (批次 521, 2 个ctx) - 处理了 14 个三元组
成功提取到 13 个分数
三元组批量评估进度: 609/1363 (批次 527, 2 个ctx) - 处理了 13 个三元组
成功提取到 15 个分数
三元组批量评估进度: 610/1363 (批次 528, 2 个ctx) - 处理了 15 个三元组
成功提取到 13 个分数成功提取到 11 个分数
三元组批量评估进度: 611/1363 (批次 500, 2 个ctx) - 处理了 11 个三元组

三元组批量评估进度: 612/1363 (批次 502, 2 个ctx) - 处理了 13 个三元组
成功提取到 20 个分数
三元组批量评估进度: 613/1363 (批次 522, 2 个ctx) - 处理了 20 个三元组
成功提取到 17 个分数
三元组批量评估进度: 614/1363 (批次 295, 2 个ctx) - 处理了 17 个三元组
成功提取到 14 个分数
三元组批量评估进度: 615/1363 (批次 514, 2 个ctx) - 处理了 14 个三元组
重试第 1 次的响应：
重试成功！提取到 18 个分数
三元组批量评估进度: 616/1363 (批次 308, 2 个ctx) - 处理了 18 个三元组
成功提取到 14 个分数
三元组批量评估进度: 617/1363 (批次 515, 2 个ctx) - 处理了 14 个三元组
成功提取到 18 个分数
三元组批量评估进度: 618/1363 (批次 499, 2 个ctx) - 处理了 18 个三元组
成功提取到 21 个分数
三元组批量评估进度: 619/1363 (批次 497, 2 个ctx) - 处理了 21 个三元组
成功提取到 20 个分数
三元组批量评估进度: 620/1363 (批次 376, 2 个ctx) - 处理了 20 个三元组
警告：期望 9 个分数，但只找到 5 个，开始重试...成功提取到 18 个分数
三元组批量评估进度: 621/1363 (批次 506, 2 个ctx) - 处理了 18 个三元组

第 1 次重试API调用...
成功提取到 12 个分数
三元组批量评估进度: 622/1363 (批次 533, 2 个ctx) - 处理了 12 个三元组
成功提取到 11 个分数
三元组批量评估进度: 623/1363 (批次 561, 2 个ctx) - 处理了 11 个三元组
成功提取到 8 个分数
三元组批量评估进度: 624/1363 (批次 551, 2 个ctx) - 处理了 8 个三元组
成功提取到 14 个分数
三元组批量评估进度: 625/1363 (批次 543, 2 个ctx) - 处理了 14 个三元组
成功提取到 25 个分数成功提取到 22 个分数
三元组批量评估进度: 626/1363 (批次 508, 2 个ctx) - 处理了 25 个三元组

三元组批量评估进度: 627/1363 (批次 495, 2 个ctx) - 处理了 22 个三元组
成功提取到 9 个分数
三元组批量评估进度: 628/1363 (批次 547, 2 个ctx) - 处理了 9 个三元组
成功提取到 11 个分数
三元组批量评估进度: 629/1363 (批次 645, 2 个ctx) - 处理了 11 个三元组
成功提取到 9 个分数
三元组批量评估进度: 630/1363 (批次 1062, 2 个ctx) - 处理了 9 个三元组
成功提取到 15 个分数
三元组批量评估进度: 631/1363 (批次 546, 2 个ctx) - 处理了 15 个三元组
成功提取到 12 个分数
三元组批量评估进度: 632/1363 (批次 944, 2 个ctx) - 处理了 12 个三元组
成功提取到 18 个分数
三元组批量评估进度: 633/1363 (批次 532, 2 个ctx) - 处理了 18 个三元组
成功提取到 14 个分数
三元组批量评估进度: 634/1363 (批次 388, 2 个ctx) - 处理了 14 个三元组
成功提取到 18 个分数
三元组批量评估进度: 635/1363 (批次 534, 2 个ctx) - 处理了 18 个三元组
成功提取到 9 个分数
三元组批量评估进度: 636/1363 (批次 394, 2 个ctx) - 处理了 9 个三元组
成功提取到 9 个分数
三元组批量评估进度: 637/1363 (批次 589, 2 个ctx) - 处理了 9 个三元组
成功提取到 20 个分数
重试第 1 次的响应：成功提取到 19 个分数
三元组批量评估进度: 638/1363 (批次 407, 2 个ctx) - 处理了 20 个三元组

重试第 1 次仍然不匹配：期望 49 个，得到 10 个
第 2 次重试API调用...
三元组批量评估进度: 639/1363 (批次 537, 2 个ctx) - 处理了 19 个三元组
成功提取到 13 个分数
三元组批量评估进度: 640/1363 (批次 554, 2 个ctx) - 处理了 13 个三元组
成功提取到 18 个分数
三元组批量评估进度: 641/1363 (批次 535, 2 个ctx) - 处理了 18 个三元组
成功提取到 14 个分数成功提取到 12 个分数
三元组批量评估进度: 642/1363 (批次 400, 2 个ctx) - 处理了 12 个三元组

三元组批量评估进度: 643/1363 (批次 1070, 2 个ctx) - 处理了 14 个三元组
成功提取到 14 个分数
三元组批量评估进度: 644/1363 (批次 562, 2 个ctx) - 处理了 14 个三元组
成功提取到 19 个分数
三元组批量评估进度: 645/1363 (批次 545, 2 个ctx) - 处理了 19 个三元组
成功提取到 15 个分数
三元组批量评估进度: 646/1363 (批次 557, 2 个ctx) - 处理了 15 个三元组
成功提取到 15 个分数
三元组批量评估进度: 647/1363 (批次 1108, 2 个ctx) - 处理了 15 个三元组
成功提取到 17 个分数
三元组批量评估进度: 648/1363 (批次 1007, 2 个ctx) - 处理了 17 个三元组
成功提取到 11 个分数
三元组批量评估进度: 649/1363 (批次 564, 2 个ctx) - 处理了 11 个三元组
成功提取到 12 个分数
三元组批量评估进度: 650/1363 (批次 658, 2 个ctx) - 处理了 12 个三元组
成功提取到 14 个分数警告：期望 29 个分数，但只找到 28 个，开始重试...

三元组批量评估进度: 651/1363 (批次 567, 2 个ctx) - 处理了 14 个三元组
第 1 次重试API调用...
成功提取到 9 个分数
三元组批量评估进度: 652/1363 (批次 651, 2 个ctx) - 处理了 9 个三元组
成功提取到 13 个分数
三元组批量评估进度: 653/1363 (批次 1119, 2 个ctx) - 处理了 13 个三元组
成功提取到 22 个分数
三元组批量评估进度: 654/1363 (批次 552, 2 个ctx) - 处理了 22 个三元组
成功提取到 18 个分数
三元组批量评估进度: 655/1363 (批次 1058, 2 个ctx) - 处理了 18 个三元组
成功提取到 22 个分数
三元组批量评估进度: 656/1363 (批次 1036, 2 个ctx) - 处理了 22 个三元组
成功提取到 8 个分数
三元组批量评估进度: 657/1363 (批次 361, 2 个ctx) - 处理了 8 个三元组
成功提取到 13 个分数
成功提取到 14 个分数三元组批量评估进度: 658/1363 (批次 1113, 2 个ctx) - 处理了 13 个三元组

三元组批量评估进度: 659/1363 (批次 1176, 2 个ctx) - 处理了 14 个三元组
成功提取到 13 个分数
三元组批量评估进度: 660/1363 (批次 410, 2 个ctx) - 处理了 13 个三元组
成功提取到 15 个分数
三元组批量评估进度: 661/1363 (批次 647, 2 个ctx) - 处理了 15 个三元组
成功提取到 13 个分数
三元组批量评估进度: 662/1363 (批次 571, 2 个ctx) - 处理了 13 个三元组成功提取到 12 个分数

三元组批量评估进度: 663/1363 (批次 574, 2 个ctx) - 处理了 12 个三元组
成功提取到 26 个分数
三元组批量评估进度: 664/1363 (批次 570, 2 个ctx) - 处理了 26 个三元组
成功提取到 14 个分数
三元组批量评估进度: 665/1363 (批次 572, 2 个ctx) - 处理了 14 个三元组
成功提取到 9 个分数
三元组批量评估进度: 666/1363 (批次 747, 2 个ctx) - 处理了 9 个三元组
成功提取到 19 个分数
三元组批量评估进度: 667/1363 (批次 649, 2 个ctx) - 处理了 19 个三元组
成功提取到 27 个分数
三元组批量评估进度: 668/1363 (批次 391, 2 个ctx) - 处理了 27 个三元组
成功提取到 16 个分数
三元组批量评估进度: 669/1363 (批次 1219, 2 个ctx) - 处理了 16 个三元组
重试第 1 次的响应：
重试第 1 次仍然不匹配：期望 11 个，得到 3 个
第 2 次重试API调用...
成功提取到 11 个分数
成功提取到 12 个分数三元组批量评估进度: 670/1363 (批次 422, 2 个ctx) - 处理了 11 个三元组

三元组批量评估进度: 671/1363 (批次 373, 2 个ctx) - 处理了 12 个三元组
成功提取到 11 个分数
三元组批量评估进度: 672/1363 (批次 428, 2 个ctx) - 处理了 11 个三元组
成功提取到 13 个分数
三元组批量评估进度: 673/1363 (批次 568, 2 个ctx) - 处理了 13 个三元组
成功提取到 16 个分数
三元组批量评估进度: 674/1363 (批次 578, 2 个ctx) - 处理了 16 个三元组
警告：期望 25 个分数，但只找到 7 个，开始重试...
第 1 次重试API调用...
成功提取到 10 个分数
三元组批量评估进度: 675/1363 (批次 429, 2 个ctx) - 处理了 10 个三元组
成功提取到 9 个分数
三元组批量评估进度: 676/1363 (批次 560, 2 个ctx) - 处理了 9 个三元组
成功提取到 15 个分数
三元组批量评估进度: 677/1363 (批次 837, 2 个ctx) - 处理了 15 个三元组
重试第 1 次的响应：
重试第 1 次仍然不匹配：期望 13 个，得到 10 个
第 2 次重试API调用...
成功提取到 18 个分数
三元组批量评估进度: 678/1363 (批次 598, 2 个ctx) - 处理了 18 个三元组
成功提取到 14 个分数
三元组批量评估进度: 679/1363 (批次 421, 2 个ctx) - 处理了 14 个三元组
成功提取到 17 个分数
三元组批量评估进度: 680/1363 (批次 411, 2 个ctx) - 处理了 17 个三元组
成功提取到 18 个分数
三元组批量评估进度: 681/1363 (批次 597, 2 个ctx) - 处理了 18 个三元组
成功提取到 11 个分数
三元组批量评估进度: 682/1363 (批次 1031, 2 个ctx) - 处理了 11 个三元组
成功提取到 10 个分数
成功提取到 15 个分数
三元组批量评估进度: 683/1363 (批次 627, 2 个ctx) - 处理了 10 个三元组
三元组批量评估进度: 684/1363 (批次 581, 2 个ctx) - 处理了 15 个三元组
成功提取到 16 个分数
三元组批量评估进度: 685/1363 (批次 420, 2 个ctx) - 处理了 16 个三元组
成功提取到 14 个分数
三元组批量评估进度: 686/1363 (批次 414, 2 个ctx) - 处理了 14 个三元组
成功提取到 13 个分数
三元组批量评估进度: 687/1363 (批次 586, 2 个ctx) - 处理了 13 个三元组
成功提取到 14 个分数
三元组批量评估进度: 688/1363 (批次 643, 2 个ctx) - 处理了 14 个三元组
成功提取到 14 个分数
三元组批量评估进度: 689/1363 (批次 1098, 2 个ctx) - 处理了 14 个三元组
成功提取到 20 个分数
三元组批量评估进度: 690/1363 (批次 626, 2 个ctx) - 处理了 20 个三元组
成功提取到 18 个分数
三元组批量评估进度: 691/1363 (批次 634, 2 个ctx) - 处理了 18 个三元组
成功提取到 10 个分数
三元组批量评估进度: 692/1363 (批次 1080, 2 个ctx) - 处理了 10 个三元组
成功提取到 16 个分数成功提取到 16 个分数

三元组批量评估进度: 693/1363 (批次 590, 2 个ctx) - 处理了 16 个三元组
三元组批量评估进度: 694/1363 (批次 579, 2 个ctx) - 处理了 16 个三元组
成功提取到 13 个分数
三元组批量评估进度: 695/1363 (批次 593, 2 个ctx) - 处理了 13 个三元组
成功提取到 15 个分数
三元组批量评估进度: 696/1363 (批次 620, 2 个ctx) - 处理了 15 个三元组
成功提取到 10 个分数
三元组批量评估进度: 697/1363 (批次 638, 2 个ctx) - 处理了 10 个三元组
成功提取到 10 个分数
三元组批量评估进度: 698/1363 (批次 426, 2 个ctx) - 处理了 10 个三元组
成功提取到 16 个分数
三元组批量评估进度: 699/1363 (批次 657, 2 个ctx) - 处理了 16 个三元组
成功提取到 16 个分数
三元组批量评估进度: 700/1363 (批次 576, 2 个ctx) - 处理了 16 个三元组
成功提取到 12 个分数
三元组批量评估进度: 701/1363 (批次 600, 2 个ctx) - 处理了 12 个三元组
成功提取到 19 个分数
三元组批量评估进度: 702/1363 (批次 1033, 2 个ctx) - 处理了 19 个三元组
成功提取到 13 个分数
三元组批量评估进度: 703/1363 (批次 604, 2 个ctx) - 处理了 13 个三元组
成功提取到 17 个分数
三元组批量评估进度: 704/1363 (批次 588, 2 个ctx) - 处理了 17 个三元组
成功提取到 25 个分数
三元组批量评估进度: 705/1363 (批次 622, 2 个ctx) - 处理了 25 个三元组
成功提取到 12 个分数
三元组批量评估进度: 706/1363 (批次 729, 2 个ctx) - 处理了 12 个三元组
成功提取到 21 个分数
三元组批量评估进度: 707/1363 (批次 1077, 2 个ctx) - 处理了 21 个三元组
成功提取到 10 个分数
三元组批量评估进度: 708/1363 (批次 441, 2 个ctx) - 处理了 10 个三元组
成功提取到 17 个分数
三元组批量评估进度: 709/1363 (批次 605, 2 个ctx) - 处理了 17 个三元组
重试第 2 次的响应：
重试第 2 次仍然不匹配：期望 19 个，得到 2 个
第 3 次重试API调用...
成功提取到 19 个分数
三元组批量评估进度: 710/1363 (批次 603, 2 个ctx) - 处理了 19 个三元组
成功提取到 15 个分数
三元组批量评估进度: 711/1363 (批次 737, 2 个ctx) - 处理了 15 个三元组
成功提取到 9 个分数
三元组批量评估进度: 712/1363 (批次 349, 2 个ctx) - 处理了 9 个三元组
成功提取到 16 个分数
三元组批量评估进度: 713/1363 (批次 743, 2 个ctx) - 处理了 16 个三元组
成功提取到 10 个分数
三元组批量评估进度: 714/1363 (批次 654, 2 个ctx) - 处理了 10 个三元组成功提取到 15 个分数

三元组批量评估进度: 715/1363 (批次 432, 2 个ctx) - 处理了 15 个三元组
成功提取到 10 个分数
三元组批量评估进度: 716/1363 (批次 641, 2 个ctx) - 处理了 10 个三元组
成功提取到 13 个分数
三元组批量评估进度: 717/1363 (批次 612, 2 个ctx) - 处理了 13 个三元组
成功提取到 19 个分数
三元组批量评估进度: 718/1363 (批次 619, 2 个ctx) - 处理了 19 个三元组
成功提取到 9 个分数
三元组批量评估进度: 719/1363 (批次 1173, 2 个ctx) - 处理了 9 个三元组
成功提取到 13 个分数
三元组批量评估进度: 720/1363 (批次 334, 2 个ctx) - 处理了 13 个三元组
成功提取到 9 个分数
三元组批量评估进度: 721/1363 (批次 659, 2 个ctx) - 处理了 9 个三元组
成功提取到 16 个分数
三元组批量评估进度: 722/1363 (批次 607, 2 个ctx) - 处理了 16 个三元组
成功提取到 9 个分数
三元组批量评估进度: 723/1363 (批次 346, 2 个ctx) - 处理了 9 个三元组
成功提取到 15 个分数
三元组批量评估进度: 724/1363 (批次 757, 2 个ctx) - 处理了 15 个三元组
成功提取到 13 个分数
三元组批量评估进度: 725/1363 (批次 624, 2 个ctx) - 处理了 13 个三元组
成功提取到 15 个分数
三元组批量评估进度: 726/1363 (批次 642, 2 个ctx) - 处理了 15 个三元组
成功提取到 12 个分数
三元组批量评估进度: 727/1363 (批次 1165, 2 个ctx) - 处理了 12 个三元组
成功提取到 21 个分数
三元组批量评估进度: 728/1363 (批次 631, 2 个ctx) - 处理了 21 个三元组
成功提取到 18 个分数
三元组批量评估进度: 729/1363 (批次 639, 2 个ctx) - 处理了 18 个三元组
成功提取到 11 个分数
三元组批量评估进度: 730/1363 (批次 1258, 2 个ctx) - 处理了 11 个三元组
成功提取到 15 个分数
三元组批量评估进度: 731/1363 (批次 1244, 2 个ctx) - 处理了 15 个三元组
成功提取到 21 个分数成功提取到 18 个分数
三元组批量评估进度: 732/1363 (批次 1121, 2 个ctx) - 处理了 21 个三元组

三元组批量评估进度: 733/1363 (批次 650, 2 个ctx) - 处理了 18 个三元组
成功提取到 24 个分数
三元组批量评估进度: 734/1363 (批次 352, 2 个ctx) - 处理了 24 个三元组
成功提取到 16 个分数
三元组批量评估进度: 735/1363 (批次 792, 2 个ctx) - 处理了 16 个三元组
成功提取到 16 个分数
三元组批量评估进度: 736/1363 (批次 1247, 2 个ctx) - 处理了 16 个三元组
成功提取到 17 个分数
三元组批量评估进度: 737/1363 (批次 800, 2 个ctx) - 处理了 17 个三元组
成功提取到 28 个分数
三元组批量评估进度: 738/1363 (批次 636, 2 个ctx) - 处理了 28 个三元组
成功提取到 26 个分数
三元组批量评估进度: 739/1363 (批次 661, 2 个ctx) - 处理了 26 个三元组
成功提取到 20 个分数
三元组批量评估进度: 740/1363 (批次 656, 2 个ctx) - 处理了 20 个三元组
重试第 1 次的响应：
重试第 1 次仍然不匹配：期望 9 个，得到 5 个
第 2 次重试API调用...
警告：期望 17 个分数，但只找到 0 个，开始重试...
第 1 次重试API调用...
成功提取到 10 个分数
三元组批量评估进度: 741/1363 (批次 665, 2 个ctx) - 处理了 10 个三元组
成功提取到 11 个分数
三元组批量评估进度: 742/1363 (批次 1078, 2 个ctx) - 处理了 11 个三元组
成功提取到 15 个分数
三元组批量评估进度: 743/1363 (批次 673, 2 个ctx) - 处理了 15 个三元组
成功提取到 18 个分数
三元组批量评估进度: 744/1363 (批次 672, 2 个ctx) - 处理了 18 个三元组
成功提取到 11 个分数
三元组批量评估进度: 745/1363 (批次 681, 2 个ctx) - 处理了 11 个三元组
成功提取到 11 个分数
三元组批量评估进度: 746/1363 (批次 668, 2 个ctx) - 处理了 11 个三元组
成功提取到 10 个分数
三元组批量评估进度: 747/1363 (批次 690, 2 个ctx) - 处理了 10 个三元组
警告：期望 28 个分数，但只找到 0 个，开始重试...
第 1 次重试API调用...
成功提取到 9 个分数
三元组批量评估进度: 748/1363 (批次 688, 2 个ctx) - 处理了 9 个三元组
成功提取到 8 个分数
三元组批量评估进度: 749/1363 (批次 670, 2 个ctx) - 处理了 8 个三元组成功提取到 13 个分数

三元组批量评估进度: 750/1363 (批次 726, 2 个ctx) - 处理了 13 个三元组
成功提取到 16 个分数
三元组批量评估进度: 751/1363 (批次 675, 2 个ctx) - 处理了 16 个三元组
成功提取到 17 个分数
三元组批量评估进度: 752/1363 (批次 671, 2 个ctx) - 处理了 17 个三元组
成功提取到 15 个分数
三元组批量评估进度: 753/1363 (批次 679, 2 个ctx) - 处理了 15 个三元组
成功提取到 14 个分数
三元组批量评估进度: 754/1363 (批次 719, 2 个ctx) - 处理了 14 个三元组
成功提取到 14 个分数
三元组批量评估进度: 755/1363 (批次 691, 2 个ctx) - 处理了 14 个三元组
成功提取到 16 个分数
三元组批量评估进度: 756/1363 (批次 667, 2 个ctx) - 处理了 16 个三元组
成功提取到 13 个分数
三元组批量评估进度: 757/1363 (批次 676, 2 个ctx) - 处理了 13 个三元组
成功提取到 9 个分数
三元组批量评估进度: 758/1363 (批次 753, 2 个ctx) - 处理了 9 个三元组
成功提取到 16 个分数
三元组批量评估进度: 759/1363 (批次 718, 2 个ctx) - 处理了 16 个三元组
成功提取到 14 个分数
三元组批量评估进度: 760/1363 (批次 1162, 2 个ctx) - 处理了 14 个三元组
成功提取到 16 个分数
三元组批量评估进度: 761/1363 (批次 664, 2 个ctx) - 处理了 16 个三元组
成功提取到 11 个分数
三元组批量评估进度: 762/1363 (批次 475, 2 个ctx) - 处理了 11 个三元组
成功提取到 14 个分数
三元组批量评估进度: 763/1363 (批次 752, 2 个ctx) - 处理了 14 个三元组
成功提取到 12 个分数
三元组批量评估进度: 764/1363 (批次 751, 2 个ctx) - 处理了 12 个三元组
成功提取到 14 个分数
三元组批量评估进度: 765/1363 (批次 462, 2 个ctx) - 处理了 14 个三元组
成功提取到 15 个分数
三元组批量评估进度: 766/1363 (批次 758, 2 个ctx) - 处理了 15 个三元组
成功提取到 16 个分数
三元组批量评估进度: 767/1363 (批次 717, 2 个ctx) - 处理了 16 个三元组
成功提取到 21 个分数
三元组批量评估进度: 768/1363 (批次 695, 2 个ctx) - 处理了 21 个三元组
成功提取到 12 个分数
三元组批量评估进度: 769/1363 (批次 1274, 2 个ctx) - 处理了 12 个三元组
成功提取到 13 个分数
三元组批量评估进度: 770/1363 (批次 1158, 2 个ctx) - 处理了 13 个三元组
成功提取到 13 个分数
三元组批量评估进度: 771/1363 (批次 759, 2 个ctx) - 处理了 13 个三元组
成功提取到 10 个分数
三元组批量评估进度: 772/1363 (批次 1250, 2 个ctx) - 处理了 10 个三元组
成功提取到 17 个分数
三元组批量评估进度: 773/1363 (批次 746, 2 个ctx) - 处理了 17 个三元组
成功提取到 17 个分数
三元组批量评估进度: 774/1363 (批次 509, 2 个ctx) - 处理了 17 个三元组
成功提取到 11 个分数
三元组批量评估进度: 775/1363 (批次 466, 2 个ctx) - 处理了 11 个三元组
成功提取到 19 个分数
三元组批量评估进度: 776/1363 (批次 1340, 2 个ctx) - 处理了 19 个三元组
成功提取到 13 个分数
三元组批量评估进度: 777/1363 (批次 285, 2 个ctx) - 处理了 13 个三元组
成功提取到 13 个分数
三元组批量评估进度: 778/1363 (批次 798, 2 个ctx) - 处理了 13 个三元组
成功提取到 18 个分数
三元组批量评估进度: 779/1363 (批次 744, 2 个ctx) - 处理了 18 个三元组
成功提取到 13 个分数
三元组批量评估进度: 780/1363 (批次 821, 2 个ctx) - 处理了 13 个三元组
成功提取到 20 个分数
三元组批量评估进度: 781/1363 (批次 770, 2 个ctx) - 处理了 20 个三元组
成功提取到 12 个分数
三元组批量评估进度: 782/1363 (批次 1293, 2 个ctx) - 处理了 12 个三元组
成功提取到 13 个分数
三元组批量评估进度: 783/1363 (批次 1316, 2 个ctx) - 处理了 13 个三元组
成功提取到 15 个分数
三元组批量评估进度: 784/1363 (批次 496, 2 个ctx) - 处理了 15 个三元组
成功提取到 15 个分数
三元组批量评估进度: 785/1363 (批次 767, 2 个ctx) - 处理了 15 个三元组
成功提取到 11 个分数
三元组批量评估进度: 786/1363 (批次 771, 2 个ctx) - 处理了 11 个三元组
警告：期望 30 个分数，但只找到 59 个，开始重试...
第 1 次重试API调用...
成功提取到 5 个分数
三元组批量评估进度: 787/1363 (批次 714, 2 个ctx) - 处理了 5 个三元组
成功提取到 17 个分数
三元组批量评估进度: 788/1363 (批次 919, 2 个ctx) - 处理了 17 个三元组
成功提取到 12 个分数
成功提取到 10 个分数三元组批量评估进度: 789/1363 (批次 763, 2 个ctx) - 处理了 12 个三元组

三元组批量评估进度: 790/1363 (批次 728, 2 个ctx) - 处理了 10 个三元组
成功提取到 11 个分数
三元组批量评估进度: 791/1363 (批次 1017, 2 个ctx) - 处理了 11 个三元组
成功提取到 17 个分数
三元组批量评估进度: 792/1363 (批次 773, 2 个ctx) - 处理了 17 个三元组
成功提取到 22 个分数
三元组批量评估进度: 793/1363 (批次 484, 2 个ctx) - 处理了 22 个三元组
成功提取到 22 个分数
三元组批量评估进度: 794/1363 (批次 488, 2 个ctx) - 处理了 22 个三元组
成功提取到 14 个分数
三元组批量评估进度: 795/1363 (批次 1015, 2 个ctx) - 处理了 14 个三元组
成功提取到 17 个分数
三元组批量评估进度: 796/1363 (批次 485, 2 个ctx) - 处理了 17 个三元组
成功提取到 14 个分数
三元组批量评估进度: 797/1363 (批次 721, 2 个ctx) - 处理了 14 个三元组
成功提取到 17 个分数
成功提取到 14 个分数
三元组批量评估进度: 798/1363 (批次 727, 2 个ctx) - 处理了 14 个三元组
三元组批量评估进度: 799/1363 (批次 732, 2 个ctx) - 处理了 17 个三元组
成功提取到 14 个分数
三元组批量评估进度: 800/1363 (批次 734, 2 个ctx) - 处理了 14 个三元组
成功提取到 15 个分数成功提取到 11 个分数
三元组批量评估进度: 801/1363 (批次 725, 2 个ctx) - 处理了 11 个三元组
成功提取到 9 个分数
三元组批量评估进度: 802/1363 (批次 339, 2 个ctx) - 处理了 15 个三元组

三元组批量评估进度: 803/1363 (批次 776, 2 个ctx) - 处理了 9 个三元组
成功提取到 12 个分数
三元组批量评估进度: 804/1363 (批次 710, 2 个ctx) - 处理了 12 个三元组
成功提取到 10 个分数
三元组批量评估进度: 805/1363 (批次 708, 2 个ctx) - 处理了 10 个三元组
成功提取到 12 个分数成功提取到 17 个分数

三元组批量评估进度: 806/1363 (批次 713, 2 个ctx) - 处理了 17 个三元组
三元组批量评估进度: 807/1363 (批次 709, 2 个ctx) - 处理了 12 个三元组
成功提取到 19 个分数
三元组批量评估进度: 808/1363 (批次 701, 2 个ctx) - 处理了 19 个三元组
成功提取到 15 个分数
三元组批量评估进度: 809/1363 (批次 733, 2 个ctx) - 处理了 15 个三元组
成功提取到 10 个分数
三元组批量评估进度: 810/1363 (批次 780, 2 个ctx) - 处理了 10 个三元组
成功提取到 21 个分数
三元组批量评估进度: 811/1363 (批次 723, 2 个ctx) - 处理了 21 个三元组
成功提取到 9 个分数
三元组批量评估进度: 812/1363 (批次 796, 2 个ctx) - 处理了 9 个三元组
成功提取到 16 个分数
三元组批量评估进度: 813/1363 (批次 778, 2 个ctx) - 处理了 16 个三元组
成功提取到 11 个分数
三元组批量评估进度: 814/1363 (批次 1188, 2 个ctx) - 处理了 11 个三元组
成功提取到 19 个分数
三元组批量评估进度: 815/1363 (批次 712, 2 个ctx) - 处理了 19 个三元组
成功提取到 16 个分数
三元组批量评估进度: 816/1363 (批次 785, 2 个ctx) - 处理了 16 个三元组
成功提取到 3 个分数
三元组批量评估进度: 817/1363 (批次 790, 2 个ctx) - 处理了 3 个三元组
成功提取到 17 个分数
三元组批量评估进度: 818/1363 (批次 789, 2 个ctx) - 处理了 17 个三元组
成功提取到 10 个分数
三元组批量评估进度: 819/1363 (批次 503, 2 个ctx) - 处理了 10 个三元组
成功提取到 6 个分数
三元组批量评估进度: 820/1363 (批次 1321, 2 个ctx) - 处理了 6 个三元组
成功提取到 17 个分数
三元组批量评估进度: 821/1363 (批次 786, 2 个ctx) - 处理了 17 个三元组
成功提取到 11 个分数
三元组批量评估进度: 822/1363 (批次 501, 2 个ctx) - 处理了 11 个三元组
成功提取到 14 个分数
三元组批量评估进度: 823/1363 (批次 787, 2 个ctx) - 处理了 14 个三元组
成功提取到 14 个分数
三元组批量评估进度: 824/1363 (批次 1201, 2 个ctx) - 处理了 14 个三元组
成功提取到 15 个分数
三元组批量评估进度: 825/1363 (批次 1301, 2 个ctx) - 处理了 15 个三元组
警告：期望 26 个分数，但只找到 52 个，开始重试...
第 1 次重试API调用...
成功提取到 14 个分数
三元组批量评估进度: 826/1363 (批次 803, 2 个ctx) - 处理了 14 个三元组
成功提取到 13 个分数
三元组批量评估进度: 827/1363 (批次 498, 2 个ctx) - 处理了 13 个三元组
成功提取到 21 个分数
三元组批量评估进度: 828/1363 (批次 783, 2 个ctx) - 处理了 21 个三元组
成功提取到 17 个分数
三元组批量评估进度: 829/1363 (批次 1207, 2 个ctx) - 处理了 17 个三元组
成功提取到 14 个分数
三元组批量评估进度: 830/1363 (批次 806, 2 个ctx) - 处理了 14 个三元组
成功提取到 9 个分数
三元组批量评估进度: 831/1363 (批次 841, 2 个ctx) - 处理了 9 个三元组
警告：期望 25 个分数，但只找到 23 个，开始重试...
第 1 次重试API调用...
成功提取到 18 个分数
三元组批量评估进度: 832/1363 (批次 843, 2 个ctx) - 处理了 18 个三元组
成功提取到 14 个分数
三元组批量评估进度: 833/1363 (批次 832, 2 个ctx) - 处理了 14 个三元组
成功提取到 15 个分数
三元组批量评估进度: 834/1363 (批次 829, 2 个ctx) - 处理了 15 个三元组
成功提取到 13 个分数
三元组批量评估进度: 835/1363 (批次 817, 2 个ctx) - 处理了 13 个三元组
成功提取到 7 个分数
三元组批量评估进度: 836/1363 (批次 999, 2 个ctx) - 处理了 7 个三元组
重试第 3 次的响应：
重试成功！提取到 19 个分数
三元组批量评估进度: 837/1363 (批次 343, 2 个ctx) - 处理了 19 个三元组
重试第 1 次的响应：
重试成功！提取到 25 个分数
三元组批量评估进度: 838/1363 (批次 1054, 2 个ctx) - 处理了 25 个三元组
成功提取到 21 个分数
三元组批量评估进度: 839/1363 (批次 1323, 2 个ctx) - 处理了 21 个三元组
成功提取到 18 个分数
三元组批量评估进度: 840/1363 (批次 1205, 2 个ctx) - 处理了 18 个三元组
成功提取到 12 个分数
三元组批量评估进度: 841/1363 (批次 820, 2 个ctx) - 处理了 12 个三元组
成功提取到 21 个分数
三元组批量评估进度: 842/1363 (批次 828, 2 个ctx) - 处理了 21 个三元组
成功提取到 12 个分数
三元组批量评估进度: 843/1363 (批次 839, 2 个ctx) - 处理了 12 个三元组
成功提取到 14 个分数
成功提取到 13 个分数
三元组批量评估进度: 844/1363 (批次 836, 2 个ctx) - 处理了 14 个三元组
成功提取到 16 个分数
三元组批量评估进度: 845/1363 (批次 801, 2 个ctx) - 处理了 13 个三元组
三元组批量评估进度: 846/1363 (批次 825, 2 个ctx) - 处理了 16 个三元组
成功提取到 13 个分数
三元组批量评估进度: 847/1363 (批次 804, 2 个ctx) - 处理了 13 个三元组
警告：期望 9 个分数，但只找到 17 个，开始重试...成功提取到 17 个分数
第 1 次重试API调用...

三元组批量评估进度: 848/1363 (批次 815, 2 个ctx) - 处理了 17 个三元组
成功提取到 18 个分数
三元组批量评估进度: 849/1363 (批次 507, 2 个ctx) - 处理了 18 个三元组
成功提取到 11 个分数
三元组批量评估进度: 850/1363 (批次 965, 2 个ctx) - 处理了 11 个三元组
成功提取到 11 个分数
三元组批量评估进度: 851/1363 (批次 834, 2 个ctx) - 处理了 11 个三元组
成功提取到 22 个分数
三元组批量评估进度: 852/1363 (批次 808, 2 个ctx) - 处理了 22 个三元组
成功提取到 17 个分数
三元组批量评估进度: 853/1363 (批次 831, 2 个ctx) - 处理了 17 个三元组
成功提取到 10 个分数
三元组批量评估进度: 854/1363 (批次 835, 2 个ctx) - 处理了 10 个三元组
成功提取到 17 个分数
三元组批量评估进度: 855/1363 (批次 573, 2 个ctx) - 处理了 17 个三元组
成功提取到 14 个分数
三元组批量评估进度: 856/1363 (批次 1012, 2 个ctx) - 处理了 14 个三元组
成功提取到 13 个分数
三元组批量评估进度: 857/1363 (批次 938, 2 个ctx) - 处理了 13 个三元组
成功提取到 11 个分数
三元组批量评估进度: 858/1363 (批次 845, 2 个ctx) - 处理了 11 个三元组
成功提取到 23 个分数
三元组批量评估进度: 859/1363 (批次 409, 2 个ctx) - 处理了 23 个三元组
成功提取到 14 个分数
三元组批量评估进度: 860/1363 (批次 1067, 2 个ctx) - 处理了 14 个三元组
成功提取到 14 个分数
三元组批量评估进度: 861/1363 (批次 458, 2 个ctx) - 处理了 14 个三元组
成功提取到 11 个分数
三元组批量评估进度: 862/1363 (批次 993, 2 个ctx) - 处理了 11 个三元组
成功提取到 17 个分数
三元组批量评估进度: 863/1363 (批次 854, 2 个ctx) - 处理了 17 个三元组
成功提取到 18 个分数
三元组批量评估进度: 864/1363 (批次 847, 2 个ctx) - 处理了 18 个三元组成功提取到 16 个分数

三元组批量评估进度: 865/1363 (批次 936, 2 个ctx) - 处理了 16 个三元组
成功提取到 12 个分数
三元组批量评估进度: 866/1363 (批次 853, 2 个ctx) - 处理了 12 个三元组
重试第 1 次的响应：
重试成功！提取到 17 个分数
三元组批量评估进度: 867/1363 (批次 662, 2 个ctx) - 处理了 17 个三元组
成功提取到 11 个分数
成功提取到 17 个分数
三元组批量评估进度: 868/1363 (批次 705, 2 个ctx) - 处理了 17 个三元组
三元组批量评估进度: 869/1363 (批次 849, 2 个ctx) - 处理了 11 个三元组
成功提取到 19 个分数
三元组批量评估进度: 870/1363 (批次 838, 2 个ctx) - 处理了 19 个三元组
成功提取到 17 个分数
三元组批量评估进度: 871/1363 (批次 866, 2 个ctx) - 处理了 17 个三元组
成功提取到 15 个分数
三元组批量评估进度: 872/1363 (批次 852, 2 个ctx) - 处理了 15 个三元组
成功提取到 24 个分数
三元组批量评估进度: 873/1363 (批次 840, 2 个ctx) - 处理了 24 个三元组
成功提取到 15 个分数
三元组批量评估进度: 874/1363 (批次 1259, 2 个ctx) - 处理了 15 个三元组
成功提取到 12 个分数
三元组批量评估进度: 875/1363 (批次 878, 2 个ctx) - 处理了 12 个三元组
成功提取到 9 个分数
三元组批量评估进度: 876/1363 (批次 863, 2 个ctx) - 处理了 9 个三元组
成功提取到 8 个分数
三元组批量评估进度: 877/1363 (批次 883, 2 个ctx) - 处理了 8 个三元组
成功提取到 12 个分数
三元组批量评估进度: 878/1363 (批次 880, 2 个ctx) - 处理了 12 个三元组
成功提取到 18 个分数
三元组批量评估进度: 879/1363 (批次 380, 2 个ctx) - 处理了 18 个三元组
成功提取到 17 个分数
三元组批量评估进度: 880/1363 (批次 823, 2 个ctx) - 处理了 17 个三元组
成功提取到 17 个分数
三元组批量评估进度: 881/1363 (批次 1286, 2 个ctx) - 处理了 17 个三元组
成功提取到 8 个分数
三元组批量评估进度: 882/1363 (批次 927, 2 个ctx) - 处理了 8 个三元组
成功提取到 15 个分数
三元组批量评估进度: 883/1363 (批次 882, 2 个ctx) - 处理了 15 个三元组
警告：期望 8 个分数，但只找到 16 个，开始重试...
第 1 次重试API调用...
成功提取到 13 个分数
三元组批量评估进度: 884/1363 (批次 526, 2 个ctx) - 处理了 13 个三元组
成功提取到 17 个分数
三元组批量评估进度: 885/1363 (批次 1357, 2 个ctx) - 处理了 17 个三元组
成功提取到 13 个分数
三元组批量评估进度: 886/1363 (批次 862, 2 个ctx) - 处理了 13 个三元组
成功提取到 14 个分数
三元组批量评估进度: 887/1363 (批次 876, 2 个ctx) - 处理了 14 个三元组
成功提取到 13 个分数
三元组批量评估进度: 888/1363 (批次 881, 2 个ctx) - 处理了 13 个三元组成功提取到 11 个分数
成功提取到 16 个分数

三元组批量评估进度: 889/1363 (批次 874, 2 个ctx) - 处理了 11 个三元组
三元组批量评估进度: 890/1363 (批次 860, 2 个ctx) - 处理了 16 个三元组
成功提取到 16 个分数
三元组批量评估进度: 891/1363 (批次 875, 2 个ctx) - 处理了 16 个三元组
成功提取到 18 个分数
三元组批量评估进度: 892/1363 (批次 873, 2 个ctx) - 处理了 18 个三元组
成功提取到 9 个分数
三元组批量评估进度: 893/1363 (批次 942, 2 个ctx) - 处理了 9 个三元组
成功提取到 16 个分数
三元组批量评估进度: 894/1363 (批次 523, 2 个ctx) - 处理了 16 个三元组
成功提取到 12 个分数
三元组批量评估进度: 895/1363 (批次 920, 2 个ctx) - 处理了 12 个三元组
成功提取到 8 个分数
三元组批量评估进度: 896/1363 (批次 559, 2 个ctx) - 处理了 8 个三元组
成功提取到 17 个分数
三元组批量评估进度: 897/1363 (批次 565, 2 个ctx) - 处理了 17 个三元组
成功提取到 22 个分数
三元组批量评估进度: 898/1363 (批次 1307, 2 个ctx) - 处理了 22 个三元组
成功提取到 19 个分数
三元组批量评估进度: 899/1363 (批次 857, 2 个ctx) - 处理了 19 个三元组
重试第 1 次的响应：
重试成功！提取到 28 个分数
三元组批量评估进度: 900/1363 (批次 621, 2 个ctx) - 处理了 28 个三元组
成功提取到 19 个分数
成功提取到 20 个分数三元组批量评估进度: 901/1363 (批次 865, 2 个ctx) - 处理了 19 个三元组

三元组批量评估进度: 902/1363 (批次 872, 2 个ctx) - 处理了 20 个三元组
成功提取到 20 个分数
三元组批量评估进度: 903/1363 (批次 913, 2 个ctx) - 处理了 20 个三元组
成功提取到 13 个分数
三元组批量评估进度: 904/1363 (批次 1099, 2 个ctx) - 处理了 13 个三元组
成功提取到 14 个分数
三元组批量评估进度: 905/1363 (批次 921, 2 个ctx) - 处理了 14 个三元组
成功提取到 29 个分数
三元组批量评估进度: 906/1363 (批次 871, 2 个ctx) - 处理了 29 个三元组
成功提取到 7 个分数
三元组批量评估进度: 907/1363 (批次 1191, 2 个ctx) - 处理了 7 个三元组
警告：期望 14 个分数，但只找到 0 个，开始重试...
第 1 次重试API调用...
成功提取到 17 个分数
三元组批量评估进度: 908/1363 (批次 959, 2 个ctx) - 处理了 17 个三元组
成功提取到 14 个分数
成功提取到 12 个分数
三元组批量评估进度: 909/1363 (批次 722, 2 个ctx) - 处理了 14 个三元组
三元组批量评估进度: 910/1363 (批次 1177, 2 个ctx) - 处理了 12 个三元组
成功提取到 17 个分数
三元组批量评估进度: 911/1363 (批次 1337, 2 个ctx) - 处理了 17 个三元组
成功提取到 12 个分数
三元组批量评估进度: 912/1363 (批次 1195, 2 个ctx) - 处理了 12 个三元组
成功提取到 14 个分数
三元组批量评估进度: 913/1363 (批次 1326, 2 个ctx) - 处理了 14 个三元组
成功提取到 17 个分数
三元组批量评估进度: 914/1363 (批次 1261, 2 个ctx) - 处理了 17 个三元组
成功提取到 20 个分数
三元组批量评估进度: 915/1363 (批次 1159, 2 个ctx) - 处理了 20 个三元组
成功提取到 11 个分数
三元组批量评估进度: 916/1363 (批次 1277, 2 个ctx) - 处理了 11 个三元组
成功提取到 17 个分数
三元组批量评估进度: 917/1363 (批次 765, 2 个ctx) - 处理了 17 个三元组
成功提取到 12 个分数
三元组批量评估进度: 918/1363 (批次 885, 2 个ctx) - 处理了 12 个三元组
成功提取到 16 个分数
三元组批量评估进度: 919/1363 (批次 822, 2 个ctx) - 处理了 16 个三元组
成功提取到 8 个分数
三元组批量评估进度: 920/1363 (批次 307, 2 个ctx) - 处理了 8 个三元组
成功提取到 14 个分数
成功提取到 14 个分数
成功提取到 17 个分数三元组批量评估进度: 921/1363 (批次 544, 2 个ctx) - 处理了 14 个三元组

成功提取到 15 个分数三元组批量评估进度: 922/1363 (批次 897, 2 个ctx) - 处理了 14 个三元组

三元组批量评估进度: 923/1363 (批次 869, 2 个ctx) - 处理了 17 个三元组
三元组批量评估进度: 924/1363 (批次 1358, 2 个ctx) - 处理了 15 个三元组
成功提取到 7 个分数
三元组批量评估进度: 925/1363 (批次 945, 2 个ctx) - 处理了 7 个三元组
成功提取到 15 个分数
三元组批量评估进度: 926/1363 (批次 931, 2 个ctx) - 处理了 15 个三元组
成功提取到 15 个分数
三元组批量评估进度: 927/1363 (批次 898, 2 个ctx) - 处理了 15 个三元组
成功提取到 9 个分数
三元组批量评估进度: 928/1363 (批次 924, 2 个ctx) - 处理了 9 个三元组
成功提取到 9 个分数
三元组批量评估进度: 929/1363 (批次 905, 2 个ctx) - 处理了 9 个三元组
成功提取到 12 个分数
三元组批量评估进度: 930/1363 (批次 943, 2 个ctx) - 处理了 12 个三元组成功提取到 17 个分数

三元组批量评估进度: 931/1363 (批次 399, 2 个ctx) - 处理了 17 个三元组
成功提取到 16 个分数
三元组批量评估进度: 932/1363 (批次 884, 2 个ctx) - 处理了 16 个三元组
成功提取到 10 个分数
三元组批量评估进度: 933/1363 (批次 961, 2 个ctx) - 处理了 10 个三元组
成功提取到 6 个分数
三元组批量评估进度: 934/1363 (批次 967, 2 个ctx) - 处理了 6 个三元组
成功提取到 12 个分数
三元组批量评估进度: 935/1363 (批次 889, 2 个ctx) - 处理了 12 个三元组
成功提取到 13 个分数
三元组批量评估进度: 936/1363 (批次 929, 2 个ctx) - 处理了 13 个三元组
成功提取到 17 个分数
三元组批量评估进度: 937/1363 (批次 899, 2 个ctx) - 处理了 17 个三元组
成功提取到 7 个分数
三元组批量评估进度: 938/1363 (批次 448, 2 个ctx) - 处理了 7 个三元组
成功提取到 14 个分数
三元组批量评估进度: 939/1363 (批次 956, 2 个ctx) - 处理了 14 个三元组
成功提取到 16 个分数
三元组批量评估进度: 940/1363 (批次 303, 2 个ctx) - 处理了 16 个三元组
成功提取到 10 个分数
三元组批量评估进度: 941/1363 (批次 948, 2 个ctx) - 处理了 10 个三元组
成功提取到 9 个分数
三元组批量评估进度: 942/1363 (批次 954, 2 个ctx) - 处理了 9 个三元组
成功提取到 14 个分数
三元组批量评估进度: 943/1363 (批次 939, 2 个ctx) - 处理了 14 个三元组
成功提取到 11 个分数
三元组批量评估进度: 944/1363 (批次 908, 2 个ctx) - 处理了 11 个三元组
成功提取到 15 个分数
三元组批量评估进度: 945/1363 (批次 953, 2 个ctx) - 处理了 15 个三元组
成功提取到 19 个分数
三元组批量评估进度: 946/1363 (批次 930, 2 个ctx) - 处理了 19 个三元组
成功提取到 23 个分数
三元组批量评估进度: 947/1363 (批次 957, 2 个ctx) - 处理了 23 个三元组
成功提取到 11 个分数
三元组批量评估进度: 948/1363 (批次 955, 2 个ctx) - 处理了 11 个三元组
成功提取到 20 个分数
三元组批量评估进度: 949/1363 (批次 577, 2 个ctx) - 处理了 20 个三元组
成功提取到 18 个分数
三元组批量评估进度: 950/1363 (批次 893, 2 个ctx) - 处理了 18 个三元组
成功提取到 18 个分数
三元组批量评估进度: 951/1363 (批次 951, 2 个ctx) - 处理了 18 个三元组
成功提取到 11 个分数
三元组批量评估进度: 952/1363 (批次 968, 2 个ctx) - 处理了 11 个三元组
成功提取到 9 个分数
三元组批量评估进度: 953/1363 (批次 1051, 2 个ctx) - 处理了 9 个三元组
成功提取到 21 个分数
三元组批量评估进度: 954/1363 (批次 950, 2 个ctx) - 处理了 21 个三元组
成功提取到 24 个分数
三元组批量评估进度: 955/1363 (批次 548, 2 个ctx) - 处理了 24 个三元组
成功提取到 11 个分数
三元组批量评估进度: 956/1363 (批次 1123, 2 个ctx) - 处理了 11 个三元组
成功提取到 20 个分数
三元组批量评估进度: 957/1363 (批次 902, 2 个ctx) - 处理了 20 个三元组
成功提取到 15 个分数
三元组批量评估进度: 958/1363 (批次 1103, 2 个ctx) - 处理了 15 个三元组
成功提取到 12 个分数
三元组批量评估进度: 959/1363 (批次 970, 2 个ctx) - 处理了 12 个三元组
成功提取到 15 个分数
三元组批量评估进度: 960/1363 (批次 1034, 2 个ctx) - 处理了 15 个三元组
成功提取到 29 个分数
三元组批量评估进度: 961/1363 (批次 941, 2 个ctx) - 处理了 29 个三元组
成功提取到 27 个分数
三元组批量评估进度: 962/1363 (批次 963, 2 个ctx) - 处理了 27 个三元组
成功提取到 20 个分数
三元组批量评估进度: 963/1363 (批次 988, 2 个ctx) - 处理了 20 个三元组
成功提取到 16 个分数
三元组批量评估进度: 964/1363 (批次 1038, 2 个ctx) - 处理了 16 个三元组
成功提取到 9 个分数
三元组批量评估进度: 965/1363 (批次 1312, 2 个ctx) - 处理了 9 个三元组
重试第 1 次的响应：
重试成功！提取到 9 个分数
三元组批量评估进度: 966/1363 (批次 916, 2 个ctx) - 处理了 9 个三元组
成功提取到 11 个分数
三元组批量评估进度: 967/1363 (批次 1095, 2 个ctx) - 处理了 11 个三元组成功提取到 13 个分数

三元组批量评估进度: 968/1363 (批次 1239, 2 个ctx) - 处理了 13 个三元组
成功提取到 11 个分数
三元组批量评估进度: 969/1363 (批次 974, 2 个ctx) - 处理了 11 个三元组
重试第 1 次的响应：
重试成功！提取到 26 个分数
三元组批量评估进度: 970/1363 (批次 730, 2 个ctx) - 处理了 26 个三元组
成功提取到 28 个分数
三元组批量评估进度: 971/1363 (批次 933, 2 个ctx) - 处理了 28 个三元组
成功提取到 17 个分数
三元组批量评估进度: 972/1363 (批次 1179, 2 个ctx) - 处理了 17 个三元组
成功提取到 13 个分数
三元组批量评估进度: 973/1363 (批次 1182, 2 个ctx) - 处理了 13 个三元组
成功提取到 9 个分数
成功提取到 8 个分数三元组批量评估进度: 974/1363 (批次 583, 2 个ctx) - 处理了 9 个三元组

三元组批量评估进度: 975/1363 (批次 975, 2 个ctx) - 处理了 8 个三元组
成功提取到 12 个分数
三元组批量评估进度: 976/1363 (批次 1005, 2 个ctx) - 处理了 12 个三元组
成功提取到 10 个分数
三元组批量评估进度: 977/1363 (批次 996, 2 个ctx) - 处理了 10 个三元组
成功提取到 10 个分数
三元组批量评估进度: 978/1363 (批次 991, 2 个ctx) - 处理了 10 个三元组
成功提取到 12 个分数
三元组批量评估进度: 979/1363 (批次 994, 2 个ctx) - 处理了 12 个三元组
成功提取到 17 个分数
三元组批量评估进度: 980/1363 (批次 855, 2 个ctx) - 处理了 17 个三元组
成功提取到 13 个分数
三元组批量评估进度: 981/1363 (批次 1000, 2 个ctx) - 处理了 13 个三元组
成功提取到 15 个分数
三元组批量评估进度: 982/1363 (批次 1021, 2 个ctx) - 处理了 15 个三元组
成功提取到 13 个分数
三元组批量评估进度: 983/1363 (批次 972, 2 个ctx) - 处理了 13 个三元组
成功提取到 12 个分数
三元组批量评估进度: 984/1363 (批次 983, 2 个ctx) - 处理了 12 个三元组
成功提取到 11 个分数
三元组批量评估进度: 985/1363 (批次 989, 2 个ctx) - 处理了 11 个三元组
警告：期望 22 个分数，但只找到 21 个，开始重试...
第 1 次重试API调用...
成功提取到 19 个分数
三元组批量评估进度: 986/1363 (批次 1002, 2 个ctx) - 处理了 19 个三元组
成功提取到 16 个分数成功提取到 18 个分数

三元组批量评估进度: 987/1363 (批次 904, 2 个ctx) - 处理了 18 个三元组
三元组批量评估进度: 988/1363 (批次 1003, 2 个ctx) - 处理了 16 个三元组
成功提取到 14 个分数
三元组批量评估进度: 989/1363 (批次 986, 2 个ctx) - 处理了 14 个三元组
警告：期望 8 个分数，但只找到 7 个，开始重试...
第 1 次重试API调用...
成功提取到 16 个分数
三元组批量评估进度: 990/1363 (批次 606, 2 个ctx) - 处理了 16 个三元组
成功提取到 13 个分数
三元组批量评估进度: 991/1363 (批次 585, 2 个ctx) - 处理了 13 个三元组
成功提取到 16 个分数
三元组批量评估进度: 992/1363 (批次 982, 2 个ctx) - 处理了 16 个三元组
成功提取到 23 个分数
三元组批量评估进度: 993/1363 (批次 582, 2 个ctx) - 处理了 23 个三元组
重试第 1 次的响应：
重试成功！提取到 8 个分数
三元组批量评估进度: 994/1363 (批次 536, 2 个ctx) - 处理了 8 个三元组
成功提取到 9 个分数
三元组批量评估进度: 995/1363 (批次 1014, 2 个ctx) - 处理了 9 个三元组
成功提取到 22 个分数
三元组批量评估进度: 996/1363 (批次 1008, 2 个ctx) - 处理了 22 个三元组
成功提取到 10 个分数
三元组批量评估进度: 997/1363 (批次 1170, 2 个ctx) - 处理了 10 个三元组
成功提取到 12 个分数
三元组批量评估进度: 998/1363 (批次 1181, 2 个ctx) - 处理了 12 个三元组
成功提取到 12 个分数
三元组批量评估进度: 999/1363 (批次 1026, 2 个ctx) - 处理了 12 个三元组
成功提取到 20 个分数
三元组批量评估进度: 1000/1363 (批次 1094, 2 个ctx) - 处理了 20 个三元组
成功提取到 9 个分数
三元组批量评估进度: 1001/1363 (批次 625, 2 个ctx) - 处理了 9 个三元组
成功提取到 12 个分数
三元组批量评估进度: 1002/1363 (批次 630, 2 个ctx) - 处理了 12 个三元组
成功提取到 23 个分数
三元组批量评估进度: 1003/1363 (批次 1009, 2 个ctx) - 处理了 23 个三元组
成功提取到 13 个分数
三元组批量评估进度: 1004/1363 (批次 1208, 2 个ctx) - 处理了 13 个三元组
成功提取到 13 个分数
三元组批量评估进度: 1005/1363 (批次 1157, 2 个ctx) - 处理了 13 个三元组
成功提取到 14 个分数
三元组批量评估进度: 1006/1363 (批次 1022, 2 个ctx) - 处理了 14 个三元组
成功提取到 16 个分数
三元组批量评估进度: 1007/1363 (批次 1225, 2 个ctx) - 处理了 16 个三元组
成功提取到 7 个分数
三元组批量评估进度: 1008/1363 (批次 1303, 2 个ctx) - 处理了 7 个三元组
成功提取到 14 个分数
三元组批量评估进度: 1009/1363 (批次 447, 2 个ctx) - 处理了 14 个三元组
成功提取到 27 个分数
成功提取到 14 个分数
三元组批量评估进度: 1010/1363 (批次 1335, 2 个ctx) - 处理了 14 个三元组
三元组批量评估进度: 1011/1363 (批次 995, 2 个ctx) - 处理了 27 个三元组
成功提取到 22 个分数
三元组批量评估进度: 1012/1363 (批次 608, 2 个ctx) - 处理了 22 个三元组
成功提取到 9 个分数
三元组批量评估进度: 1013/1363 (批次 405, 2 个ctx) - 处理了 9 个三元组
成功提取到 6 个分数
三元组批量评估进度: 1014/1363 (批次 300, 2 个ctx) - 处理了 6 个三元组
成功提取到 16 个分数
三元组批量评估进度: 1015/1363 (批次 1338, 2 个ctx) - 处理了 16 个三元组
成功提取到 8 个分数
三元组批量评估进度: 1016/1363 (批次 1043, 2 个ctx) - 处理了 8 个三元组
成功提取到 11 个分数
三元组批量评估进度: 1017/1363 (批次 1061, 2 个ctx) - 处理了 11 个三元组
重试第 1 次的响应：
重试成功！提取到 26 个分数
三元组批量评估进度: 1018/1363 (批次 264, 2 个ctx) - 处理了 26 个三元组
成功提取到 9 个分数
三元组批量评估进度: 1019/1363 (批次 1011, 2 个ctx) - 处理了 9 个三元组
成功提取到 23 个分数
三元组批量评估进度: 1020/1363 (批次 1296, 2 个ctx) - 处理了 23 个三元组
重试第 1 次的响应：
重试成功！提取到 11 个分数
三元组批量评估进度: 1021/1363 (批次 145, 2 个ctx) - 处理了 11 个三元组
成功提取到 9 个分数
三元组批量评估进度: 1022/1363 (批次 1052, 2 个ctx) - 处理了 9 个三元组
成功提取到 8 个分数
三元组批量评估进度: 1023/1363 (批次 1072, 2 个ctx) - 处理了 8 个三元组
成功提取到 10 个分数
三元组批量评估进度: 1024/1363 (批次 1093, 2 个ctx) - 处理了 10 个三元组
成功提取到 11 个分数
三元组批量评估进度: 1025/1363 (批次 1063, 2 个ctx) - 处理了 11 个三元组
成功提取到 19 个分数
三元组批量评估进度: 1026/1363 (批次 1019, 2 个ctx) - 处理了 19 个三元组
成功提取到 11 个分数
成功提取到 20 个分数
三元组批量评估进度: 1027/1363 (批次 1045, 2 个ctx) - 处理了 11 个三元组
成功提取到 16 个分数
三元组批量评估进度: 1028/1363 (批次 652, 2 个ctx) - 处理了 16 个三元组
三元组批量评估进度: 1029/1363 (批次 1347, 2 个ctx) - 处理了 20 个三元组
成功提取到 11 个分数
三元组批量评估进度: 1030/1363 (批次 1064, 2 个ctx) - 处理了 11 个三元组
成功提取到 15 个分数
三元组批量评估进度: 1031/1363 (批次 1053, 2 个ctx) - 处理了 15 个三元组
成功提取到 17 个分数
三元组批量评估进度: 1032/1363 (批次 1306, 2 个ctx) - 处理了 17 个三元组
成功提取到 20 个分数
三元组批量评估进度: 1033/1363 (批次 438, 2 个ctx) - 处理了 20 个三元组
成功提取到 14 个分数
三元组批量评估进度: 1034/1363 (批次 1135, 2 个ctx) - 处理了 14 个三元组
成功提取到 15 个分数
三元组批量评估进度: 1035/1363 (批次 1065, 2 个ctx) - 处理了 15 个三元组
成功提取到 14 个分数
三元组批量评估进度: 1036/1363 (批次 1041, 2 个ctx) - 处理了 14 个三元组
成功提取到 14 个分数
三元组批量评估进度: 1037/1363 (批次 440, 2 个ctx) - 处理了 14 个三元组
成功提取到 16 个分数
三元组批量评估进度: 1038/1363 (批次 1039, 2 个ctx) - 处理了 16 个三元组
成功提取到 19 个分数
三元组批量评估进度: 1039/1363 (批次 669, 2 个ctx) - 处理了 19 个三元组
成功提取到 11 个分数
三元组批量评估进度: 1040/1363 (批次 1047, 2 个ctx) - 处理了 11 个三元组
成功提取到 17 个分数
三元组批量评估进度: 1041/1363 (批次 437, 2 个ctx) - 处理了 17 个三元组
成功提取到 17 个分数
三元组批量评估进度: 1042/1363 (批次 1140, 2 个ctx) - 处理了 17 个三元组成功提取到 7 个分数

三元组批量评估进度: 1043/1363 (批次 706, 2 个ctx) - 处理了 7 个三元组
成功提取到 17 个分数
三元组批量评估进度: 1044/1363 (批次 1090, 2 个ctx) - 处理了 17 个三元组
成功提取到 22 个分数
三元组批量评估进度: 1045/1363 (批次 1055, 2 个ctx) - 处理了 22 个三元组成功提取到 22 个分数

三元组批量评估进度: 1046/1363 (批次 1059, 2 个ctx) - 处理了 22 个三元组
成功提取到 15 个分数
三元组批量评估进度: 1047/1363 (批次 1069, 2 个ctx) - 处理了 15 个三元组
成功提取到 15 个分数
三元组批量评估进度: 1048/1363 (批次 1240, 2 个ctx) - 处理了 15 个三元组
成功提取到 18 个分数
三元组批量评估进度: 1049/1363 (批次 1075, 2 个ctx) - 处理了 18 个三元组
成功提取到 19 个分数
三元组批量评估进度: 1050/1363 (批次 1089, 2 个ctx) - 处理了 19 个三元组
成功提取到 21 个分数
三元组批量评估进度: 1051/1363 (批次 998, 2 个ctx) - 处理了 21 个三元组
成功提取到 8 个分数
三元组批量评估进度: 1052/1363 (批次 754, 2 个ctx) - 处理了 8 个三元组
警告：期望 25 个分数，但只找到 24 个，开始重试...
第 1 次重试API调用...
成功提取到 12 个分数
三元组批量评估进度: 1053/1363 (批次 1082, 2 个ctx) - 处理了 12 个三元组
成功提取到 13 个分数
三元组批量评估进度: 1054/1363 (批次 1257, 2 个ctx) - 处理了 13 个三元组
成功提取到 14 个分数
三元组批量评估进度: 1055/1363 (批次 1249, 2 个ctx) - 处理了 14 个三元组
成功提取到 6 个分数
三元组批量评估进度: 1056/1363 (批次 1102, 2 个ctx) - 处理了 6 个三元组
成功提取到 12 个分数
三元组批量评估进度: 1057/1363 (批次 1105, 2 个ctx) - 处理了 12 个三元组
成功提取到 6 个分数
三元组批量评估进度: 1058/1363 (批次 1122, 2 个ctx) - 处理了 6 个三元组
成功提取到 13 个分数
三元组批量评估进度: 1059/1363 (批次 1131, 2 个ctx) - 处理了 13 个三元组
成功提取到 17 个分数
三元组批量评估进度: 1060/1363 (批次 1185, 2 个ctx) - 处理了 17 个三元组
成功提取到 13 个分数
三元组批量评估进度: 1061/1363 (批次 666, 2 个ctx) - 处理了 13 个三元组
成功提取到 9 个分数
三元组批量评估进度: 1062/1363 (批次 1101, 2 个ctx) - 处理了 9 个三元组
成功提取到 8 个分数
三元组批量评估进度: 1063/1363 (批次 1104, 2 个ctx) - 处理了 8 个三元组
成功提取到 14 个分数
三元组批量评估进度: 1064/1363 (批次 1343, 2 个ctx) - 处理了 14 个三元组
成功提取到 10 个分数
三元组批量评估进度: 1065/1363 (批次 1107, 2 个ctx) - 处理了 10 个三元组
成功提取到 8 个分数
三元组批量评估进度: 1066/1363 (批次 1115, 2 个ctx) - 处理了 8 个三元组
成功提取到 11 个分数
三元组批量评估进度: 1067/1363 (批次 1096, 2 个ctx) - 处理了 11 个三元组
成功提取到 17 个分数
三元组批量评估进度: 1068/1363 (批次 1110, 2 个ctx) - 处理了 17 个三元组
成功提取到 11 个分数
三元组批量评估进度: 1069/1363 (批次 1137, 2 个ctx) - 处理了 11 个三元组
成功提取到 15 个分数
三元组批量评估进度: 1070/1363 (批次 1155, 2 个ctx) - 处理了 15 个三元组
成功提取到 13 个分数
三元组批量评估进度: 1071/1363 (批次 738, 2 个ctx) - 处理了 13 个三元组
成功提取到 14 个分数
三元组批量评估进度: 1072/1363 (批次 1124, 2 个ctx) - 处理了 14 个三元组
成功提取到 14 个分数
三元组批量评估进度: 1073/1363 (批次 1109, 2 个ctx) - 处理了 14 个三元组
成功提取到 12 个分数
三元组批量评估进度: 1074/1363 (批次 1117, 2 个ctx) - 处理了 12 个三元组成功提取到 14 个分数

三元组批量评估进度: 1075/1363 (批次 678, 2 个ctx) - 处理了 14 个三元组
成功提取到 15 个分数
三元组批量评估进度: 1076/1363 (批次 696, 2 个ctx) - 处理了 15 个三元组
成功提取到 13 个分数
三元组批量评估进度: 1077/1363 (批次 1100, 2 个ctx) - 处理了 13 个三元组
成功提取到 20 个分数
三元组批量评估进度: 1078/1363 (批次 1130, 2 个ctx) - 处理了 20 个三元组成功提取到 10 个分数

三元组批量评估进度: 1079/1363 (批次 1057, 2 个ctx) - 处理了 10 个三元组
成功提取到 9 个分数
三元组批量评估进度: 1080/1363 (批次 1254, 2 个ctx) - 处理了 9 个三元组
成功提取到 11 个分数
三元组批量评估进度: 1081/1363 (批次 1134, 2 个ctx) - 处理了 11 个三元组
成功提取到 9 个分数
三元组批量评估进度: 1082/1363 (批次 655, 2 个ctx) - 处理了 9 个三元组
重试第 1 次的响应：
重试第 1 次仍然不匹配：期望 14 个，得到 0 个成功提取到 14 个分数
三元组批量评估进度: 1083/1363 (批次 1097, 2 个ctx) - 处理了 14 个三元组

第 2 次重试API调用...
成功提取到 11 个分数
三元组批量评估进度: 1084/1363 (批次 1167, 2 个ctx) - 处理了 11 个三元组
成功提取到 18 个分数
三元组批量评估进度: 1085/1363 (批次 1085, 2 个ctx) - 处理了 18 个三元组
成功提取到 22 个分数
警告：期望 11 个分数，但只找到 12 个，开始重试...
第 1 次重试API调用...
三元组批量评估进度: 1086/1363 (批次 594, 2 个ctx) - 处理了 22 个三元组
成功提取到 14 个分数
三元组批量评估进度: 1087/1363 (批次 1106, 2 个ctx) - 处理了 14 个三元组
成功提取到 17 个分数
三元组批量评估进度: 1088/1363 (批次 1112, 2 个ctx) - 处理了 17 个三元组
成功提取到 18 个分数
三元组批量评估进度: 1089/1363 (批次 698, 2 个ctx) - 处理了 18 个三元组
成功提取到 18 个分数
三元组批量评估进度: 1090/1363 (批次 1129, 2 个ctx) - 处理了 18 个三元组
成功提取到 11 个分数
三元组批量评估进度: 1091/1363 (批次 1091, 2 个ctx) - 处理了 11 个三元组
成功提取到 19 个分数
三元组批量评估进度: 1092/1363 (批次 1305, 2 个ctx) - 处理了 19 个三元组
成功提取到 21 个分数
三元组批量评估进度: 1093/1363 (批次 1125, 2 个ctx) - 处理了 21 个三元组
成功提取到 20 个分数
三元组批量评估进度: 1094/1363 (批次 1133, 2 个ctx) - 处理了 20 个三元组
成功提取到 9 个分数
三元组批量评估进度: 1095/1363 (批次 1146, 2 个ctx) - 处理了 9 个三元组
重试第 1 次的响应：
重试第 1 次仍然不匹配：期望 8 个，得到 7 个
第 2 次重试API调用...
成功提取到 10 个分数
三元组批量评估进度: 1096/1363 (批次 1147, 2 个ctx) - 处理了 10 个三元组
成功提取到 17 个分数
三元组批量评估进度: 1097/1363 (批次 1141, 2 个ctx) - 处理了 17 个三元组成功提取到 15 个分数

三元组批量评估进度: 1098/1363 (批次 1138, 2 个ctx) - 处理了 15 个三元组
成功提取到 8 个分数
三元组批量评估进度: 1099/1363 (批次 1149, 2 个ctx) - 处理了 8 个三元组
成功提取到 19 个分数
成功提取到 16 个分数三元组批量评估进度: 1100/1363 (批次 1145, 2 个ctx) - 处理了 19 个三元组

三元组批量评估进度: 1101/1363 (批次 762, 2 个ctx) - 处理了 16 个三元组
成功提取到 11 个分数
三元组批量评估进度: 1102/1363 (批次 704, 2 个ctx) - 处理了 11 个三元组
成功提取到 9 个分数
三元组批量评估进度: 1103/1363 (批次 914, 2 个ctx) - 处理了 9 个三元组
成功提取到 9 个分数
三元组批量评估进度: 1104/1363 (批次 1151, 2 个ctx) - 处理了 9 个三元组
成功提取到 10 个分数
三元组批量评估进度: 1105/1363 (批次 1168, 2 个ctx) - 处理了 10 个三元组
成功提取到 15 个分数
三元组批量评估进度: 1106/1363 (批次 1142, 2 个ctx) - 处理了 15 个三元组
成功提取到 9 个分数
三元组批量评估进度: 1107/1363 (批次 1189, 2 个ctx) - 处理了 9 个三元组
成功提取到 18 个分数
三元组批量评估进度: 1108/1363 (批次 1153, 2 个ctx) - 处理了 18 个三元组
成功提取到 13 个分数
三元组批量评估进度: 1109/1363 (批次 1156, 2 个ctx) - 处理了 13 个三元组
成功提取到 12 个分数
三元组批量评估进度: 1110/1363 (批次 1190, 2 个ctx) - 处理了 12 个三元组
成功提取到 16 个分数
三元组批量评估进度: 1111/1363 (批次 1184, 2 个ctx) - 处理了 16 个三元组
成功提取到 12 个分数
三元组批量评估进度: 1112/1363 (批次 1163, 2 个ctx) - 处理了 12 个三元组
成功提取到 13 个分数
三元组批量评估进度: 1113/1363 (批次 896, 2 个ctx) - 处理了 13 个三元组
成功提取到 16 个分数
三元组批量评估进度: 1114/1363 (批次 1186, 2 个ctx) - 处理了 16 个三元组
重试第 1 次的响应：
重试第 1 次仍然不匹配：期望 22 个，得到 21 个成功提取到 7 个分数
三元组批量评估进度: 1115/1363 (批次 1214, 2 个ctx) - 处理了 7 个三元组

第 2 次重试API调用...
成功提取到 21 个分数
三元组批量评估进度: 1116/1363 (批次 1292, 2 个ctx) - 处理了 21 个三元组
成功提取到 10 个分数
三元组批量评估进度: 1117/1363 (批次 1318, 2 个ctx) - 处理了 10 个三元组
成功提取到 14 个分数
三元组批量评估进度: 1118/1363 (批次 1183, 2 个ctx) - 处理了 14 个三元组
成功提取到 11 个分数成功提取到 16 个分数

三元组批量评估进度: 1119/1363 (批次 1171, 2 个ctx) - 处理了 16 个三元组
三元组批量评估进度: 1120/1363 (批次 1217, 2 个ctx) - 处理了 11 个三元组
成功提取到 17 个分数成功提取到 15 个分数

三元组批量评估进度: 1121/1363 (批次 724, 2 个ctx) - 处理了 17 个三元组
三元组批量评估进度: 1122/1363 (批次 1298, 2 个ctx) - 处理了 15 个三元组
成功提取到 18 个分数成功提取到 14 个分数
三元组批量评估进度: 1123/1363 (批次 1288, 2 个ctx) - 处理了 14 个三元组

三元组批量评估进度: 1124/1363 (批次 1232, 2 个ctx) - 处理了 18 个三元组
成功提取到 8 个分数
三元组批量评估进度: 1125/1363 (批次 932, 2 个ctx) - 处理了 8 个三元组
成功提取到 19 个分数
三元组批量评估进度: 1126/1363 (批次 1215, 2 个ctx) - 处理了 19 个三元组
成功提取到 12 个分数
三元组批量评估进度: 1127/1363 (批次 1220, 2 个ctx) - 处理了 12 个三元组
成功提取到 6 个分数
三元组批量评估进度: 1128/1363 (批次 966, 2 个ctx) - 处理了 6 个三元组
成功提取到 17 个分数
三元组批量评估进度: 1129/1363 (批次 1294, 2 个ctx) - 处理了 17 个三元组
成功提取到 12 个分数
三元组批量评估进度: 1130/1363 (批次 1352, 2 个ctx) - 处理了 12 个三元组
成功提取到 10 个分数
成功提取到 15 个分数
三元组批量评估进度: 1131/1363 (批次 795, 2 个ctx) - 处理了 15 个三元组
三元组批量评估进度: 1132/1363 (批次 923, 2 个ctx) - 处理了 10 个三元组
成功提取到 14 个分数
三元组批量评估进度: 1133/1363 (批次 947, 2 个ctx) - 处理了 14 个三元组
成功提取到 17 个分数
三元组批量评估进度: 1134/1363 (批次 1193, 2 个ctx) - 处理了 17 个三元组
成功提取到 16 个分数
三元组批量评估进度: 1135/1363 (批次 1203, 2 个ctx) - 处理了 16 个三元组
成功提取到 9 个分数
三元组批量评估进度: 1136/1363 (批次 1230, 2 个ctx) - 处理了 9 个三元组
成功提取到 12 个分数
三元组批量评估进度: 1137/1363 (批次 1197, 2 个ctx) - 处理了 12 个三元组
成功提取到 10 个分数
三元组批量评估进度: 1138/1363 (批次 689, 2 个ctx) - 处理了 10 个三元组
成功提取到 24 个分数
三元组批量评估进度: 1139/1363 (批次 1175, 2 个ctx) - 处理了 24 个三元组
成功提取到 13 个分数
三元组批量评估进度: 1140/1363 (批次 1222, 2 个ctx) - 处理了 13 个三元组
成功提取到 11 个分数
三元组批量评估进度: 1141/1363 (批次 1229, 2 个ctx) - 处理了 11 个三元组
成功提取到 20 个分数
三元组批量评估进度: 1142/1363 (批次 549, 2 个ctx) - 处理了 20 个三元组
成功提取到 18 个分数成功提取到 13 个分数
三元组批量评估进度: 1143/1363 (批次 1068, 2 个ctx) - 处理了 13 个三元组

三元组批量评估进度: 1144/1363 (批次 1224, 2 个ctx) - 处理了 18 个三元组
成功提取到 21 个分数
三元组批量评估进度: 1145/1363 (批次 1192, 2 个ctx) - 处理了 21 个三元组
成功提取到 13 个分数
三元组批量评估进度: 1146/1363 (批次 1228, 2 个ctx) - 处理了 13 个三元组
成功提取到 25 个分数
三元组批量评估进度: 1147/1363 (批次 906, 2 个ctx) - 处理了 25 个三元组
成功提取到 15 个分数
成功提取到 19 个分数三元组批量评估进度: 1148/1363 (批次 918, 2 个ctx) - 处理了 15 个三元组

三元组批量评估进度: 1149/1363 (批次 1227, 2 个ctx) - 处理了 19 个三元组
成功提取到 15 个分数
三元组批量评估进度: 1150/1363 (批次 940, 2 个ctx) - 处理了 15 个三元组
成功提取到 23 个分数
三元组批量评估进度: 1151/1363 (批次 1143, 2 个ctx) - 处理了 23 个三元组
成功提取到 10 个分数
三元组批量评估进度: 1152/1363 (批次 1150, 2 个ctx) - 处理了 10 个三元组
成功提取到 13 个分数
三元组批量评估进度: 1153/1363 (批次 1234, 2 个ctx) - 处理了 13 个三元组
成功提取到 16 个分数
三元组批量评估进度: 1154/1363 (批次 736, 2 个ctx) - 处理了 16 个三元组
成功提取到 16 个分数
三元组批量评估进度: 1155/1363 (批次 1315, 2 个ctx) - 处理了 16 个三元组
成功提取到 11 个分数
三元组批量评估进度: 1156/1363 (批次 1265, 2 个ctx) - 处理了 11 个三元组
重试第 2 次的响应：
重试第 2 次仍然不匹配：期望 9 个，得到 5 个成功提取到 15 个分数
第 3 次重试API调用...
三元组批量评估进度: 1157/1363 (批次 1237, 2 个ctx) - 处理了 15 个三元组

成功提取到 12 个分数
三元组批量评估进度: 1158/1363 (批次 1235, 2 个ctx) - 处理了 12 个三元组
成功提取到 11 个分数
三元组批量评估进度: 1159/1363 (批次 702, 2 个ctx) - 处理了 11 个三元组
成功提取到 10 个分数成功提取到 16 个分数
三元组批量评估进度: 1160/1363 (批次 768, 2 个ctx) - 处理了 10 个三元组

三元组批量评估进度: 1161/1363 (批次 1268, 2 个ctx) - 处理了 16 个三元组
成功提取到 12 个分数
三元组批量评估进度: 1162/1363 (批次 1245, 2 个ctx) - 处理了 12 个三元组
成功提取到 11 个分数
三元组批量评估进度: 1163/1363 (批次 1243, 2 个ctx) - 处理了 11 个三元组
成功提取到 18 个分数
三元组批量评估进度: 1164/1363 (批次 1279, 2 个ctx) - 处理了 18 个三元组
重试第 1 次的响应：
重试成功！提取到 11 个分数
三元组批量评估进度: 1165/1363 (批次 687, 2 个ctx) - 处理了 11 个三元组
成功提取到 19 个分数
三元组批量评估进度: 1166/1363 (批次 1280, 2 个ctx) - 处理了 19 个三元组
成功提取到 14 个分数
三元组批量评估进度: 1167/1363 (批次 1263, 2 个ctx) - 处理了 14 个三元组
成功提取到 16 个分数
三元组批量评估进度: 1168/1363 (批次 1251, 2 个ctx) - 处理了 16 个三元组
成功提取到 12 个分数
三元组批量评估进度: 1169/1363 (批次 359, 2 个ctx) - 处理了 12 个三元组
重试第 1 次的响应：
重试成功！提取到 25 个分数
三元组批量评估进度: 1170/1363 (批次 1087, 2 个ctx) - 处理了 25 个三元组
警告：期望 12 个分数，但只找到 11 个，开始重试...
第 1 次重试API调用...
成功提取到 16 个分数
三元组批量评估进度: 1171/1363 (批次 1319, 2 个ctx) - 处理了 16 个三元组
成功提取到 17 个分数
三元组批量评估进度: 1172/1363 (批次 1246, 2 个ctx) - 处理了 17 个三元组
重试第 1 次的响应：
重试第 1 次仍然不匹配：期望 19 个，得到 18 个
第 2 次重试API调用...
成功提取到 11 个分数
三元组批量评估进度: 1173/1363 (批次 777, 2 个ctx) - 处理了 11 个三元组
成功提取到 30 个分数
三元组批量评估进度: 1174/1363 (批次 1248, 2 个ctx) - 处理了 30 个三元组
成功提取到 13 个分数
三元组批量评估进度: 1175/1363 (批次 1074, 2 个ctx) - 处理了 13 个三元组
成功提取到 15 个分数
三元组批量评估进度: 1176/1363 (批次 766, 2 个ctx) - 处理了 15 个三元组
成功提取到 15 个分数
三元组批量评估进度: 1177/1363 (批次 1271, 2 个ctx) - 处理了 15 个三元组
重试第 1 次的响应：
重试成功！提取到 12 个分数
三元组批量评估进度: 1178/1363 (批次 76, 2 个ctx) - 处理了 12 个三元组
成功提取到 12 个分数
三元组批量评估进度: 1179/1363 (批次 1282, 2 个ctx) - 处理了 12 个三元组
成功提取到 7 个分数
三元组批量评估进度: 1180/1363 (批次 1325, 2 个ctx) - 处理了 7 个三元组
成功提取到 21 个分数
三元组批量评估进度: 1181/1363 (批次 1071, 2 个ctx) - 处理了 21 个三元组成功提取到 15 个分数

三元组批量评估进度: 1182/1363 (批次 894, 2 个ctx) - 处理了 15 个三元组
成功提取到 16 个分数成功提取到 13 个分数

三元组批量评估进度: 1183/1363 (批次 1278, 2 个ctx) - 处理了 16 个三元组
三元组批量评估进度: 1184/1363 (批次 1269, 2 个ctx) - 处理了 13 个三元组
成功提取到 8 个分数
三元组批量评估进度: 1185/1363 (批次 826, 2 个ctx) - 处理了 8 个三元组
成功提取到 8 个分数
三元组批量评估进度: 1186/1363 (批次 819, 2 个ctx) - 处理了 8 个三元组
成功提取到 21 个分数
三元组批量评估进度: 1187/1363 (批次 1252, 2 个ctx) - 处理了 21 个三元组
成功提取到 10 个分数
三元组批量评估进度: 1188/1363 (批次 1329, 2 个ctx) - 处理了 10 个三元组
重试第 2 次的响应：成功提取到 18 个分数
三元组批量评估进度: 1189/1363 (批次 1267, 2 个ctx) - 处理了 18 个三元组

重试成功！提取到 22 个分数
三元组批量评估进度: 1190/1363 (批次 978, 2 个ctx) - 处理了 22 个三元组
成功提取到 8 个分数
三元组批量评估进度: 1191/1363 (批次 511, 2 个ctx) - 处理了 8 个三元组
成功提取到 15 个分数
成功提取到 11 个分数三元组批量评估进度: 1192/1363 (批次 1283, 2 个ctx) - 处理了 15 个三元组

三元组批量评估进度: 1193/1363 (批次 886, 2 个ctx) - 处理了 11 个三元组
成功提取到 11 个分数
三元组批量评估进度: 1194/1363 (批次 1334, 2 个ctx) - 处理了 11 个三元组
成功提取到 15 个分数
三元组批量评估进度: 1195/1363 (批次 812, 2 个ctx) - 处理了 15 个三元组
成功提取到 21 个分数
三元组批量评估进度: 1196/1363 (批次 371, 2 个ctx) - 处理了 21 个三元组
成功提取到 20 个分数
三元组批量评估进度: 1197/1363 (批次 1285, 2 个ctx) - 处理了 20 个三元组
成功提取到 15 个分数
三元组批量评估进度: 1198/1363 (批次 799, 2 个ctx) - 处理了 15 个三元组
成功提取到 8 个分数
三元组批量评估进度: 1199/1363 (批次 1349, 2 个ctx) - 处理了 8 个三元组
警告：期望 13 个分数，但只找到 26 个，开始重试...成功提取到 21 个分数
第 1 次重试API调用...

三元组批量评估进度: 1200/1363 (批次 1035, 2 个ctx) - 处理了 21 个三元组
成功提取到 10 个分数
三元组批量评估进度: 1201/1363 (批次 1073, 2 个ctx) - 处理了 10 个三元组
成功提取到 14 个分数
三元组批量评估进度: 1202/1363 (批次 1331, 2 个ctx) - 处理了 14 个三元组
成功提取到 19 个分数
三元组批量评估进度: 1203/1363 (批次 1290, 2 个ctx) - 处理了 19 个三元组
成功提取到 10 个分数成功提取到 15 个分数
三元组批量评估进度: 1204/1363 (批次 1341, 2 个ctx) - 处理了 15 个三元组

三元组批量评估进度: 1205/1363 (批次 1344, 2 个ctx) - 处理了 10 个三元组成功提取到 19 个分数

三元组批量评估进度: 1206/1363 (批次 816, 2 个ctx) - 处理了 19 个三元组
成功提取到 17 个分数
三元组批量评估进度: 1207/1363 (批次 1276, 2 个ctx) - 处理了 17 个三元组
成功提取到 10 个分数
三元组批量评估进度: 1208/1363 (批次 1120, 2 个ctx) - 处理了 10 个三元组
成功提取到 22 个分数
三元组批量评估进度: 1209/1363 (批次 198, 2 个ctx) - 处理了 22 个三元组
成功提取到 10 个分数
三元组批量评估进度: 1210/1363 (批次 1169, 2 个ctx) - 处理了 10 个三元组
成功提取到 15 个分数
三元组批量评估进度: 1211/1363 (批次 1348, 2 个ctx) - 处理了 15 个三元组
成功提取到 12 个分数
三元组批量评估进度: 1212/1363 (批次 1353, 2 个ctx) - 处理了 12 个三元组
成功提取到 13 个分数
三元组批量评估进度: 1213/1363 (批次 973, 2 个ctx) - 处理了 13 个三元组成功提取到 16 个分数

三元组批量评估进度: 1214/1363 (批次 635, 2 个ctx) - 处理了 16 个三元组
成功提取到 10 个分数
三元组批量评估进度: 1215/1363 (批次 844, 2 个ctx) - 处理了 10 个三元组
成功提取到 21 个分数
三元组批量评估进度: 1216/1363 (批次 1029, 2 个ctx) - 处理了 21 个三元组
重试第 3 次的响应：
重试第 3 次仍然不匹配：期望 9 个，得到 5 个
所有重试都失败，使用默认分数 12
三元组批量评估进度: 1217/1363 (批次 539, 2 个ctx) - 处理了 9 个三元组
成功提取到 11 个分数
三元组批量评估进度: 1218/1363 (批次 1255, 2 个ctx) - 处理了 11 个三元组
成功提取到 11 个分数
三元组批量评估进度: 1219/1363 (批次 861, 2 个ctx) - 处理了 11 个三元组
成功提取到 15 个分数
成功提取到 15 个分数三元组批量评估进度: 1220/1363 (批次 1350, 2 个ctx) - 处理了 15 个三元组

三元组批量评估进度: 1221/1363 (批次 1345, 2 个ctx) - 处理了 15 个三元组
成功提取到 12 个分数
三元组批量评估进度: 1222/1363 (批次 833, 2 个ctx) - 处理了 12 个三元组
成功提取到 24 个分数成功提取到 11 个分数
三元组批量评估进度: 1223/1363 (批次 1355, 2 个ctx) - 处理了 11 个三元组

三元组批量评估进度: 1224/1363 (批次 814, 2 个ctx) - 处理了 24 个三元组
成功提取到 8 个分数
警告：期望 27 个分数，但只找到 26 个，开始重试...
三元组批量评估进度: 1225/1363 (批次 890, 2 个ctx) - 处理了 8 个三元组第 1 次重试API调用...

成功提取到 15 个分数
成功提取到 14 个分数
三元组批量评估进度: 1226/1363 (批次 1152, 2 个ctx) - 处理了 15 个三元组
三元组批量评估进度: 1227/1363 (批次 851, 2 个ctx) - 处理了 14 个三元组
成功提取到 13 个分数
重试第 2 次的响应：
重试第 2 次仍然不匹配：期望 14 个，得到 0 个
三元组批量评估进度: 1228/1363 (批次 1081, 2 个ctx) - 处理了 13 个三元组第 3 次重试API调用...

成功提取到 17 个分数
三元组批量评估进度: 1229/1363 (批次 1114, 2 个ctx) - 处理了 17 个三元组
成功提取到 19 个分数
三元组批量评估进度: 1230/1363 (批次 1363, 2 个ctx) - 处理了 19 个三元组
成功提取到 11 个分数
三元组批量评估进度: 1231/1363 (批次 1200, 2 个ctx) - 处理了 11 个三元组
成功提取到 13 个分数
三元组批量评估进度: 1232/1363 (批次 312, 2 个ctx) - 处理了 13 个三元组成功提取到 17 个分数
成功提取到 26 个分数

三元组批量评估进度: 1233/1363 (批次 842, 2 个ctx) - 处理了 26 个三元组
三元组批量评估进度: 1234/1363 (批次 868, 2 个ctx) - 处理了 17 个三元组
成功提取到 16 个分数
三元组批量评估进度: 1235/1363 (批次 1111, 2 个ctx) - 处理了 16 个三元组
成功提取到 17 个分数
三元组批量评估进度: 1236/1363 (批次 846, 2 个ctx) - 处理了 17 个三元组
成功提取到 9 个分数
三元组批量评估进度: 1237/1363 (批次 1023, 2 个ctx) - 处理了 9 个三元组
成功提取到 11 个分数
三元组批量评估进度: 1238/1363 (批次 595, 2 个ctx) - 处理了 11 个三元组
成功提取到 13 个分数成功提取到 19 个分数

三元组批量评估进度: 1239/1363 (批次 1356, 2 个ctx) - 处理了 19 个三元组
三元组批量评估进度: 1240/1363 (批次 1212, 2 个ctx) - 处理了 13 个三元组
成功提取到 25 个分数
三元组批量评估进度: 1241/1363 (批次 1346, 2 个ctx) - 处理了 25 个三元组成功提取到 12 个分数

三元组批量评估进度: 1242/1363 (批次 403, 2 个ctx) - 处理了 12 个三元组
成功提取到 18 个分数成功提取到 28 个分数

三元组批量评估进度: 1243/1363 (批次 848, 2 个ctx) - 处理了 18 个三元组
三元组批量评估进度: 1244/1363 (批次 1359, 2 个ctx) - 处理了 28 个三元组成功提取到 10 个分数

三元组批量评估进度: 1245/1363 (批次 1194, 2 个ctx) - 处理了 10 个三元组
成功提取到 14 个分数
三元组批量评估进度: 1246/1363 (批次 1148, 2 个ctx) - 处理了 14 个三元组
成功提取到 19 个分数
三元组批量评估进度: 1247/1363 (批次 915, 2 个ctx) - 处理了 19 个三元组
成功提取到 8 个分数
三元组批量评估进度: 1248/1363 (批次 990, 2 个ctx) - 处理了 8 个三元组
成功提取到 13 个分数
三元组批量评估进度: 1249/1363 (批次 555, 2 个ctx) - 处理了 13 个三元组
成功提取到 8 个分数
三元组批量评估进度: 1250/1363 (批次 640, 2 个ctx) - 处理了 8 个三元组
成功提取到 20 个分数
三元组批量评估进度: 1251/1363 (批次 888, 2 个ctx) - 处理了 20 个三元组
成功提取到 12 个分数
三元组批量评估进度: 1252/1363 (批次 1302, 2 个ctx) - 处理了 12 个三元组
成功提取到 13 个分数成功提取到 29 个分数
三元组批量评估进度: 1253/1363 (批次 1361, 2 个ctx) - 处理了 29 个三元组
成功提取到 10 个分数
三元组批量评估进度: 1254/1363 (批次 962, 2 个ctx) - 处理了 13 个三元组

成功提取到 13 个分数
三元组批量评估进度: 1255/1363 (批次 1001, 2 个ctx) - 处理了 10 个三元组
三元组批量评估进度: 1256/1363 (批次 1221, 2 个ctx) - 处理了 13 个三元组
成功提取到 14 个分数成功提取到 16 个分数

三元组批量评估进度: 1257/1363 (批次 984, 2 个ctx) - 处理了 14 个三元组
三元组批量评估进度: 1258/1363 (批次 1238, 2 个ctx) - 处理了 16 个三元组
成功提取到 13 个分数
三元组批量评估进度: 1259/1363 (批次 418, 2 个ctx) - 处理了 13 个三元组
成功提取到 20 个分数
三元组批量评估进度: 1260/1363 (批次 1198, 2 个ctx) - 处理了 20 个三元组
成功提取到 11 个分数
三元组批量评估进度: 1261/1363 (批次 969, 2 个ctx) - 处理了 11 个三元组
成功提取到 16 个分数
三元组批量评估进度: 1262/1363 (批次 293, 2 个ctx) - 处理了 16 个三元组
成功提取到 19 个分数
三元组批量评估进度: 1263/1363 (批次 423, 2 个ctx) - 处理了 19 个三元组
成功提取到 11 个分数
三元组批量评估进度: 1264/1363 (批次 1060, 2 个ctx) - 处理了 11 个三元组
重试第 1 次的响应：
重试成功！提取到 12 个分数
三元组批量评估进度: 1265/1363 (批次 493, 2 个ctx) - 处理了 12 个三元组
成功提取到 13 个分数
三元组批量评估进度: 1266/1363 (批次 1218, 2 个ctx) - 处理了 13 个三元组
成功提取到 12 个分数
三元组批量评估进度: 1267/1363 (批次 1083, 2 个ctx) - 处理了 12 个三元组
成功提取到 12 个分数
三元组批量评估进度: 1268/1363 (批次 660, 2 个ctx) - 处理了 12 个三元组成功提取到 9 个分数

三元组批量评估进度: 1269/1363 (批次 1092, 2 个ctx) - 处理了 9 个三元组
成功提取到 24 个分数
成功提取到 20 个分数三元组批量评估进度: 1270/1363 (批次 1204, 2 个ctx) - 处理了 24 个三元组

三元组批量评估进度: 1271/1363 (批次 1309, 2 个ctx) - 处理了 20 个三元组
成功提取到 26 个分数
三元组批量评估进度: 1272/1363 (批次 935, 2 个ctx) - 处理了 26 个三元组
成功提取到 11 个分数
三元组批量评估进度: 1273/1363 (批次 365, 2 个ctx) - 处理了 11 个三元组
成功提取到 20 个分数
三元组批量评估进度: 1274/1363 (批次 1314, 2 个ctx) - 处理了 20 个三元组
成功提取到 10 个分数
三元组批量评估进度: 1275/1363 (批次 1270, 2 个ctx) - 处理了 10 个三元组
成功提取到 11 个分数
三元组批量评估进度: 1276/1363 (批次 637, 2 个ctx) - 处理了 11 个三元组
成功提取到 9 个分数
三元组批量评估进度: 1277/1363 (批次 338, 2 个ctx) - 处理了 9 个三元组
成功提取到 17 个分数
三元组批量评估进度: 1278/1363 (批次 1037, 2 个ctx) - 处理了 17 个三元组
成功提取到 18 个分数
三元组批量评估进度: 1279/1363 (批次 937, 2 个ctx) - 处理了 18 个三元组
成功提取到 23 个分数
三元组批量评估进度: 1280/1363 (批次 1040, 2 个ctx) - 处理了 23 个三元组
成功提取到 20 个分数
三元组批量评估进度: 1281/1363 (批次 1027, 2 个ctx) - 处理了 20 个三元组
成功提取到 16 个分数
三元组批量评估进度: 1282/1363 (批次 1209, 2 个ctx) - 处理了 16 个三元组
成功提取到 10 个分数
三元组批量评估进度: 1283/1363 (批次 1233, 2 个ctx) - 处理了 10 个三元组
成功提取到 16 个分数
三元组批量评估进度: 1284/1363 (批次 1079, 2 个ctx) - 处理了 16 个三元组
成功提取到 11 个分数
三元组批量评估进度: 1285/1363 (批次 755, 2 个ctx) - 处理了 11 个三元组
成功提取到 12 个分数
三元组批量评估进度: 1286/1363 (批次 720, 2 个ctx) - 处理了 12 个三元组
成功提取到 19 个分数
三元组批量评估进度: 1287/1363 (批次 805, 2 个ctx) - 处理了 19 个三元组
成功提取到 15 个分数
三元组批量评估进度: 1288/1363 (批次 1056, 2 个ctx) - 处理了 15 个三元组
成功提取到 14 个分数成功提取到 11 个分数

三元组批量评估进度: 1289/1363 (批次 350, 2 个ctx) - 处理了 14 个三元组
三元组批量评估进度: 1290/1363 (批次 1320, 2 个ctx) - 处理了 11 个三元组
成功提取到 15 个分数
成功提取到 12 个分数成功提取到 18 个分数三元组批量评估进度: 1291/1363 (批次 1330, 2 个ctx) - 处理了 15 个三元组


三元组批量评估进度: 1292/1363 (批次 775, 2 个ctx) - 处理了 12 个三元组
三元组批量评估进度: 1293/1363 (批次 1172, 2 个ctx) - 处理了 18 个三元组
成功提取到 16 个分数
三元组批量评估进度: 1294/1363 (批次 1299, 2 个ctx) - 处理了 16 个三元组成功提取到 14 个分数

三元组批量评估进度: 1295/1363 (批次 928, 2 个ctx) - 处理了 14 个三元组
成功提取到 11 个分数
三元组批量评估进度: 1296/1363 (批次 1264, 2 个ctx) - 处理了 11 个三元组
成功提取到 18 个分数
三元组批量评估进度: 1297/1363 (批次 1242, 2 个ctx) - 处理了 18 个三元组
成功提取到 15 个分数
三元组批量评估进度: 1298/1363 (批次 760, 2 个ctx) - 处理了 15 个三元组
成功提取到 15 个分数
三元组批量评估进度: 1299/1363 (批次 769, 2 个ctx) - 处理了 15 个三元组
成功提取到 12 个分数
三元组批量评估进度: 1300/1363 (批次 538, 2 个ctx) - 处理了 12 个三元组
成功提取到 8 个分数
三元组批量评估进度: 1301/1363 (批次 1342, 2 个ctx) - 处理了 8 个三元组
成功提取到 12 个分数
三元组批量评估进度: 1302/1363 (批次 1273, 2 个ctx) - 处理了 12 个三元组
成功提取到 24 个分数
三元组批量评估进度: 1303/1363 (批次 1127, 2 个ctx) - 处理了 24 个三元组
成功提取到 17 个分数
三元组批量评估进度: 1304/1363 (批次 1324, 2 个ctx) - 处理了 17 个三元组
成功提取到 14 个分数
三元组批量评估进度: 1305/1363 (批次 1284, 2 个ctx) - 处理了 14 个三元组
成功提取到 9 个分数
三元组批量评估进度: 1306/1363 (批次 1295, 2 个ctx) - 处理了 9 个三元组
成功提取到 13 个分数
三元组批量评估进度: 1307/1363 (批次 794, 2 个ctx) - 处理了 13 个三元组
成功提取到 23 个分数
三元组批量评估进度: 1308/1363 (批次 1025, 2 个ctx) - 处理了 23 个三元组
重试第 1 次的响应：
重试成功！提取到 29 个分数
三元组批量评估进度: 1309/1363 (批次 1028, 2 个ctx) - 处理了 29 个三元组
警告：期望 12 个分数，但只找到 11 个，开始重试...
第 1 次重试API调用...
成功提取到 21 个分数
三元组批量评估进度: 1310/1363 (批次 1287, 2 个ctx) - 处理了 21 个三元组
成功提取到 10 个分数
三元组批量评估进度: 1311/1363 (批次 1202, 2 个ctx) - 处理了 10 个三元组
成功提取到 15 个分数
三元组批量评估进度: 1312/1363 (批次 1328, 2 个ctx) - 处理了 15 个三元组
重试第 1 次的响应：
重试第 1 次仍然不匹配：期望 18 个，得到 6 个
第 2 次重试API调用...
成功提取到 15 个分数
三元组批量评估进度: 1313/1363 (批次 979, 2 个ctx) - 处理了 15 个三元组
重试第 2 次的响应：
重试第 2 次仍然不匹配：期望 11 个，得到 3 个
第 3 次重试API调用...
重试第 3 次的响应：
重试第 3 次仍然不匹配：期望 14 个，得到 0 个
所有重试都失败，使用默认分数 12
三元组批量评估进度: 1314/1363 (批次 922, 2 个ctx) - 处理了 14 个三元组
重试第 2 次的响应：
重试第 2 次仍然不匹配：期望 49 个，得到 3 个
第 3 次重试API调用...
成功提取到 28 个分数
三元组批量评估进度: 1315/1363 (批次 587, 2 个ctx) - 处理了 28 个三元组
成功提取到 24 个分数
重试第 1 次的响应：三元组批量评估进度: 1316/1363 (批次 1174, 2 个ctx) - 处理了 24 个三元组

重试第 1 次仍然不匹配：期望 27 个，得到 26 个
第 2 次重试API调用...
成功提取到 20 个分数
三元组批量评估进度: 1317/1363 (批次 731, 2 个ctx) - 处理了 20 个三元组
成功提取到 14 个分数
三元组批量评估进度: 1318/1363 (批次 810, 2 个ctx) - 处理了 14 个三元组
成功提取到 16 个分数
三元组批量评估进度: 1319/1363 (批次 653, 2 个ctx) - 处理了 16 个三元组
成功提取到 15 个分数
三元组批量评估进度: 1320/1363 (批次 1178, 2 个ctx) - 处理了 15 个三元组
成功提取到 11 个分数
三元组批量评估进度: 1321/1363 (批次 1196, 2 个ctx) - 处理了 11 个三元组
成功提取到 29 个分数
三元组批量评估进度: 1322/1363 (批次 1297, 2 个ctx) - 处理了 29 个三元组
成功提取到 10 个分数重试第 1 次的响应：
重试第 1 次仍然不匹配：期望 11 个，得到 9 个

第 2 次重试API调用...三元组批量评估进度: 1323/1363 (批次 1332, 2 个ctx) - 处理了 10 个三元组

警告：期望 24 个分数，但只找到 23 个，开始重试...
第 1 次重试API调用...
重试第 3 次的响应：
重试第 3 次仍然不匹配：期望 49 个，得到 0 个
所有重试都失败，使用默认分数 12
三元组批量评估进度: 1324/1363 (批次 136, 2 个ctx) - 处理了 49 个三元组
成功提取到 11 个分数
三元组批量评估进度: 1325/1363 (批次 818, 2 个ctx) - 处理了 11 个三元组
重试第 3 次的响应：
重试第 3 次仍然不匹配：期望 11 个，得到 3 个
所有重试都失败，使用默认分数 12
三元组批量评估进度: 1326/1363 (批次 225, 2 个ctx) - 处理了 11 个三元组
成功提取到 19 个分数
三元组批量评估进度: 1327/1363 (批次 960, 2 个ctx) - 处理了 19 个三元组
成功提取到 22 个分数
三元组批量评估进度: 1328/1363 (批次 1336, 2 个ctx) - 处理了 22 个三元组
成功提取到 14 个分数
三元组批量评估进度: 1329/1363 (批次 321, 2 个ctx) - 处理了 14 个三元组
成功提取到 23 个分数
成功提取到 22 个分数三元组批量评估进度: 1330/1363 (批次 1291, 2 个ctx) - 处理了 23 个三元组

三元组批量评估进度: 1331/1363 (批次 1351, 2 个ctx) - 处理了 22 个三元组
重试第 2 次的响应：
重试第 2 次仍然不匹配：期望 18 个，得到 6 个
第 3 次重试API调用...
成功提取到 19 个分数
三元组批量评估进度: 1332/1363 (批次 1046, 2 个ctx) - 处理了 19 个三元组
重试第 1 次的响应：
重试成功！提取到 9 个分数
三元组批量评估进度: 1333/1363 (批次 992, 2 个ctx) - 处理了 9 个三元组
重试第 2 次的响应：
重试第 2 次仍然不匹配：期望 13 个，得到 9 个
第 3 次重试API调用...
重试第 1 次的响应：
重试第 1 次仍然不匹配：期望 32 个，得到 31 个
第 2 次重试API调用...
成功提取到 16 个分数
三元组批量评估进度: 1334/1363 (批次 648, 2 个ctx) - 处理了 16 个三元组
成功提取到 9 个分数重试第 1 次的响应：

重试第 1 次仍然不匹配：期望 10 个，得到 9 个三元组批量评估进度: 1335/1363 (批次 1266, 2 个ctx) - 处理了 9 个三元组

第 2 次重试API调用...
重试第 1 次的响应：
重试第 1 次仍然不匹配：期望 33 个，得到 6 个
第 2 次重试API调用...
成功提取到 15 个分数
三元组批量评估进度: 1336/1363 (批次 284, 2 个ctx) - 处理了 15 个三元组
重试第 2 次的响应：
重试成功！提取到 8 个分数
三元组批量评估进度: 1337/1363 (批次 1013, 2 个ctx) - 处理了 8 个三元组
成功提取到 13 个分数
三元组批量评估进度: 1338/1363 (批次 1311, 2 个ctx) - 处理了 13 个三元组
成功提取到 19 个分数
三元组批量评估进度: 1339/1363 (批次 1289, 2 个ctx) - 处理了 19 个三元组
成功提取到 14 个分数
三元组批量评估进度: 1340/1363 (批次 1136, 2 个ctx) - 处理了 14 个三元组
成功提取到 17 个分数
三元组批量评估进度: 1341/1363 (批次 892, 2 个ctx) - 处理了 17 个三元组
成功提取到 22 个分数
三元组批量评估进度: 1342/1363 (批次 1216, 2 个ctx) - 处理了 22 个三元组
重试第 3 次的响应：成功提取到 16 个分数
三元组批量评估进度: 1343/1363 (批次 268, 2 个ctx) - 处理了 16 个三元组

重试第 3 次仍然不匹配：期望 18 个，得到 6 个
所有重试都失败，使用默认分数 12
三元组批量评估进度: 1344/1363 (批次 182, 2 个ctx) - 处理了 18 个三元组
成功提取到 14 个分数
三元组批量评估进度: 1345/1363 (批次 1333, 2 个ctx) - 处理了 14 个三元组
成功提取到 19 个分数
三元组批量评估进度: 1346/1363 (批次 1016, 2 个ctx) - 处理了 19 个三元组
成功提取到 16 个分数成功提取到 17 个分数

三元组批量评估进度: 1347/1363 (批次 1308, 2 个ctx) - 处理了 17 个三元组
三元组批量评估进度: 1348/1363 (批次 1260, 2 个ctx) - 处理了 16 个三元组
重试第 1 次的响应：
重试成功！提取到 13 个分数
三元组批量评估进度: 1349/1363 (批次 592, 2 个ctx) - 处理了 13 个三元组
重试第 1 次的响应：
重试成功！提取到 12 个分数
三元组批量评估进度: 1350/1363 (批次 1317, 2 个ctx) - 处理了 12 个三元组
重试第 2 次的响应：
重试第 2 次仍然不匹配：期望 11 个，得到 9 个
第 3 次重试API调用...
成功提取到 34 个分数
三元组批量评估进度: 1351/1363 (批次 1362, 2 个ctx) - 处理了 34 个三元组
成功提取到 43 个分数
三元组批量评估进度: 1352/1363 (批次 1360, 2 个ctx) - 处理了 43 个三元组
成功提取到 23 个分数
三元组批量评估进度: 1353/1363 (批次 807, 2 个ctx) - 处理了 23 个三元组
重试第 2 次的响应：
重试第 2 次仍然不匹配：期望 10 个，得到 9 个
第 3 次重试API调用...
重试第 1 次的响应：
重试第 3 次的响应：重试第 1 次仍然不匹配：期望 25 个，得到 23 个
第 2 次重试API调用...

重试第 3 次仍然不匹配：期望 13 个，得到 10 个
所有重试都失败，使用默认分数 12
三元组批量评估进度: 1354/1363 (批次 168, 2 个ctx) - 处理了 13 个三元组
重试第 2 次的响应：
重试第 2 次仍然不匹配：期望 19 个，得到 18 个
第 3 次重试API调用...
重试第 2 次的响应：
重试第 2 次仍然不匹配：期望 32 个，得到 14 个
第 3 次重试API调用...
重试第 1 次的响应：
重试成功！提取到 24 个分数
三元组批量评估进度: 1355/1363 (批次 809, 2 个ctx) - 处理了 24 个三元组
重试第 2 次的响应：
重试第 2 次仍然不匹配：期望 27 个，得到 26 个
第 3 次重试API调用...
重试第 1 次的响应：
重试成功！提取到 30 个分数
三元组批量评估进度: 1356/1363 (批次 694, 2 个ctx) - 处理了 30 个三元组
重试第 3 次的响应：
重试第 3 次仍然不匹配：期望 11 个，得到 9 个
所有重试都失败，使用默认分数 12
三元组批量评估进度: 1357/1363 (批次 396, 2 个ctx) - 处理了 11 个三元组
重试第 3 次的响应：
重试第 3 次仍然不匹配：期望 10 个，得到 9 个
所有重试都失败，使用默认分数 12
三元组批量评估进度: 1358/1363 (批次 213, 2 个ctx) - 处理了 10 个三元组
重试第 3 次的响应：
重试第 3 次仍然不匹配：期望 19 个，得到 18 个
所有重试都失败，使用默认分数 12
三元组批量评估进度: 1359/1363 (批次 517, 2 个ctx) - 处理了 19 个三元组
重试第 2 次的响应：
重试第 2 次仍然不匹配：期望 25 个，得到 24 个
第 3 次重试API调用...
重试第 3 次的响应：
重试第 3 次仍然不匹配：期望 27 个，得到 26 个
所有重试都失败，使用默认分数 12
三元组批量评估进度: 1360/1363 (批次 1281, 2 个ctx) - 处理了 27 个三元组
重试第 3 次的响应：
重试第 3 次仍然不匹配：期望 32 个，得到 38 个
所有重试都失败，使用默认分数 12
三元组批量评估进度: 1361/1363 (批次 51, 2 个ctx) - 处理了 32 个三元组
重试第 2 次的响应：
重试第 2 次仍然不匹配：期望 33 个，得到 36 个
第 3 次重试API调用...
重试第 3 次的响应：
重试第 3 次仍然不匹配：期望 25 个，得到 23 个
所有重试都失败，使用默认分数 12
三元组批量评估进度: 1362/1363 (批次 781, 2 个ctx) - 处理了 25 个三元组
重试第 3 次的响应：
重试第 3 次仍然不匹配：期望 33 个，得到 32 个
所有重试都失败，使用默认分数 12
三元组批量评估进度: 1363/1363 (批次 1313, 2 个ctx) - 处理了 33 个三元组
失败三元组重处理完成: 1363/1363 成功
retry_round_1阶段进度已保存到临时文件: /home/jiangjp/trace-idea/data/hotpotqa/hotpotqa_test1000_add_truthful_scores_with_kgs6.json.retry_round_1.tmp
本轮处理后 - 文本默认分数: 2 个, 三元组默认分数: 271 个
配置调整: 并发数 3000->2999, 文本批次 2->1, 三元组批次 2->1
调整后配置 - 并发数: 2999, 文本批次: 1, 三元组批次: 1
⚠️ 已达到最大重试轮次，停止重试

============================================================
第四阶段：处理缺失分数字段的项目
============================================================
📊 当前数据集中缺失分数字段统计 - 文本: 0 个, 三元组: 0 个
✅ 数据集中没有缺失分数字段的项目，无需处理
✅ 最终处理完成！结果已保存到: /home/jiangjp/trace-idea/data/hotpotqa/hotpotqa_test1000_add_truthful_scores_with_kgs6.json
🏁 最终统计:
   - 剩余默认分数: 文本 2 个, 三元组 271 个
   - 剩余缺失分数字段: 文本 0 个, 三元组 0 个
