nohup: ignoring input
🔄 启用单个三元组处理模式
🔄 启用仅重试模式
📂 将从文件 /home/jiangjp/trace-idea/data/hotpotqa/hotpotqa_test1000_add_truthful_scores_with_kgs9.json 中读取数据，仅处理默认分数为12的项目
开始处理数据集: /home/jiangjp/trace-idea/data/hotpotqa/hotpotqa_test1000_add_truthful_scores_with_kgs9.json
⚠️ 启用仅重试模式：跳过初始处理，直接处理默认分数为12的失败项目
🔍 启用单个三元组处理模式

🔧 开始按单个三元组方式处理失败项目...
每次API调用处理 1 个三元组
发现默认分数 - 文本: 0 个, 三元组: 123 个
总共需要重新处理 123 个三元组
正在处理第 1/123 组 (1 个三元组)...
成功提取到 1 个分数
  - 三元组 1: Renowned Scientists' Impact -> 分数: 3
正在处理第 2/123 组 (1 个三元组)...
成功提取到 1 个分数
  - 三元组 1: Renowned Scientists' Impact -> 分数: 2
正在处理第 3/123 组 (1 个三元组)...
成功提取到 1 个分数
  - 三元组 1: Renowned Scientists' Impact -> 分数: 9
正在处理第 4/123 组 (1 个三元组)...
成功提取到 1 个分数
  - 三元组 1: Matt Vasgersian -> 分数: 2
正在处理第 5/123 组 (1 个三元组)...
成功提取到 1 个分数
  - 三元组 1: Matt Vasgersian -> 分数: 4
正在处理第 6/123 组 (1 个三元组)...
成功提取到 1 个分数
  - 三元组 1: Matt Vasgersian -> 分数: 10
正在处理第 7/123 组 (1 个三元组)...
成功提取到 1 个分数
  - 三元组 1: Matt Vasgersian -> 分数: 2
正在处理第 8/123 组 (1 个三元组)...
成功提取到 1 个分数
  - 三元组 1: Matt Vasgersian -> 分数: 7
正在处理第 9/123 组 (1 个三元组)...
成功提取到 1 个分数
  - 三元组 1: Matt Vasgersian -> 分数: 10
正在处理第 10/123 组 (1 个三元组)...
成功提取到 1 个分数
  - 三元组 1: Matt Vasgersian -> 分数: 3
正在处理第 11/123 组 (1 个三元组)...
成功提取到 1 个分数
  - 三元组 1: Matt Vasgersian -> 分数: 7
正在处理第 12/123 组 (1 个三元组)...
成功提取到 1 个分数
  - 三元组 1: Matt Vasgersian -> 分数: 10
正在处理第 13/123 组 (1 个三元组)...
成功提取到 1 个分数
  - 三元组 1: Matt Vasgersian -> 分数: 1
正在处理第 14/123 组 (1 个三元组)...
成功提取到 1 个分数
  - 三元组 1: Matt Vasgersian -> 分数: 6
正在处理第 15/123 组 (1 个三元组)...
成功提取到 1 个分数
  - 三元组 1: Matt Vasgersian -> 分数: 10
正在处理第 16/123 组 (1 个三元组)...
成功提取到 1 个分数
  - 三元组 1: Matt Vasgersian -> 分数: 3
正在处理第 17/123 组 (1 个三元组)...
成功提取到 1 个分数
  - 三元组 1: Matt Vasgersian -> 分数: 5
正在处理第 18/123 组 (1 个三元组)...
成功提取到 1 个分数
  - 三元组 1: Matt Vasgersian -> 分数: 10
正在处理第 19/123 组 (1 个三元组)...
成功提取到 1 个分数
  - 三元组 1: Matt Vasgersian -> 分数: 3
正在处理第 20/123 组 (1 个三元组)...
成功提取到 1 个分数
  - 三元组 1: Matt Vasgersian -> 分数: 4
正在处理第 21/123 组 (1 个三元组)...
成功提取到 1 个分数
  - 三元组 1: Matt Vasgersian -> 分数: 10
正在处理第 22/123 组 (1 个三元组)...
成功提取到 1 个分数
  - 三元组 1: Matt Vasgersian -> 分数: 2
正在处理第 23/123 组 (1 个三元组)...
成功提取到 1 个分数
  - 三元组 1: Matt Vasgersian -> 分数: 6
正在处理第 24/123 组 (1 个三元组)...
成功提取到 1 个分数
  - 三元组 1: Matt Vasgersian -> 分数: 10
正在处理第 25/123 组 (1 个三元组)...
成功提取到 1 个分数
  - 三元组 1: Matt Vasgersian -> 分数: 3
正在处理第 26/123 组 (1 个三元组)...
成功提取到 1 个分数
  - 三元组 1: Matt Vasgersian -> 分数: 7
正在处理第 27/123 组 (1 个三元组)...
成功提取到 1 个分数
  - 三元组 1: Matt Vasgersian -> 分数: 10
正在处理第 28/123 组 (1 个三元组)...
成功提取到 1 个分数
  - 三元组 1: Matt Vasgersian -> 分数: 2
正在处理第 29/123 组 (1 个三元组)...
成功提取到 1 个分数
  - 三元组 1: Matt Vasgersian -> 分数: 7
正在处理第 30/123 组 (1 个三元组)...
成功提取到 1 个分数
  - 三元组 1: Matt Vasgersian -> 分数: 10
正在处理第 31/123 组 (1 个三元组)...
成功提取到 1 个分数
  - 三元组 1: Matt Vasgersian -> 分数: 4
正在处理第 32/123 组 (1 个三元组)...
成功提取到 1 个分数
  - 三元组 1: Matt Vasgersian -> 分数: 5
正在处理第 33/123 组 (1 个三元组)...
成功提取到 1 个分数
  - 三元组 1: Matt Vasgersian -> 分数: 10
正在处理第 34/123 组 (1 个三元组)...
成功提取到 1 个分数
  - 三元组 1: Matt Vasgersian -> 分数: 3
正在处理第 35/123 组 (1 个三元组)...
成功提取到 1 个分数
  - 三元组 1: Matt Vasgersian -> 分数: 5
正在处理第 36/123 组 (1 个三元组)...
成功提取到 1 个分数
  - 三元组 1: Matt Vasgersian -> 分数: 10
正在处理第 37/123 组 (1 个三元组)...
成功提取到 1 个分数
  - 三元组 1: Matt Vasgersian -> 分数: 3
正在处理第 38/123 组 (1 个三元组)...
成功提取到 1 个分数
  - 三元组 1: Matt Vasgersian -> 分数: 5
正在处理第 39/123 组 (1 个三元组)...
成功提取到 1 个分数
  - 三元组 1: Matt Vasgersian -> 分数: 10
正在处理第 40/123 组 (1 个三元组)...
成功提取到 1 个分数
  - 三元组 1: Matt Vasgersian -> 分数: 2
正在处理第 41/123 组 (1 个三元组)...
成功提取到 1 个分数
  - 三元组 1: Matt Vasgersian -> 分数: 7
正在处理第 42/123 组 (1 个三元组)...
成功提取到 1 个分数
  - 三元组 1: Matt Vasgersian -> 分数: 10
正在处理第 43/123 组 (1 个三元组)...
成功提取到 1 个分数
  - 三元组 1: Matt Vasgersian -> 分数: 4
正在处理第 44/123 组 (1 个三元组)...
成功提取到 1 个分数
  - 三元组 1: HK Express -> 分数: 10
正在处理第 45/123 组 (1 个三元组)...
成功提取到 1 个分数
  - 三元组 1: HK Express -> 分数: 10
正在处理第 46/123 组 (1 个三元组)...
成功提取到 1 个分数
  - 三元组 1: HK Express -> 分数: 10
正在处理第 47/123 组 (1 个三元组)...
警告：期望 1 个分数，但只找到 0 个，开始重试...
第 1 次重试API调用...
重试第 1 次的响应：
重试第 1 次仍然不匹配：期望 1 个，得到 0 个
第 2 次重试API调用...
重试第 2 次的响应：
重试第 2 次仍然不匹配：期望 1 个，得到 0 个
第 3 次重试API调用...
重试第 3 次的响应：
重试第 3 次仍然不匹配：期望 1 个，得到 0 个
所有重试都失败，使用默认分数 12
  - 三元组 1: HK Express -> 分数: 12
正在处理第 48/123 组 (1 个三元组)...
成功提取到 1 个分数
  - 三元组 1: HK Express -> 分数: 9
正在处理第 49/123 组 (1 个三元组)...
成功提取到 1 个分数
  - 三元组 1: HK Express -> 分数: 9
正在处理第 50/123 组 (1 个三元组)...
成功提取到 1 个分数
  - 三元组 1: HK Express -> 分数: 9
正在处理第 51/123 组 (1 个三元组)...
成功提取到 1 个分数
  - 三元组 1: Wizet -> 分数: 10
正在处理第 52/123 组 (1 个三元组)...
成功提取到 1 个分数
  - 三元组 1: Wizet -> 分数: 10
正在处理第 53/123 组 (1 个三元组)...
成功提取到 1 个分数
  - 三元组 1: Wizet -> 分数: 10
正在处理第 54/123 组 (1 个三元组)...
成功提取到 1 个分数
  - 三元组 1: Wizet -> 分数: 2
正在处理第 55/123 组 (1 个三元组)...
成功提取到 1 个分数
  - 三元组 1: Wizet -> 分数: 8
正在处理第 56/123 组 (1 个三元组)...
成功提取到 1 个分数
  - 三元组 1: Wizet -> 分数: 3
正在处理第 57/123 组 (1 个三元组)...
警告：期望 1 个分数，但只找到 0 个，开始重试...
第 1 次重试API调用...
重试第 1 次的响应：
重试第 1 次仍然不匹配：期望 1 个，得到 0 个
第 2 次重试API调用...
重试第 2 次的响应：
重试第 2 次仍然不匹配：期望 1 个，得到 0 个
第 3 次重试API调用...
重试第 3 次的响应：
重试第 3 次仍然不匹配：期望 1 个，得到 0 个
所有重试都失败，使用默认分数 12
  - 三元组 1: Wizet -> 分数: 12
正在处理第 58/123 组 (1 个三元组)...
成功提取到 1 个分数
  - 三元组 1: Wizet -> 分数: 3
正在处理第 59/123 组 (1 个三元组)...
成功提取到 1 个分数
  - 三元组 1: Wizet -> 分数: 7
正在处理第 60/123 组 (1 个三元组)...
成功提取到 1 个分数
  - 三元组 1: Gordonia -> 分数: 2
正在处理第 61/123 组 (1 个三元组)...
警告：期望 1 个分数，但只找到 2 个，开始重试...
第 1 次重试API调用...
重试第 1 次的响应：
重试第 1 次仍然不匹配：期望 1 个，得到 2 个
第 2 次重试API调用...
重试第 2 次的响应：
重试第 2 次仍然不匹配：期望 1 个，得到 2 个
第 3 次重试API调用...
重试第 3 次的响应：
重试第 3 次仍然不匹配：期望 1 个，得到 2 个
所有重试都失败，使用默认分数 12
  - 三元组 1: Gordonia -> 分数: 12
正在处理第 62/123 组 (1 个三元组)...
成功提取到 1 个分数
  - 三元组 1: Gordonia -> 分数: 10
正在处理第 63/123 组 (1 个三元组)...
警告：期望 1 个分数，但只找到 0 个，开始重试...
第 1 次重试API调用...
重试第 1 次的响应：
重试第 1 次仍然不匹配：期望 1 个，得到 0 个
第 2 次重试API调用...
重试第 2 次的响应：
重试第 2 次仍然不匹配：期望 1 个，得到 0 个
第 3 次重试API调用...
重试第 3 次的响应：
重试第 3 次仍然不匹配：期望 1 个，得到 0 个
所有重试都失败，使用默认分数 12
  - 三元组 1: Gordonia -> 分数: 12
正在处理第 64/123 组 (1 个三元组)...
成功提取到 1 个分数
  - 三元组 1: Gordonia -> 分数: 7
正在处理第 65/123 组 (1 个三元组)...
成功提取到 1 个分数
  - 三元组 1: Gordonia -> 分数: 8
正在处理第 66/123 组 (1 个三元组)...
成功提取到 1 个分数
  - 三元组 1: Gordonia (plant) -> 分数: 10
正在处理第 67/123 组 (1 个三元组)...
成功提取到 1 个分数
  - 三元组 1: Gordonia (plant) -> 分数: 10
正在处理第 68/123 组 (1 个三元组)...
成功提取到 1 个分数
  - 三元组 1: Solun, Horqin Right Front Banner -> 分数: 9
正在处理第 69/123 组 (1 个三元组)...
成功提取到 1 个分数
  - 三元组 1: Solun, Horqin Right Front Banner -> 分数: 10
正在处理第 70/123 组 (1 个三元组)...
成功提取到 1 个分数
  - 三元组 1: Solun, Horqin Right Front Banner -> 分数: 8
正在处理第 71/123 组 (1 个三元组)...
成功提取到 1 个分数
  - 三元组 1: Solun, Horqin Right Front Banner -> 分数: 5
正在处理第 72/123 组 (1 个三元组)...
警告：期望 1 个分数，但只找到 0 个，开始重试...
第 1 次重试API调用...
重试第 1 次的响应：
重试第 1 次仍然不匹配：期望 1 个，得到 0 个
第 2 次重试API调用...
重试第 2 次的响应：
重试第 2 次仍然不匹配：期望 1 个，得到 0 个
第 3 次重试API调用...
重试第 3 次的响应：
重试第 3 次仍然不匹配：期望 1 个，得到 0 个
所有重试都失败，使用默认分数 12
  - 三元组 1: Solun, Horqin Right Front Banner -> 分数: 12
正在处理第 73/123 组 (1 个三元组)...
成功提取到 1 个分数
  - 三元组 1: Solun, Horqin Right Front Banner -> 分数: 7
正在处理第 74/123 组 (1 个三元组)...
成功提取到 1 个分数
  - 三元组 1: Taal Lake -> 分数: 3
正在处理第 75/123 组 (1 个三元组)...
成功提取到 1 个分数
  - 三元组 1: Taal Lake -> 分数: 6
正在处理第 76/123 组 (1 个三元组)...
成功提取到 1 个分数
  - 三元组 1: Taal Lake -> 分数: 10
正在处理第 77/123 组 (1 个三元组)...
成功提取到 1 个分数
  - 三元组 1: Taal Lake -> 分数: 10
正在处理第 78/123 组 (1 个三元组)...
成功提取到 1 个分数
  - 三元组 1: Taal Lake -> 分数: 7
正在处理第 79/123 组 (1 个三元组)...
成功提取到 1 个分数
  - 三元组 1: Taal Lake -> 分数: 10
正在处理第 80/123 组 (1 个三元组)...
成功提取到 1 个分数
  - 三元组 1: Taal Lake -> 分数: 5
正在处理第 81/123 组 (1 个三元组)...
成功提取到 1 个分数
  - 三元组 1: Taal Lake -> 分数: 10
正在处理第 82/123 组 (1 个三元组)...
成功提取到 1 个分数
  - 三元组 1: Taal Lake -> 分数: 10
正在处理第 83/123 组 (1 个三元组)...
成功提取到 1 个分数
  - 三元组 1: Taal Lake -> 分数: 8
正在处理第 84/123 组 (1 个三元组)...
成功提取到 1 个分数
  - 三元组 1: Taal Lake -> 分数: 0
正在处理第 85/123 组 (1 个三元组)...
成功提取到 1 个分数
  - 三元组 1: Taal Lake -> 分数: 2
正在处理第 86/123 组 (1 个三元组)...
警告：期望 1 个分数，但只找到 0 个，开始重试...
第 1 次重试API调用...
重试第 1 次的响应：
重试成功！提取到 1 个分数
  - 三元组 1: Red Scare Conviction Focus -> 分数: 9
正在处理第 87/123 组 (1 个三元组)...
警告：期望 1 个分数，但只找到 0 个，开始重试...
第 1 次重试API调用...
重试第 1 次的响应：
重试第 1 次仍然不匹配：期望 1 个，得到 0 个
第 2 次重试API调用...
重试第 2 次的响应：
重试第 2 次仍然不匹配：期望 1 个，得到 0 个
第 3 次重试API调用...
重试第 3 次的响应：
重试第 3 次仍然不匹配：期望 1 个，得到 0 个
所有重试都失败，使用默认分数 12
  - 三元组 1: Red Scare Conviction Focus -> 分数: 12
正在处理第 88/123 组 (1 个三元组)...
成功提取到 1 个分数
  - 三元组 1: Red Scare Conviction Focus -> 分数: 1
正在处理第 89/123 组 (1 个三元组)...
成功提取到 1 个分数
  - 三元组 1: Red Scare Conviction Focus -> 分数: 8
正在处理第 90/123 组 (1 个三元组)...
成功提取到 1 个分数
  - 三元组 1: Red Scare Conviction Focus -> 分数: 2
正在处理第 91/123 组 (1 个三元组)...
成功提取到 1 个分数
  - 三元组 1: Luxify -> 分数: 4
正在处理第 92/123 组 (1 个三元组)...
成功提取到 1 个分数
  - 三元组 1: Luxify -> 分数: 10
正在处理第 93/123 组 (1 个三元组)...
成功提取到 1 个分数
  - 三元组 1: Luxify -> 分数: 5
正在处理第 94/123 组 (1 个三元组)...
成功提取到 1 个分数
  - 三元组 1: Luxify -> 分数: 7
正在处理第 95/123 组 (1 个三元组)...
成功提取到 1 个分数
  - 三元组 1: Luxify -> 分数: 9
正在处理第 96/123 组 (1 个三元组)...
成功提取到 1 个分数
  - 三元组 1: Luxify -> 分数: 7
正在处理第 97/123 组 (1 个三元组)...
成功提取到 1 个分数
  - 三元组 1: Luxify -> 分数: 7
正在处理第 98/123 组 (1 个三元组)...
成功提取到 1 个分数
  - 三元组 1: Luxify -> 分数: 3
正在处理第 99/123 组 (1 个三元组)...
警告：期望 1 个分数，但只找到 0 个，开始重试...
第 1 次重试API调用...
重试第 1 次的响应：
重试第 1 次仍然不匹配：期望 1 个，得到 0 个
第 2 次重试API调用...
重试第 2 次的响应：
重试第 2 次仍然不匹配：期望 1 个，得到 0 个
第 3 次重试API调用...
重试第 3 次的响应：
重试第 3 次仍然不匹配：期望 1 个，得到 0 个
所有重试都失败，使用默认分数 12
  - 三元组 1: Luxify -> 分数: 12
正在处理第 100/123 组 (1 个三元组)...
成功提取到 1 个分数
  - 三元组 1: Luxify -> 分数: 4
正在处理第 101/123 组 (1 个三元组)...
警告：期望 1 个分数，但只找到 0 个，开始重试...
第 1 次重试API调用...
重试第 1 次的响应：
重试第 1 次仍然不匹配：期望 1 个，得到 0 个
第 2 次重试API调用...
重试第 2 次的响应：
重试第 2 次仍然不匹配：期望 1 个，得到 0 个
第 3 次重试API调用...
重试第 3 次的响应：
重试第 3 次仍然不匹配：期望 1 个，得到 0 个
所有重试都失败，使用默认分数 12
  - 三元组 1: Fated to Love You (2008 TV series) -> 分数: 12
正在处理第 102/123 组 (1 个三元组)...
成功提取到 1 个分数
  - 三元组 1: Fated to Love You (2008 TV series) -> 分数: 10
正在处理第 103/123 组 (1 个三元组)...
成功提取到 1 个分数
  - 三元组 1: Fated to Love You (2008 TV series) -> 分数: 10
正在处理第 104/123 组 (1 个三元组)...
成功提取到 1 个分数
  - 三元组 1: Fated to Love You (2008 TV series) -> 分数: 8
正在处理第 105/123 组 (1 个三元组)...
成功提取到 1 个分数
  - 三元组 1: Fated to Love You (2008 TV series) -> 分数: 5
正在处理第 106/123 组 (1 个三元组)...
成功提取到 1 个分数
  - 三元组 1: Fated to Love You (2008 TV series) -> 分数: 9
正在处理第 107/123 组 (1 个三元组)...
成功提取到 1 个分数
  - 三元组 1: Fated to Love You (2008 TV series) -> 分数: 5
正在处理第 108/123 组 (1 个三元组)...
成功提取到 1 个分数
  - 三元组 1: Fated to Love You (2008 TV series) -> 分数: 5
正在处理第 109/123 组 (1 个三元组)...
成功提取到 1 个分数
  - 三元组 1: Fated to Love You (2008 TV series) -> 分数: 2
正在处理第 110/123 组 (1 个三元组)...
成功提取到 1 个分数
  - 三元组 1: Fated to Love You (2008 TV series) -> 分数: 7
正在处理第 111/123 组 (1 个三元组)...
成功提取到 1 个分数
  - 三元组 1: The King of Fighters 2000 -> 分数: 10
正在处理第 112/123 组 (1 个三元组)...
成功提取到 1 个分数
  - 三元组 1: The King of Fighters 2000 -> 分数: 10
正在处理第 113/123 组 (1 个三元组)...
成功提取到 1 个分数
  - 三元组 1: The King of Fighters 2000 -> 分数: 10
正在处理第 114/123 组 (1 个三元组)...
成功提取到 1 个分数
  - 三元组 1: The King of Fighters 2000 -> 分数: 10
正在处理第 115/123 组 (1 个三元组)...
成功提取到 1 个分数
  - 三元组 1: The King of Fighters 2000 -> 分数: 8
正在处理第 116/123 组 (1 个三元组)...
成功提取到 1 个分数
  - 三元组 1: The King of Fighters 2000 -> 分数: 5
正在处理第 117/123 组 (1 个三元组)...
成功提取到 1 个分数
  - 三元组 1: The King of Fighters 2000 -> 分数: 10
正在处理第 118/123 组 (1 个三元组)...
成功提取到 1 个分数
  - 三元组 1: The King of Fighters 2000 -> 分数: 2
正在处理第 119/123 组 (1 个三元组)...
成功提取到 1 个分数
  - 三元组 1: The King of Fighters 2000 -> 分数: 10
正在处理第 120/123 组 (1 个三元组)...
成功提取到 1 个分数
  - 三元组 1: The King of Fighters 2000 -> 分数: 10
正在处理第 121/123 组 (1 个三元组)...
成功提取到 1 个分数
  - 三元组 1: The King of Fighters 2000 -> 分数: 10
正在处理第 122/123 组 (1 个三元组)...
成功提取到 1 个分数
  - 三元组 1: The King of Fighters 2000 -> 分数: 6
正在处理第 123/123 组 (1 个三元组)...
成功提取到 1 个分数
  - 三元组 1: The King of Fighters 2000 -> 分数: 6

✅ 单个三元组处理完成！共处理 123 个三元组
处理后剩余默认分数 - 文本: 0 个, 三元组: 8 个
启用单个三元组处理模式处理完成！结果已保存到: /home/jiangjp/trace-idea/data/hotpotqa/hotpotqa_test1000_add_truthful_scores_with_kgs10.json
